0.000000e+00	0.000000e+00	
1.000000e+00	0.000000e+00	
2.000000e+00	0.000000e+00	
3.000000e+00	5.000000e-01	
4.000000e+00	5.000000e-01	
5.000000e+00	5.000000e-01	
6.000000e+00	1.000000e+00	
7.000000e+00	1.000000e+00	
8.000000e+00	1.500000e+00	
9.000000e+00	1.500000e+00	
1.000000e+01	1.500000e+00	
1.100000e+01	1.500000e+00	
1.200000e+01	2.000000e+00	
1.300000e+01	2.500000e+00	
1.400000e+01	2.500000e+00	
1.500000e+01	2.500000e+00	
1.600000e+01	2.500000e+00	
1.700000e+01	2.500000e+00	
1.800000e+01	2.500000e+00	
1.900000e+01	2.500000e+00	
2.000000e+01	2.500000e+00	
2.100000e+01	2.500000e+00	
2.200000e+01	3.000000e+00	
2.300000e+01	3.000000e+00	
2.400000e+01	3.500000e+00	
2.500000e+01	3.500000e+00	
2.600000e+01	3.500000e+00	
2.700000e+01	3.500000e+00	
2.800000e+01	3.500000e+00	
2.900000e+01	4.000000e+00	
3.000000e+01	4.500000e+00	
3.100000e+01	4.500000e+00	
3.200000e+01	5.000000e+00	
3.300000e+01	5.000000e+00	
3.400000e+01	5.000000e+00	
3.500000e+01	5.000000e+00	
3.600000e+01	5.500000e+00	
3.700000e+01	5.500000e+00	
3.800000e+01	5.500000e+00	
3.900000e+01	5.500000e+00	
4.000000e+01	5.500000e+00	
4.100000e+01	5.500000e+00	
4.200000e+01	6.000000e+00	
4.300000e+01	6.000000e+00	
4.400000e+01	6.000000e+00	
4.500000e+01	6.500000e+00	
4.600000e+01	6.500000e+00	
4.700000e+01	6.500000e+00	
4.800000e+01	7.000000e+00	
4.900000e+01	7.500000e+00	
5.000000e+01	7.500000e+00	
5.100000e+01	8.000000e+00	
5.200000e+01	8.000000e+00	
5.300000e+01	8.500000e+00	
5.400000e+01	9.000000e+00	
5.500000e+01	9.000000e+00	
5.600000e+01	9.500000e+00	
5.700000e+01	1.000000e+01	
5.800000e+01	1.000000e+01	
5.900000e+01	1.050000e+01	
6.000000e+01	1.100000e+01	
6.100000e+01	1.150000e+01	
6.200000e+01	1.200000e+01	
6.300000e+01	1.250000e+01	
6.400000e+01	1.300000e+01	
6.500000e+01	1.350000e+01	
6.600000e+01	1.400000e+01	
6.700000e+01	1.400000e+01	
6.800000e+01	1.450000e+01	
6.900000e+01	1.500000e+01	
7.000000e+01	1.550000e+01	
7.100000e+01	1.600000e+01	
7.200000e+01	1.650000e+01	
7.300000e+01	1.700000e+01	
7.400000e+01	1.750000e+01	
7.500000e+01	1.750000e+01	
7.600000e+01	1.800000e+01	
7.700000e+01	1.850000e+01	
7.800000e+01	1.900000e+01	
7.900000e+01	1.950000e+01	
8.000000e+01	2.000000e+01	
8.100000e+01	2.000000e+01	
8.200000e+01	2.050000e+01	
8.300000e+01	2.100000e+01	
8.400000e+01	2.150000e+01	
8.500000e+01	2.200000e+01	
8.600000e+01	2.250000e+01	
8.700000e+01	2.300000e+01	
8.800000e+01	2.350000e+01	
8.900000e+01	2.350000e+01	
9.000000e+01	2.400000e+01	
9.100000e+01	2.450000e+01	
9.200000e+01	2.500000e+01	
9.300000e+01	2.550000e+01	
9.400000e+01	2.600000e+01	
9.500000e+01	2.650000e+01	
9.600000e+01	2.700000e+01	
9.700000e+01	2.750000e+01	
9.800000e+01	2.750000e+01	
9.900000e+01	2.800000e+01	
1.000000e+02	2.850000e+01	
1.010000e+02	2.900000e+01	
1.020000e+02	2.950000e+01	
1.030000e+02	3.000000e+01	
1.040000e+02	3.050000e+01	
1.050000e+02	3.100000e+01	
1.060000e+02	3.150000e+01	
1.070000e+02	3.200000e+01	
1.080000e+02	3.250000e+01	
1.090000e+02	3.300000e+01	
1.100000e+02	3.350000e+01	
1.110000e+02	3.400000e+01	
1.120000e+02	3.450000e+01	
1.130000e+02	3.500000e+01	
1.140000e+02	3.550000e+01	
1.150000e+02	3.600000e+01	
1.160000e+02	3.650000e+01	
1.170000e+02	3.700000e+01	
1.180000e+02	3.750000e+01	
1.190000e+02	3.750000e+01	
1.200000e+02	3.800000e+01	
1.210000e+02	3.850000e+01	
1.220000e+02	3.900000e+01	
1.230000e+02	3.950000e+01	
1.240000e+02	4.000000e+01	
1.250000e+02	4.050000e+01	
1.260000e+02	4.100000e+01	
1.270000e+02	4.150000e+01	
1.280000e+02	4.200000e+01	
1.290000e+02	4.250000e+01	
1.300000e+02	4.300000e+01	
1.310000e+02	4.350000e+01	
1.320000e+02	4.400000e+01	
1.330000e+02	4.450000e+01	
1.340000e+02	4.450000e+01	
1.350000e+02	4.500000e+01	
1.360000e+02	4.550000e+01	
1.370000e+02	4.600000e+01	
1.380000e+02	4.650000e+01	
1.390000e+02	4.700000e+01	
1.400000e+02	4.750000e+01	
1.410000e+02	4.800000e+01	
1.420000e+02	4.850000e+01	
1.430000e+02	4.900000e+01	
1.440000e+02	4.950000e+01	
1.450000e+02	5.000000e+01	
1.460000e+02	5.050000e+01	
1.470000e+02	5.100000e+01	
1.480000e+02	5.150000e+01	
1.490000e+02	5.200000e+01	
1.500000e+02	5.250000e+01	
1.510000e+02	5.300000e+01	
1.520000e+02	5.350000e+01	
1.530000e+02	5.400000e+01	
1.540000e+02	5.450000e+01	
1.550000e+02	5.500000e+01	
1.560000e+02	5.550000e+01	
1.570000e+02	5.600000e+01	
1.580000e+02	5.650000e+01	
1.590000e+02	5.700000e+01	
1.600000e+02	5.750000e+01	
1.610000e+02	5.800000e+01	
1.620000e+02	5.850000e+01	
1.630000e+02	5.900000e+01	
1.640000e+02	5.950000e+01	
1.650000e+02	6.000000e+01	
1.660000e+02	6.050000e+01	
1.670000e+02	6.100000e+01	
1.680000e+02	6.150000e+01	
1.690000e+02	6.200000e+01	
1.700000e+02	6.250000e+01	
1.710000e+02	6.300000e+01	
1.720000e+02	6.350000e+01	
1.730000e+02	6.400000e+01	
1.740000e+02	6.450000e+01	
1.750000e+02	6.500000e+01	
1.760000e+02	6.550000e+01	
1.770000e+02	6.600000e+01	
1.780000e+02	6.650000e+01	
1.790000e+02	6.700000e+01	
1.800000e+02	6.750000e+01	
1.810000e+02	6.800000e+01	
1.820000e+02	6.850000e+01	
1.830000e+02	6.900000e+01	
1.840000e+02	6.950000e+01	
1.850000e+02	7.000000e+01	
1.860000e+02	7.050000e+01	
1.870000e+02	7.100000e+01	
1.880000e+02	7.150000e+01	
1.890000e+02	7.200000e+01	
1.900000e+02	7.250000e+01	
1.910000e+02	7.300000e+01	
1.920000e+02	7.350000e+01	
1.930000e+02	7.400000e+01	
1.940000e+02	7.450000e+01	
1.950000e+02	7.500000e+01	
1.960000e+02	7.550000e+01	
1.970000e+02	7.600000e+01	
1.980000e+02	7.650000e+01	
1.990000e+02	7.700000e+01	
2.000000e+02	7.750000e+01	
2.010000e+02	7.800000e+01	
2.020000e+02	7.850000e+01	
2.030000e+02	7.900000e+01	
2.040000e+02	7.950000e+01	
2.050000e+02	8.000000e+01	
2.060000e+02	8.050000e+01	
2.070000e+02	8.100000e+01	
2.080000e+02	8.150000e+01	
2.090000e+02	8.200000e+01	
2.100000e+02	8.250000e+01	
2.110000e+02	8.300000e+01	
2.120000e+02	8.350000e+01	
2.130000e+02	8.400000e+01	
2.140000e+02	8.450000e+01	
2.150000e+02	8.500000e+01	
2.160000e+02	8.550000e+01	
2.170000e+02	8.600000e+01	
2.180000e+02	8.650000e+01	
2.190000e+02	8.700000e+01	
2.200000e+02	8.750000e+01	
2.210000e+02	8.800000e+01	
2.220000e+02	8.850000e+01	
2.230000e+02	8.900000e+01	
2.240000e+02	8.950000e+01	
2.250000e+02	9.000000e+01	
2.260000e+02	9.050000e+01	
2.270000e+02	9.100000e+01	
2.280000e+02	9.150000e+01	
2.290000e+02	9.200000e+01	
2.300000e+02	9.250000e+01	
2.310000e+02	9.300000e+01	
2.320000e+02	9.350000e+01	
2.330000e+02	9.400000e+01	
2.340000e+02	9.450000e+01	
2.350000e+02	9.500000e+01	
2.360000e+02	9.550000e+01	
2.370000e+02	9.600000e+01	
2.380000e+02	9.650000e+01	
2.390000e+02	9.700000e+01	
2.400000e+02	9.750000e+01	
2.410000e+02	9.800000e+01	
2.420000e+02	9.850000e+01	
2.430000e+02	9.900000e+01	
2.440000e+02	9.950000e+01	
2.450000e+02	1.000000e+02	
2.460000e+02	1.005000e+02	
2.470000e+02	1.010000e+02	
2.480000e+02	1.010000e+02	
2.490000e+02	1.015000e+02	
2.500000e+02	1.020000e+02	
2.510000e+02	1.025000e+02	
2.520000e+02	1.030000e+02	
2.530000e+02	1.035000e+02	
2.540000e+02	1.040000e+02	
2.550000e+02	1.045000e+02	
2.560000e+02	1.050000e+02	
2.570000e+02	1.055000e+02	
2.580000e+02	1.060000e+02	
2.590000e+02	1.065000e+02	
2.600000e+02	1.070000e+02	
2.610000e+02	1.075000e+02	
2.620000e+02	1.080000e+02	
2.630000e+02	1.085000e+02	
2.640000e+02	1.090000e+02	
2.650000e+02	1.095000e+02	
2.660000e+02	1.100000e+02	
2.670000e+02	1.105000e+02	
2.680000e+02	1.110000e+02	
2.690000e+02	1.115000e+02	
2.700000e+02	1.120000e+02	
2.710000e+02	1.125000e+02	
2.720000e+02	1.130000e+02	
2.730000e+02	1.135000e+02	
2.740000e+02	1.140000e+02	
2.750000e+02	1.145000e+02	
2.760000e+02	1.150000e+02	
2.770000e+02	1.155000e+02	
2.780000e+02	1.160000e+02	
2.790000e+02	1.165000e+02	
2.800000e+02	1.170000e+02	
2.810000e+02	1.175000e+02	
2.820000e+02	1.180000e+02	
2.830000e+02	1.185000e+02	
2.840000e+02	1.190000e+02	
2.850000e+02	1.195000e+02	
2.860000e+02	1.200000e+02	
2.870000e+02	1.205000e+02	
2.880000e+02	1.210000e+02	
2.890000e+02	1.215000e+02	
2.900000e+02	1.220000e+02	
2.910000e+02	1.225000e+02	
2.920000e+02	1.230000e+02	
2.930000e+02	1.235000e+02	
2.940000e+02	1.240000e+02	
2.950000e+02	1.245000e+02	
2.960000e+02	1.250000e+02	
2.970000e+02	1.255000e+02	
2.980000e+02	1.260000e+02	
2.990000e+02	1.265000e+02	
3.000000e+02	1.270000e+02	
3.010000e+02	1.275000e+02	
3.020000e+02	1.280000e+02	
3.030000e+02	1.285000e+02	
3.040000e+02	1.290000e+02	
3.050000e+02	1.295000e+02	
3.060000e+02	1.300000e+02	
3.070000e+02	1.305000e+02	
3.080000e+02	1.310000e+02	
3.090000e+02	1.315000e+02	
3.100000e+02	1.320000e+02	
3.110000e+02	1.325000e+02	
3.120000e+02	1.330000e+02	
3.130000e+02	1.335000e+02	
3.140000e+02	1.340000e+02	
3.150000e+02	1.345000e+02	
3.160000e+02	1.350000e+02	
3.170000e+02	1.355000e+02	
3.180000e+02	1.360000e+02	
3.190000e+02	1.365000e+02	
3.200000e+02	1.370000e+02	
3.210000e+02	1.375000e+02	
3.220000e+02	1.380000e+02	
3.230000e+02	1.385000e+02	
3.240000e+02	1.390000e+02	
3.250000e+02	1.395000e+02	
3.260000e+02	1.400000e+02	
3.270000e+02	1.405000e+02	
3.280000e+02	1.410000e+02	
3.290000e+02	1.415000e+02	
3.300000e+02	1.420000e+02	
3.310000e+02	1.425000e+02	
3.320000e+02	1.430000e+02	
3.330000e+02	1.435000e+02	
3.340000e+02	1.440000e+02	
3.350000e+02	1.445000e+02	
3.360000e+02	1.450000e+02	
3.370000e+02	1.455000e+02	
3.380000e+02	1.460000e+02	
3.390000e+02	1.465000e+02	
3.400000e+02	1.470000e+02	
3.410000e+02	1.475000e+02	
3.420000e+02	1.480000e+02	
3.430000e+02	1.485000e+02	
3.440000e+02	1.490000e+02	
3.450000e+02	1.495000e+02	
3.460000e+02	1.500000e+02	
3.470000e+02	1.505000e+02	
3.480000e+02	1.510000e+02	
3.490000e+02	1.515000e+02	
3.500000e+02	1.520000e+02	
3.510000e+02	1.525000e+02	
3.520000e+02	1.530000e+02	
3.530000e+02	1.535000e+02	
3.540000e+02	1.540000e+02	
3.550000e+02	1.545000e+02	
3.560000e+02	1.550000e+02	
3.570000e+02	1.555000e+02	
3.580000e+02	1.560000e+02	
3.590000e+02	1.565000e+02	
3.600000e+02	1.570000e+02	
3.610000e+02	1.575000e+02	
3.620000e+02	1.580000e+02	
3.630000e+02	1.585000e+02	
3.640000e+02	1.590000e+02	
3.650000e+02	1.595000e+02	
3.660000e+02	1.600000e+02	
3.670000e+02	1.605000e+02	
3.680000e+02	1.610000e+02	
3.690000e+02	1.615000e+02	
3.700000e+02	1.620000e+02	
3.710000e+02	1.625000e+02	
3.720000e+02	1.630000e+02	
3.730000e+02	1.635000e+02	
3.740000e+02	1.640000e+02	
3.750000e+02	1.645000e+02	
3.760000e+02	1.650000e+02	
3.770000e+02	1.655000e+02	
3.780000e+02	1.660000e+02	
3.790000e+02	1.665000e+02	
3.800000e+02	1.670000e+02	
3.810000e+02	1.675000e+02	
3.820000e+02	1.680000e+02	
3.830000e+02	1.685000e+02	
3.840000e+02	1.690000e+02	
3.850000e+02	1.695000e+02	
3.860000e+02	1.700000e+02	
3.870000e+02	1.705000e+02	
3.880000e+02	1.710000e+02	
3.890000e+02	1.715000e+02	
3.900000e+02	1.715000e+02	
3.910000e+02	1.720000e+02	
3.920000e+02	1.725000e+02	
3.930000e+02	1.730000e+02	
3.940000e+02	1.735000e+02	
3.950000e+02	1.740000e+02	
3.960000e+02	1.745000e+02	
3.970000e+02	1.750000e+02	
3.980000e+02	1.755000e+02	
3.990000e+02	1.760000e+02	
4.000000e+02	1.765000e+02	
4.010000e+02	1.770000e+02	
4.020000e+02	1.775000e+02	
4.030000e+02	1.780000e+02	
4.040000e+02	1.785000e+02	
4.050000e+02	1.790000e+02	
4.060000e+02	1.795000e+02	
4.070000e+02	1.800000e+02	
4.080000e+02	1.805000e+02	
4.090000e+02	1.810000e+02	
4.100000e+02	1.815000e+02	
4.110000e+02	1.820000e+02	
4.120000e+02	1.825000e+02	
4.130000e+02	1.830000e+02	
4.140000e+02	1.835000e+02	
4.150000e+02	1.840000e+02	
4.160000e+02	1.845000e+02	
4.170000e+02	1.850000e+02	
4.180000e+02	1.855000e+02	
4.190000e+02	1.860000e+02	
4.200000e+02	1.865000e+02	
4.210000e+02	1.870000e+02	
4.220000e+02	1.875000e+02	
4.230000e+02	1.880000e+02	
4.240000e+02	1.885000e+02	
4.250000e+02	1.890000e+02	
4.260000e+02	1.895000e+02	
4.270000e+02	1.900000e+02	
4.280000e+02	1.905000e+02	
4.290000e+02	1.910000e+02	
4.300000e+02	1.915000e+02	
4.310000e+02	1.920000e+02	
4.320000e+02	1.925000e+02	
4.330000e+02	1.930000e+02	
4.340000e+02	1.935000e+02	
4.350000e+02	1.940000e+02	
4.360000e+02	1.945000e+02	
4.370000e+02	1.950000e+02	
4.380000e+02	1.955000e+02	
4.390000e+02	1.960000e+02	
4.400000e+02	1.965000e+02	
4.410000e+02	1.970000e+02	
4.420000e+02	1.975000e+02	
4.430000e+02	1.980000e+02	
4.440000e+02	1.985000e+02	
4.450000e+02	1.990000e+02	
4.460000e+02	1.995000e+02	
4.470000e+02	2.000000e+02	
4.480000e+02	2.005000e+02	
4.490000e+02	2.010000e+02	
4.500000e+02	2.015000e+02	
4.510000e+02	2.020000e+02	
4.520000e+02	2.025000e+02	
4.530000e+02	2.030000e+02	
4.540000e+02	2.035000e+02	
4.550000e+02	2.040000e+02	
4.560000e+02	2.045000e+02	
4.570000e+02	2.050000e+02	
4.580000e+02	2.055000e+02	
4.590000e+02	2.060000e+02	
4.600000e+02	2.065000e+02	
4.610000e+02	2.070000e+02	
4.620000e+02	2.075000e+02	
4.630000e+02	2.080000e+02	
4.640000e+02	2.085000e+02	
4.650000e+02	2.090000e+02	
4.660000e+02	2.095000e+02	
4.670000e+02	2.100000e+02	
4.680000e+02	2.105000e+02	
4.690000e+02	2.105000e+02	
4.700000e+02	2.110000e+02	
4.710000e+02	2.115000e+02	
4.720000e+02	2.120000e+02	
4.730000e+02	2.125000e+02	
4.740000e+02	2.130000e+02	
4.750000e+02	2.135000e+02	
4.760000e+02	2.140000e+02	
4.770000e+02	2.145000e+02	
4.780000e+02	2.150000e+02	
4.790000e+02	2.155000e+02	
4.800000e+02	2.155000e+02	
4.810000e+02	2.160000e+02	
4.820000e+02	2.165000e+02	
4.830000e+02	2.170000e+02	
4.840000e+02	2.175000e+02	
4.850000e+02	2.180000e+02	
4.860000e+02	2.185000e+02	
4.870000e+02	2.190000e+02	
4.880000e+02	2.195000e+02	
4.890000e+02	2.200000e+02	
4.900000e+02	2.205000e+02	
4.910000e+02	2.210000e+02	
4.920000e+02	2.215000e+02	
4.930000e+02	2.220000e+02	
4.940000e+02	2.225000e+02	
4.950000e+02	2.230000e+02	
4.960000e+02	2.235000e+02	
4.970000e+02	2.240000e+02	
4.980000e+02	2.245000e+02	
4.990000e+02	2.250000e+02	
5.000000e+02	2.255000e+02	
5.010000e+02	2.260000e+02	
5.020000e+02	2.265000e+02	
5.030000e+02	2.270000e+02	
5.040000e+02	2.275000e+02	
5.050000e+02	2.280000e+02	
5.060000e+02	2.285000e+02	
5.070000e+02	2.290000e+02	
5.080000e+02	2.295000e+02	
5.090000e+02	2.300000e+02	
5.100000e+02	2.305000e+02	
5.110000e+02	2.310000e+02	
5.120000e+02	2.315000e+02	
5.130000e+02	2.320000e+02	
5.140000e+02	2.325000e+02	
5.150000e+02	2.330000e+02	
5.160000e+02	2.335000e+02	
5.170000e+02	2.340000e+02	
5.180000e+02	2.345000e+02	
5.190000e+02	2.350000e+02	
5.200000e+02	2.355000e+02	
5.210000e+02	2.360000e+02	
5.220000e+02	2.365000e+02	
5.230000e+02	2.370000e+02	
5.240000e+02	2.375000e+02	
5.250000e+02	2.380000e+02	
5.260000e+02	2.385000e+02	
5.270000e+02	2.390000e+02	
5.280000e+02	2.395000e+02	
5.290000e+02	2.400000e+02	
5.300000e+02	2.405000e+02	
5.310000e+02	2.410000e+02	
5.320000e+02	2.415000e+02	
5.330000e+02	2.420000e+02	
5.340000e+02	2.425000e+02	
5.350000e+02	2.430000e+02	
5.360000e+02	2.435000e+02	
5.370000e+02	2.440000e+02	
5.380000e+02	2.445000e+02	
5.390000e+02	2.450000e+02	
5.400000e+02	2.455000e+02	
5.410000e+02	2.460000e+02	
5.420000e+02	2.465000e+02	
5.430000e+02	2.470000e+02	
5.440000e+02	2.475000e+02	
5.450000e+02	2.480000e+02	
5.460000e+02	2.485000e+02	
5.470000e+02	2.490000e+02	
5.480000e+02	2.495000e+02	
5.490000e+02	2.500000e+02	
5.500000e+02	2.505000e+02	
5.510000e+02	2.510000e+02	
5.520000e+02	2.515000e+02	
5.530000e+02	2.520000e+02	
5.540000e+02	2.525000e+02	
5.550000e+02	2.530000e+02	
5.560000e+02	2.535000e+02	
5.570000e+02	2.540000e+02	
5.580000e+02	2.545000e+02	
5.590000e+02	2.550000e+02	
5.600000e+02	2.555000e+02	
5.610000e+02	2.560000e+02	
5.620000e+02	2.565000e+02	
5.630000e+02	2.570000e+02	
5.640000e+02	2.575000e+02	
5.650000e+02	2.580000e+02	
5.660000e+02	2.585000e+02	
5.670000e+02	2.590000e+02	
5.680000e+02	2.590000e+02	
5.690000e+02	2.590000e+02	
5.700000e+02	2.595000e+02	
5.710000e+02	2.600000e+02	
5.720000e+02	2.605000e+02	
5.730000e+02	2.610000e+02	
5.740000e+02	2.615000e+02	
5.750000e+02	2.620000e+02	
5.760000e+02	2.625000e+02	
5.770000e+02	2.625000e+02	
5.780000e+02	2.630000e+02	
5.790000e+02	2.635000e+02	
5.800000e+02	2.640000e+02	
5.810000e+02	2.645000e+02	
5.820000e+02	2.650000e+02	
5.830000e+02	2.655000e+02	
5.840000e+02	2.660000e+02	
5.850000e+02	2.665000e+02	
5.860000e+02	2.670000e+02	
5.870000e+02	2.675000e+02	
5.880000e+02	2.680000e+02	
5.890000e+02	2.685000e+02	
5.900000e+02	2.690000e+02	
5.910000e+02	2.695000e+02	
5.920000e+02	2.700000e+02	
5.930000e+02	2.705000e+02	
5.940000e+02	2.705000e+02	
5.950000e+02	2.710000e+02	
5.960000e+02	2.715000e+02	
5.970000e+02	2.720000e+02	
5.980000e+02	2.725000e+02	
5.990000e+02	2.730000e+02	
6.000000e+02	2.735000e+02	
6.010000e+02	2.740000e+02	
6.020000e+02	2.745000e+02	
6.030000e+02	2.750000e+02	
6.040000e+02	2.755000e+02	
6.050000e+02	2.760000e+02	
6.060000e+02	2.765000e+02	
6.070000e+02	2.770000e+02	
6.080000e+02	2.775000e+02	
6.090000e+02	2.780000e+02	
6.100000e+02	2.785000e+02	
6.110000e+02	2.790000e+02	
6.120000e+02	2.795000e+02	
6.130000e+02	2.800000e+02	
6.140000e+02	2.805000e+02	
6.150000e+02	2.810000e+02	
6.160000e+02	2.815000e+02	
6.170000e+02	2.820000e+02	
6.180000e+02	2.825000e+02	
6.190000e+02	2.830000e+02	
6.200000e+02	2.835000e+02	
6.210000e+02	2.840000e+02	
6.220000e+02	2.845000e+02	
6.230000e+02	2.850000e+02	
6.240000e+02	2.855000e+02	
6.250000e+02	2.860000e+02	
6.260000e+02	2.865000e+02	
6.270000e+02	2.870000e+02	
6.280000e+02	2.875000e+02	
6.290000e+02	2.880000e+02	
6.300000e+02	2.885000e+02	
6.310000e+02	2.890000e+02	
6.320000e+02	2.895000e+02	
6.330000e+02	2.900000e+02	
6.340000e+02	2.905000e+02	
6.350000e+02	2.910000e+02	
6.360000e+02	2.915000e+02	
6.370000e+02	2.920000e+02	
6.380000e+02	2.920000e+02	
6.390000e+02	2.925000e+02	
6.400000e+02	2.930000e+02	
6.410000e+02	2.935000e+02	
6.420000e+02	2.940000e+02	
6.430000e+02	2.945000e+02	
6.440000e+02	2.945000e+02	
6.450000e+02	2.950000e+02	
6.460000e+02	2.955000e+02	
6.470000e+02	2.960000e+02	
6.480000e+02	2.965000e+02	
6.490000e+02	2.970000e+02	
6.500000e+02	2.975000e+02	
6.510000e+02	2.980000e+02	
6.520000e+02	2.985000e+02	
6.530000e+02	2.990000e+02	
6.540000e+02	2.995000e+02	
6.550000e+02	3.000000e+02	
6.560000e+02	3.005000e+02	
6.570000e+02	3.010000e+02	
6.580000e+02	3.015000e+02	
6.590000e+02	3.020000e+02	
6.600000e+02	3.025000e+02	
6.610000e+02	3.030000e+02	
6.620000e+02	3.035000e+02	
6.630000e+02	3.040000e+02	
6.640000e+02	3.045000e+02	
6.650000e+02	3.050000e+02	
6.660000e+02	3.055000e+02	
6.670000e+02	3.060000e+02	
6.680000e+02	3.065000e+02	
6.690000e+02	3.070000e+02	
6.700000e+02	3.075000e+02	
6.710000e+02	3.080000e+02	
6.720000e+02	3.085000e+02	
6.730000e+02	3.090000e+02	
6.740000e+02	3.095000e+02	
6.750000e+02	3.100000e+02	
6.760000e+02	3.105000e+02	
6.770000e+02	3.110000e+02	
6.780000e+02	3.115000e+02	
6.790000e+02	3.120000e+02	
6.800000e+02	3.125000e+02	
6.810000e+02	3.130000e+02	
6.820000e+02	3.135000e+02	
6.830000e+02	3.140000e+02	
6.840000e+02	3.145000e+02	
6.850000e+02	3.150000e+02	
6.860000e+02	3.155000e+02	
6.870000e+02	3.160000e+02	
6.880000e+02	3.165000e+02	
6.890000e+02	3.170000e+02	
6.900000e+02	3.175000e+02	
6.910000e+02	3.180000e+02	
6.920000e+02	3.185000e+02	
6.930000e+02	3.190000e+02	
6.940000e+02	3.195000e+02	
6.950000e+02	3.200000e+02	
6.960000e+02	3.205000e+02	
6.970000e+02	3.210000e+02	
6.980000e+02	3.215000e+02	
6.990000e+02	3.220000e+02	
7.000000e+02	3.225000e+02	
7.010000e+02	3.230000e+02	
7.020000e+02	3.235000e+02	
7.030000e+02	3.240000e+02	
7.040000e+02	3.245000e+02	
7.050000e+02	3.250000e+02	
7.060000e+02	3.255000e+02	
7.070000e+02	3.260000e+02	
7.080000e+02	3.265000e+02	
7.090000e+02	3.270000e+02	
7.100000e+02	3.275000e+02	
7.110000e+02	3.280000e+02	
7.120000e+02	3.285000e+02	
7.130000e+02	3.290000e+02	
7.140000e+02	3.295000e+02	
7.150000e+02	3.300000e+02	
7.160000e+02	3.305000e+02	
7.170000e+02	3.310000e+02	
7.180000e+02	3.315000e+02	
7.190000e+02	3.320000e+02	
7.200000e+02	3.325000e+02	
7.210000e+02	3.330000e+02	
7.220000e+02	3.335000e+02	
7.230000e+02	3.340000e+02	
7.240000e+02	3.345000e+02	
7.250000e+02	3.350000e+02	
7.260000e+02	3.355000e+02	
7.270000e+02	3.360000e+02	
7.280000e+02	3.365000e+02	
7.290000e+02	3.370000e+02	
7.300000e+02	3.375000e+02	
7.310000e+02	3.380000e+02	
7.320000e+02	3.385000e+02	
7.330000e+02	3.390000e+02	
7.340000e+02	3.395000e+02	
7.350000e+02	3.400000e+02	
7.360000e+02	3.405000e+02	
7.370000e+02	3.410000e+02	
7.380000e+02	3.415000e+02	
7.390000e+02	3.420000e+02	
7.400000e+02	3.425000e+02	
7.410000e+02	3.430000e+02	
7.420000e+02	3.435000e+02	
7.430000e+02	3.440000e+02	
7.440000e+02	3.445000e+02	
7.450000e+02	3.450000e+02	
7.460000e+02	3.455000e+02	
7.470000e+02	3.460000e+02	
7.480000e+02	3.465000e+02	
7.490000e+02	3.470000e+02	
7.500000e+02	3.475000e+02	
7.510000e+02	3.480000e+02	
7.520000e+02	3.485000e+02	
7.530000e+02	3.490000e+02	
7.540000e+02	3.495000e+02	
7.550000e+02	3.500000e+02	
7.560000e+02	3.505000e+02	
7.570000e+02	3.510000e+02	
7.580000e+02	3.515000e+02	
7.590000e+02	3.520000e+02	
7.600000e+02	3.525000e+02	
7.610000e+02	3.530000e+02	
7.620000e+02	3.535000e+02	
7.630000e+02	3.540000e+02	
7.640000e+02	3.545000e+02	
7.650000e+02	3.550000e+02	
7.660000e+02	3.555000e+02	
7.670000e+02	3.560000e+02	
7.680000e+02	3.565000e+02	
7.690000e+02	3.570000e+02	
7.700000e+02	3.575000e+02	
7.710000e+02	3.580000e+02	
7.720000e+02	3.585000e+02	
7.730000e+02	3.590000e+02	
7.740000e+02	3.595000e+02	
7.750000e+02	3.600000e+02	
7.760000e+02	3.605000e+02	
7.770000e+02	3.610000e+02	
7.780000e+02	3.615000e+02	
7.790000e+02	3.620000e+02	
7.800000e+02	3.625000e+02	
7.810000e+02	3.630000e+02	
7.820000e+02	3.635000e+02	
7.830000e+02	3.640000e+02	
7.840000e+02	3.645000e+02	
7.850000e+02	3.650000e+02	
7.860000e+02	3.655000e+02	
7.870000e+02	3.660000e+02	
7.880000e+02	3.665000e+02	
7.890000e+02	3.670000e+02	
7.900000e+02	3.675000e+02	
7.910000e+02	3.680000e+02	
7.920000e+02	3.685000e+02	
7.930000e+02	3.690000e+02	
7.940000e+02	3.695000e+02	
7.950000e+02	3.700000e+02	
7.960000e+02	3.705000e+02	
7.970000e+02	3.710000e+02	
7.980000e+02	3.715000e+02	
7.990000e+02	3.720000e+02	
8.000000e+02	3.725000e+02	
8.010000e+02	3.730000e+02	
8.020000e+02	3.735000e+02	
8.030000e+02	3.740000e+02	
8.040000e+02	3.745000e+02	
8.050000e+02	3.750000e+02	
8.060000e+02	3.755000e+02	
8.070000e+02	3.760000e+02	
8.080000e+02	3.765000e+02	
8.090000e+02	3.770000e+02	
8.100000e+02	3.775000e+02	
8.110000e+02	3.780000e+02	
8.120000e+02	3.785000e+02	
8.130000e+02	3.790000e+02	
8.140000e+02	3.795000e+02	
8.150000e+02	3.800000e+02	
8.160000e+02	3.805000e+02	
8.170000e+02	3.810000e+02	
8.180000e+02	3.815000e+02	
8.190000e+02	3.820000e+02	
8.200000e+02	3.825000e+02	
8.210000e+02	3.830000e+02	
8.220000e+02	3.835000e+02	
8.230000e+02	3.840000e+02	
8.240000e+02	3.845000e+02	
8.250000e+02	3.850000e+02	
8.260000e+02	3.855000e+02	
8.270000e+02	3.860000e+02	
8.280000e+02	3.865000e+02	
8.290000e+02	3.870000e+02	
8.300000e+02	3.875000e+02	
8.310000e+02	3.880000e+02	
8.320000e+02	3.885000e+02	
8.330000e+02	3.890000e+02	
8.340000e+02	3.895000e+02	
8.350000e+02	3.900000e+02	
8.360000e+02	3.905000e+02	
8.370000e+02	3.910000e+02	
8.380000e+02	3.915000e+02	
8.390000e+02	3.920000e+02	
8.400000e+02	3.925000e+02	
8.410000e+02	3.930000e+02	
8.420000e+02	3.935000e+02	
8.430000e+02	3.940000e+02	
8.440000e+02	3.945000e+02	
8.450000e+02	3.950000e+02	
8.460000e+02	3.955000e+02	
8.470000e+02	3.960000e+02	
8.480000e+02	3.965000e+02	
8.490000e+02	3.970000e+02	
8.500000e+02	3.975000e+02	
8.510000e+02	3.980000e+02	
8.520000e+02	3.985000e+02	
8.530000e+02	3.990000e+02	
8.540000e+02	3.995000e+02	
8.550000e+02	4.000000e+02	
8.560000e+02	4.005000e+02	
8.570000e+02	4.010000e+02	
8.580000e+02	4.015000e+02	
8.590000e+02	4.020000e+02	
8.600000e+02	4.025000e+02	
8.610000e+02	4.030000e+02	
8.620000e+02	4.035000e+02	
8.630000e+02	4.040000e+02	
8.640000e+02	4.045000e+02	
8.650000e+02	4.050000e+02	
8.660000e+02	4.055000e+02	
8.670000e+02	4.060000e+02	
8.680000e+02	4.065000e+02	
8.690000e+02	4.070000e+02	
8.700000e+02	4.075000e+02	
8.710000e+02	4.080000e+02	
8.720000e+02	4.085000e+02	
8.730000e+02	4.090000e+02	
8.740000e+02	4.095000e+02	
8.750000e+02	4.100000e+02	
8.760000e+02	4.105000e+02	
8.770000e+02	4.110000e+02	
8.780000e+02	4.115000e+02	
8.790000e+02	4.120000e+02	
8.800000e+02	4.125000e+02	
8.810000e+02	4.130000e+02	
8.820000e+02	4.135000e+02	
8.830000e+02	4.140000e+02	
8.840000e+02	4.145000e+02	
8.850000e+02	4.150000e+02	
8.860000e+02	4.155000e+02	
8.870000e+02	4.160000e+02	
8.880000e+02	4.165000e+02	
8.890000e+02	4.170000e+02	
8.900000e+02	4.175000e+02	
8.910000e+02	4.180000e+02	
8.920000e+02	4.185000e+02	
8.930000e+02	4.190000e+02	
8.940000e+02	4.195000e+02	
8.950000e+02	4.200000e+02	
8.960000e+02	4.205000e+02	
8.970000e+02	4.210000e+02	
8.980000e+02	4.215000e+02	
8.990000e+02	4.220000e+02	
9.000000e+02	4.225000e+02	
9.010000e+02	4.230000e+02	
9.020000e+02	4.235000e+02	
9.030000e+02	4.240000e+02	
9.040000e+02	4.245000e+02	
9.050000e+02	4.250000e+02	
9.060000e+02	4.255000e+02	
9.070000e+02	4.260000e+02	
9.080000e+02	4.265000e+02	
9.090000e+02	4.270000e+02	
9.100000e+02	4.275000e+02	
9.110000e+02	4.280000e+02	
9.120000e+02	4.285000e+02	
9.130000e+02	4.290000e+02	
9.140000e+02	4.295000e+02	
9.150000e+02	4.300000e+02	
9.160000e+02	4.305000e+02	
9.170000e+02	4.310000e+02	
9.180000e+02	4.315000e+02	
9.190000e+02	4.320000e+02	
9.200000e+02	4.325000e+02	
9.210000e+02	4.330000e+02	
9.220000e+02	4.335000e+02	
9.230000e+02	4.340000e+02	
9.240000e+02	4.345000e+02	
9.250000e+02	4.350000e+02	
9.260000e+02	4.355000e+02	
9.270000e+02	4.360000e+02	
9.280000e+02	4.365000e+02	
9.290000e+02	4.370000e+02	
9.300000e+02	4.375000e+02	
9.310000e+02	4.380000e+02	
9.320000e+02	4.385000e+02	
9.330000e+02	4.390000e+02	
9.340000e+02	4.395000e+02	
9.350000e+02	4.400000e+02	
9.360000e+02	4.405000e+02	
9.370000e+02	4.410000e+02	
9.380000e+02	4.415000e+02	
9.390000e+02	4.420000e+02	
9.400000e+02	4.425000e+02	
9.410000e+02	4.430000e+02	
9.420000e+02	4.435000e+02	
9.430000e+02	4.440000e+02	
9.440000e+02	4.445000e+02	
9.450000e+02	4.450000e+02	
9.460000e+02	4.455000e+02	
9.470000e+02	4.460000e+02	
9.480000e+02	4.465000e+02	
9.490000e+02	4.470000e+02	
9.500000e+02	4.475000e+02	
9.510000e+02	4.480000e+02	
9.520000e+02	4.485000e+02	
9.530000e+02	4.490000e+02	
9.540000e+02	4.495000e+02	
9.550000e+02	4.500000e+02	
9.560000e+02	4.505000e+02	
9.570000e+02	4.510000e+02	
9.580000e+02	4.515000e+02	
9.590000e+02	4.520000e+02	
9.600000e+02	4.525000e+02	
9.610000e+02	4.530000e+02	
9.620000e+02	4.535000e+02	
9.630000e+02	4.540000e+02	
9.640000e+02	4.545000e+02	
9.650000e+02	4.550000e+02	
9.660000e+02	4.555000e+02	
9.670000e+02	4.560000e+02	
9.680000e+02	4.565000e+02	
9.690000e+02	4.570000e+02	
9.700000e+02	4.575000e+02	
9.710000e+02	4.580000e+02	
9.720000e+02	4.585000e+02	
9.730000e+02	4.590000e+02	
9.740000e+02	4.595000e+02	
9.750000e+02	4.600000e+02	
9.760000e+02	4.605000e+02	
9.770000e+02	4.610000e+02	
9.780000e+02	4.615000e+02	
9.790000e+02	4.620000e+02	
9.800000e+02	4.625000e+02	
9.810000e+02	4.630000e+02	
9.820000e+02	4.635000e+02	
9.830000e+02	4.640000e+02	
9.840000e+02	4.645000e+02	
9.850000e+02	4.650000e+02	
9.860000e+02	4.655000e+02	
9.870000e+02	4.660000e+02	
9.880000e+02	4.665000e+02	
9.890000e+02	4.670000e+02	
9.900000e+02	4.675000e+02	
9.910000e+02	4.680000e+02	
9.920000e+02	4.685000e+02	
9.930000e+02	4.690000e+02	
9.940000e+02	4.695000e+02	
9.950000e+02	4.700000e+02	
9.960000e+02	4.705000e+02	
9.970000e+02	4.710000e+02	
9.980000e+02	4.715000e+02	
9.990000e+02	4.720000e+02	
1.000000e+03	4.725000e+02	
1.001000e+03	4.730000e+02	
1.002000e+03	4.735000e+02	
1.003000e+03	4.740000e+02	
1.004000e+03	4.745000e+02	
1.005000e+03	4.750000e+02	
1.006000e+03	4.755000e+02	
1.007000e+03	4.760000e+02	
1.008000e+03	4.765000e+02	
1.009000e+03	4.770000e+02	
1.010000e+03	4.775000e+02	
1.011000e+03	4.780000e+02	
1.012000e+03	4.785000e+02	
1.013000e+03	4.790000e+02	
1.014000e+03	4.795000e+02	
1.015000e+03	4.800000e+02	
1.016000e+03	4.805000e+02	
1.017000e+03	4.810000e+02	
1.018000e+03	4.815000e+02	
1.019000e+03	4.820000e+02	
1.020000e+03	4.825000e+02	
1.021000e+03	4.830000e+02	
1.022000e+03	4.835000e+02	
1.023000e+03	4.840000e+02	
1.024000e+03	4.845000e+02	
1.025000e+03	4.850000e+02	
1.026000e+03	4.855000e+02	
1.027000e+03	4.860000e+02	
1.028000e+03	4.865000e+02	
1.029000e+03	4.870000e+02	
1.030000e+03	4.875000e+02	
1.031000e+03	4.880000e+02	
1.032000e+03	4.885000e+02	
1.033000e+03	4.890000e+02	
1.034000e+03	4.895000e+02	
1.035000e+03	4.900000e+02	
1.036000e+03	4.905000e+02	
1.037000e+03	4.910000e+02	
1.038000e+03	4.915000e+02	
1.039000e+03	4.920000e+02	
1.040000e+03	4.925000e+02	
1.041000e+03	4.930000e+02	
1.042000e+03	4.935000e+02	
1.043000e+03	4.940000e+02	
1.044000e+03	4.945000e+02	
1.045000e+03	4.950000e+02	
1.046000e+03	4.955000e+02	
1.047000e+03	4.960000e+02	
1.048000e+03	4.965000e+02	
1.049000e+03	4.970000e+02	
1.050000e+03	4.975000e+02	
1.051000e+03	4.980000e+02	
1.052000e+03	4.985000e+02	
1.053000e+03	4.990000e+02	
1.054000e+03	4.995000e+02	
1.055000e+03	5.000000e+02	
1.056000e+03	5.005000e+02	
1.057000e+03	5.010000e+02	
1.058000e+03	5.015000e+02	
1.059000e+03	5.020000e+02	
1.060000e+03	5.025000e+02	
1.061000e+03	5.030000e+02	
1.062000e+03	5.035000e+02	
1.063000e+03	5.040000e+02	
1.064000e+03	5.045000e+02	
1.065000e+03	5.050000e+02	
1.066000e+03	5.055000e+02	
1.067000e+03	5.060000e+02	
1.068000e+03	5.065000e+02	
1.069000e+03	5.070000e+02	
1.070000e+03	5.075000e+02	
1.071000e+03	5.080000e+02	
1.072000e+03	5.085000e+02	
1.073000e+03	5.090000e+02	
1.074000e+03	5.095000e+02	
1.075000e+03	5.100000e+02	
1.076000e+03	5.105000e+02	
1.077000e+03	5.110000e+02	
1.078000e+03	5.115000e+02	
1.079000e+03	5.120000e+02	
1.080000e+03	5.125000e+02	
1.081000e+03	5.130000e+02	
1.082000e+03	5.135000e+02	
1.083000e+03	5.140000e+02	
1.084000e+03	5.145000e+02	
1.085000e+03	5.150000e+02	
1.086000e+03	5.155000e+02	
1.087000e+03	5.160000e+02	
1.088000e+03	5.165000e+02	
1.089000e+03	5.170000e+02	
1.090000e+03	5.175000e+02	
1.091000e+03	5.180000e+02	
1.092000e+03	5.185000e+02	
1.093000e+03	5.190000e+02	
1.094000e+03	5.195000e+02	
1.095000e+03	5.200000e+02	
1.096000e+03	5.205000e+02	
1.097000e+03	5.210000e+02	
1.098000e+03	5.215000e+02	
1.099000e+03	5.220000e+02	
1.100000e+03	5.225000e+02	
1.101000e+03	5.230000e+02	
1.102000e+03	5.235000e+02	
1.103000e+03	5.240000e+02	
1.104000e+03	5.245000e+02	
1.105000e+03	5.250000e+02	
1.106000e+03	5.255000e+02	
1.107000e+03	5.260000e+02	
1.108000e+03	5.265000e+02	
1.109000e+03	5.270000e+02	
1.110000e+03	5.275000e+02	
1.111000e+03	5.280000e+02	
1.112000e+03	5.285000e+02	
1.113000e+03	5.290000e+02	
1.114000e+03	5.295000e+02	
1.115000e+03	5.300000e+02	
1.116000e+03	5.305000e+02	
1.117000e+03	5.310000e+02	
1.118000e+03	5.315000e+02	
1.119000e+03	5.320000e+02	
1.120000e+03	5.325000e+02	
1.121000e+03	5.330000e+02	
1.122000e+03	5.335000e+02	
1.123000e+03	5.340000e+02	
1.124000e+03	5.345000e+02	
1.125000e+03	5.350000e+02	
1.126000e+03	5.355000e+02	
1.127000e+03	5.360000e+02	
1.128000e+03	5.365000e+02	
1.129000e+03	5.370000e+02	
1.130000e+03	5.370000e+02	
1.131000e+03	5.375000e+02	
1.132000e+03	5.380000e+02	
1.133000e+03	5.385000e+02	
1.134000e+03	5.390000e+02	
1.135000e+03	5.395000e+02	
1.136000e+03	5.400000e+02	
1.137000e+03	5.405000e+02	
1.138000e+03	5.410000e+02	
1.139000e+03	5.415000e+02	
1.140000e+03	5.420000e+02	
1.141000e+03	5.425000e+02	
1.142000e+03	5.430000e+02	
1.143000e+03	5.435000e+02	
1.144000e+03	5.440000e+02	
1.145000e+03	5.445000e+02	
1.146000e+03	5.450000e+02	
1.147000e+03	5.455000e+02	
1.148000e+03	5.460000e+02	
1.149000e+03	5.465000e+02	
1.150000e+03	5.465000e+02	
1.151000e+03	5.470000e+02	
1.152000e+03	5.475000e+02	
1.153000e+03	5.480000e+02	
1.154000e+03	5.485000e+02	
1.155000e+03	5.490000e+02	
1.156000e+03	5.495000e+02	
1.157000e+03	5.500000e+02	
1.158000e+03	5.505000e+02	
1.159000e+03	5.510000e+02	
1.160000e+03	5.515000e+02	
1.161000e+03	5.520000e+02	
1.162000e+03	5.525000e+02	
1.163000e+03	5.530000e+02	
1.164000e+03	5.535000e+02	
1.165000e+03	5.540000e+02	
1.166000e+03	5.545000e+02	
1.167000e+03	5.550000e+02	
1.168000e+03	5.555000e+02	
1.169000e+03	5.560000e+02	
1.170000e+03	5.565000e+02	
1.171000e+03	5.570000e+02	
1.172000e+03	5.575000e+02	
1.173000e+03	5.580000e+02	
1.174000e+03	5.585000e+02	
1.175000e+03	5.590000e+02	
1.176000e+03	5.595000e+02	
1.177000e+03	5.600000e+02	
1.178000e+03	5.605000e+02	
1.179000e+03	5.610000e+02	
1.180000e+03	5.615000e+02	
1.181000e+03	5.620000e+02	
1.182000e+03	5.625000e+02	
1.183000e+03	5.630000e+02	
1.184000e+03	5.635000e+02	
1.185000e+03	5.640000e+02	
1.186000e+03	5.645000e+02	
1.187000e+03	5.650000e+02	
1.188000e+03	5.655000e+02	
1.189000e+03	5.660000e+02	
1.190000e+03	5.665000e+02	
1.191000e+03	5.670000e+02	
1.192000e+03	5.675000e+02	
1.193000e+03	5.680000e+02	
1.194000e+03	5.685000e+02	
1.195000e+03	5.690000e+02	
1.196000e+03	5.695000e+02	
1.197000e+03	5.700000e+02	
1.198000e+03	5.705000e+02	
1.199000e+03	5.710000e+02	
1.200000e+03	5.715000e+02	
1.201000e+03	5.720000e+02	
1.202000e+03	5.725000e+02	
1.203000e+03	5.730000e+02	
1.204000e+03	5.735000e+02	
1.205000e+03	5.740000e+02	
1.206000e+03	5.745000e+02	
1.207000e+03	5.750000e+02	
1.208000e+03	5.755000e+02	
1.209000e+03	5.760000e+02	
1.210000e+03	5.765000e+02	
1.211000e+03	5.770000e+02	
1.212000e+03	5.775000e+02	
1.213000e+03	5.780000e+02	
1.214000e+03	5.785000e+02	
1.215000e+03	5.790000e+02	
1.216000e+03	5.795000e+02	
1.217000e+03	5.800000e+02	
1.218000e+03	5.805000e+02	
1.219000e+03	5.810000e+02	
1.220000e+03	5.815000e+02	
1.221000e+03	5.820000e+02	
1.222000e+03	5.825000e+02	
1.223000e+03	5.830000e+02	
1.224000e+03	5.835000e+02	
1.225000e+03	5.840000e+02	
1.226000e+03	5.845000e+02	
1.227000e+03	5.850000e+02	
1.228000e+03	5.855000e+02	
1.229000e+03	5.860000e+02	
1.230000e+03	5.865000e+02	
1.231000e+03	5.870000e+02	
1.232000e+03	5.875000e+02	
1.233000e+03	5.880000e+02	
1.234000e+03	5.885000e+02	
1.235000e+03	5.890000e+02	
1.236000e+03	5.895000e+02	
1.237000e+03	5.900000e+02	
1.238000e+03	5.905000e+02	
1.239000e+03	5.910000e+02	
1.240000e+03	5.915000e+02	
1.241000e+03	5.920000e+02	
1.242000e+03	5.925000e+02	
1.243000e+03	5.930000e+02	
1.244000e+03	5.935000e+02	
1.245000e+03	5.940000e+02	
1.246000e+03	5.945000e+02	
1.247000e+03	5.950000e+02	
1.248000e+03	5.955000e+02	
1.249000e+03	5.960000e+02	
1.250000e+03	5.965000e+02	
1.251000e+03	5.970000e+02	
1.252000e+03	5.975000e+02	
1.253000e+03	5.980000e+02	
1.254000e+03	5.985000e+02	
1.255000e+03	5.990000e+02	
1.256000e+03	5.995000e+02	
1.257000e+03	6.000000e+02	
1.258000e+03	6.005000e+02	
1.259000e+03	6.010000e+02	
1.260000e+03	6.015000e+02	
1.261000e+03	6.020000e+02	
1.262000e+03	6.025000e+02	
1.263000e+03	6.030000e+02	
1.264000e+03	6.035000e+02	
1.265000e+03	6.040000e+02	
1.266000e+03	6.045000e+02	
1.267000e+03	6.050000e+02	
1.268000e+03	6.055000e+02	
1.269000e+03	6.060000e+02	
1.270000e+03	6.065000e+02	
1.271000e+03	6.070000e+02	
1.272000e+03	6.075000e+02	
1.273000e+03	6.080000e+02	
1.274000e+03	6.085000e+02	
1.275000e+03	6.090000e+02	
1.276000e+03	6.095000e+02	
1.277000e+03	6.100000e+02	
1.278000e+03	6.105000e+02	
1.279000e+03	6.110000e+02	
1.280000e+03	6.115000e+02	
1.281000e+03	6.120000e+02	
1.282000e+03	6.125000e+02	
1.283000e+03	6.130000e+02	
1.284000e+03	6.135000e+02	
1.285000e+03	6.140000e+02	
1.286000e+03	6.145000e+02	
1.287000e+03	6.150000e+02	
1.288000e+03	6.155000e+02	
1.289000e+03	6.160000e+02	
1.290000e+03	6.165000e+02	
1.291000e+03	6.170000e+02	
1.292000e+03	6.175000e+02	
1.293000e+03	6.180000e+02	
1.294000e+03	6.185000e+02	
1.295000e+03	6.190000e+02	
1.296000e+03	6.195000e+02	
1.297000e+03	6.200000e+02	
1.298000e+03	6.205000e+02	
1.299000e+03	6.210000e+02	
1.300000e+03	6.215000e+02	
1.301000e+03	6.220000e+02	
1.302000e+03	6.225000e+02	
1.303000e+03	6.230000e+02	
1.304000e+03	6.235000e+02	
1.305000e+03	6.240000e+02	
1.306000e+03	6.245000e+02	
1.307000e+03	6.250000e+02	
1.308000e+03	6.255000e+02	
1.309000e+03	6.260000e+02	
1.310000e+03	6.265000e+02	
1.311000e+03	6.270000e+02	
1.312000e+03	6.275000e+02	
1.313000e+03	6.280000e+02	
1.314000e+03	6.285000e+02	
1.315000e+03	6.290000e+02	
1.316000e+03	6.295000e+02	
1.317000e+03	6.300000e+02	
1.318000e+03	6.305000e+02	
1.319000e+03	6.310000e+02	
1.320000e+03	6.315000e+02	
1.321000e+03	6.320000e+02	
1.322000e+03	6.325000e+02	
1.323000e+03	6.330000e+02	
1.324000e+03	6.335000e+02	
1.325000e+03	6.340000e+02	
1.326000e+03	6.345000e+02	
1.327000e+03	6.350000e+02	
1.328000e+03	6.355000e+02	
1.329000e+03	6.360000e+02	
1.330000e+03	6.365000e+02	
1.331000e+03	6.370000e+02	
1.332000e+03	6.375000e+02	
1.333000e+03	6.380000e+02	
1.334000e+03	6.385000e+02	
1.335000e+03	6.390000e+02	
1.336000e+03	6.395000e+02	
1.337000e+03	6.400000e+02	
1.338000e+03	6.405000e+02	
1.339000e+03	6.410000e+02	
1.340000e+03	6.415000e+02	
1.341000e+03	6.420000e+02	
1.342000e+03	6.425000e+02	
1.343000e+03	6.430000e+02	
1.344000e+03	6.435000e+02	
1.345000e+03	6.440000e+02	
1.346000e+03	6.445000e+02	
1.347000e+03	6.450000e+02	
1.348000e+03	6.455000e+02	
1.349000e+03	6.460000e+02	
1.350000e+03	6.465000e+02	
1.351000e+03	6.470000e+02	
1.352000e+03	6.475000e+02	
1.353000e+03	6.480000e+02	
1.354000e+03	6.485000e+02	
1.355000e+03	6.490000e+02	
1.356000e+03	6.495000e+02	
1.357000e+03	6.500000e+02	
1.358000e+03	6.505000e+02	
1.359000e+03	6.510000e+02	
1.360000e+03	6.515000e+02	
1.361000e+03	6.520000e+02	
1.362000e+03	6.525000e+02	
1.363000e+03	6.530000e+02	
1.364000e+03	6.535000e+02	
1.365000e+03	6.540000e+02	
1.366000e+03	6.545000e+02	
1.367000e+03	6.550000e+02	
1.368000e+03	6.555000e+02	
1.369000e+03	6.560000e+02	
1.370000e+03	6.565000e+02	
1.371000e+03	6.570000e+02	
1.372000e+03	6.575000e+02	
1.373000e+03	6.580000e+02	
1.374000e+03	6.585000e+02	
1.375000e+03	6.590000e+02	
1.376000e+03	6.595000e+02	
1.377000e+03	6.600000e+02	
1.378000e+03	6.605000e+02	
1.379000e+03	6.610000e+02	
1.380000e+03	6.615000e+02	
1.381000e+03	6.620000e+02	
1.382000e+03	6.625000e+02	
1.383000e+03	6.630000e+02	
1.384000e+03	6.635000e+02	
1.385000e+03	6.640000e+02	
1.386000e+03	6.645000e+02	
1.387000e+03	6.650000e+02	
1.388000e+03	6.655000e+02	
1.389000e+03	6.660000e+02	
1.390000e+03	6.665000e+02	
1.391000e+03	6.670000e+02	
1.392000e+03	6.675000e+02	
1.393000e+03	6.680000e+02	
1.394000e+03	6.685000e+02	
1.395000e+03	6.690000e+02	
1.396000e+03	6.695000e+02	
1.397000e+03	6.700000e+02	
1.398000e+03	6.705000e+02	
1.399000e+03	6.710000e+02	
1.400000e+03	6.715000e+02	
1.401000e+03	6.720000e+02	
1.402000e+03	6.725000e+02	
1.403000e+03	6.730000e+02	
1.404000e+03	6.735000e+02	
1.405000e+03	6.740000e+02	
1.406000e+03	6.745000e+02	
1.407000e+03	6.750000e+02	
1.408000e+03	6.755000e+02	
1.409000e+03	6.760000e+02	
1.410000e+03	6.760000e+02	
1.411000e+03	6.765000e+02	
1.412000e+03	6.770000e+02	
1.413000e+03	6.775000e+02	
1.414000e+03	6.780000e+02	
1.415000e+03	6.785000e+02	
1.416000e+03	6.790000e+02	
1.417000e+03	6.795000e+02	
1.418000e+03	6.800000e+02	
1.419000e+03	6.805000e+02	
1.420000e+03	6.810000e+02	
1.421000e+03	6.815000e+02	
1.422000e+03	6.820000e+02	
1.423000e+03	6.825000e+02	
1.424000e+03	6.830000e+02	
1.425000e+03	6.835000e+02	
1.426000e+03	6.840000e+02	
1.427000e+03	6.845000e+02	
1.428000e+03	6.850000e+02	
1.429000e+03	6.855000e+02	
1.430000e+03	6.860000e+02	
1.431000e+03	6.865000e+02	
1.432000e+03	6.870000e+02	
1.433000e+03	6.875000e+02	
1.434000e+03	6.880000e+02	
1.435000e+03	6.885000e+02	
1.436000e+03	6.890000e+02	
1.437000e+03	6.895000e+02	
1.438000e+03	6.900000e+02	
1.439000e+03	6.905000e+02	
1.440000e+03	6.910000e+02	
1.441000e+03	6.915000e+02	
1.442000e+03	6.920000e+02	
1.443000e+03	6.925000e+02	
1.444000e+03	6.930000e+02	
1.445000e+03	6.935000e+02	
1.446000e+03	6.940000e+02	
1.447000e+03	6.945000e+02	
1.448000e+03	6.950000e+02	
1.449000e+03	6.955000e+02	
1.450000e+03	6.960000e+02	
1.451000e+03	6.965000e+02	
1.452000e+03	6.970000e+02	
1.453000e+03	6.975000e+02	
1.454000e+03	6.980000e+02	
1.455000e+03	6.985000e+02	
1.456000e+03	6.990000e+02	
1.457000e+03	6.995000e+02	
1.458000e+03	7.000000e+02	
1.459000e+03	7.005000e+02	
1.460000e+03	7.010000e+02	
1.461000e+03	7.015000e+02	
1.462000e+03	7.020000e+02	
1.463000e+03	7.025000e+02	
1.464000e+03	7.030000e+02	
1.465000e+03	7.035000e+02	
1.466000e+03	7.040000e+02	
1.467000e+03	7.045000e+02	
1.468000e+03	7.050000e+02	
1.469000e+03	7.055000e+02	
1.470000e+03	7.060000e+02	
1.471000e+03	7.065000e+02	
1.472000e+03	7.070000e+02	
1.473000e+03	7.075000e+02	
1.474000e+03	7.080000e+02	
1.475000e+03	7.085000e+02	
1.476000e+03	7.090000e+02	
1.477000e+03	7.095000e+02	
1.478000e+03	7.100000e+02	
1.479000e+03	7.105000e+02	
1.480000e+03	7.110000e+02	
1.481000e+03	7.115000e+02	
1.482000e+03	7.120000e+02	
1.483000e+03	7.125000e+02	
1.484000e+03	7.130000e+02	
1.485000e+03	7.135000e+02	
1.486000e+03	7.140000e+02	
1.487000e+03	7.145000e+02	
1.488000e+03	7.150000e+02	
1.489000e+03	7.155000e+02	
1.490000e+03	7.160000e+02	
1.491000e+03	7.165000e+02	
1.492000e+03	7.170000e+02	
1.493000e+03	7.175000e+02	
1.494000e+03	7.180000e+02	
1.495000e+03	7.185000e+02	
1.496000e+03	7.190000e+02	
1.497000e+03	7.195000e+02	
1.498000e+03	7.200000e+02	
1.499000e+03	7.205000e+02	
1.500000e+03	7.210000e+02	
1.501000e+03	7.215000e+02	
1.502000e+03	7.220000e+02	
1.503000e+03	7.225000e+02	
1.504000e+03	7.230000e+02	
1.505000e+03	7.235000e+02	
1.506000e+03	7.240000e+02	
1.507000e+03	7.245000e+02	
1.508000e+03	7.250000e+02	
1.509000e+03	7.255000e+02	
1.510000e+03	7.260000e+02	
1.511000e+03	7.265000e+02	
1.512000e+03	7.270000e+02	
1.513000e+03	7.275000e+02	
1.514000e+03	7.280000e+02	
1.515000e+03	7.285000e+02	
1.516000e+03	7.290000e+02	
1.517000e+03	7.295000e+02	
1.518000e+03	7.300000e+02	
1.519000e+03	7.305000e+02	
1.520000e+03	7.310000e+02	
1.521000e+03	7.315000e+02	
1.522000e+03	7.320000e+02	
1.523000e+03	7.325000e+02	
1.524000e+03	7.330000e+02	
1.525000e+03	7.335000e+02	
1.526000e+03	7.340000e+02	
1.527000e+03	7.345000e+02	
1.528000e+03	7.350000e+02	
1.529000e+03	7.355000e+02	
1.530000e+03	7.360000e+02	
1.531000e+03	7.365000e+02	
1.532000e+03	7.370000e+02	
1.533000e+03	7.375000e+02	
1.534000e+03	7.380000e+02	
1.535000e+03	7.385000e+02	
1.536000e+03	7.390000e+02	
1.537000e+03	7.395000e+02	
1.538000e+03	7.400000e+02	
1.539000e+03	7.405000e+02	
1.540000e+03	7.410000e+02	
1.541000e+03	7.415000e+02	
1.542000e+03	7.420000e+02	
1.543000e+03	7.425000e+02	
1.544000e+03	7.430000e+02	
1.545000e+03	7.435000e+02	
1.546000e+03	7.440000e+02	
1.547000e+03	7.445000e+02	
1.548000e+03	7.450000e+02	
1.549000e+03	7.455000e+02	
1.550000e+03	7.460000e+02	
1.551000e+03	7.465000e+02	
1.552000e+03	7.470000e+02	
1.553000e+03	7.475000e+02	
1.554000e+03	7.480000e+02	
1.555000e+03	7.485000e+02	
1.556000e+03	7.490000e+02	
1.557000e+03	7.495000e+02	
1.558000e+03	7.500000e+02	
1.559000e+03	7.505000e+02	
1.560000e+03	7.510000e+02	
1.561000e+03	7.515000e+02	
1.562000e+03	7.520000e+02	
1.563000e+03	7.525000e+02	
1.564000e+03	7.530000e+02	
1.565000e+03	7.535000e+02	
1.566000e+03	7.540000e+02	
1.567000e+03	7.545000e+02	
1.568000e+03	7.550000e+02	
1.569000e+03	7.555000e+02	
1.570000e+03	7.560000e+02	
1.571000e+03	7.565000e+02	
1.572000e+03	7.570000e+02	
1.573000e+03	7.575000e+02	
1.574000e+03	7.580000e+02	
1.575000e+03	7.585000e+02	
1.576000e+03	7.590000e+02	
1.577000e+03	7.595000e+02	
1.578000e+03	7.600000e+02	
1.579000e+03	7.605000e+02	
1.580000e+03	7.610000e+02	
1.581000e+03	7.615000e+02	
1.582000e+03	7.620000e+02	
1.583000e+03	7.625000e+02	
1.584000e+03	7.630000e+02	
1.585000e+03	7.635000e+02	
1.586000e+03	7.640000e+02	
1.587000e+03	7.645000e+02	
1.588000e+03	7.650000e+02	
1.589000e+03	7.655000e+02	
1.590000e+03	7.660000e+02	
1.591000e+03	7.665000e+02	
1.592000e+03	7.670000e+02	
1.593000e+03	7.675000e+02	
1.594000e+03	7.680000e+02	
1.595000e+03	7.685000e+02	
1.596000e+03	7.690000e+02	
1.597000e+03	7.695000e+02	
1.598000e+03	7.700000e+02	
1.599000e+03	7.705000e+02	
1.600000e+03	7.710000e+02	
1.601000e+03	7.715000e+02	
1.602000e+03	7.720000e+02	
1.603000e+03	7.725000e+02	
1.604000e+03	7.730000e+02	
1.605000e+03	7.735000e+02	
1.606000e+03	7.740000e+02	
1.607000e+03	7.745000e+02	
1.608000e+03	7.750000e+02	
1.609000e+03	7.755000e+02	
1.610000e+03	7.760000e+02	
1.611000e+03	7.765000e+02	
1.612000e+03	7.770000e+02	
1.613000e+03	7.775000e+02	
1.614000e+03	7.780000e+02	
1.615000e+03	7.785000e+02	
1.616000e+03	7.790000e+02	
1.617000e+03	7.795000e+02	
1.618000e+03	7.800000e+02	
1.619000e+03	7.805000e+02	
1.620000e+03	7.810000e+02	
1.621000e+03	7.815000e+02	
1.622000e+03	7.820000e+02	
1.623000e+03	7.825000e+02	
1.624000e+03	7.830000e+02	
1.625000e+03	7.835000e+02	
1.626000e+03	7.840000e+02	
1.627000e+03	7.845000e+02	
1.628000e+03	7.850000e+02	
1.629000e+03	7.855000e+02	
1.630000e+03	7.860000e+02	
1.631000e+03	7.865000e+02	
1.632000e+03	7.870000e+02	
1.633000e+03	7.875000e+02	
1.634000e+03	7.880000e+02	
1.635000e+03	7.885000e+02	
1.636000e+03	7.890000e+02	
1.637000e+03	7.895000e+02	
1.638000e+03	7.900000e+02	
1.639000e+03	7.905000e+02	
1.640000e+03	7.910000e+02	
1.641000e+03	7.915000e+02	
1.642000e+03	7.920000e+02	
1.643000e+03	7.925000e+02	
1.644000e+03	7.930000e+02	
1.645000e+03	7.935000e+02	
1.646000e+03	7.940000e+02	
1.647000e+03	7.945000e+02	
1.648000e+03	7.950000e+02	
1.649000e+03	7.955000e+02	
1.650000e+03	7.960000e+02	
1.651000e+03	7.965000e+02	
1.652000e+03	7.970000e+02	
1.653000e+03	7.975000e+02	
1.654000e+03	7.980000e+02	
1.655000e+03	7.985000e+02	
1.656000e+03	7.990000e+02	
1.657000e+03	7.995000e+02	
1.658000e+03	8.000000e+02	
1.659000e+03	8.005000e+02	
1.660000e+03	8.010000e+02	
1.661000e+03	8.015000e+02	
1.662000e+03	8.020000e+02	
1.663000e+03	8.025000e+02	
1.664000e+03	8.030000e+02	
1.665000e+03	8.035000e+02	
1.666000e+03	8.040000e+02	
1.667000e+03	8.045000e+02	
1.668000e+03	8.050000e+02	
1.669000e+03	8.055000e+02	
1.670000e+03	8.060000e+02	
1.671000e+03	8.065000e+02	
1.672000e+03	8.070000e+02	
1.673000e+03	8.075000e+02	
1.674000e+03	8.080000e+02	
1.675000e+03	8.085000e+02	
1.676000e+03	8.090000e+02	
1.677000e+03	8.095000e+02	
1.678000e+03	8.100000e+02	
1.679000e+03	8.105000e+02	
1.680000e+03	8.110000e+02	
1.681000e+03	8.115000e+02	
1.682000e+03	8.120000e+02	
1.683000e+03	8.125000e+02	
1.684000e+03	8.130000e+02	
1.685000e+03	8.135000e+02	
1.686000e+03	8.140000e+02	
1.687000e+03	8.145000e+02	
1.688000e+03	8.150000e+02	
1.689000e+03	8.155000e+02	
1.690000e+03	8.160000e+02	
1.691000e+03	8.165000e+02	
1.692000e+03	8.170000e+02	
1.693000e+03	8.175000e+02	
1.694000e+03	8.180000e+02	
1.695000e+03	8.185000e+02	
1.696000e+03	8.190000e+02	
1.697000e+03	8.195000e+02	
1.698000e+03	8.200000e+02	
1.699000e+03	8.205000e+02	
1.700000e+03	8.210000e+02	
1.701000e+03	8.215000e+02	
1.702000e+03	8.220000e+02	
1.703000e+03	8.225000e+02	
1.704000e+03	8.230000e+02	
1.705000e+03	8.235000e+02	
1.706000e+03	8.240000e+02	
1.707000e+03	8.245000e+02	
1.708000e+03	8.250000e+02	
1.709000e+03	8.255000e+02	
1.710000e+03	8.260000e+02	
1.711000e+03	8.265000e+02	
1.712000e+03	8.270000e+02	
1.713000e+03	8.275000e+02	
1.714000e+03	8.280000e+02	
1.715000e+03	8.285000e+02	
1.716000e+03	8.290000e+02	
1.717000e+03	8.295000e+02	
1.718000e+03	8.300000e+02	
1.719000e+03	8.305000e+02	
1.720000e+03	8.310000e+02	
1.721000e+03	8.315000e+02	
1.722000e+03	8.320000e+02	
1.723000e+03	8.325000e+02	
1.724000e+03	8.330000e+02	
1.725000e+03	8.335000e+02	
1.726000e+03	8.340000e+02	
1.727000e+03	8.345000e+02	
1.728000e+03	8.350000e+02	
1.729000e+03	8.355000e+02	
1.730000e+03	8.360000e+02	
1.731000e+03	8.365000e+02	
1.732000e+03	8.370000e+02	
1.733000e+03	8.375000e+02	
1.734000e+03	8.380000e+02	
1.735000e+03	8.385000e+02	
1.736000e+03	8.390000e+02	
1.737000e+03	8.395000e+02	
1.738000e+03	8.400000e+02	
1.739000e+03	8.405000e+02	
1.740000e+03	8.410000e+02	
1.741000e+03	8.415000e+02	
1.742000e+03	8.420000e+02	
1.743000e+03	8.425000e+02	
1.744000e+03	8.430000e+02	
1.745000e+03	8.435000e+02	
1.746000e+03	8.440000e+02	
1.747000e+03	8.445000e+02	
1.748000e+03	8.450000e+02	
1.749000e+03	8.455000e+02	
1.750000e+03	8.460000e+02	
1.751000e+03	8.465000e+02	
1.752000e+03	8.470000e+02	
1.753000e+03	8.475000e+02	
1.754000e+03	8.480000e+02	
1.755000e+03	8.485000e+02	
1.756000e+03	8.490000e+02	
1.757000e+03	8.495000e+02	
1.758000e+03	8.500000e+02	
1.759000e+03	8.505000e+02	
1.760000e+03	8.510000e+02	
1.761000e+03	8.515000e+02	
1.762000e+03	8.520000e+02	
1.763000e+03	8.525000e+02	
1.764000e+03	8.530000e+02	
1.765000e+03	8.535000e+02	
1.766000e+03	8.540000e+02	
1.767000e+03	8.545000e+02	
1.768000e+03	8.550000e+02	
1.769000e+03	8.555000e+02	
1.770000e+03	8.560000e+02	
1.771000e+03	8.565000e+02	
1.772000e+03	8.570000e+02	
1.773000e+03	8.575000e+02	
1.774000e+03	8.580000e+02	
1.775000e+03	8.585000e+02	
1.776000e+03	8.590000e+02	
1.777000e+03	8.595000e+02	
1.778000e+03	8.600000e+02	
1.779000e+03	8.605000e+02	
1.780000e+03	8.610000e+02	
1.781000e+03	8.615000e+02	
1.782000e+03	8.620000e+02	
1.783000e+03	8.625000e+02	
1.784000e+03	8.630000e+02	
1.785000e+03	8.635000e+02	
1.786000e+03	8.640000e+02	
1.787000e+03	8.645000e+02	
1.788000e+03	8.650000e+02	
1.789000e+03	8.655000e+02	
1.790000e+03	8.660000e+02	
1.791000e+03	8.665000e+02	
1.792000e+03	8.670000e+02	
1.793000e+03	8.675000e+02	
1.794000e+03	8.680000e+02	
1.795000e+03	8.685000e+02	
1.796000e+03	8.690000e+02	
1.797000e+03	8.695000e+02	
1.798000e+03	8.700000e+02	
1.799000e+03	8.705000e+02	
1.800000e+03	8.710000e+02	
1.801000e+03	8.715000e+02	
1.802000e+03	8.720000e+02	
1.803000e+03	8.725000e+02	
1.804000e+03	8.730000e+02	
1.805000e+03	8.735000e+02	
1.806000e+03	8.740000e+02	
1.807000e+03	8.745000e+02	
1.808000e+03	8.750000e+02	
1.809000e+03	8.755000e+02	
1.810000e+03	8.760000e+02	
1.811000e+03	8.765000e+02	
1.812000e+03	8.770000e+02	
1.813000e+03	8.775000e+02	
1.814000e+03	8.780000e+02	
1.815000e+03	8.785000e+02	
1.816000e+03	8.790000e+02	
1.817000e+03	8.795000e+02	
1.818000e+03	8.800000e+02	
1.819000e+03	8.805000e+02	
1.820000e+03	8.810000e+02	
1.821000e+03	8.815000e+02	
1.822000e+03	8.820000e+02	
1.823000e+03	8.825000e+02	
1.824000e+03	8.830000e+02	
1.825000e+03	8.835000e+02	
1.826000e+03	8.840000e+02	
1.827000e+03	8.845000e+02	
1.828000e+03	8.850000e+02	
1.829000e+03	8.855000e+02	
1.830000e+03	8.860000e+02	
1.831000e+03	8.865000e+02	
1.832000e+03	8.870000e+02	
1.833000e+03	8.875000e+02	
1.834000e+03	8.880000e+02	
1.835000e+03	8.885000e+02	
1.836000e+03	8.890000e+02	
1.837000e+03	8.895000e+02	
1.838000e+03	8.900000e+02	
1.839000e+03	8.905000e+02	
1.840000e+03	8.910000e+02	
1.841000e+03	8.915000e+02	
1.842000e+03	8.920000e+02	
1.843000e+03	8.925000e+02	
1.844000e+03	8.930000e+02	
1.845000e+03	8.935000e+02	
1.846000e+03	8.940000e+02	
1.847000e+03	8.945000e+02	
1.848000e+03	8.950000e+02	
1.849000e+03	8.955000e+02	
1.850000e+03	8.960000e+02	
1.851000e+03	8.965000e+02	
1.852000e+03	8.970000e+02	
1.853000e+03	8.975000e+02	
1.854000e+03	8.980000e+02	
1.855000e+03	8.985000e+02	
1.856000e+03	8.990000e+02	
1.857000e+03	8.995000e+02	
1.858000e+03	9.000000e+02	
1.859000e+03	9.005000e+02	
1.860000e+03	9.010000e+02	
1.861000e+03	9.015000e+02	
1.862000e+03	9.020000e+02	
1.863000e+03	9.025000e+02	
1.864000e+03	9.030000e+02	
1.865000e+03	9.035000e+02	
1.866000e+03	9.040000e+02	
1.867000e+03	9.045000e+02	
1.868000e+03	9.050000e+02	
1.869000e+03	9.055000e+02	
1.870000e+03	9.060000e+02	
1.871000e+03	9.065000e+02	
1.872000e+03	9.070000e+02	
1.873000e+03	9.075000e+02	
1.874000e+03	9.080000e+02	
1.875000e+03	9.085000e+02	
1.876000e+03	9.090000e+02	
1.877000e+03	9.095000e+02	
1.878000e+03	9.100000e+02	
1.879000e+03	9.105000e+02	
1.880000e+03	9.110000e+02	
1.881000e+03	9.115000e+02	
1.882000e+03	9.120000e+02	
1.883000e+03	9.125000e+02	
1.884000e+03	9.130000e+02	
1.885000e+03	9.135000e+02	
1.886000e+03	9.140000e+02	
1.887000e+03	9.145000e+02	
1.888000e+03	9.150000e+02	
1.889000e+03	9.155000e+02	
1.890000e+03	9.160000e+02	
1.891000e+03	9.165000e+02	
1.892000e+03	9.170000e+02	
1.893000e+03	9.175000e+02	
1.894000e+03	9.180000e+02	
1.895000e+03	9.185000e+02	
1.896000e+03	9.190000e+02	
1.897000e+03	9.195000e+02	
1.898000e+03	9.200000e+02	
1.899000e+03	9.205000e+02	
1.900000e+03	9.210000e+02	
1.901000e+03	9.215000e+02	
1.902000e+03	9.220000e+02	
1.903000e+03	9.225000e+02	
1.904000e+03	9.230000e+02	
1.905000e+03	9.235000e+02	
1.906000e+03	9.240000e+02	
1.907000e+03	9.245000e+02	
1.908000e+03	9.250000e+02	
1.909000e+03	9.255000e+02	
1.910000e+03	9.260000e+02	
1.911000e+03	9.265000e+02	
1.912000e+03	9.270000e+02	
1.913000e+03	9.275000e+02	
1.914000e+03	9.280000e+02	
1.915000e+03	9.285000e+02	
1.916000e+03	9.290000e+02	
1.917000e+03	9.295000e+02	
1.918000e+03	9.300000e+02	
1.919000e+03	9.305000e+02	
1.920000e+03	9.310000e+02	
1.921000e+03	9.315000e+02	
1.922000e+03	9.320000e+02	
1.923000e+03	9.325000e+02	
1.924000e+03	9.330000e+02	
1.925000e+03	9.335000e+02	
1.926000e+03	9.340000e+02	
1.927000e+03	9.345000e+02	
1.928000e+03	9.350000e+02	
1.929000e+03	9.355000e+02	
1.930000e+03	9.360000e+02	
1.931000e+03	9.365000e+02	
1.932000e+03	9.370000e+02	
1.933000e+03	9.375000e+02	
1.934000e+03	9.380000e+02	
1.935000e+03	9.385000e+02	
1.936000e+03	9.390000e+02	
1.937000e+03	9.395000e+02	
1.938000e+03	9.400000e+02	
1.939000e+03	9.405000e+02	
1.940000e+03	9.410000e+02	
1.941000e+03	9.415000e+02	
1.942000e+03	9.420000e+02	
1.943000e+03	9.425000e+02	
1.944000e+03	9.430000e+02	
1.945000e+03	9.435000e+02	
1.946000e+03	9.440000e+02	
1.947000e+03	9.445000e+02	
1.948000e+03	9.450000e+02	
1.949000e+03	9.455000e+02	
1.950000e+03	9.460000e+02	
1.951000e+03	9.465000e+02	
1.952000e+03	9.470000e+02	
1.953000e+03	9.475000e+02	
1.954000e+03	9.480000e+02	
1.955000e+03	9.485000e+02	
1.956000e+03	9.490000e+02	
1.957000e+03	9.495000e+02	
1.958000e+03	9.500000e+02	
1.959000e+03	9.505000e+02	
1.960000e+03	9.510000e+02	
1.961000e+03	9.515000e+02	
1.962000e+03	9.520000e+02	
1.963000e+03	9.525000e+02	
1.964000e+03	9.530000e+02	
1.965000e+03	9.535000e+02	
1.966000e+03	9.540000e+02	
1.967000e+03	9.545000e+02	
1.968000e+03	9.550000e+02	
1.969000e+03	9.555000e+02	
1.970000e+03	9.560000e+02	
1.971000e+03	9.565000e+02	
1.972000e+03	9.570000e+02	
1.973000e+03	9.575000e+02	
1.974000e+03	9.580000e+02	
1.975000e+03	9.585000e+02	
1.976000e+03	9.590000e+02	
1.977000e+03	9.595000e+02	
1.978000e+03	9.600000e+02	
1.979000e+03	9.605000e+02	
1.980000e+03	9.610000e+02	
1.981000e+03	9.615000e+02	
1.982000e+03	9.620000e+02	
1.983000e+03	9.625000e+02	
1.984000e+03	9.630000e+02	
1.985000e+03	9.635000e+02	
1.986000e+03	9.640000e+02	
1.987000e+03	9.645000e+02	
1.988000e+03	9.650000e+02	
1.989000e+03	9.655000e+02	
1.990000e+03	9.660000e+02	
1.991000e+03	9.665000e+02	
1.992000e+03	9.670000e+02	
1.993000e+03	9.675000e+02	
1.994000e+03	9.680000e+02	
1.995000e+03	9.685000e+02	
1.996000e+03	9.690000e+02	
1.997000e+03	9.695000e+02	
1.998000e+03	9.700000e+02	
1.999000e+03	9.705000e+02	
2.000000e+03	9.710000e+02	
2.001000e+03	9.715000e+02	
2.002000e+03	9.720000e+02	
2.003000e+03	9.725000e+02	
2.004000e+03	9.730000e+02	
2.005000e+03	9.735000e+02	
2.006000e+03	9.740000e+02	
2.007000e+03	9.745000e+02	
2.008000e+03	9.750000e+02	
2.009000e+03	9.755000e+02	
2.010000e+03	9.760000e+02	
2.011000e+03	9.765000e+02	
2.012000e+03	9.770000e+02	
2.013000e+03	9.775000e+02	
2.014000e+03	9.780000e+02	
2.015000e+03	9.785000e+02	
2.016000e+03	9.790000e+02	
2.017000e+03	9.795000e+02	
2.018000e+03	9.800000e+02	
2.019000e+03	9.805000e+02	
2.020000e+03	9.810000e+02	
2.021000e+03	9.815000e+02	
2.022000e+03	9.820000e+02	
2.023000e+03	9.825000e+02	
2.024000e+03	9.830000e+02	
2.025000e+03	9.835000e+02	
2.026000e+03	9.840000e+02	
2.027000e+03	9.845000e+02	
2.028000e+03	9.850000e+02	
2.029000e+03	9.855000e+02	
2.030000e+03	9.860000e+02	
2.031000e+03	9.865000e+02	
2.032000e+03	9.870000e+02	
2.033000e+03	9.875000e+02	
2.034000e+03	9.880000e+02	
2.035000e+03	9.885000e+02	
2.036000e+03	9.890000e+02	
2.037000e+03	9.895000e+02	
2.038000e+03	9.900000e+02	
2.039000e+03	9.905000e+02	
2.040000e+03	9.910000e+02	
2.041000e+03	9.915000e+02	
2.042000e+03	9.920000e+02	
2.043000e+03	9.925000e+02	
2.044000e+03	9.930000e+02	
2.045000e+03	9.935000e+02	
2.046000e+03	9.940000e+02	
2.047000e+03	9.945000e+02	
2.048000e+03	9.950000e+02	
2.049000e+03	9.955000e+02	
2.050000e+03	9.960000e+02	
2.051000e+03	9.965000e+02	
2.052000e+03	9.970000e+02	
2.053000e+03	9.975000e+02	
2.054000e+03	9.980000e+02	
2.055000e+03	9.985000e+02	
2.056000e+03	9.990000e+02	
2.057000e+03	9.995000e+02	
2.058000e+03	1.000000e+03	
2.059000e+03	1.000500e+03	
2.060000e+03	1.001000e+03	
2.061000e+03	1.001500e+03	
2.062000e+03	1.002000e+03	
2.063000e+03	1.002500e+03	
2.064000e+03	1.003000e+03	
2.065000e+03	1.003500e+03	
2.066000e+03	1.004000e+03	
2.067000e+03	1.004500e+03	
2.068000e+03	1.005000e+03	
2.069000e+03	1.005500e+03	
2.070000e+03	1.006000e+03	
2.071000e+03	1.006500e+03	
2.072000e+03	1.007000e+03	
2.073000e+03	1.007500e+03	
2.074000e+03	1.008000e+03	
2.075000e+03	1.008500e+03	
2.076000e+03	1.009000e+03	
2.077000e+03	1.009500e+03	
2.078000e+03	1.010000e+03	
2.079000e+03	1.010500e+03	
2.080000e+03	1.011000e+03	
2.081000e+03	1.011500e+03	
2.082000e+03	1.012000e+03	
2.083000e+03	1.012500e+03	
2.084000e+03	1.013000e+03	
2.085000e+03	1.013500e+03	
2.086000e+03	1.014000e+03	
2.087000e+03	1.014500e+03	
2.088000e+03	1.015000e+03	
2.089000e+03	1.015500e+03	
2.090000e+03	1.016000e+03	
2.091000e+03	1.016500e+03	
2.092000e+03	1.017000e+03	
2.093000e+03	1.017500e+03	
2.094000e+03	1.018000e+03	
2.095000e+03	1.018500e+03	
2.096000e+03	1.019000e+03	
2.097000e+03	1.019500e+03	
2.098000e+03	1.020000e+03	
2.099000e+03	1.020500e+03	
2.100000e+03	1.021000e+03	
2.101000e+03	1.021500e+03	
2.102000e+03	1.022000e+03	
2.103000e+03	1.022500e+03	
2.104000e+03	1.023000e+03	
2.105000e+03	1.023500e+03	
2.106000e+03	1.024000e+03	
2.107000e+03	1.024500e+03	
2.108000e+03	1.025000e+03	
2.109000e+03	1.025500e+03	
2.110000e+03	1.026000e+03	
2.111000e+03	1.026500e+03	
2.112000e+03	1.027000e+03	
2.113000e+03	1.027500e+03	
2.114000e+03	1.028000e+03	
2.115000e+03	1.028500e+03	
2.116000e+03	1.029000e+03	
2.117000e+03	1.029500e+03	
2.118000e+03	1.030000e+03	
2.119000e+03	1.030500e+03	
2.120000e+03	1.031000e+03	
2.121000e+03	1.031500e+03	
2.122000e+03	1.032000e+03	
2.123000e+03	1.032500e+03	
2.124000e+03	1.033000e+03	
2.125000e+03	1.033500e+03	
2.126000e+03	1.034000e+03	
2.127000e+03	1.034500e+03	
2.128000e+03	1.035000e+03	
2.129000e+03	1.035500e+03	
2.130000e+03	1.036000e+03	
2.131000e+03	1.036500e+03	
2.132000e+03	1.037000e+03	
2.133000e+03	1.037500e+03	
2.134000e+03	1.038000e+03	
2.135000e+03	1.038500e+03	
2.136000e+03	1.039000e+03	
2.137000e+03	1.039500e+03	
2.138000e+03	1.040000e+03	
2.139000e+03	1.040500e+03	
2.140000e+03	1.041000e+03	
2.141000e+03	1.041500e+03	
2.142000e+03	1.042000e+03	
2.143000e+03	1.042500e+03	
2.144000e+03	1.043000e+03	
2.145000e+03	1.043500e+03	
2.146000e+03	1.044000e+03	
2.147000e+03	1.044500e+03	
2.148000e+03	1.045000e+03	
2.149000e+03	1.045500e+03	
2.150000e+03	1.046000e+03	
2.151000e+03	1.046500e+03	
2.152000e+03	1.047000e+03	
2.153000e+03	1.047500e+03	
2.154000e+03	1.048000e+03	
2.155000e+03	1.048500e+03	
2.156000e+03	1.049000e+03	
2.157000e+03	1.049500e+03	
2.158000e+03	1.050000e+03	
2.159000e+03	1.050500e+03	
2.160000e+03	1.051000e+03	
2.161000e+03	1.051500e+03	
2.162000e+03	1.052000e+03	
2.163000e+03	1.052500e+03	
2.164000e+03	1.053000e+03	
2.165000e+03	1.053500e+03	
2.166000e+03	1.054000e+03	
2.167000e+03	1.054500e+03	
2.168000e+03	1.055000e+03	
2.169000e+03	1.055500e+03	
2.170000e+03	1.056000e+03	
2.171000e+03	1.056500e+03	
2.172000e+03	1.057000e+03	
2.173000e+03	1.057500e+03	
2.174000e+03	1.058000e+03	
2.175000e+03	1.058500e+03	
2.176000e+03	1.059000e+03	
2.177000e+03	1.059500e+03	
2.178000e+03	1.060000e+03	
2.179000e+03	1.060500e+03	
2.180000e+03	1.061000e+03	
2.181000e+03	1.061500e+03	
2.182000e+03	1.062000e+03	
2.183000e+03	1.062500e+03	
2.184000e+03	1.063000e+03	
2.185000e+03	1.063500e+03	
2.186000e+03	1.064000e+03	
2.187000e+03	1.064500e+03	
2.188000e+03	1.065000e+03	
2.189000e+03	1.065500e+03	
2.190000e+03	1.066000e+03	
2.191000e+03	1.066500e+03	
2.192000e+03	1.067000e+03	
