0.000000e+00	4.838710e-02	
1.000000e+00	9.677419e-02	
2.000000e+00	1.451613e-01	
3.000000e+00	2.580645e-01	
4.000000e+00	4.032258e-01	
5.000000e+00	4.516129e-01	
6.000000e+00	5.645161e-01	
7.000000e+00	6.612903e-01	
8.000000e+00	7.903226e-01	
9.000000e+00	8.548387e-01	
1.000000e+01	1.032258e+00	
1.100000e+01	1.177419e+00	
1.200000e+01	1.354839e+00	
1.300000e+01	1.564516e+00	
1.400000e+01	1.758065e+00	
1.500000e+01	1.919355e+00	
1.600000e+01	2.080645e+00	
1.700000e+01	2.241935e+00	
1.800000e+01	2.322581e+00	
1.900000e+01	2.532258e+00	
2.000000e+01	2.741935e+00	
2.100000e+01	2.919355e+00	
2.200000e+01	3.129032e+00	
2.300000e+01	3.370968e+00	
2.400000e+01	3.548387e+00	
2.500000e+01	3.725806e+00	
2.600000e+01	3.870968e+00	
2.700000e+01	4.064516e+00	
2.800000e+01	4.241935e+00	
2.900000e+01	4.467742e+00	
3.000000e+01	4.661290e+00	
3.100000e+01	4.870968e+00	
3.200000e+01	5.048387e+00	
3.300000e+01	5.193548e+00	
3.400000e+01	5.435484e+00	
3.500000e+01	5.612903e+00	
3.600000e+01	5.806452e+00	
3.700000e+01	6.048387e+00	
3.800000e+01	6.225806e+00	
3.900000e+01	6.419355e+00	
4.000000e+01	6.661290e+00	
4.100000e+01	6.870968e+00	
4.200000e+01	7.096774e+00	
4.300000e+01	7.370968e+00	
4.400000e+01	7.580645e+00	
4.500000e+01	7.790323e+00	
4.600000e+01	7.967742e+00	
4.700000e+01	8.193548e+00	
4.800000e+01	8.419355e+00	
4.900000e+01	8.645161e+00	
5.000000e+01	8.870968e+00	
5.100000e+01	9.096774e+00	
5.200000e+01	9.290323e+00	
5.300000e+01	9.500000e+00	
5.400000e+01	9.725806e+00	
5.500000e+01	9.903226e+00	
5.600000e+01	1.014516e+01	
5.700000e+01	1.037097e+01	
5.800000e+01	1.064516e+01	
5.900000e+01	1.090323e+01	
6.000000e+01	1.112903e+01	
6.100000e+01	1.138710e+01	
6.200000e+01	1.159677e+01	
6.300000e+01	1.180645e+01	
6.400000e+01	1.200000e+01	
6.500000e+01	1.220968e+01	
6.600000e+01	1.240323e+01	
6.700000e+01	1.266129e+01	
6.800000e+01	1.290323e+01	
6.900000e+01	1.314516e+01	
7.000000e+01	1.345161e+01	
7.100000e+01	1.367742e+01	
7.200000e+01	1.393548e+01	
7.300000e+01	1.416129e+01	
7.400000e+01	1.438710e+01	
7.500000e+01	1.462903e+01	
7.600000e+01	1.490323e+01	
7.700000e+01	1.511290e+01	
7.800000e+01	1.540323e+01	
7.900000e+01	1.566129e+01	
8.000000e+01	1.590323e+01	
8.100000e+01	1.617742e+01	
8.200000e+01	1.645161e+01	
8.300000e+01	1.670968e+01	
8.400000e+01	1.696774e+01	
8.500000e+01	1.717742e+01	
8.600000e+01	1.743548e+01	
8.700000e+01	1.767742e+01	
8.800000e+01	1.796774e+01	
8.900000e+01	1.825806e+01	
9.000000e+01	1.856452e+01	
9.100000e+01	1.885484e+01	
9.200000e+01	1.912903e+01	
9.300000e+01	1.940323e+01	
9.400000e+01	1.966129e+01	
9.500000e+01	1.996774e+01	
9.600000e+01	2.025806e+01	
9.700000e+01	2.051613e+01	
9.800000e+01	2.085484e+01	
9.900000e+01	2.112903e+01	
1.000000e+02	2.137097e+01	
1.010000e+02	2.166129e+01	
1.020000e+02	2.195161e+01	
1.030000e+02	2.222581e+01	
1.040000e+02	2.258065e+01	
1.050000e+02	2.282258e+01	
1.060000e+02	2.309677e+01	
1.070000e+02	2.348387e+01	
1.080000e+02	2.375806e+01	
1.090000e+02	2.400000e+01	
1.100000e+02	2.430645e+01	
1.110000e+02	2.464516e+01	
1.120000e+02	2.500000e+01	
1.130000e+02	2.529032e+01	
1.140000e+02	2.559677e+01	
1.150000e+02	2.591935e+01	
1.160000e+02	2.620968e+01	
1.170000e+02	2.651613e+01	
1.180000e+02	2.680645e+01	
1.190000e+02	2.712903e+01	
1.200000e+02	2.746774e+01	
1.210000e+02	2.777419e+01	
1.220000e+02	2.809677e+01	
1.230000e+02	2.843548e+01	
1.240000e+02	2.877419e+01	
1.250000e+02	2.909677e+01	
1.260000e+02	2.937097e+01	
1.270000e+02	2.974194e+01	
1.280000e+02	3.006452e+01	
1.290000e+02	3.043548e+01	
1.300000e+02	3.077419e+01	
1.310000e+02	3.111290e+01	
1.320000e+02	3.150000e+01	
1.330000e+02	3.187097e+01	
1.340000e+02	3.220968e+01	
1.350000e+02	3.259677e+01	
1.360000e+02	3.301613e+01	
1.370000e+02	3.335484e+01	
1.380000e+02	3.366129e+01	
1.390000e+02	3.396774e+01	
1.400000e+02	3.432258e+01	
1.410000e+02	3.470968e+01	
1.420000e+02	3.503226e+01	
1.430000e+02	3.538710e+01	
1.440000e+02	3.577419e+01	
1.450000e+02	3.617742e+01	
1.460000e+02	3.656452e+01	
1.470000e+02	3.690323e+01	
1.480000e+02	3.725806e+01	
1.490000e+02	3.764516e+01	
1.500000e+02	3.801613e+01	
1.510000e+02	3.845161e+01	
1.520000e+02	3.883871e+01	
1.530000e+02	3.924194e+01	
1.540000e+02	3.962903e+01	
1.550000e+02	3.993548e+01	
1.560000e+02	4.025806e+01	
1.570000e+02	4.069355e+01	
1.580000e+02	4.108065e+01	
1.590000e+02	4.145161e+01	
1.600000e+02	4.190323e+01	
1.610000e+02	4.232258e+01	
1.620000e+02	4.267742e+01	
1.630000e+02	4.306452e+01	
1.640000e+02	4.348387e+01	
1.650000e+02	4.390323e+01	
1.660000e+02	4.430645e+01	
1.670000e+02	4.466129e+01	
1.680000e+02	4.503226e+01	
1.690000e+02	4.546774e+01	
1.700000e+02	4.585484e+01	
1.710000e+02	4.619355e+01	
1.720000e+02	4.661290e+01	
1.730000e+02	4.701613e+01	
1.740000e+02	4.740323e+01	
1.750000e+02	4.777419e+01	
1.760000e+02	4.816129e+01	
1.770000e+02	4.854839e+01	
1.780000e+02	4.887097e+01	
1.790000e+02	4.917742e+01	
1.800000e+02	4.951613e+01	
1.810000e+02	4.987097e+01	
1.820000e+02	5.022581e+01	
1.830000e+02	5.062903e+01	
1.840000e+02	5.103226e+01	
1.850000e+02	5.140323e+01	
1.860000e+02	5.180645e+01	
1.870000e+02	5.219355e+01	
1.880000e+02	5.254839e+01	
1.890000e+02	5.298387e+01	
1.900000e+02	5.332258e+01	
1.910000e+02	5.375806e+01	
1.920000e+02	5.414516e+01	
1.930000e+02	5.453226e+01	
1.940000e+02	5.493548e+01	
1.950000e+02	5.530645e+01	
1.960000e+02	5.570968e+01	
1.970000e+02	5.609677e+01	
1.980000e+02	5.646774e+01	
1.990000e+02	5.687097e+01	
2.000000e+02	5.729032e+01	
2.010000e+02	5.769355e+01	
2.020000e+02	5.809677e+01	
2.030000e+02	5.845161e+01	
2.040000e+02	5.885484e+01	
2.050000e+02	5.927419e+01	
2.060000e+02	5.964516e+01	
2.070000e+02	6.006452e+01	
2.080000e+02	6.046774e+01	
2.090000e+02	6.087097e+01	
2.100000e+02	6.124194e+01	
2.110000e+02	6.162903e+01	
2.120000e+02	6.198387e+01	
2.130000e+02	6.237097e+01	
2.140000e+02	6.270968e+01	
2.150000e+02	6.303226e+01	
2.160000e+02	6.345161e+01	
2.170000e+02	6.388710e+01	
2.180000e+02	6.419355e+01	
2.190000e+02	6.454839e+01	
2.200000e+02	6.496774e+01	
2.210000e+02	6.537097e+01	
2.220000e+02	6.575806e+01	
2.230000e+02	6.612903e+01	
2.240000e+02	6.651613e+01	
2.250000e+02	6.690323e+01	
2.260000e+02	6.729032e+01	
2.270000e+02	6.767742e+01	
2.280000e+02	6.806452e+01	
2.290000e+02	6.841935e+01	
2.300000e+02	6.879032e+01	
2.310000e+02	6.920968e+01	
2.320000e+02	6.959677e+01	
2.330000e+02	6.996774e+01	
2.340000e+02	7.032258e+01	
2.350000e+02	7.069355e+01	
2.360000e+02	7.109677e+01	
2.370000e+02	7.148387e+01	
2.380000e+02	7.185484e+01	
2.390000e+02	7.224194e+01	
2.400000e+02	7.259677e+01	
2.410000e+02	7.298387e+01	
2.420000e+02	7.338710e+01	
2.430000e+02	7.372581e+01	
2.440000e+02	7.414516e+01	
2.450000e+02	7.453226e+01	
2.460000e+02	7.495161e+01	
2.470000e+02	7.535484e+01	
2.480000e+02	7.572581e+01	
2.490000e+02	7.609677e+01	
2.500000e+02	7.645161e+01	
2.510000e+02	7.682258e+01	
2.520000e+02	7.727419e+01	
2.530000e+02	7.761290e+01	
2.540000e+02	7.793548e+01	
2.550000e+02	7.833871e+01	
2.560000e+02	7.875806e+01	
2.570000e+02	7.909677e+01	
2.580000e+02	7.950000e+01	
2.590000e+02	7.983871e+01	
2.600000e+02	8.016129e+01	
2.610000e+02	8.051613e+01	
2.620000e+02	8.090323e+01	
2.630000e+02	8.129032e+01	
2.640000e+02	8.166129e+01	
2.650000e+02	8.206452e+01	
2.660000e+02	8.238710e+01	
2.670000e+02	8.270968e+01	
2.680000e+02	8.309677e+01	
2.690000e+02	8.348387e+01	
2.700000e+02	8.383871e+01	
2.710000e+02	8.424194e+01	
2.720000e+02	8.461290e+01	
2.730000e+02	8.496774e+01	
2.740000e+02	8.529032e+01	
2.750000e+02	8.566129e+01	
2.760000e+02	8.603226e+01	
2.770000e+02	8.640323e+01	
2.780000e+02	8.677419e+01	
2.790000e+02	8.714516e+01	
2.800000e+02	8.748387e+01	
2.810000e+02	8.788710e+01	
2.820000e+02	8.829032e+01	
2.830000e+02	8.866129e+01	
2.840000e+02	8.909677e+01	
2.850000e+02	8.953226e+01	
2.860000e+02	8.988710e+01	
2.870000e+02	9.032258e+01	
2.880000e+02	9.074194e+01	
2.890000e+02	9.114516e+01	
2.900000e+02	9.153226e+01	
2.910000e+02	9.195161e+01	
2.920000e+02	9.235484e+01	
2.930000e+02	9.274194e+01	
2.940000e+02	9.316129e+01	
2.950000e+02	9.358065e+01	
2.960000e+02	9.401613e+01	
2.970000e+02	9.445161e+01	
2.980000e+02	9.477419e+01	
2.990000e+02	9.517742e+01	
3.000000e+02	9.561290e+01	
3.010000e+02	9.608065e+01	
3.020000e+02	9.648387e+01	
3.030000e+02	9.691935e+01	
3.040000e+02	9.732258e+01	
3.050000e+02	9.770968e+01	
3.060000e+02	9.811290e+01	
3.070000e+02	9.851613e+01	
3.080000e+02	9.895161e+01	
3.090000e+02	9.930645e+01	
3.100000e+02	9.972581e+01	
3.110000e+02	1.001935e+02	
3.120000e+02	1.006290e+02	
3.130000e+02	1.010645e+02	
3.140000e+02	1.014677e+02	
3.150000e+02	1.018548e+02	
3.160000e+02	1.022903e+02	
3.170000e+02	1.027258e+02	
3.180000e+02	1.030968e+02	
3.190000e+02	1.034839e+02	
3.200000e+02	1.038710e+02	
3.210000e+02	1.042742e+02	
3.220000e+02	1.046774e+02	
3.230000e+02	1.050968e+02	
3.240000e+02	1.054516e+02	
3.250000e+02	1.058548e+02	
3.260000e+02	1.062581e+02	
3.270000e+02	1.066774e+02	
3.280000e+02	1.070968e+02	
3.290000e+02	1.074839e+02	
3.300000e+02	1.079516e+02	
3.310000e+02	1.083710e+02	
3.320000e+02	1.087581e+02	
3.330000e+02	1.091452e+02	
3.340000e+02	1.095806e+02	
3.350000e+02	1.100000e+02	
3.360000e+02	1.104194e+02	
3.370000e+02	1.108548e+02	
3.380000e+02	1.112742e+02	
3.390000e+02	1.116613e+02	
3.400000e+02	1.120968e+02	
3.410000e+02	1.125000e+02	
3.420000e+02	1.129355e+02	
3.430000e+02	1.133548e+02	
3.440000e+02	1.137581e+02	
3.450000e+02	1.141613e+02	
3.460000e+02	1.145968e+02	
3.470000e+02	1.150000e+02	
3.480000e+02	1.154839e+02	
3.490000e+02	1.159355e+02	
3.500000e+02	1.163871e+02	
3.510000e+02	1.168226e+02	
3.520000e+02	1.172419e+02	
3.530000e+02	1.176774e+02	
3.540000e+02	1.181290e+02	
3.550000e+02	1.185161e+02	
3.560000e+02	1.189839e+02	
3.570000e+02	1.194032e+02	
3.580000e+02	1.198548e+02	
3.590000e+02	1.203226e+02	
3.600000e+02	1.207742e+02	
3.610000e+02	1.212097e+02	
3.620000e+02	1.216774e+02	
3.630000e+02	1.221290e+02	
3.640000e+02	1.225806e+02	
3.650000e+02	1.230484e+02	
3.660000e+02	1.234677e+02	
3.670000e+02	1.239032e+02	
3.680000e+02	1.243710e+02	
3.690000e+02	1.247742e+02	
3.700000e+02	1.252419e+02	
3.710000e+02	1.257097e+02	
3.720000e+02	1.261613e+02	
3.730000e+02	1.266129e+02	
3.740000e+02	1.270484e+02	
3.750000e+02	1.274677e+02	
3.760000e+02	1.278710e+02	
3.770000e+02	1.282742e+02	
3.780000e+02	1.287419e+02	
3.790000e+02	1.291774e+02	
3.800000e+02	1.296452e+02	
3.810000e+02	1.300645e+02	
3.820000e+02	1.305000e+02	
3.830000e+02	1.309194e+02	
3.840000e+02	1.313226e+02	
3.850000e+02	1.317258e+02	
3.860000e+02	1.321613e+02	
3.870000e+02	1.325645e+02	
3.880000e+02	1.330323e+02	
3.890000e+02	1.334677e+02	
3.900000e+02	1.338710e+02	
3.910000e+02	1.342903e+02	
3.920000e+02	1.347419e+02	
3.930000e+02	1.351452e+02	
3.940000e+02	1.355645e+02	
3.950000e+02	1.359677e+02	
3.960000e+02	1.364032e+02	
3.970000e+02	1.368387e+02	
3.980000e+02	1.372419e+02	
3.990000e+02	1.377258e+02	
4.000000e+02	1.381613e+02	
4.010000e+02	1.385806e+02	
4.020000e+02	1.390484e+02	
4.030000e+02	1.395000e+02	
4.040000e+02	1.399516e+02	
4.050000e+02	1.404032e+02	
4.060000e+02	1.408871e+02	
4.070000e+02	1.413226e+02	
4.080000e+02	1.417258e+02	
4.090000e+02	1.421613e+02	
4.100000e+02	1.425968e+02	
4.110000e+02	1.430484e+02	
4.120000e+02	1.435000e+02	
4.130000e+02	1.439194e+02	
4.140000e+02	1.443871e+02	
4.150000e+02	1.448548e+02	
4.160000e+02	1.452903e+02	
4.170000e+02	1.457581e+02	
4.180000e+02	1.461290e+02	
4.190000e+02	1.466129e+02	
4.200000e+02	1.470323e+02	
4.210000e+02	1.474839e+02	
4.220000e+02	1.479677e+02	
4.230000e+02	1.484355e+02	
4.240000e+02	1.488710e+02	
4.250000e+02	1.492581e+02	
4.260000e+02	1.497097e+02	
4.270000e+02	1.501452e+02	
4.280000e+02	1.506129e+02	
4.290000e+02	1.510484e+02	
4.300000e+02	1.515000e+02	
4.310000e+02	1.519677e+02	
4.320000e+02	1.523871e+02	
4.330000e+02	1.528226e+02	
4.340000e+02	1.532581e+02	
4.350000e+02	1.537097e+02	
4.360000e+02	1.541774e+02	
4.370000e+02	1.546452e+02	
4.380000e+02	1.550645e+02	
4.390000e+02	1.554677e+02	
4.400000e+02	1.559355e+02	
4.410000e+02	1.563871e+02	
4.420000e+02	1.567903e+02	
4.430000e+02	1.572581e+02	
4.440000e+02	1.576774e+02	
4.450000e+02	1.581290e+02	
4.460000e+02	1.585645e+02	
4.470000e+02	1.590161e+02	
4.480000e+02	1.594677e+02	
4.490000e+02	1.599355e+02	
4.500000e+02	1.603871e+02	
4.510000e+02	1.608387e+02	
4.520000e+02	1.613065e+02	
4.530000e+02	1.617419e+02	
4.540000e+02	1.621935e+02	
4.550000e+02	1.626452e+02	
4.560000e+02	1.631129e+02	
4.570000e+02	1.635806e+02	
4.580000e+02	1.640161e+02	
4.590000e+02	1.645000e+02	
4.600000e+02	1.649839e+02	
4.610000e+02	1.654839e+02	
4.620000e+02	1.659516e+02	
4.630000e+02	1.664194e+02	
4.640000e+02	1.668871e+02	
4.650000e+02	1.673065e+02	
4.660000e+02	1.677903e+02	
4.670000e+02	1.682258e+02	
4.680000e+02	1.686774e+02	
4.690000e+02	1.691452e+02	
4.700000e+02	1.695968e+02	
4.710000e+02	1.700645e+02	
4.720000e+02	1.705484e+02	
4.730000e+02	1.710000e+02	
4.740000e+02	1.714516e+02	
4.750000e+02	1.719516e+02	
4.760000e+02	1.724355e+02	
4.770000e+02	1.729194e+02	
4.780000e+02	1.733387e+02	
4.790000e+02	1.738226e+02	
4.800000e+02	1.742903e+02	
4.810000e+02	1.747258e+02	
4.820000e+02	1.752097e+02	
4.830000e+02	1.756774e+02	
4.840000e+02	1.761452e+02	
4.850000e+02	1.766129e+02	
4.860000e+02	1.770323e+02	
4.870000e+02	1.775000e+02	
4.880000e+02	1.779677e+02	
4.890000e+02	1.784194e+02	
4.900000e+02	1.788710e+02	
4.910000e+02	1.793387e+02	
4.920000e+02	1.798226e+02	
4.930000e+02	1.802903e+02	
4.940000e+02	1.807097e+02	
4.950000e+02	1.811613e+02	
4.960000e+02	1.816129e+02	
4.970000e+02	1.820968e+02	
4.980000e+02	1.825645e+02	
4.990000e+02	1.830323e+02	
5.000000e+02	1.834839e+02	
5.010000e+02	1.839194e+02	
5.020000e+02	1.843871e+02	
5.030000e+02	1.848710e+02	
5.040000e+02	1.853065e+02	
5.050000e+02	1.857742e+02	
5.060000e+02	1.862581e+02	
5.070000e+02	1.867258e+02	
5.080000e+02	1.872097e+02	
5.090000e+02	1.876290e+02	
5.100000e+02	1.881129e+02	
5.110000e+02	1.885806e+02	
5.120000e+02	1.890645e+02	
5.130000e+02	1.895161e+02	
5.140000e+02	1.899677e+02	
5.150000e+02	1.904516e+02	
5.160000e+02	1.909194e+02	
5.170000e+02	1.914032e+02	
5.180000e+02	1.918710e+02	
5.190000e+02	1.923387e+02	
5.200000e+02	1.927581e+02	
5.210000e+02	1.932258e+02	
5.220000e+02	1.936613e+02	
5.230000e+02	1.941613e+02	
5.240000e+02	1.946613e+02	
5.250000e+02	1.950968e+02	
5.260000e+02	1.955806e+02	
5.270000e+02	1.960484e+02	
5.280000e+02	1.965161e+02	
5.290000e+02	1.969355e+02	
5.300000e+02	1.974032e+02	
5.310000e+02	1.978710e+02	
5.320000e+02	1.983387e+02	
5.330000e+02	1.988226e+02	
5.340000e+02	1.992903e+02	
5.350000e+02	1.997742e+02	
5.360000e+02	2.002419e+02	
5.370000e+02	2.007419e+02	
5.380000e+02	2.012258e+02	
5.390000e+02	2.016935e+02	
5.400000e+02	2.021613e+02	
5.410000e+02	2.026613e+02	
5.420000e+02	2.031290e+02	
5.430000e+02	2.035968e+02	
5.440000e+02	2.040484e+02	
5.450000e+02	2.045000e+02	
5.460000e+02	2.049839e+02	
5.470000e+02	2.054516e+02	
5.480000e+02	2.059355e+02	
5.490000e+02	2.064194e+02	
5.500000e+02	2.068871e+02	
5.510000e+02	2.073387e+02	
5.520000e+02	2.077903e+02	
5.530000e+02	2.082742e+02	
5.540000e+02	2.087419e+02	
5.550000e+02	2.092258e+02	
5.560000e+02	2.097258e+02	
5.570000e+02	2.102097e+02	
5.580000e+02	2.106774e+02	
5.590000e+02	2.111452e+02	
5.600000e+02	2.116452e+02	
5.610000e+02	2.121290e+02	
5.620000e+02	2.125968e+02	
5.630000e+02	2.130645e+02	
5.640000e+02	2.135484e+02	
5.650000e+02	2.140484e+02	
5.660000e+02	2.145000e+02	
5.670000e+02	2.150000e+02	
5.680000e+02	2.154839e+02	
5.690000e+02	2.159194e+02	
5.700000e+02	2.163710e+02	
5.710000e+02	2.168548e+02	
5.720000e+02	2.173387e+02	
5.730000e+02	2.178226e+02	
5.740000e+02	2.183065e+02	
5.750000e+02	2.187903e+02	
5.760000e+02	2.192903e+02	
5.770000e+02	2.197581e+02	
5.780000e+02	2.202581e+02	
5.790000e+02	2.207419e+02	
5.800000e+02	2.212419e+02	
5.810000e+02	2.217097e+02	
5.820000e+02	2.221613e+02	
5.830000e+02	2.226129e+02	
5.840000e+02	2.230645e+02	
5.850000e+02	2.235645e+02	
5.860000e+02	2.240645e+02	
5.870000e+02	2.245484e+02	
5.880000e+02	2.250161e+02	
5.890000e+02	2.254839e+02	
5.900000e+02	2.259839e+02	
5.910000e+02	2.264355e+02	
5.920000e+02	2.269194e+02	
5.930000e+02	2.274032e+02	
5.940000e+02	2.278710e+02	
5.950000e+02	2.283710e+02	
5.960000e+02	2.288710e+02	
5.970000e+02	2.293387e+02	
5.980000e+02	2.297742e+02	
5.990000e+02	2.302581e+02	
6.000000e+02	2.307258e+02	
6.010000e+02	2.312097e+02	
6.020000e+02	2.316613e+02	
6.030000e+02	2.321290e+02	
6.040000e+02	2.325806e+02	
6.050000e+02	2.330645e+02	
6.060000e+02	2.335645e+02	
6.070000e+02	2.340484e+02	
6.080000e+02	2.345323e+02	
6.090000e+02	2.350161e+02	
6.100000e+02	2.355000e+02	
6.110000e+02	2.359839e+02	
6.120000e+02	2.364677e+02	
6.130000e+02	2.369355e+02	
6.140000e+02	2.374194e+02	
6.150000e+02	2.379194e+02	
6.160000e+02	2.383871e+02	
6.170000e+02	2.388710e+02	
6.180000e+02	2.393710e+02	
6.190000e+02	2.398226e+02	
6.200000e+02	2.403226e+02	
6.210000e+02	2.407581e+02	
6.220000e+02	2.412258e+02	
6.230000e+02	2.416935e+02	
6.240000e+02	2.421774e+02	
6.250000e+02	2.426774e+02	
6.260000e+02	2.431452e+02	
6.270000e+02	2.435968e+02	
6.280000e+02	2.440645e+02	
6.290000e+02	2.445323e+02	
6.300000e+02	2.450161e+02	
6.310000e+02	2.454839e+02	
6.320000e+02	2.459516e+02	
6.330000e+02	2.464032e+02	
6.340000e+02	2.468710e+02	
6.350000e+02	2.473387e+02	
6.360000e+02	2.477742e+02	
6.370000e+02	2.482419e+02	
6.380000e+02	2.487097e+02	
6.390000e+02	2.492097e+02	
6.400000e+02	2.496935e+02	
6.410000e+02	2.501613e+02	
6.420000e+02	2.506613e+02	
6.430000e+02	2.511452e+02	
6.440000e+02	2.515968e+02	
6.450000e+02	2.520484e+02	
6.460000e+02	2.525000e+02	
6.470000e+02	2.529194e+02	
6.480000e+02	2.534194e+02	
6.490000e+02	2.539194e+02	
6.500000e+02	2.543871e+02	
6.510000e+02	2.548387e+02	
6.520000e+02	2.552742e+02	
6.530000e+02	2.557581e+02	
6.540000e+02	2.562419e+02	
6.550000e+02	2.567258e+02	
6.560000e+02	2.571774e+02	
6.570000e+02	2.576774e+02	
6.580000e+02	2.581452e+02	
6.590000e+02	2.586129e+02	
6.600000e+02	2.591129e+02	
6.610000e+02	2.595645e+02	
6.620000e+02	2.600323e+02	
6.630000e+02	2.605161e+02	
6.640000e+02	2.609677e+02	
6.650000e+02	2.614516e+02	
6.660000e+02	2.619032e+02	
6.670000e+02	2.623548e+02	
6.680000e+02	2.628226e+02	
6.690000e+02	2.633226e+02	
6.700000e+02	2.638065e+02	
6.710000e+02	2.642903e+02	
6.720000e+02	2.647742e+02	
6.730000e+02	2.652581e+02	
6.740000e+02	2.657581e+02	
6.750000e+02	2.662419e+02	
6.760000e+02	2.667097e+02	
6.770000e+02	2.671774e+02	
6.780000e+02	2.676774e+02	
6.790000e+02	2.681613e+02	
6.800000e+02	2.686452e+02	
6.810000e+02	2.691129e+02	
6.820000e+02	2.696129e+02	
6.830000e+02	2.701129e+02	
6.840000e+02	2.705645e+02	
6.850000e+02	2.710645e+02	
6.860000e+02	2.715645e+02	
6.870000e+02	2.720484e+02	
6.880000e+02	2.725323e+02	
6.890000e+02	2.730161e+02	
6.900000e+02	2.735000e+02	
6.910000e+02	2.740000e+02	
6.920000e+02	2.744839e+02	
6.930000e+02	2.749677e+02	
6.940000e+02	2.754355e+02	
6.950000e+02	2.758871e+02	
6.960000e+02	2.763226e+02	
6.970000e+02	2.767903e+02	
6.980000e+02	2.772742e+02	
6.990000e+02	2.777581e+02	
7.000000e+02	2.782419e+02	
7.010000e+02	2.787097e+02	
7.020000e+02	2.792097e+02	
7.030000e+02	2.796935e+02	
7.040000e+02	2.801774e+02	
7.050000e+02	2.806452e+02	
7.060000e+02	2.811290e+02	
7.070000e+02	2.816129e+02	
7.080000e+02	2.821129e+02	
7.090000e+02	2.826129e+02	
7.100000e+02	2.830806e+02	
7.110000e+02	2.835645e+02	
7.120000e+02	2.840484e+02	
7.130000e+02	2.845323e+02	
7.140000e+02	2.850323e+02	
7.150000e+02	2.855161e+02	
7.160000e+02	2.859839e+02	
7.170000e+02	2.864677e+02	
7.180000e+02	2.869516e+02	
7.190000e+02	2.874355e+02	
7.200000e+02	2.878871e+02	
7.210000e+02	2.883871e+02	
7.220000e+02	2.888871e+02	
7.230000e+02	2.893710e+02	
7.240000e+02	2.898226e+02	
7.250000e+02	2.902903e+02	
7.260000e+02	2.907903e+02	
7.270000e+02	2.912903e+02	
7.280000e+02	2.917581e+02	
7.290000e+02	2.922419e+02	
7.300000e+02	2.927258e+02	
7.310000e+02	2.932258e+02	
7.320000e+02	2.937258e+02	
7.330000e+02	2.941935e+02	
7.340000e+02	2.946935e+02	
7.350000e+02	2.951774e+02	
7.360000e+02	2.956613e+02	
7.370000e+02	2.961452e+02	
7.380000e+02	2.966290e+02	
7.390000e+02	2.971129e+02	
7.400000e+02	2.975968e+02	
7.410000e+02	2.980968e+02	
7.420000e+02	2.985484e+02	
7.430000e+02	2.990484e+02	
7.440000e+02	2.995161e+02	
7.450000e+02	2.999677e+02	
7.460000e+02	3.004677e+02	
7.470000e+02	3.009677e+02	
7.480000e+02	3.014516e+02	
7.490000e+02	3.019516e+02	
7.500000e+02	3.024355e+02	
7.510000e+02	3.029355e+02	
7.520000e+02	3.034032e+02	
7.530000e+02	3.039032e+02	
7.540000e+02	3.043548e+02	
7.550000e+02	3.048387e+02	
7.560000e+02	3.053387e+02	
7.570000e+02	3.058387e+02	
7.580000e+02	3.063226e+02	
7.590000e+02	3.068226e+02	
7.600000e+02	3.073065e+02	
7.610000e+02	3.077903e+02	
7.620000e+02	3.082419e+02	
7.630000e+02	3.087419e+02	
7.640000e+02	3.092419e+02	
7.650000e+02	3.097258e+02	
7.660000e+02	3.102097e+02	
7.670000e+02	3.107097e+02	
7.680000e+02	3.111935e+02	
7.690000e+02	3.116935e+02	
7.700000e+02	3.121935e+02	
7.710000e+02	3.126935e+02	
7.720000e+02	3.131935e+02	
7.730000e+02	3.136774e+02	
7.740000e+02	3.141452e+02	
7.750000e+02	3.146452e+02	
7.760000e+02	3.151452e+02	
7.770000e+02	3.156290e+02	
7.780000e+02	3.161290e+02	
7.790000e+02	3.166129e+02	
7.800000e+02	3.170968e+02	
7.810000e+02	3.175806e+02	
7.820000e+02	3.180645e+02	
7.830000e+02	3.185484e+02	
7.840000e+02	3.190161e+02	
7.850000e+02	3.195161e+02	
7.860000e+02	3.200000e+02	
7.870000e+02	3.205000e+02	
7.880000e+02	3.209677e+02	
7.890000e+02	3.214516e+02	
7.900000e+02	3.219355e+02	
7.910000e+02	3.224194e+02	
7.920000e+02	3.229032e+02	
7.930000e+02	3.233871e+02	
7.940000e+02	3.238710e+02	
7.950000e+02	3.243548e+02	
7.960000e+02	3.248548e+02	
7.970000e+02	3.253548e+02	
7.980000e+02	3.258548e+02	
7.990000e+02	3.263548e+02	
8.000000e+02	3.268387e+02	
8.010000e+02	3.273226e+02	
8.020000e+02	3.278065e+02	
8.030000e+02	3.283065e+02	
8.040000e+02	3.287903e+02	
8.050000e+02	3.292742e+02	
8.060000e+02	3.297742e+02	
8.070000e+02	3.302581e+02	
8.080000e+02	3.307419e+02	
8.090000e+02	3.312419e+02	
8.100000e+02	3.317258e+02	
8.110000e+02	3.322258e+02	
8.120000e+02	3.327097e+02	
8.130000e+02	3.331935e+02	
8.140000e+02	3.336935e+02	
8.150000e+02	3.341935e+02	
8.160000e+02	3.346613e+02	
8.170000e+02	3.351613e+02	
8.180000e+02	3.356613e+02	
8.190000e+02	3.361613e+02	
8.200000e+02	3.366290e+02	
8.210000e+02	3.371290e+02	
8.220000e+02	3.376129e+02	
8.230000e+02	3.381129e+02	
8.240000e+02	3.386129e+02	
8.250000e+02	3.391129e+02	
8.260000e+02	3.395968e+02	
8.270000e+02	3.400484e+02	
8.280000e+02	3.405323e+02	
8.290000e+02	3.410161e+02	
8.300000e+02	3.415000e+02	
8.310000e+02	3.419839e+02	
8.320000e+02	3.424677e+02	
8.330000e+02	3.429516e+02	
8.340000e+02	3.434516e+02	
8.350000e+02	3.439355e+02	
8.360000e+02	3.444355e+02	
8.370000e+02	3.449355e+02	
8.380000e+02	3.454355e+02	
8.390000e+02	3.459194e+02	
8.400000e+02	3.464194e+02	
8.410000e+02	3.468710e+02	
8.420000e+02	3.473710e+02	
8.430000e+02	3.478548e+02	
8.440000e+02	3.483226e+02	
8.450000e+02	3.488065e+02	
8.460000e+02	3.493065e+02	
8.470000e+02	3.497903e+02	
8.480000e+02	3.502903e+02	
8.490000e+02	3.507419e+02	
8.500000e+02	3.512258e+02	
8.510000e+02	3.517258e+02	
8.520000e+02	3.522258e+02	
8.530000e+02	3.527258e+02	
8.540000e+02	3.532097e+02	
8.550000e+02	3.536774e+02	
8.560000e+02	3.541774e+02	
8.570000e+02	3.546774e+02	
8.580000e+02	3.551774e+02	
8.590000e+02	3.556774e+02	
8.600000e+02	3.561774e+02	
8.610000e+02	3.566613e+02	
8.620000e+02	3.571613e+02	
8.630000e+02	3.576452e+02	
8.640000e+02	3.581129e+02	
8.650000e+02	3.585968e+02	
8.660000e+02	3.590968e+02	
8.670000e+02	3.595968e+02	
8.680000e+02	3.600806e+02	
8.690000e+02	3.605806e+02	
8.700000e+02	3.610645e+02	
8.710000e+02	3.615323e+02	
8.720000e+02	3.620323e+02	
8.730000e+02	3.625000e+02	
8.740000e+02	3.630000e+02	
8.750000e+02	3.635000e+02	
8.760000e+02	3.640000e+02	
8.770000e+02	3.645000e+02	
8.780000e+02	3.650000e+02	
8.790000e+02	3.654839e+02	
8.800000e+02	3.659839e+02	
8.810000e+02	3.664677e+02	
8.820000e+02	3.669516e+02	
8.830000e+02	3.674516e+02	
8.840000e+02	3.679355e+02	
8.850000e+02	3.684355e+02	
8.860000e+02	3.689194e+02	
8.870000e+02	3.694194e+02	
8.880000e+02	3.699032e+02	
8.890000e+02	3.703871e+02	
8.900000e+02	3.708871e+02	
8.910000e+02	3.713871e+02	
8.920000e+02	3.718871e+02	
8.930000e+02	3.723548e+02	
8.940000e+02	3.728548e+02	
8.950000e+02	3.733226e+02	
8.960000e+02	3.737903e+02	
8.970000e+02	3.742742e+02	
8.980000e+02	3.747419e+02	
8.990000e+02	3.752258e+02	
9.000000e+02	3.757097e+02	
9.010000e+02	3.761613e+02	
9.020000e+02	3.766290e+02	
9.030000e+02	3.771129e+02	
9.040000e+02	3.775806e+02	
9.050000e+02	3.780806e+02	
9.060000e+02	3.785806e+02	
9.070000e+02	3.790484e+02	
9.080000e+02	3.795323e+02	
9.090000e+02	3.800323e+02	
9.100000e+02	3.805323e+02	
9.110000e+02	3.810161e+02	
9.120000e+02	3.814677e+02	
9.130000e+02	3.819677e+02	
9.140000e+02	3.824677e+02	
9.150000e+02	3.829677e+02	
9.160000e+02	3.834516e+02	
9.170000e+02	3.839516e+02	
9.180000e+02	3.844194e+02	
9.190000e+02	3.848710e+02	
9.200000e+02	3.853710e+02	
9.210000e+02	3.858710e+02	
9.220000e+02	3.863710e+02	
9.230000e+02	3.868548e+02	
9.240000e+02	3.873226e+02	
9.250000e+02	3.877903e+02	
9.260000e+02	3.882903e+02	
9.270000e+02	3.887903e+02	
9.280000e+02	3.892903e+02	
9.290000e+02	3.897581e+02	
9.300000e+02	3.902581e+02	
9.310000e+02	3.907419e+02	
9.320000e+02	3.912097e+02	
9.330000e+02	3.916774e+02	
9.340000e+02	3.921613e+02	
9.350000e+02	3.926452e+02	
9.360000e+02	3.931452e+02	
9.370000e+02	3.936290e+02	
9.380000e+02	3.941290e+02	
9.390000e+02	3.946290e+02	
9.400000e+02	3.950968e+02	
9.410000e+02	3.955806e+02	
9.420000e+02	3.960645e+02	
9.430000e+02	3.965645e+02	
9.440000e+02	3.970484e+02	
9.450000e+02	3.975323e+02	
9.460000e+02	3.980161e+02	
9.470000e+02	3.985161e+02	
9.480000e+02	3.990000e+02	
9.490000e+02	3.994677e+02	
9.500000e+02	3.999516e+02	
9.510000e+02	4.004516e+02	
9.520000e+02	4.009516e+02	
9.530000e+02	4.014194e+02	
9.540000e+02	4.019194e+02	
9.550000e+02	4.023871e+02	
9.560000e+02	4.028710e+02	
9.570000e+02	4.033548e+02	
9.580000e+02	4.038548e+02	
9.590000e+02	4.043548e+02	
9.600000e+02	4.048387e+02	
9.610000e+02	4.053226e+02	
9.620000e+02	4.058065e+02	
9.630000e+02	4.063065e+02	
9.640000e+02	4.068065e+02	
9.650000e+02	4.072903e+02	
9.660000e+02	4.077581e+02	
9.670000e+02	4.082581e+02	
9.680000e+02	4.087419e+02	
9.690000e+02	4.092258e+02	
9.700000e+02	4.097258e+02	
9.710000e+02	4.102097e+02	
9.720000e+02	4.106935e+02	
9.730000e+02	4.111774e+02	
9.740000e+02	4.116774e+02	
9.750000e+02	4.121774e+02	
9.760000e+02	4.126774e+02	
9.770000e+02	4.131774e+02	
9.780000e+02	4.136613e+02	
9.790000e+02	4.141613e+02	
9.800000e+02	4.146613e+02	
9.810000e+02	4.151613e+02	
9.820000e+02	4.156613e+02	
9.830000e+02	4.161290e+02	
9.840000e+02	4.166290e+02	
9.850000e+02	4.171290e+02	
9.860000e+02	4.176290e+02	
9.870000e+02	4.181290e+02	
9.880000e+02	4.186129e+02	
9.890000e+02	4.190968e+02	
9.900000e+02	4.195806e+02	
9.910000e+02	4.200806e+02	
9.920000e+02	4.205645e+02	
9.930000e+02	4.210484e+02	
9.940000e+02	4.215484e+02	
9.950000e+02	4.220161e+02	
9.960000e+02	4.225161e+02	
9.970000e+02	4.230000e+02	
9.980000e+02	4.235000e+02	
9.990000e+02	4.240000e+02	
1.000000e+03	4.244839e+02	
1.001000e+03	4.249677e+02	
1.002000e+03	4.254677e+02	
1.003000e+03	4.259516e+02	
1.004000e+03	4.264355e+02	
1.005000e+03	4.269355e+02	
1.006000e+03	4.274194e+02	
1.007000e+03	4.279032e+02	
1.008000e+03	4.283710e+02	
1.009000e+03	4.288710e+02	
1.010000e+03	4.293710e+02	
1.011000e+03	4.298548e+02	
1.012000e+03	4.303387e+02	
1.013000e+03	4.308387e+02	
1.014000e+03	4.313387e+02	
1.015000e+03	4.318387e+02	
1.016000e+03	4.323226e+02	
1.017000e+03	4.328065e+02	
1.018000e+03	4.332903e+02	
1.019000e+03	4.337903e+02	
1.020000e+03	4.342903e+02	
1.021000e+03	4.347742e+02	
1.022000e+03	4.352742e+02	
1.023000e+03	4.357581e+02	
1.024000e+03	4.362581e+02	
1.025000e+03	4.367581e+02	
1.026000e+03	4.372581e+02	
1.027000e+03	4.377419e+02	
1.028000e+03	4.382258e+02	
1.029000e+03	4.387258e+02	
1.030000e+03	4.391935e+02	
1.031000e+03	4.396935e+02	
1.032000e+03	4.401935e+02	
1.033000e+03	4.406774e+02	
1.034000e+03	4.411613e+02	
1.035000e+03	4.416613e+02	
1.036000e+03	4.421613e+02	
1.037000e+03	4.426613e+02	
1.038000e+03	4.431613e+02	
1.039000e+03	4.436613e+02	
1.040000e+03	4.441452e+02	
1.041000e+03	4.446452e+02	
1.042000e+03	4.451452e+02	
1.043000e+03	4.456452e+02	
1.044000e+03	4.461452e+02	
1.045000e+03	4.466452e+02	
1.046000e+03	4.471129e+02	
1.047000e+03	4.475968e+02	
1.048000e+03	4.480968e+02	
1.049000e+03	4.485968e+02	
1.050000e+03	4.490968e+02	
1.051000e+03	4.495968e+02	
1.052000e+03	4.500968e+02	
1.053000e+03	4.505968e+02	
1.054000e+03	4.510806e+02	
1.055000e+03	4.515806e+02	
1.056000e+03	4.520806e+02	
1.057000e+03	4.525806e+02	
1.058000e+03	4.530806e+02	
1.059000e+03	4.535806e+02	
1.060000e+03	4.540806e+02	
1.061000e+03	4.545806e+02	
1.062000e+03	4.550806e+02	
1.063000e+03	4.555806e+02	
1.064000e+03	4.560806e+02	
1.065000e+03	4.565806e+02	
1.066000e+03	4.570806e+02	
1.067000e+03	4.575806e+02	
1.068000e+03	4.580806e+02	
1.069000e+03	4.585806e+02	
1.070000e+03	4.590645e+02	
1.071000e+03	4.595323e+02	
1.072000e+03	4.600323e+02	
1.073000e+03	4.605161e+02	
1.074000e+03	4.609839e+02	
1.075000e+03	4.614839e+02	
1.076000e+03	4.619839e+02	
1.077000e+03	4.624677e+02	
1.078000e+03	4.629677e+02	
1.079000e+03	4.634516e+02	
1.080000e+03	4.639516e+02	
1.081000e+03	4.644355e+02	
1.082000e+03	4.649032e+02	
1.083000e+03	4.653871e+02	
1.084000e+03	4.658871e+02	
1.085000e+03	4.663548e+02	
1.086000e+03	4.668548e+02	
1.087000e+03	4.673387e+02	
1.088000e+03	4.678387e+02	
1.089000e+03	4.683226e+02	
1.090000e+03	4.688226e+02	
1.091000e+03	4.693065e+02	
1.092000e+03	4.698065e+02	
1.093000e+03	4.703065e+02	
1.094000e+03	4.708065e+02	
1.095000e+03	4.712903e+02	
1.096000e+03	4.717903e+02	
1.097000e+03	4.722903e+02	
1.098000e+03	4.727742e+02	
1.099000e+03	4.732419e+02	
1.100000e+03	4.737419e+02	
1.101000e+03	4.742097e+02	
1.102000e+03	4.746935e+02	
1.103000e+03	4.751935e+02	
1.104000e+03	4.756774e+02	
1.105000e+03	4.761774e+02	
1.106000e+03	4.766774e+02	
1.107000e+03	4.771774e+02	
1.108000e+03	4.776613e+02	
1.109000e+03	4.781613e+02	
1.110000e+03	4.786290e+02	
1.111000e+03	4.791290e+02	
1.112000e+03	4.796129e+02	
1.113000e+03	4.800968e+02	
1.114000e+03	4.805968e+02	
1.115000e+03	4.810968e+02	
1.116000e+03	4.815806e+02	
1.117000e+03	4.820806e+02	
1.118000e+03	4.825645e+02	
1.119000e+03	4.830645e+02	
1.120000e+03	4.835645e+02	
1.121000e+03	4.840645e+02	
1.122000e+03	4.845645e+02	
1.123000e+03	4.850484e+02	
1.124000e+03	4.855161e+02	
1.125000e+03	4.860161e+02	
1.126000e+03	4.865161e+02	
1.127000e+03	4.870000e+02	
1.128000e+03	4.874839e+02	
1.129000e+03	4.879839e+02	
1.130000e+03	4.884839e+02	
1.131000e+03	4.889839e+02	
1.132000e+03	4.894677e+02	
1.133000e+03	4.899677e+02	
1.134000e+03	4.904677e+02	
1.135000e+03	4.909677e+02	
1.136000e+03	4.914677e+02	
1.137000e+03	4.919516e+02	
1.138000e+03	4.924516e+02	
1.139000e+03	4.929355e+02	
1.140000e+03	4.934194e+02	
1.141000e+03	4.939194e+02	
1.142000e+03	4.944194e+02	
1.143000e+03	4.949194e+02	
1.144000e+03	4.954032e+02	
1.145000e+03	4.959032e+02	
1.146000e+03	4.964032e+02	
1.147000e+03	4.969032e+02	
1.148000e+03	4.974032e+02	
1.149000e+03	4.979032e+02	
1.150000e+03	4.984032e+02	
1.151000e+03	4.989032e+02	
1.152000e+03	4.994032e+02	
1.153000e+03	4.998710e+02	
1.154000e+03	5.003710e+02	
1.155000e+03	5.008710e+02	
1.156000e+03	5.013710e+02	
1.157000e+03	5.018710e+02	
1.158000e+03	5.023710e+02	
1.159000e+03	5.028226e+02	
1.160000e+03	5.033226e+02	
1.161000e+03	5.038226e+02	
1.162000e+03	5.043065e+02	
1.163000e+03	5.048065e+02	
1.164000e+03	5.053065e+02	
1.165000e+03	5.058065e+02	
1.166000e+03	5.062903e+02	
1.167000e+03	5.067903e+02	
1.168000e+03	5.072903e+02	
1.169000e+03	5.077742e+02	
1.170000e+03	5.082742e+02	
1.171000e+03	5.087581e+02	
1.172000e+03	5.092581e+02	
1.173000e+03	5.097581e+02	
1.174000e+03	5.102419e+02	
1.175000e+03	5.107419e+02	
1.176000e+03	5.112258e+02	
1.177000e+03	5.117258e+02	
1.178000e+03	5.122258e+02	
1.179000e+03	5.127258e+02	
1.180000e+03	5.132258e+02	
1.181000e+03	5.137258e+02	
1.182000e+03	5.142258e+02	
1.183000e+03	5.147258e+02	
1.184000e+03	5.152258e+02	
1.185000e+03	5.157097e+02	
1.186000e+03	5.161935e+02	
1.187000e+03	5.166935e+02	
1.188000e+03	5.171774e+02	
1.189000e+03	5.176774e+02	
1.190000e+03	5.181613e+02	
1.191000e+03	5.186613e+02	
1.192000e+03	5.191613e+02	
1.193000e+03	5.196613e+02	
1.194000e+03	5.201613e+02	
1.195000e+03	5.206613e+02	
1.196000e+03	5.211613e+02	
1.197000e+03	5.216452e+02	
1.198000e+03	5.221452e+02	
1.199000e+03	5.226452e+02	
1.200000e+03	5.231452e+02	
1.201000e+03	5.236452e+02	
1.202000e+03	5.241452e+02	
1.203000e+03	5.246290e+02	
1.204000e+03	5.251290e+02	
1.205000e+03	5.256129e+02	
1.206000e+03	5.261129e+02	
1.207000e+03	5.266129e+02	
1.208000e+03	5.270968e+02	
1.209000e+03	5.275968e+02	
1.210000e+03	5.280968e+02	
1.211000e+03	5.285968e+02	
1.212000e+03	5.290968e+02	
1.213000e+03	5.295968e+02	
1.214000e+03	5.300968e+02	
1.215000e+03	5.305968e+02	
1.216000e+03	5.310968e+02	
1.217000e+03	5.315968e+02	
1.218000e+03	5.320968e+02	
1.219000e+03	5.325968e+02	
1.220000e+03	5.330968e+02	
1.221000e+03	5.335968e+02	
1.222000e+03	5.340968e+02	
1.223000e+03	5.345806e+02	
1.224000e+03	5.350645e+02	
1.225000e+03	5.355645e+02	
1.226000e+03	5.360484e+02	
1.227000e+03	5.365484e+02	
1.228000e+03	5.370484e+02	
1.229000e+03	5.375484e+02	
1.230000e+03	5.380484e+02	
1.231000e+03	5.385484e+02	
1.232000e+03	5.390484e+02	
1.233000e+03	5.395323e+02	
1.234000e+03	5.400323e+02	
1.235000e+03	5.405161e+02	
1.236000e+03	5.410161e+02	
1.237000e+03	5.415000e+02	
1.238000e+03	5.420000e+02	
1.239000e+03	5.424839e+02	
1.240000e+03	5.429839e+02	
1.241000e+03	5.434839e+02	
1.242000e+03	5.439839e+02	
1.243000e+03	5.444839e+02	
1.244000e+03	5.449839e+02	
1.245000e+03	5.454839e+02	
1.246000e+03	5.459677e+02	
1.247000e+03	5.464677e+02	
1.248000e+03	5.469677e+02	
1.249000e+03	5.474677e+02	
1.250000e+03	5.479516e+02	
1.251000e+03	5.484516e+02	
1.252000e+03	5.489516e+02	
1.253000e+03	5.494516e+02	
1.254000e+03	5.499516e+02	
1.255000e+03	5.504516e+02	
1.256000e+03	5.509516e+02	
1.257000e+03	5.514516e+02	
1.258000e+03	5.519516e+02	
1.259000e+03	5.524516e+02	
1.260000e+03	5.529516e+02	
1.261000e+03	5.534516e+02	
1.262000e+03	5.539032e+02	
1.263000e+03	5.543871e+02	
1.264000e+03	5.548871e+02	
1.265000e+03	5.553871e+02	
1.266000e+03	5.558871e+02	
1.267000e+03	5.563871e+02	
1.268000e+03	5.568871e+02	
1.269000e+03	5.573871e+02	
1.270000e+03	5.578710e+02	
1.271000e+03	5.583548e+02	
1.272000e+03	5.588387e+02	
1.273000e+03	5.593387e+02	
1.274000e+03	5.598387e+02	
1.275000e+03	5.603226e+02	
1.276000e+03	5.608226e+02	
1.277000e+03	5.613226e+02	
1.278000e+03	5.618226e+02	
1.279000e+03	5.623226e+02	
1.280000e+03	5.628226e+02	
1.281000e+03	5.633226e+02	
1.282000e+03	5.638226e+02	
1.283000e+03	5.643226e+02	
1.284000e+03	5.648226e+02	
1.285000e+03	5.653226e+02	
1.286000e+03	5.658065e+02	
1.287000e+03	5.663065e+02	
1.288000e+03	5.668065e+02	
1.289000e+03	5.673065e+02	
1.290000e+03	5.678065e+02	
1.291000e+03	5.683065e+02	
1.292000e+03	5.688065e+02	
1.293000e+03	5.692903e+02	
1.294000e+03	5.697903e+02	
1.295000e+03	5.702742e+02	
1.296000e+03	5.707742e+02	
1.297000e+03	5.712742e+02	
1.298000e+03	5.717581e+02	
1.299000e+03	5.722419e+02	
1.300000e+03	5.727419e+02	
1.301000e+03	5.732258e+02	
1.302000e+03	5.737258e+02	
1.303000e+03	5.742258e+02	
1.304000e+03	5.747258e+02	
1.305000e+03	5.752258e+02	
1.306000e+03	5.757258e+02	
1.307000e+03	5.762258e+02	
1.308000e+03	5.767258e+02	
1.309000e+03	5.772097e+02	
1.310000e+03	5.777097e+02	
1.311000e+03	5.782097e+02	
1.312000e+03	5.787097e+02	
1.313000e+03	5.792097e+02	
1.314000e+03	5.797097e+02	
1.315000e+03	5.802097e+02	
1.316000e+03	5.807097e+02	
1.317000e+03	5.811774e+02	
1.318000e+03	5.816774e+02	
1.319000e+03	5.821774e+02	
1.320000e+03	5.826613e+02	
1.321000e+03	5.831452e+02	
1.322000e+03	5.836129e+02	
1.323000e+03	5.841129e+02	
1.324000e+03	5.846129e+02	
1.325000e+03	5.851129e+02	
1.326000e+03	5.856129e+02	
1.327000e+03	5.861129e+02	
1.328000e+03	5.866129e+02	
1.329000e+03	5.871129e+02	
1.330000e+03	5.876129e+02	
1.331000e+03	5.880968e+02	
1.332000e+03	5.885968e+02	
1.333000e+03	5.890968e+02	
1.334000e+03	5.895968e+02	
1.335000e+03	5.900968e+02	
1.336000e+03	5.905968e+02	
1.337000e+03	5.910806e+02	
1.338000e+03	5.915806e+02	
1.339000e+03	5.920806e+02	
1.340000e+03	5.925645e+02	
1.341000e+03	5.930645e+02	
1.342000e+03	5.935645e+02	
1.343000e+03	5.940484e+02	
1.344000e+03	5.945484e+02	
1.345000e+03	5.950484e+02	
1.346000e+03	5.955484e+02	
1.347000e+03	5.960484e+02	
1.348000e+03	5.965484e+02	
1.349000e+03	5.970484e+02	
1.350000e+03	5.975484e+02	
1.351000e+03	5.980484e+02	
1.352000e+03	5.985484e+02	
1.353000e+03	5.990484e+02	
1.354000e+03	5.995484e+02	
1.355000e+03	6.000484e+02	
1.356000e+03	6.005323e+02	
1.357000e+03	6.010323e+02	
1.358000e+03	6.015323e+02	
1.359000e+03	6.020323e+02	
1.360000e+03	6.025323e+02	
1.361000e+03	6.030323e+02	
1.362000e+03	6.035323e+02	
1.363000e+03	6.040323e+02	
1.364000e+03	6.045323e+02	
1.365000e+03	6.050161e+02	
1.366000e+03	6.054839e+02	
1.367000e+03	6.059839e+02	
1.368000e+03	6.064677e+02	
1.369000e+03	6.069516e+02	
1.370000e+03	6.074516e+02	
1.371000e+03	6.079516e+02	
1.372000e+03	6.084516e+02	
1.373000e+03	6.089516e+02	
1.374000e+03	6.094516e+02	
1.375000e+03	6.099516e+02	
1.376000e+03	6.104516e+02	
1.377000e+03	6.109355e+02	
1.378000e+03	6.114355e+02	
1.379000e+03	6.119355e+02	
1.380000e+03	6.124355e+02	
1.381000e+03	6.129355e+02	
1.382000e+03	6.134194e+02	
1.383000e+03	6.139032e+02	
1.384000e+03	6.144032e+02	
1.385000e+03	6.149032e+02	
1.386000e+03	6.154032e+02	
1.387000e+03	6.159032e+02	
1.388000e+03	6.163710e+02	
1.389000e+03	6.168710e+02	
1.390000e+03	6.173710e+02	
1.391000e+03	6.178710e+02	
1.392000e+03	6.183710e+02	
1.393000e+03	6.188548e+02	
1.394000e+03	6.193387e+02	
1.395000e+03	6.198387e+02	
1.396000e+03	6.203387e+02	
1.397000e+03	6.208387e+02	
1.398000e+03	6.213387e+02	
1.399000e+03	6.218387e+02	
1.400000e+03	6.223387e+02	
1.401000e+03	6.228226e+02	
1.402000e+03	6.233226e+02	
1.403000e+03	6.238226e+02	
1.404000e+03	6.243226e+02	
1.405000e+03	6.248226e+02	
1.406000e+03	6.253065e+02	
1.407000e+03	6.258065e+02	
1.408000e+03	6.263065e+02	
1.409000e+03	6.268065e+02	
1.410000e+03	6.273065e+02	
1.411000e+03	6.277903e+02	
1.412000e+03	6.282903e+02	
1.413000e+03	6.287903e+02	
1.414000e+03	6.292903e+02	
1.415000e+03	6.297742e+02	
1.416000e+03	6.302742e+02	
1.417000e+03	6.307742e+02	
1.418000e+03	6.312419e+02	
1.419000e+03	6.317419e+02	
1.420000e+03	6.322419e+02	
1.421000e+03	6.327419e+02	
1.422000e+03	6.332419e+02	
1.423000e+03	6.337419e+02	
1.424000e+03	6.342419e+02	
1.425000e+03	6.347097e+02	
1.426000e+03	6.352097e+02	
1.427000e+03	6.357097e+02	
1.428000e+03	6.362097e+02	
1.429000e+03	6.367097e+02	
1.430000e+03	6.372097e+02	
1.431000e+03	6.377097e+02	
1.432000e+03	6.381774e+02	
1.433000e+03	6.386774e+02	
1.434000e+03	6.391774e+02	
1.435000e+03	6.396774e+02	
1.436000e+03	6.401774e+02	
1.437000e+03	6.406452e+02	
1.438000e+03	6.411452e+02	
1.439000e+03	6.416290e+02	
1.440000e+03	6.421129e+02	
1.441000e+03	6.426129e+02	
1.442000e+03	6.431129e+02	
1.443000e+03	6.436129e+02	
1.444000e+03	6.441129e+02	
1.445000e+03	6.446129e+02	
1.446000e+03	6.450968e+02	
1.447000e+03	6.455806e+02	
1.448000e+03	6.460806e+02	
1.449000e+03	6.465806e+02	
1.450000e+03	6.470806e+02	
1.451000e+03	6.475645e+02	
1.452000e+03	6.480645e+02	
1.453000e+03	6.485484e+02	
1.454000e+03	6.490323e+02	
1.455000e+03	6.495323e+02	
1.456000e+03	6.500323e+02	
1.457000e+03	6.505323e+02	
1.458000e+03	6.510161e+02	
1.459000e+03	6.515161e+02	
1.460000e+03	6.520000e+02	
1.461000e+03	6.525000e+02	
1.462000e+03	6.530000e+02	
1.463000e+03	6.534839e+02	
1.464000e+03	6.539677e+02	
1.465000e+03	6.544677e+02	
1.466000e+03	6.549677e+02	
1.467000e+03	6.554677e+02	
1.468000e+03	6.559677e+02	
1.469000e+03	6.564677e+02	
1.470000e+03	6.569516e+02	
1.471000e+03	6.574516e+02	
1.472000e+03	6.579516e+02	
1.473000e+03	6.584516e+02	
1.474000e+03	6.589516e+02	
1.475000e+03	6.594516e+02	
1.476000e+03	6.599516e+02	
1.477000e+03	6.604516e+02	
1.478000e+03	6.609516e+02	
1.479000e+03	6.614516e+02	
1.480000e+03	6.619516e+02	
1.481000e+03	6.624516e+02	
1.482000e+03	6.629516e+02	
1.483000e+03	6.634516e+02	
1.484000e+03	6.639355e+02	
1.485000e+03	6.644194e+02	
1.486000e+03	6.649194e+02	
1.487000e+03	6.654032e+02	
1.488000e+03	6.658871e+02	
1.489000e+03	6.663710e+02	
1.490000e+03	6.668710e+02	
1.491000e+03	6.673548e+02	
1.492000e+03	6.678387e+02	
1.493000e+03	6.683226e+02	
1.494000e+03	6.688065e+02	
1.495000e+03	6.692742e+02	
1.496000e+03	6.697419e+02	
1.497000e+03	6.702419e+02	
1.498000e+03	6.707419e+02	
1.499000e+03	6.712419e+02	
1.500000e+03	6.717258e+02	
1.501000e+03	6.722097e+02	
1.502000e+03	6.726774e+02	
1.503000e+03	6.731613e+02	
1.504000e+03	6.736452e+02	
1.505000e+03	6.741290e+02	
1.506000e+03	6.746129e+02	
1.507000e+03	6.751129e+02	
1.508000e+03	6.756129e+02	
1.509000e+03	6.760968e+02	
1.510000e+03	6.765806e+02	
1.511000e+03	6.770806e+02	
1.512000e+03	6.775806e+02	
1.513000e+03	6.780806e+02	
1.514000e+03	6.785645e+02	
1.515000e+03	6.790645e+02	
1.516000e+03	6.795323e+02	
1.517000e+03	6.800161e+02	
1.518000e+03	6.805161e+02	
1.519000e+03	6.810000e+02	
1.520000e+03	6.814677e+02	
1.521000e+03	6.819677e+02	
1.522000e+03	6.824355e+02	
1.523000e+03	6.829032e+02	
1.524000e+03	6.834032e+02	
1.525000e+03	6.838871e+02	
1.526000e+03	6.843871e+02	
1.527000e+03	6.848871e+02	
1.528000e+03	6.853871e+02	
1.529000e+03	6.858871e+02	
1.530000e+03	6.863871e+02	
1.531000e+03	6.868871e+02	
1.532000e+03	6.873548e+02	
1.533000e+03	6.878226e+02	
1.534000e+03	6.883226e+02	
1.535000e+03	6.888065e+02	
1.536000e+03	6.892903e+02	
1.537000e+03	6.897903e+02	
1.538000e+03	6.902903e+02	
1.539000e+03	6.907903e+02	
1.540000e+03	6.912903e+02	
1.541000e+03	6.917903e+02	
1.542000e+03	6.922903e+02	
1.543000e+03	6.927903e+02	
1.544000e+03	6.932903e+02	
1.545000e+03	6.937742e+02	
1.546000e+03	6.942581e+02	
1.547000e+03	6.947258e+02	
1.548000e+03	6.952097e+02	
1.549000e+03	6.956935e+02	
1.550000e+03	6.961935e+02	
1.551000e+03	6.966935e+02	
1.552000e+03	6.971935e+02	
1.553000e+03	6.976613e+02	
1.554000e+03	6.981613e+02	
1.555000e+03	6.986452e+02	
1.556000e+03	6.991452e+02	
1.557000e+03	6.996452e+02	
1.558000e+03	7.001452e+02	
1.559000e+03	7.006452e+02	
1.560000e+03	7.011452e+02	
1.561000e+03	7.016290e+02	
1.562000e+03	7.021129e+02	
1.563000e+03	7.025806e+02	
1.564000e+03	7.030806e+02	
1.565000e+03	7.035806e+02	
1.566000e+03	7.040645e+02	
1.567000e+03	7.045645e+02	
1.568000e+03	7.050484e+02	
1.569000e+03	7.055484e+02	
1.570000e+03	7.060484e+02	
1.571000e+03	7.065484e+02	
1.572000e+03	7.070323e+02	
1.573000e+03	7.075161e+02	
1.574000e+03	7.080161e+02	
1.575000e+03	7.085161e+02	
1.576000e+03	7.090161e+02	
1.577000e+03	7.095000e+02	
1.578000e+03	7.100000e+02	
1.579000e+03	7.104839e+02	
1.580000e+03	7.109839e+02	
1.581000e+03	7.114677e+02	
1.582000e+03	7.119677e+02	
1.583000e+03	7.124677e+02	
1.584000e+03	7.129516e+02	
1.585000e+03	7.134516e+02	
1.586000e+03	7.139355e+02	
1.587000e+03	7.144355e+02	
1.588000e+03	7.149355e+02	
1.589000e+03	7.154194e+02	
1.590000e+03	7.159032e+02	
1.591000e+03	7.164032e+02	
1.592000e+03	7.169032e+02	
1.593000e+03	7.174032e+02	
1.594000e+03	7.178871e+02	
1.595000e+03	7.183548e+02	
1.596000e+03	7.188548e+02	
1.597000e+03	7.193548e+02	
1.598000e+03	7.198548e+02	
1.599000e+03	7.203387e+02	
1.600000e+03	7.208387e+02	
1.601000e+03	7.213387e+02	
1.602000e+03	7.218387e+02	
1.603000e+03	7.223226e+02	
1.604000e+03	7.228226e+02	
1.605000e+03	7.233226e+02	
1.606000e+03	7.238226e+02	
1.607000e+03	7.243226e+02	
1.608000e+03	7.248226e+02	
1.609000e+03	7.253226e+02	
1.610000e+03	7.258226e+02	
1.611000e+03	7.263226e+02	
1.612000e+03	7.268065e+02	
1.613000e+03	7.272903e+02	
1.614000e+03	7.277742e+02	
1.615000e+03	7.282581e+02	
1.616000e+03	7.287581e+02	
1.617000e+03	7.292419e+02	
1.618000e+03	7.297097e+02	
1.619000e+03	7.302097e+02	
1.620000e+03	7.306935e+02	
1.621000e+03	7.311935e+02	
1.622000e+03	7.316935e+02	
1.623000e+03	7.321774e+02	
1.624000e+03	7.326774e+02	
1.625000e+03	7.331774e+02	
1.626000e+03	7.336452e+02	
1.627000e+03	7.341452e+02	
1.628000e+03	7.346452e+02	
1.629000e+03	7.351452e+02	
1.630000e+03	7.356290e+02	
1.631000e+03	7.361290e+02	
1.632000e+03	7.366290e+02	
1.633000e+03	7.371290e+02	
1.634000e+03	7.376129e+02	
1.635000e+03	7.381129e+02	
1.636000e+03	7.386129e+02	
1.637000e+03	7.391129e+02	
1.638000e+03	7.396129e+02	
1.639000e+03	7.401129e+02	
1.640000e+03	7.406129e+02	
1.641000e+03	7.411129e+02	
1.642000e+03	7.416129e+02	
1.643000e+03	7.421129e+02	
1.644000e+03	7.425968e+02	
1.645000e+03	7.430968e+02	
1.646000e+03	7.435968e+02	
1.647000e+03	7.440968e+02	
1.648000e+03	7.445968e+02	
1.649000e+03	7.450968e+02	
1.650000e+03	7.455968e+02	
1.651000e+03	7.460968e+02	
1.652000e+03	7.465968e+02	
1.653000e+03	7.470968e+02	
1.654000e+03	7.475968e+02	
1.655000e+03	7.480806e+02	
1.656000e+03	7.485645e+02	
1.657000e+03	7.490484e+02	
1.658000e+03	7.495323e+02	
1.659000e+03	7.500323e+02	
1.660000e+03	7.505323e+02	
1.661000e+03	7.510323e+02	
1.662000e+03	7.515161e+02	
1.663000e+03	7.520161e+02	
1.664000e+03	7.525161e+02	
1.665000e+03	7.530000e+02	
1.666000e+03	7.534839e+02	
1.667000e+03	7.539839e+02	
1.668000e+03	7.544839e+02	
1.669000e+03	7.549839e+02	
1.670000e+03	7.554839e+02	
1.671000e+03	7.559677e+02	
1.672000e+03	7.564516e+02	
1.673000e+03	7.569516e+02	
1.674000e+03	7.574355e+02	
1.675000e+03	7.579355e+02	
1.676000e+03	7.584194e+02	
1.677000e+03	7.589194e+02	
1.678000e+03	7.594032e+02	
1.679000e+03	7.598871e+02	
1.680000e+03	7.603710e+02	
1.681000e+03	7.608710e+02	
1.682000e+03	7.613710e+02	
1.683000e+03	7.618548e+02	
1.684000e+03	7.623548e+02	
1.685000e+03	7.628548e+02	
1.686000e+03	7.633548e+02	
1.687000e+03	7.638548e+02	
1.688000e+03	7.643548e+02	
1.689000e+03	7.648548e+02	
1.690000e+03	7.653387e+02	
1.691000e+03	7.658387e+02	
1.692000e+03	7.663387e+02	
1.693000e+03	7.668387e+02	
1.694000e+03	7.673387e+02	
1.695000e+03	7.678387e+02	
1.696000e+03	7.683387e+02	
1.697000e+03	7.688226e+02	
1.698000e+03	7.693226e+02	
1.699000e+03	7.698226e+02	
1.700000e+03	7.703065e+02	
1.701000e+03	7.708065e+02	
1.702000e+03	7.713065e+02	
1.703000e+03	7.718065e+02	
1.704000e+03	7.723065e+02	
1.705000e+03	7.727903e+02	
1.706000e+03	7.732742e+02	
1.707000e+03	7.737581e+02	
1.708000e+03	7.742581e+02	
1.709000e+03	7.747419e+02	
1.710000e+03	7.752419e+02	
1.711000e+03	7.757258e+02	
1.712000e+03	7.762258e+02	
1.713000e+03	7.767097e+02	
1.714000e+03	7.772097e+02	
1.715000e+03	7.776935e+02	
1.716000e+03	7.781935e+02	
1.717000e+03	7.786935e+02	
1.718000e+03	7.791935e+02	
1.719000e+03	7.796613e+02	
1.720000e+03	7.801613e+02	
1.721000e+03	7.806613e+02	
1.722000e+03	7.811290e+02	
1.723000e+03	7.816129e+02	
1.724000e+03	7.821129e+02	
1.725000e+03	7.825968e+02	
1.726000e+03	7.830968e+02	
1.727000e+03	7.835968e+02	
1.728000e+03	7.840968e+02	
1.729000e+03	7.845968e+02	
1.730000e+03	7.850968e+02	
1.731000e+03	7.855806e+02	
1.732000e+03	7.860806e+02	
1.733000e+03	7.865806e+02	
1.734000e+03	7.870806e+02	
1.735000e+03	7.875645e+02	
1.736000e+03	7.880645e+02	
1.737000e+03	7.885645e+02	
1.738000e+03	7.890645e+02	
1.739000e+03	7.895645e+02	
1.740000e+03	7.900645e+02	
1.741000e+03	7.905645e+02	
1.742000e+03	7.910645e+02	
1.743000e+03	7.915484e+02	
1.744000e+03	7.920484e+02	
1.745000e+03	7.925484e+02	
1.746000e+03	7.930323e+02	
1.747000e+03	7.935323e+02	
1.748000e+03	7.940323e+02	
1.749000e+03	7.945323e+02	
1.750000e+03	7.950323e+02	
1.751000e+03	7.955323e+02	
1.752000e+03	7.960161e+02	
1.753000e+03	7.965000e+02	
1.754000e+03	7.970000e+02	
1.755000e+03	7.975000e+02	
1.756000e+03	7.980000e+02	
1.757000e+03	7.985000e+02	
1.758000e+03	7.989839e+02	
1.759000e+03	7.994839e+02	
1.760000e+03	7.999839e+02	
1.761000e+03	8.004839e+02	
1.762000e+03	8.009839e+02	
1.763000e+03	8.014839e+02	
1.764000e+03	8.019516e+02	
1.765000e+03	8.024516e+02	
1.766000e+03	8.029516e+02	
1.767000e+03	8.034516e+02	
1.768000e+03	8.039355e+02	
1.769000e+03	8.044194e+02	
1.770000e+03	8.048871e+02	
1.771000e+03	8.053871e+02	
1.772000e+03	8.058871e+02	
1.773000e+03	8.063871e+02	
1.774000e+03	8.068548e+02	
1.775000e+03	8.073548e+02	
1.776000e+03	8.078548e+02	
1.777000e+03	8.083548e+02	
1.778000e+03	8.088548e+02	
1.779000e+03	8.093548e+02	
1.780000e+03	8.098226e+02	
1.781000e+03	8.103226e+02	
1.782000e+03	8.108226e+02	
1.783000e+03	8.113226e+02	
1.784000e+03	8.118226e+02	
1.785000e+03	8.123226e+02	
1.786000e+03	8.128065e+02	
1.787000e+03	8.133065e+02	
1.788000e+03	8.138065e+02	
1.789000e+03	8.143065e+02	
1.790000e+03	8.148065e+02	
1.791000e+03	8.152903e+02	
1.792000e+03	8.157903e+02	
1.793000e+03	8.162581e+02	
1.794000e+03	8.167419e+02	
1.795000e+03	8.172258e+02	
1.796000e+03	8.177258e+02	
1.797000e+03	8.182258e+02	
1.798000e+03	8.187258e+02	
1.799000e+03	8.191935e+02	
1.800000e+03	8.196935e+02	
1.801000e+03	8.201935e+02	
1.802000e+03	8.206935e+02	
1.803000e+03	8.211935e+02	
1.804000e+03	8.216935e+02	
1.805000e+03	8.221935e+02	
1.806000e+03	8.226935e+02	
1.807000e+03	8.231935e+02	
1.808000e+03	8.236935e+02	
1.809000e+03	8.241935e+02	
1.810000e+03	8.246774e+02	
1.811000e+03	8.251774e+02	
1.812000e+03	8.256774e+02	
1.813000e+03	8.261774e+02	
1.814000e+03	8.266774e+02	
1.815000e+03	8.271613e+02	
1.816000e+03	8.276613e+02	
1.817000e+03	8.281613e+02	
1.818000e+03	8.286613e+02	
1.819000e+03	8.291613e+02	
1.820000e+03	8.296613e+02	
1.821000e+03	8.301452e+02	
1.822000e+03	8.306452e+02	
1.823000e+03	8.311290e+02	
1.824000e+03	8.316290e+02	
1.825000e+03	8.321290e+02	
1.826000e+03	8.326290e+02	
1.827000e+03	8.331129e+02	
1.828000e+03	8.336129e+02	
1.829000e+03	8.340968e+02	
1.830000e+03	8.345968e+02	
1.831000e+03	8.350968e+02	
1.832000e+03	8.355968e+02	
1.833000e+03	8.360806e+02	
1.834000e+03	8.365806e+02	
1.835000e+03	8.370806e+02	
1.836000e+03	8.375806e+02	
1.837000e+03	8.380806e+02	
1.838000e+03	8.385645e+02	
1.839000e+03	8.390645e+02	
1.840000e+03	8.395645e+02	
1.841000e+03	8.400484e+02	
1.842000e+03	8.405484e+02	
1.843000e+03	8.410484e+02	
1.844000e+03	8.415484e+02	
1.845000e+03	8.420484e+02	
1.846000e+03	8.425484e+02	
1.847000e+03	8.430484e+02	
1.848000e+03	8.435484e+02	
1.849000e+03	8.440323e+02	
1.850000e+03	8.445323e+02	
1.851000e+03	8.450161e+02	
1.852000e+03	8.455161e+02	
1.853000e+03	8.460161e+02	
1.854000e+03	8.465161e+02	
1.855000e+03	8.470161e+02	
1.856000e+03	8.475000e+02	
1.857000e+03	8.479839e+02	
1.858000e+03	8.484839e+02	
1.859000e+03	8.489839e+02	
1.860000e+03	8.494677e+02	
1.861000e+03	8.499677e+02	
1.862000e+03	8.504677e+02	
1.863000e+03	8.509677e+02	
1.864000e+03	8.514677e+02	
1.865000e+03	8.519677e+02	
1.866000e+03	8.524677e+02	
1.867000e+03	8.529516e+02	
1.868000e+03	8.534516e+02	
1.869000e+03	8.539516e+02	
1.870000e+03	8.544355e+02	
1.871000e+03	8.549355e+02	
1.872000e+03	8.554194e+02	
1.873000e+03	8.559194e+02	
1.874000e+03	8.564032e+02	
1.875000e+03	8.569032e+02	
1.876000e+03	8.574032e+02	
1.877000e+03	8.578871e+02	
1.878000e+03	8.583871e+02	
1.879000e+03	8.588871e+02	
1.880000e+03	8.593871e+02	
1.881000e+03	8.598871e+02	
1.882000e+03	8.603871e+02	
1.883000e+03	8.608871e+02	
1.884000e+03	8.613871e+02	
1.885000e+03	8.618871e+02	
1.886000e+03	8.623871e+02	
1.887000e+03	8.628871e+02	
1.888000e+03	8.633871e+02	
1.889000e+03	8.638871e+02	
1.890000e+03	8.643710e+02	
1.891000e+03	8.648548e+02	
1.892000e+03	8.653548e+02	
1.893000e+03	8.658548e+02	
1.894000e+03	8.663548e+02	
1.895000e+03	8.668387e+02	
1.896000e+03	8.673387e+02	
1.897000e+03	8.678387e+02	
1.898000e+03	8.683226e+02	
1.899000e+03	8.688226e+02	
1.900000e+03	8.693226e+02	
1.901000e+03	8.698226e+02	
1.902000e+03	8.703226e+02	
1.903000e+03	8.708226e+02	
1.904000e+03	8.713226e+02	
1.905000e+03	8.718226e+02	
1.906000e+03	8.723226e+02	
1.907000e+03	8.728226e+02	
1.908000e+03	8.733226e+02	
1.909000e+03	8.738226e+02	
1.910000e+03	8.743226e+02	
1.911000e+03	8.748226e+02	
1.912000e+03	8.753226e+02	
1.913000e+03	8.758226e+02	
1.914000e+03	8.763226e+02	
1.915000e+03	8.768226e+02	
1.916000e+03	8.773226e+02	
1.917000e+03	8.778226e+02	
1.918000e+03	8.783226e+02	
1.919000e+03	8.788226e+02	
1.920000e+03	8.793226e+02	
1.921000e+03	8.798226e+02	
1.922000e+03	8.803065e+02	
1.923000e+03	8.808065e+02	
1.924000e+03	8.813065e+02	
1.925000e+03	8.818065e+02	
1.926000e+03	8.823065e+02	
1.927000e+03	8.828065e+02	
1.928000e+03	8.833065e+02	
1.929000e+03	8.838065e+02	
1.930000e+03	8.843065e+02	
1.931000e+03	8.848065e+02	
1.932000e+03	8.852903e+02	
1.933000e+03	8.857742e+02	
1.934000e+03	8.862742e+02	
1.935000e+03	8.867742e+02	
1.936000e+03	8.872742e+02	
1.937000e+03	8.877742e+02	
1.938000e+03	8.882419e+02	
1.939000e+03	8.887419e+02	
1.940000e+03	8.892419e+02	
1.941000e+03	8.897419e+02	
1.942000e+03	8.902419e+02	
1.943000e+03	8.907419e+02	
1.944000e+03	8.912258e+02	
1.945000e+03	8.917258e+02	
1.946000e+03	8.922258e+02	
1.947000e+03	8.927097e+02	
1.948000e+03	8.932097e+02	
1.949000e+03	8.936935e+02	
1.950000e+03	8.941935e+02	
1.951000e+03	8.946935e+02	
1.952000e+03	8.951935e+02	
1.953000e+03	8.956935e+02	
1.954000e+03	8.961935e+02	
1.955000e+03	8.966935e+02	
1.956000e+03	8.971935e+02	
1.957000e+03	8.976935e+02	
1.958000e+03	8.981935e+02	
1.959000e+03	8.986935e+02	
1.960000e+03	8.991935e+02	
1.961000e+03	8.996774e+02	
1.962000e+03	9.001613e+02	
1.963000e+03	9.006613e+02	
1.964000e+03	9.011613e+02	
1.965000e+03	9.016613e+02	
1.966000e+03	9.021613e+02	
1.967000e+03	9.026613e+02	
1.968000e+03	9.031613e+02	
1.969000e+03	9.036613e+02	
1.970000e+03	9.041613e+02	
1.971000e+03	9.046613e+02	
1.972000e+03	9.051452e+02	
1.973000e+03	9.056290e+02	
1.974000e+03	9.061290e+02	
1.975000e+03	9.066290e+02	
1.976000e+03	9.071290e+02	
1.977000e+03	9.076129e+02	
1.978000e+03	9.081129e+02	
1.979000e+03	9.085968e+02	
1.980000e+03	9.090806e+02	
1.981000e+03	9.095806e+02	
1.982000e+03	9.100645e+02	
1.983000e+03	9.105645e+02	
1.984000e+03	9.110645e+02	
1.985000e+03	9.115645e+02	
1.986000e+03	9.120645e+02	
1.987000e+03	9.125484e+02	
1.988000e+03	9.130323e+02	
1.989000e+03	9.135323e+02	
1.990000e+03	9.140323e+02	
1.991000e+03	9.145323e+02	
1.992000e+03	9.150323e+02	
1.993000e+03	9.155323e+02	
1.994000e+03	9.160161e+02	
1.995000e+03	9.165161e+02	
1.996000e+03	9.170161e+02	
1.997000e+03	9.175161e+02	
1.998000e+03	9.180161e+02	
1.999000e+03	9.185161e+02	
2.000000e+03	9.190161e+02	
2.001000e+03	9.195161e+02	
2.002000e+03	9.200161e+02	
2.003000e+03	9.205161e+02	
2.004000e+03	9.210161e+02	
2.005000e+03	9.215000e+02	
2.006000e+03	9.219839e+02	
2.007000e+03	9.224839e+02	
2.008000e+03	9.229839e+02	
2.009000e+03	9.234677e+02	
2.010000e+03	9.239516e+02	
2.011000e+03	9.244516e+02	
2.012000e+03	9.249516e+02	
2.013000e+03	9.254516e+02	
2.014000e+03	9.259516e+02	
2.015000e+03	9.264355e+02	
2.016000e+03	9.269355e+02	
2.017000e+03	9.274355e+02	
2.018000e+03	9.279194e+02	
2.019000e+03	9.284194e+02	
2.020000e+03	9.289194e+02	
2.021000e+03	9.294194e+02	
2.022000e+03	9.299194e+02	
2.023000e+03	9.304194e+02	
2.024000e+03	9.309032e+02	
2.025000e+03	9.314032e+02	
2.026000e+03	9.319032e+02	
2.027000e+03	9.324032e+02	
2.028000e+03	9.329032e+02	
2.029000e+03	9.334032e+02	
2.030000e+03	9.338710e+02	
2.031000e+03	9.343710e+02	
2.032000e+03	9.348548e+02	
2.033000e+03	9.353548e+02	
2.034000e+03	9.358548e+02	
2.035000e+03	9.363387e+02	
2.036000e+03	9.368226e+02	
2.037000e+03	9.373226e+02	
2.038000e+03	9.378226e+02	
2.039000e+03	9.383226e+02	
2.040000e+03	9.388226e+02	
2.041000e+03	9.393065e+02	
2.042000e+03	9.397903e+02	
2.043000e+03	9.402903e+02	
2.044000e+03	9.407903e+02	
2.045000e+03	9.412742e+02	
2.046000e+03	9.417742e+02	
2.047000e+03	9.422581e+02	
2.048000e+03	9.427581e+02	
2.049000e+03	9.432581e+02	
2.050000e+03	9.437581e+02	
2.051000e+03	9.442581e+02	
2.052000e+03	9.447419e+02	
2.053000e+03	9.452419e+02	
2.054000e+03	9.457419e+02	
2.055000e+03	9.462419e+02	
2.056000e+03	9.467419e+02	
2.057000e+03	9.472419e+02	
2.058000e+03	9.477419e+02	
2.059000e+03	9.482419e+02	
2.060000e+03	9.487419e+02	
2.061000e+03	9.492258e+02	
2.062000e+03	9.497258e+02	
2.063000e+03	9.502258e+02	
2.064000e+03	9.507097e+02	
2.065000e+03	9.511935e+02	
2.066000e+03	9.516774e+02	
2.067000e+03	9.521613e+02	
2.068000e+03	9.526613e+02	
2.069000e+03	9.531613e+02	
2.070000e+03	9.536452e+02	
2.071000e+03	9.541290e+02	
2.072000e+03	9.546290e+02	
2.073000e+03	9.551129e+02	
2.074000e+03	9.556129e+02	
2.075000e+03	9.561129e+02	
2.076000e+03	9.565968e+02	
2.077000e+03	9.570806e+02	
2.078000e+03	9.575806e+02	
2.079000e+03	9.580645e+02	
2.080000e+03	9.585645e+02	
2.081000e+03	9.590484e+02	
2.082000e+03	9.595323e+02	
2.083000e+03	9.600161e+02	
2.084000e+03	9.605161e+02	
2.085000e+03	9.610000e+02	
2.086000e+03	9.615000e+02	
2.087000e+03	9.620000e+02	
2.088000e+03	9.625000e+02	
2.089000e+03	9.630000e+02	
2.090000e+03	9.635000e+02	
2.091000e+03	9.640000e+02	
2.092000e+03	9.645000e+02	
2.093000e+03	9.650000e+02	
2.094000e+03	9.655000e+02	
2.095000e+03	9.659839e+02	
2.096000e+03	9.664839e+02	
2.097000e+03	9.669677e+02	
2.098000e+03	9.674677e+02	
2.099000e+03	9.679516e+02	
2.100000e+03	9.684516e+02	
2.101000e+03	9.689355e+02	
2.102000e+03	9.694355e+02	
2.103000e+03	9.699194e+02	
2.104000e+03	9.704194e+02	
2.105000e+03	9.709032e+02	
2.106000e+03	9.713871e+02	
2.107000e+03	9.718871e+02	
2.108000e+03	9.723871e+02	
2.109000e+03	9.728871e+02	
2.110000e+03	9.733871e+02	
2.111000e+03	9.738871e+02	
2.112000e+03	9.743710e+02	
2.113000e+03	9.748548e+02	
2.114000e+03	9.753548e+02	
2.115000e+03	9.758387e+02	
2.116000e+03	9.763387e+02	
2.117000e+03	9.768387e+02	
2.118000e+03	9.773226e+02	
2.119000e+03	9.778065e+02	
2.120000e+03	9.783065e+02	
2.121000e+03	9.788065e+02	
2.122000e+03	9.793065e+02	
2.123000e+03	9.798065e+02	
2.124000e+03	9.802903e+02	
2.125000e+03	9.807742e+02	
2.126000e+03	9.812581e+02	
2.127000e+03	9.817419e+02	
2.128000e+03	9.822419e+02	
2.129000e+03	9.827419e+02	
2.130000e+03	9.832419e+02	
2.131000e+03	9.837258e+02	
2.132000e+03	9.842258e+02	
2.133000e+03	9.847097e+02	
2.134000e+03	9.851935e+02	
2.135000e+03	9.856935e+02	
2.136000e+03	9.861935e+02	
2.137000e+03	9.866774e+02	
2.138000e+03	9.871774e+02	
2.139000e+03	9.876774e+02	
2.140000e+03	9.881613e+02	
2.141000e+03	9.886290e+02	
2.142000e+03	9.891129e+02	
2.143000e+03	9.895806e+02	
2.144000e+03	9.900806e+02	
2.145000e+03	9.905645e+02	
