0	0.000000e+00	0.000000e+00	0.000000e+00
1	0.000000e+00	0.000000e+00	0.000000e+00
2	0.000000e+00	0.000000e+00	0.000000e+00
3	1.000000e-02	5.000000e-01	0.000000e+00
4	1.000000e-02	5.000000e-01	0.000000e+00
5	1.000000e-02	5.000000e-01	0.000000e+00
6	2.000000e-02	1.000000e+00	0.000000e+00
7	2.000000e-02	1.000000e+00	0.000000e+00
8	3.000000e-02	1.500000e+00	0.000000e+00
9	3.000000e-02	1.500000e+00	0.000000e+00
10	3.000000e-02	1.500000e+00	0.000000e+00
11	3.000000e-02	1.500000e+00	0.000000e+00
12	4.000000e-02	2.000000e+00	0.000000e+00
13	5.000000e-02	2.500000e+00	0.000000e+00
14	5.000000e-02	2.500000e+00	0.000000e+00
15	5.000000e-02	2.500000e+00	0.000000e+00
16	5.000000e-02	2.500000e+00	0.000000e+00
17	5.000000e-02	2.500000e+00	0.000000e+00
18	5.000000e-02	2.500000e+00	0.000000e+00
19	5.000000e-02	2.500000e+00	0.000000e+00
20	5.000000e-02	2.500000e+00	0.000000e+00
21	5.000000e-02	2.500000e+00	0.000000e+00
22	6.000000e-02	3.000000e+00	0.000000e+00
23	6.000000e-02	3.000000e+00	0.000000e+00
24	7.000000e-02	3.500000e+00	0.000000e+00
25	7.000000e-02	3.500000e+00	0.000000e+00
26	7.000000e-02	3.500000e+00	0.000000e+00
27	7.000000e-02	3.500000e+00	0.000000e+00
28	7.000000e-02	3.500000e+00	0.000000e+00
29	8.000000e-02	4.000000e+00	0.000000e+00
30	9.000000e-02	4.500000e+00	0.000000e+00
31	9.000000e-02	4.500000e+00	0.000000e+00
32	1.000000e-01	5.000000e+00	0.000000e+00
33	1.000000e-01	5.000000e+00	0.000000e+00
34	1.000000e-01	5.000000e+00	0.000000e+00
35	1.000000e-01	5.000000e+00	0.000000e+00
36	1.100000e-01	5.500000e+00	0.000000e+00
37	1.100000e-01	5.500000e+00	0.000000e+00
38	1.100000e-01	5.500000e+00	0.000000e+00
39	1.100000e-01	5.500000e+00	0.000000e+00
40	1.100000e-01	5.500000e+00	0.000000e+00
41	1.100000e-01	5.500000e+00	0.000000e+00
42	1.200000e-01	6.000000e+00	0.000000e+00
43	1.200000e-01	6.000000e+00	0.000000e+00
44	1.200000e-01	6.000000e+00	0.000000e+00
45	1.300000e-01	6.500000e+00	0.000000e+00
46	1.300000e-01	6.500000e+00	0.000000e+00
47	1.300000e-01	6.500000e+00	0.000000e+00
48	1.400000e-01	7.000000e+00	0.000000e+00
49	1.500000e-01	7.500000e+00	0.000000e+00
50	1.500000e-01	7.500000e+00	0.000000e+00
51	1.600000e-01	8.000000e+00	0.000000e+00
52	1.500000e-01	8.000000e+00	5.000000e-01
53	1.600000e-01	8.500000e+00	5.000000e-01
54	1.700000e-01	9.000000e+00	5.000000e-01
55	1.600000e-01	9.000000e+00	1.000000e+00
56	1.700000e-01	9.500000e+00	1.000000e+00
57	1.700000e-01	1.000000e+01	1.500000e+00
58	1.700000e-01	1.000000e+01	1.500000e+00
59	1.800000e-01	1.050000e+01	1.500000e+00
60	1.900000e-01	1.100000e+01	1.500000e+00
61	1.900000e-01	1.150000e+01	2.000000e+00
62	1.900000e-01	1.200000e+01	2.500000e+00
63	2.000000e-01	1.250000e+01	2.500000e+00
64	2.100000e-01	1.300000e+01	2.500000e+00
65	2.200000e-01	1.350000e+01	2.500000e+00
66	2.300000e-01	1.400000e+01	2.500000e+00
67	2.300000e-01	1.400000e+01	2.500000e+00
68	2.400000e-01	1.450000e+01	2.500000e+00
69	2.500000e-01	1.500000e+01	2.500000e+00
70	2.600000e-01	1.550000e+01	2.500000e+00
71	2.600000e-01	1.600000e+01	3.000000e+00
72	2.700000e-01	1.650000e+01	3.000000e+00
73	2.700000e-01	1.700000e+01	3.500000e+00
74	2.800000e-01	1.750000e+01	3.500000e+00
75	2.800000e-01	1.750000e+01	3.500000e+00
76	2.900000e-01	1.800000e+01	3.500000e+00
77	3.000000e-01	1.850000e+01	3.500000e+00
78	3.000000e-01	1.900000e+01	4.000000e+00
79	3.000000e-01	1.950000e+01	4.500000e+00
80	3.100000e-01	2.000000e+01	4.500000e+00
81	3.000000e-01	2.000000e+01	5.000000e+00
82	3.100000e-01	2.050000e+01	5.000000e+00
83	3.200000e-01	2.100000e+01	5.000000e+00
84	3.300000e-01	2.150000e+01	5.000000e+00
85	3.300000e-01	2.200000e+01	5.500000e+00
86	3.400000e-01	2.250000e+01	5.500000e+00
87	3.500000e-01	2.300000e+01	5.500000e+00
88	3.600000e-01	2.350000e+01	5.500000e+00
89	3.600000e-01	2.350000e+01	5.500000e+00
90	3.700000e-01	2.400000e+01	5.500000e+00
91	3.700000e-01	2.450000e+01	6.000000e+00
92	3.800000e-01	2.500000e+01	6.000000e+00
93	3.900000e-01	2.550000e+01	6.000000e+00
94	3.900000e-01	2.600000e+01	6.500000e+00
95	4.000000e-01	2.650000e+01	6.500000e+00
96	4.100000e-01	2.700000e+01	6.500000e+00
97	4.100000e-01	2.750000e+01	7.000000e+00
98	4.000000e-01	2.750000e+01	7.500000e+00
99	4.100000e-01	2.800000e+01	7.500000e+00
100	4.100000e-01	2.850000e+01	8.000000e+00
101	4.200000e-01	2.900000e+01	8.000000e+00
102	4.200000e-01	2.950000e+01	8.500000e+00
103	4.200000e-01	3.000000e+01	9.000000e+00
104	4.300000e-01	3.050000e+01	9.000000e+00
105	4.300000e-01	3.100000e+01	9.500000e+00
106	4.300000e-01	3.150000e+01	1.000000e+01
107	4.400000e-01	3.200000e+01	1.000000e+01
108	4.400000e-01	3.250000e+01	1.050000e+01
109	4.400000e-01	3.300000e+01	1.100000e+01
110	4.400000e-01	3.350000e+01	1.150000e+01
111	4.400000e-01	3.400000e+01	1.200000e+01
112	4.400000e-01	3.450000e+01	1.250000e+01
113	4.400000e-01	3.500000e+01	1.300000e+01
114	4.400000e-01	3.550000e+01	1.350000e+01
115	4.400000e-01	3.600000e+01	1.400000e+01
116	4.500000e-01	3.650000e+01	1.400000e+01
117	4.500000e-01	3.700000e+01	1.450000e+01
118	4.500000e-01	3.750000e+01	1.500000e+01
119	4.400000e-01	3.750000e+01	1.550000e+01
120	4.400000e-01	3.800000e+01	1.600000e+01
121	4.400000e-01	3.850000e+01	1.650000e+01
122	4.400000e-01	3.900000e+01	1.700000e+01
123	4.400000e-01	3.950000e+01	1.750000e+01
124	4.500000e-01	4.000000e+01	1.750000e+01
125	4.500000e-01	4.050000e+01	1.800000e+01
126	4.500000e-01	4.100000e+01	1.850000e+01
127	4.500000e-01	4.150000e+01	1.900000e+01
128	4.500000e-01	4.200000e+01	1.950000e+01
129	4.500000e-01	4.250000e+01	2.000000e+01
130	4.600000e-01	4.300000e+01	2.000000e+01
131	4.600000e-01	4.350000e+01	2.050000e+01
132	4.600000e-01	4.400000e+01	2.100000e+01
133	4.600000e-01	4.450000e+01	2.150000e+01
134	4.500000e-01	4.450000e+01	2.200000e+01
135	4.500000e-01	4.500000e+01	2.250000e+01
136	4.500000e-01	4.550000e+01	2.300000e+01
137	4.500000e-01	4.600000e+01	2.350000e+01
138	4.600000e-01	4.650000e+01	2.350000e+01
139	4.600000e-01	4.700000e+01	2.400000e+01
140	4.600000e-01	4.750000e+01	2.450000e+01
141	4.600000e-01	4.800000e+01	2.500000e+01
142	4.600000e-01	4.850000e+01	2.550000e+01
143	4.600000e-01	4.900000e+01	2.600000e+01
144	4.600000e-01	4.950000e+01	2.650000e+01
145	4.600000e-01	5.000000e+01	2.700000e+01
146	4.600000e-01	5.050000e+01	2.750000e+01
147	4.700000e-01	5.100000e+01	2.750000e+01
148	4.700000e-01	5.150000e+01	2.800000e+01
149	4.700000e-01	5.200000e+01	2.850000e+01
150	4.700000e-01	5.250000e+01	2.900000e+01
151	4.700000e-01	5.300000e+01	2.950000e+01
152	4.700000e-01	5.350000e+01	3.000000e+01
153	4.700000e-01	5.400000e+01	3.050000e+01
154	4.700000e-01	5.450000e+01	3.100000e+01
155	4.700000e-01	5.500000e+01	3.150000e+01
156	4.700000e-01	5.550000e+01	3.200000e+01
157	4.700000e-01	5.600000e+01	3.250000e+01
158	4.700000e-01	5.650000e+01	3.300000e+01
159	4.700000e-01	5.700000e+01	3.350000e+01
160	4.700000e-01	5.750000e+01	3.400000e+01
161	4.700000e-01	5.800000e+01	3.450000e+01
162	4.700000e-01	5.850000e+01	3.500000e+01
163	4.700000e-01	5.900000e+01	3.550000e+01
164	4.700000e-01	5.950000e+01	3.600000e+01
165	4.700000e-01	6.000000e+01	3.650000e+01
166	4.700000e-01	6.050000e+01	3.700000e+01
167	4.700000e-01	6.100000e+01	3.750000e+01
168	4.800000e-01	6.150000e+01	3.750000e+01
169	4.800000e-01	6.200000e+01	3.800000e+01
170	4.800000e-01	6.250000e+01	3.850000e+01
171	4.800000e-01	6.300000e+01	3.900000e+01
172	4.800000e-01	6.350000e+01	3.950000e+01
173	4.800000e-01	6.400000e+01	4.000000e+01
174	4.800000e-01	6.450000e+01	4.050000e+01
175	4.800000e-01	6.500000e+01	4.100000e+01
176	4.800000e-01	6.550000e+01	4.150000e+01
177	4.800000e-01	6.600000e+01	4.200000e+01
178	4.800000e-01	6.650000e+01	4.250000e+01
179	4.800000e-01	6.700000e+01	4.300000e+01
180	4.800000e-01	6.750000e+01	4.350000e+01
181	4.800000e-01	6.800000e+01	4.400000e+01
182	4.800000e-01	6.850000e+01	4.450000e+01
183	4.900000e-01	6.900000e+01	4.450000e+01
184	4.900000e-01	6.950000e+01	4.500000e+01
185	4.900000e-01	7.000000e+01	4.550000e+01
186	4.900000e-01	7.050000e+01	4.600000e+01
187	4.900000e-01	7.100000e+01	4.650000e+01
188	4.900000e-01	7.150000e+01	4.700000e+01
189	4.900000e-01	7.200000e+01	4.750000e+01
190	4.900000e-01	7.250000e+01	4.800000e+01
191	4.900000e-01	7.300000e+01	4.850000e+01
192	4.900000e-01	7.350000e+01	4.900000e+01
193	4.900000e-01	7.400000e+01	4.950000e+01
194	4.900000e-01	7.450000e+01	5.000000e+01
195	4.900000e-01	7.500000e+01	5.050000e+01
196	4.900000e-01	7.550000e+01	5.100000e+01
197	4.900000e-01	7.600000e+01	5.150000e+01
198	4.900000e-01	7.650000e+01	5.200000e+01
199	4.900000e-01	7.700000e+01	5.250000e+01
200	4.900000e-01	7.750000e+01	5.300000e+01
201	4.900000e-01	7.800000e+01	5.350000e+01
202	4.900000e-01	7.850000e+01	5.400000e+01
203	4.900000e-01	7.900000e+01	5.450000e+01
204	4.900000e-01	7.950000e+01	5.500000e+01
205	4.900000e-01	8.000000e+01	5.550000e+01
206	4.900000e-01	8.050000e+01	5.600000e+01
207	4.900000e-01	8.100000e+01	5.650000e+01
208	4.900000e-01	8.150000e+01	5.700000e+01
209	4.900000e-01	8.200000e+01	5.750000e+01
210	4.900000e-01	8.250000e+01	5.800000e+01
211	4.900000e-01	8.300000e+01	5.850000e+01
212	4.900000e-01	8.350000e+01	5.900000e+01
213	4.900000e-01	8.400000e+01	5.950000e+01
214	4.900000e-01	8.450000e+01	6.000000e+01
215	4.900000e-01	8.500000e+01	6.050000e+01
216	4.900000e-01	8.550000e+01	6.100000e+01
217	4.900000e-01	8.600000e+01	6.150000e+01
218	4.900000e-01	8.650000e+01	6.200000e+01
219	4.900000e-01	8.700000e+01	6.250000e+01
220	4.900000e-01	8.750000e+01	6.300000e+01
221	4.900000e-01	8.800000e+01	6.350000e+01
222	4.900000e-01	8.850000e+01	6.400000e+01
223	4.900000e-01	8.900000e+01	6.450000e+01
224	4.900000e-01	8.950000e+01	6.500000e+01
225	4.900000e-01	9.000000e+01	6.550000e+01
226	4.900000e-01	9.050000e+01	6.600000e+01
227	4.900000e-01	9.100000e+01	6.650000e+01
228	4.900000e-01	9.150000e+01	6.700000e+01
229	4.900000e-01	9.200000e+01	6.750000e+01
230	4.900000e-01	9.250000e+01	6.800000e+01
231	4.900000e-01	9.300000e+01	6.850000e+01
232	4.900000e-01	9.350000e+01	6.900000e+01
233	4.900000e-01	9.400000e+01	6.950000e+01
234	4.900000e-01	9.450000e+01	7.000000e+01
235	4.900000e-01	9.500000e+01	7.050000e+01
236	4.900000e-01	9.550000e+01	7.100000e+01
237	4.900000e-01	9.600000e+01	7.150000e+01
238	4.900000e-01	9.650000e+01	7.200000e+01
239	4.900000e-01	9.700000e+01	7.250000e+01
240	4.900000e-01	9.750000e+01	7.300000e+01
241	4.900000e-01	9.800000e+01	7.350000e+01
242	4.900000e-01	9.850000e+01	7.400000e+01
243	4.900000e-01	9.900000e+01	7.450000e+01
244	4.900000e-01	9.950000e+01	7.500000e+01
245	4.900000e-01	1.000000e+02	7.550000e+01
246	4.900000e-01	1.005000e+02	7.600000e+01
247	4.900000e-01	1.010000e+02	7.650000e+01
248	4.800000e-01	1.010000e+02	7.700000e+01
249	4.800000e-01	1.015000e+02	7.750000e+01
250	4.800000e-01	1.020000e+02	7.800000e+01
251	4.800000e-01	1.025000e+02	7.850000e+01
252	4.800000e-01	1.030000e+02	7.900000e+01
253	4.800000e-01	1.035000e+02	7.950000e+01
254	4.800000e-01	1.040000e+02	8.000000e+01
255	4.800000e-01	1.045000e+02	8.050000e+01
256	4.800000e-01	1.050000e+02	8.100000e+01
257	4.800000e-01	1.055000e+02	8.150000e+01
258	4.800000e-01	1.060000e+02	8.200000e+01
259	4.800000e-01	1.065000e+02	8.250000e+01
260	4.800000e-01	1.070000e+02	8.300000e+01
261	4.800000e-01	1.075000e+02	8.350000e+01
262	4.800000e-01	1.080000e+02	8.400000e+01
263	4.800000e-01	1.085000e+02	8.450000e+01
264	4.800000e-01	1.090000e+02	8.500000e+01
265	4.800000e-01	1.095000e+02	8.550000e+01
266	4.800000e-01	1.100000e+02	8.600000e+01
267	4.800000e-01	1.105000e+02	8.650000e+01
268	4.800000e-01	1.110000e+02	8.700000e+01
269	4.800000e-01	1.115000e+02	8.750000e+01
270	4.800000e-01	1.120000e+02	8.800000e+01
271	4.800000e-01	1.125000e+02	8.850000e+01
272	4.800000e-01	1.130000e+02	8.900000e+01
273	4.800000e-01	1.135000e+02	8.950000e+01
274	4.800000e-01	1.140000e+02	9.000000e+01
275	4.800000e-01	1.145000e+02	9.050000e+01
276	4.800000e-01	1.150000e+02	9.100000e+01
277	4.800000e-01	1.155000e+02	9.150000e+01
278	4.800000e-01	1.160000e+02	9.200000e+01
279	4.800000e-01	1.165000e+02	9.250000e+01
280	4.800000e-01	1.170000e+02	9.300000e+01
281	4.800000e-01	1.175000e+02	9.350000e+01
282	4.800000e-01	1.180000e+02	9.400000e+01
283	4.800000e-01	1.185000e+02	9.450000e+01
284	4.800000e-01	1.190000e+02	9.500000e+01
285	4.800000e-01	1.195000e+02	9.550000e+01
286	4.800000e-01	1.200000e+02	9.600000e+01
287	4.800000e-01	1.205000e+02	9.650000e+01
288	4.800000e-01	1.210000e+02	9.700000e+01
289	4.800000e-01	1.215000e+02	9.750000e+01
290	4.800000e-01	1.220000e+02	9.800000e+01
291	4.800000e-01	1.225000e+02	9.850000e+01
292	4.800000e-01	1.230000e+02	9.900000e+01
293	4.800000e-01	1.235000e+02	9.950000e+01
294	4.800000e-01	1.240000e+02	1.000000e+02
295	4.800000e-01	1.245000e+02	1.005000e+02
296	4.800000e-01	1.250000e+02	1.010000e+02
297	4.900000e-01	1.255000e+02	1.010000e+02
298	4.900000e-01	1.260000e+02	1.015000e+02
299	4.900000e-01	1.265000e+02	1.020000e+02
300	4.900000e-01	1.270000e+02	1.025000e+02
301	4.900000e-01	1.275000e+02	1.030000e+02
302	4.900000e-01	1.280000e+02	1.035000e+02
303	4.900000e-01	1.285000e+02	1.040000e+02
304	4.900000e-01	1.290000e+02	1.045000e+02
305	4.900000e-01	1.295000e+02	1.050000e+02
306	4.900000e-01	1.300000e+02	1.055000e+02
307	4.900000e-01	1.305000e+02	1.060000e+02
308	4.900000e-01	1.310000e+02	1.065000e+02
309	4.900000e-01	1.315000e+02	1.070000e+02
310	4.900000e-01	1.320000e+02	1.075000e+02
311	4.900000e-01	1.325000e+02	1.080000e+02
312	4.900000e-01	1.330000e+02	1.085000e+02
313	4.900000e-01	1.335000e+02	1.090000e+02
314	4.900000e-01	1.340000e+02	1.095000e+02
315	4.900000e-01	1.345000e+02	1.100000e+02
316	4.900000e-01	1.350000e+02	1.105000e+02
317	4.900000e-01	1.355000e+02	1.110000e+02
318	4.900000e-01	1.360000e+02	1.115000e+02
319	4.900000e-01	1.365000e+02	1.120000e+02
320	4.900000e-01	1.370000e+02	1.125000e+02
321	4.900000e-01	1.375000e+02	1.130000e+02
322	4.900000e-01	1.380000e+02	1.135000e+02
323	4.900000e-01	1.385000e+02	1.140000e+02
324	4.900000e-01	1.390000e+02	1.145000e+02
325	4.900000e-01	1.395000e+02	1.150000e+02
326	4.900000e-01	1.400000e+02	1.155000e+02
327	4.900000e-01	1.405000e+02	1.160000e+02
328	4.900000e-01	1.410000e+02	1.165000e+02
329	4.900000e-01	1.415000e+02	1.170000e+02
330	4.900000e-01	1.420000e+02	1.175000e+02
331	4.900000e-01	1.425000e+02	1.180000e+02
332	4.900000e-01	1.430000e+02	1.185000e+02
333	4.900000e-01	1.435000e+02	1.190000e+02
334	4.900000e-01	1.440000e+02	1.195000e+02
335	4.900000e-01	1.445000e+02	1.200000e+02
336	4.900000e-01	1.450000e+02	1.205000e+02
337	4.900000e-01	1.455000e+02	1.210000e+02
338	4.900000e-01	1.460000e+02	1.215000e+02
339	4.900000e-01	1.465000e+02	1.220000e+02
340	4.900000e-01	1.470000e+02	1.225000e+02
341	4.900000e-01	1.475000e+02	1.230000e+02
342	4.900000e-01	1.480000e+02	1.235000e+02
343	4.900000e-01	1.485000e+02	1.240000e+02
344	4.900000e-01	1.490000e+02	1.245000e+02
345	4.900000e-01	1.495000e+02	1.250000e+02
346	4.900000e-01	1.500000e+02	1.255000e+02
347	4.900000e-01	1.505000e+02	1.260000e+02
348	4.900000e-01	1.510000e+02	1.265000e+02
349	4.900000e-01	1.515000e+02	1.270000e+02
350	4.900000e-01	1.520000e+02	1.275000e+02
351	4.900000e-01	1.525000e+02	1.280000e+02
352	4.900000e-01	1.530000e+02	1.285000e+02
353	4.900000e-01	1.535000e+02	1.290000e+02
354	4.900000e-01	1.540000e+02	1.295000e+02
355	4.900000e-01	1.545000e+02	1.300000e+02
356	4.900000e-01	1.550000e+02	1.305000e+02
357	4.900000e-01	1.555000e+02	1.310000e+02
358	4.900000e-01	1.560000e+02	1.315000e+02
359	4.900000e-01	1.565000e+02	1.320000e+02
360	4.900000e-01	1.570000e+02	1.325000e+02
361	4.900000e-01	1.575000e+02	1.330000e+02
362	4.900000e-01	1.580000e+02	1.335000e+02
363	4.900000e-01	1.585000e+02	1.340000e+02
364	4.900000e-01	1.590000e+02	1.345000e+02
365	4.900000e-01	1.595000e+02	1.350000e+02
366	4.900000e-01	1.600000e+02	1.355000e+02
367	4.900000e-01	1.605000e+02	1.360000e+02
368	4.900000e-01	1.610000e+02	1.365000e+02
369	4.900000e-01	1.615000e+02	1.370000e+02
370	4.900000e-01	1.620000e+02	1.375000e+02
371	4.900000e-01	1.625000e+02	1.380000e+02
372	4.900000e-01	1.630000e+02	1.385000e+02
373	4.900000e-01	1.635000e+02	1.390000e+02
374	4.900000e-01	1.640000e+02	1.395000e+02
375	4.900000e-01	1.645000e+02	1.400000e+02
376	4.900000e-01	1.650000e+02	1.405000e+02
377	4.900000e-01	1.655000e+02	1.410000e+02
378	4.900000e-01	1.660000e+02	1.415000e+02
379	4.900000e-01	1.665000e+02	1.420000e+02
380	4.900000e-01	1.670000e+02	1.425000e+02
381	4.900000e-01	1.675000e+02	1.430000e+02
382	4.900000e-01	1.680000e+02	1.435000e+02
383	4.900000e-01	1.685000e+02	1.440000e+02
384	4.900000e-01	1.690000e+02	1.445000e+02
385	4.900000e-01	1.695000e+02	1.450000e+02
386	4.900000e-01	1.700000e+02	1.455000e+02
387	4.900000e-01	1.705000e+02	1.460000e+02
388	4.900000e-01	1.710000e+02	1.465000e+02
389	4.900000e-01	1.715000e+02	1.470000e+02
390	4.800000e-01	1.715000e+02	1.475000e+02
391	4.800000e-01	1.720000e+02	1.480000e+02
392	4.800000e-01	1.725000e+02	1.485000e+02
393	4.800000e-01	1.730000e+02	1.490000e+02
394	4.800000e-01	1.735000e+02	1.495000e+02
395	4.800000e-01	1.740000e+02	1.500000e+02
396	4.800000e-01	1.745000e+02	1.505000e+02
397	4.800000e-01	1.750000e+02	1.510000e+02
398	4.800000e-01	1.755000e+02	1.515000e+02
399	4.800000e-01	1.760000e+02	1.520000e+02
400	4.800000e-01	1.765000e+02	1.525000e+02
401	4.800000e-01	1.770000e+02	1.530000e+02
402	4.800000e-01	1.775000e+02	1.535000e+02
403	4.800000e-01	1.780000e+02	1.540000e+02
404	4.800000e-01	1.785000e+02	1.545000e+02
405	4.800000e-01	1.790000e+02	1.550000e+02
406	4.800000e-01	1.795000e+02	1.555000e+02
407	4.800000e-01	1.800000e+02	1.560000e+02
408	4.800000e-01	1.805000e+02	1.565000e+02
409	4.800000e-01	1.810000e+02	1.570000e+02
410	4.800000e-01	1.815000e+02	1.575000e+02
411	4.800000e-01	1.820000e+02	1.580000e+02
412	4.800000e-01	1.825000e+02	1.585000e+02
413	4.800000e-01	1.830000e+02	1.590000e+02
414	4.800000e-01	1.835000e+02	1.595000e+02
415	4.800000e-01	1.840000e+02	1.600000e+02
416	4.800000e-01	1.845000e+02	1.605000e+02
417	4.800000e-01	1.850000e+02	1.610000e+02
418	4.800000e-01	1.855000e+02	1.615000e+02
419	4.800000e-01	1.860000e+02	1.620000e+02
420	4.800000e-01	1.865000e+02	1.625000e+02
421	4.800000e-01	1.870000e+02	1.630000e+02
422	4.800000e-01	1.875000e+02	1.635000e+02
423	4.800000e-01	1.880000e+02	1.640000e+02
424	4.800000e-01	1.885000e+02	1.645000e+02
425	4.800000e-01	1.890000e+02	1.650000e+02
426	4.800000e-01	1.895000e+02	1.655000e+02
427	4.800000e-01	1.900000e+02	1.660000e+02
428	4.800000e-01	1.905000e+02	1.665000e+02
429	4.800000e-01	1.910000e+02	1.670000e+02
430	4.800000e-01	1.915000e+02	1.675000e+02
431	4.800000e-01	1.920000e+02	1.680000e+02
432	4.800000e-01	1.925000e+02	1.685000e+02
433	4.800000e-01	1.930000e+02	1.690000e+02
434	4.800000e-01	1.935000e+02	1.695000e+02
435	4.800000e-01	1.940000e+02	1.700000e+02
436	4.800000e-01	1.945000e+02	1.705000e+02
437	4.800000e-01	1.950000e+02	1.710000e+02
438	4.800000e-01	1.955000e+02	1.715000e+02
439	4.900000e-01	1.960000e+02	1.715000e+02
440	4.900000e-01	1.965000e+02	1.720000e+02
441	4.900000e-01	1.970000e+02	1.725000e+02
442	4.900000e-01	1.975000e+02	1.730000e+02
443	4.900000e-01	1.980000e+02	1.735000e+02
444	4.900000e-01	1.985000e+02	1.740000e+02
445	4.900000e-01	1.990000e+02	1.745000e+02
446	4.900000e-01	1.995000e+02	1.750000e+02
447	4.900000e-01	2.000000e+02	1.755000e+02
448	4.900000e-01	2.005000e+02	1.760000e+02
449	4.900000e-01	2.010000e+02	1.765000e+02
450	4.900000e-01	2.015000e+02	1.770000e+02
451	4.900000e-01	2.020000e+02	1.775000e+02
452	4.900000e-01	2.025000e+02	1.780000e+02
453	4.900000e-01	2.030000e+02	1.785000e+02
454	4.900000e-01	2.035000e+02	1.790000e+02
455	4.900000e-01	2.040000e+02	1.795000e+02
456	4.900000e-01	2.045000e+02	1.800000e+02
457	4.900000e-01	2.050000e+02	1.805000e+02
458	4.900000e-01	2.055000e+02	1.810000e+02
459	4.900000e-01	2.060000e+02	1.815000e+02
460	4.900000e-01	2.065000e+02	1.820000e+02
461	4.900000e-01	2.070000e+02	1.825000e+02
462	4.900000e-01	2.075000e+02	1.830000e+02
463	4.900000e-01	2.080000e+02	1.835000e+02
464	4.900000e-01	2.085000e+02	1.840000e+02
465	4.900000e-01	2.090000e+02	1.845000e+02
466	4.900000e-01	2.095000e+02	1.850000e+02
467	4.900000e-01	2.100000e+02	1.855000e+02
468	4.900000e-01	2.105000e+02	1.860000e+02
469	4.800000e-01	2.105000e+02	1.865000e+02
470	4.800000e-01	2.110000e+02	1.870000e+02
471	4.800000e-01	2.115000e+02	1.875000e+02
472	4.800000e-01	2.120000e+02	1.880000e+02
473	4.800000e-01	2.125000e+02	1.885000e+02
474	4.800000e-01	2.130000e+02	1.890000e+02
475	4.800000e-01	2.135000e+02	1.895000e+02
476	4.800000e-01	2.140000e+02	1.900000e+02
477	4.800000e-01	2.145000e+02	1.905000e+02
478	4.800000e-01	2.150000e+02	1.910000e+02
479	4.800000e-01	2.155000e+02	1.915000e+02
480	4.700000e-01	2.155000e+02	1.920000e+02
481	4.700000e-01	2.160000e+02	1.925000e+02
482	4.700000e-01	2.165000e+02	1.930000e+02
483	4.700000e-01	2.170000e+02	1.935000e+02
484	4.700000e-01	2.175000e+02	1.940000e+02
485	4.700000e-01	2.180000e+02	1.945000e+02
486	4.700000e-01	2.185000e+02	1.950000e+02
487	4.700000e-01	2.190000e+02	1.955000e+02
488	4.700000e-01	2.195000e+02	1.960000e+02
489	4.700000e-01	2.200000e+02	1.965000e+02
490	4.700000e-01	2.205000e+02	1.970000e+02
491	4.700000e-01	2.210000e+02	1.975000e+02
492	4.700000e-01	2.215000e+02	1.980000e+02
493	4.700000e-01	2.220000e+02	1.985000e+02
494	4.700000e-01	2.225000e+02	1.990000e+02
495	4.700000e-01	2.230000e+02	1.995000e+02
496	4.700000e-01	2.235000e+02	2.000000e+02
497	4.700000e-01	2.240000e+02	2.005000e+02
498	4.700000e-01	2.245000e+02	2.010000e+02
499	4.700000e-01	2.250000e+02	2.015000e+02
500	4.700000e-01	2.255000e+02	2.020000e+02
501	4.700000e-01	2.260000e+02	2.025000e+02
502	4.700000e-01	2.265000e+02	2.030000e+02
503	4.700000e-01	2.270000e+02	2.035000e+02
504	4.700000e-01	2.275000e+02	2.040000e+02
505	4.700000e-01	2.280000e+02	2.045000e+02
506	4.700000e-01	2.285000e+02	2.050000e+02
507	4.700000e-01	2.290000e+02	2.055000e+02
508	4.700000e-01	2.295000e+02	2.060000e+02
509	4.700000e-01	2.300000e+02	2.065000e+02
510	4.700000e-01	2.305000e+02	2.070000e+02
511	4.700000e-01	2.310000e+02	2.075000e+02
512	4.700000e-01	2.315000e+02	2.080000e+02
513	4.700000e-01	2.320000e+02	2.085000e+02
514	4.700000e-01	2.325000e+02	2.090000e+02
515	4.700000e-01	2.330000e+02	2.095000e+02
516	4.700000e-01	2.335000e+02	2.100000e+02
517	4.700000e-01	2.340000e+02	2.105000e+02
518	4.800000e-01	2.345000e+02	2.105000e+02
519	4.800000e-01	2.350000e+02	2.110000e+02
520	4.800000e-01	2.355000e+02	2.115000e+02
521	4.800000e-01	2.360000e+02	2.120000e+02
522	4.800000e-01	2.365000e+02	2.125000e+02
523	4.800000e-01	2.370000e+02	2.130000e+02
524	4.800000e-01	2.375000e+02	2.135000e+02
525	4.800000e-01	2.380000e+02	2.140000e+02
526	4.800000e-01	2.385000e+02	2.145000e+02
527	4.800000e-01	2.390000e+02	2.150000e+02
528	4.800000e-01	2.395000e+02	2.155000e+02
529	4.900000e-01	2.400000e+02	2.155000e+02
530	4.900000e-01	2.405000e+02	2.160000e+02
531	4.900000e-01	2.410000e+02	2.165000e+02
532	4.900000e-01	2.415000e+02	2.170000e+02
533	4.900000e-01	2.420000e+02	2.175000e+02
534	4.900000e-01	2.425000e+02	2.180000e+02
535	4.900000e-01	2.430000e+02	2.185000e+02
536	4.900000e-01	2.435000e+02	2.190000e+02
537	4.900000e-01	2.440000e+02	2.195000e+02
538	4.900000e-01	2.445000e+02	2.200000e+02
539	4.900000e-01	2.450000e+02	2.205000e+02
540	4.900000e-01	2.455000e+02	2.210000e+02
541	4.900000e-01	2.460000e+02	2.215000e+02
542	4.900000e-01	2.465000e+02	2.220000e+02
543	4.900000e-01	2.470000e+02	2.225000e+02
544	4.900000e-01	2.475000e+02	2.230000e+02
545	4.900000e-01	2.480000e+02	2.235000e+02
546	4.900000e-01	2.485000e+02	2.240000e+02
547	4.900000e-01	2.490000e+02	2.245000e+02
548	4.900000e-01	2.495000e+02	2.250000e+02
549	4.900000e-01	2.500000e+02	2.255000e+02
550	4.900000e-01	2.505000e+02	2.260000e+02
551	4.900000e-01	2.510000e+02	2.265000e+02
552	4.900000e-01	2.515000e+02	2.270000e+02
553	4.900000e-01	2.520000e+02	2.275000e+02
554	4.900000e-01	2.525000e+02	2.280000e+02
555	4.900000e-01	2.530000e+02	2.285000e+02
556	4.900000e-01	2.535000e+02	2.290000e+02
557	4.900000e-01	2.540000e+02	2.295000e+02
558	4.900000e-01	2.545000e+02	2.300000e+02
559	4.900000e-01	2.550000e+02	2.305000e+02
560	4.900000e-01	2.555000e+02	2.310000e+02
561	4.900000e-01	2.560000e+02	2.315000e+02
562	4.900000e-01	2.565000e+02	2.320000e+02
563	4.900000e-01	2.570000e+02	2.325000e+02
564	4.900000e-01	2.575000e+02	2.330000e+02
565	4.900000e-01	2.580000e+02	2.335000e+02
566	4.900000e-01	2.585000e+02	2.340000e+02
567	4.900000e-01	2.590000e+02	2.345000e+02
568	4.800000e-01	2.590000e+02	2.350000e+02
569	4.700000e-01	2.590000e+02	2.355000e+02
570	4.700000e-01	2.595000e+02	2.360000e+02
571	4.700000e-01	2.600000e+02	2.365000e+02
572	4.700000e-01	2.605000e+02	2.370000e+02
573	4.700000e-01	2.610000e+02	2.375000e+02
574	4.700000e-01	2.615000e+02	2.380000e+02
575	4.700000e-01	2.620000e+02	2.385000e+02
576	4.700000e-01	2.625000e+02	2.390000e+02
577	4.600000e-01	2.625000e+02	2.395000e+02
578	4.600000e-01	2.630000e+02	2.400000e+02
579	4.600000e-01	2.635000e+02	2.405000e+02
580	4.600000e-01	2.640000e+02	2.410000e+02
581	4.600000e-01	2.645000e+02	2.415000e+02
582	4.600000e-01	2.650000e+02	2.420000e+02
583	4.600000e-01	2.655000e+02	2.425000e+02
584	4.600000e-01	2.660000e+02	2.430000e+02
585	4.600000e-01	2.665000e+02	2.435000e+02
586	4.600000e-01	2.670000e+02	2.440000e+02
587	4.600000e-01	2.675000e+02	2.445000e+02
588	4.600000e-01	2.680000e+02	2.450000e+02
589	4.600000e-01	2.685000e+02	2.455000e+02
590	4.600000e-01	2.690000e+02	2.460000e+02
591	4.600000e-01	2.695000e+02	2.465000e+02
592	4.600000e-01	2.700000e+02	2.470000e+02
593	4.600000e-01	2.705000e+02	2.475000e+02
594	4.500000e-01	2.705000e+02	2.480000e+02
595	4.500000e-01	2.710000e+02	2.485000e+02
596	4.500000e-01	2.715000e+02	2.490000e+02
597	4.500000e-01	2.720000e+02	2.495000e+02
598	4.500000e-01	2.725000e+02	2.500000e+02
599	4.500000e-01	2.730000e+02	2.505000e+02
600	4.500000e-01	2.735000e+02	2.510000e+02
601	4.500000e-01	2.740000e+02	2.515000e+02
602	4.500000e-01	2.745000e+02	2.520000e+02
603	4.500000e-01	2.750000e+02	2.525000e+02
604	4.500000e-01	2.755000e+02	2.530000e+02
605	4.500000e-01	2.760000e+02	2.535000e+02
606	4.500000e-01	2.765000e+02	2.540000e+02
607	4.500000e-01	2.770000e+02	2.545000e+02
608	4.500000e-01	2.775000e+02	2.550000e+02
609	4.500000e-01	2.780000e+02	2.555000e+02
610	4.500000e-01	2.785000e+02	2.560000e+02
611	4.500000e-01	2.790000e+02	2.565000e+02
612	4.500000e-01	2.795000e+02	2.570000e+02
613	4.500000e-01	2.800000e+02	2.575000e+02
614	4.500000e-01	2.805000e+02	2.580000e+02
615	4.500000e-01	2.810000e+02	2.585000e+02
616	4.500000e-01	2.815000e+02	2.590000e+02
617	4.600000e-01	2.820000e+02	2.590000e+02
618	4.700000e-01	2.825000e+02	2.590000e+02
619	4.700000e-01	2.830000e+02	2.595000e+02
620	4.700000e-01	2.835000e+02	2.600000e+02
621	4.700000e-01	2.840000e+02	2.605000e+02
622	4.700000e-01	2.845000e+02	2.610000e+02
623	4.700000e-01	2.850000e+02	2.615000e+02
624	4.700000e-01	2.855000e+02	2.620000e+02
625	4.700000e-01	2.860000e+02	2.625000e+02
626	4.800000e-01	2.865000e+02	2.625000e+02
627	4.800000e-01	2.870000e+02	2.630000e+02
628	4.800000e-01	2.875000e+02	2.635000e+02
629	4.800000e-01	2.880000e+02	2.640000e+02
630	4.800000e-01	2.885000e+02	2.645000e+02
631	4.800000e-01	2.890000e+02	2.650000e+02
632	4.800000e-01	2.895000e+02	2.655000e+02
633	4.800000e-01	2.900000e+02	2.660000e+02
634	4.800000e-01	2.905000e+02	2.665000e+02
635	4.800000e-01	2.910000e+02	2.670000e+02
636	4.800000e-01	2.915000e+02	2.675000e+02
637	4.800000e-01	2.920000e+02	2.680000e+02
638	4.700000e-01	2.920000e+02	2.685000e+02
639	4.700000e-01	2.925000e+02	2.690000e+02
640	4.700000e-01	2.930000e+02	2.695000e+02
641	4.700000e-01	2.935000e+02	2.700000e+02
642	4.700000e-01	2.940000e+02	2.705000e+02
643	4.800000e-01	2.945000e+02	2.705000e+02
644	4.700000e-01	2.945000e+02	2.710000e+02
645	4.700000e-01	2.950000e+02	2.715000e+02
646	4.700000e-01	2.955000e+02	2.720000e+02
647	4.700000e-01	2.960000e+02	2.725000e+02
648	4.700000e-01	2.965000e+02	2.730000e+02
649	4.700000e-01	2.970000e+02	2.735000e+02
650	4.700000e-01	2.975000e+02	2.740000e+02
651	4.700000e-01	2.980000e+02	2.745000e+02
652	4.700000e-01	2.985000e+02	2.750000e+02
653	4.700000e-01	2.990000e+02	2.755000e+02
654	4.700000e-01	2.995000e+02	2.760000e+02
655	4.700000e-01	3.000000e+02	2.765000e+02
656	4.700000e-01	3.005000e+02	2.770000e+02
657	4.700000e-01	3.010000e+02	2.775000e+02
658	4.700000e-01	3.015000e+02	2.780000e+02
659	4.700000e-01	3.020000e+02	2.785000e+02
660	4.700000e-01	3.025000e+02	2.790000e+02
661	4.700000e-01	3.030000e+02	2.795000e+02
662	4.700000e-01	3.035000e+02	2.800000e+02
663	4.700000e-01	3.040000e+02	2.805000e+02
664	4.700000e-01	3.045000e+02	2.810000e+02
665	4.700000e-01	3.050000e+02	2.815000e+02
666	4.700000e-01	3.055000e+02	2.820000e+02
667	4.700000e-01	3.060000e+02	2.825000e+02
668	4.700000e-01	3.065000e+02	2.830000e+02
669	4.700000e-01	3.070000e+02	2.835000e+02
670	4.700000e-01	3.075000e+02	2.840000e+02
671	4.700000e-01	3.080000e+02	2.845000e+02
672	4.700000e-01	3.085000e+02	2.850000e+02
673	4.700000e-01	3.090000e+02	2.855000e+02
674	4.700000e-01	3.095000e+02	2.860000e+02
675	4.700000e-01	3.100000e+02	2.865000e+02
676	4.700000e-01	3.105000e+02	2.870000e+02
677	4.700000e-01	3.110000e+02	2.875000e+02
678	4.700000e-01	3.115000e+02	2.880000e+02
679	4.700000e-01	3.120000e+02	2.885000e+02
680	4.700000e-01	3.125000e+02	2.890000e+02
681	4.700000e-01	3.130000e+02	2.895000e+02
682	4.700000e-01	3.135000e+02	2.900000e+02
683	4.700000e-01	3.140000e+02	2.905000e+02
684	4.700000e-01	3.145000e+02	2.910000e+02
685	4.700000e-01	3.150000e+02	2.915000e+02
686	4.700000e-01	3.155000e+02	2.920000e+02
687	4.800000e-01	3.160000e+02	2.920000e+02
688	4.800000e-01	3.165000e+02	2.925000e+02
689	4.800000e-01	3.170000e+02	2.930000e+02
690	4.800000e-01	3.175000e+02	2.935000e+02
691	4.800000e-01	3.180000e+02	2.940000e+02
692	4.800000e-01	3.185000e+02	2.945000e+02
693	4.900000e-01	3.190000e+02	2.945000e+02
694	4.900000e-01	3.195000e+02	2.950000e+02
695	4.900000e-01	3.200000e+02	2.955000e+02
696	4.900000e-01	3.205000e+02	2.960000e+02
697	4.900000e-01	3.210000e+02	2.965000e+02
698	4.900000e-01	3.215000e+02	2.970000e+02
699	4.900000e-01	3.220000e+02	2.975000e+02
700	4.900000e-01	3.225000e+02	2.980000e+02
701	4.900000e-01	3.230000e+02	2.985000e+02
702	4.900000e-01	3.235000e+02	2.990000e+02
703	4.900000e-01	3.240000e+02	2.995000e+02
704	4.900000e-01	3.245000e+02	3.000000e+02
705	4.900000e-01	3.250000e+02	3.005000e+02
706	4.900000e-01	3.255000e+02	3.010000e+02
707	4.900000e-01	3.260000e+02	3.015000e+02
708	4.900000e-01	3.265000e+02	3.020000e+02
709	4.900000e-01	3.270000e+02	3.025000e+02
710	4.900000e-01	3.275000e+02	3.030000e+02
711	4.900000e-01	3.280000e+02	3.035000e+02
712	4.900000e-01	3.285000e+02	3.040000e+02
713	4.900000e-01	3.290000e+02	3.045000e+02
714	4.900000e-01	3.295000e+02	3.050000e+02
715	4.900000e-01	3.300000e+02	3.055000e+02
716	4.900000e-01	3.305000e+02	3.060000e+02
717	4.900000e-01	3.310000e+02	3.065000e+02
718	4.900000e-01	3.315000e+02	3.070000e+02
719	4.900000e-01	3.320000e+02	3.075000e+02
720	4.900000e-01	3.325000e+02	3.080000e+02
721	4.900000e-01	3.330000e+02	3.085000e+02
722	4.900000e-01	3.335000e+02	3.090000e+02
723	4.900000e-01	3.340000e+02	3.095000e+02
724	4.900000e-01	3.345000e+02	3.100000e+02
725	4.900000e-01	3.350000e+02	3.105000e+02
726	4.900000e-01	3.355000e+02	3.110000e+02
727	4.900000e-01	3.360000e+02	3.115000e+02
728	4.900000e-01	3.365000e+02	3.120000e+02
729	4.900000e-01	3.370000e+02	3.125000e+02
730	4.900000e-01	3.375000e+02	3.130000e+02
731	4.900000e-01	3.380000e+02	3.135000e+02
732	4.900000e-01	3.385000e+02	3.140000e+02
733	4.900000e-01	3.390000e+02	3.145000e+02
734	4.900000e-01	3.395000e+02	3.150000e+02
735	4.900000e-01	3.400000e+02	3.155000e+02
736	4.900000e-01	3.405000e+02	3.160000e+02
737	4.900000e-01	3.410000e+02	3.165000e+02
738	4.900000e-01	3.415000e+02	3.170000e+02
739	4.900000e-01	3.420000e+02	3.175000e+02
740	4.900000e-01	3.425000e+02	3.180000e+02
741	4.900000e-01	3.430000e+02	3.185000e+02
742	4.900000e-01	3.435000e+02	3.190000e+02
743	4.900000e-01	3.440000e+02	3.195000e+02
744	4.900000e-01	3.445000e+02	3.200000e+02
745	4.900000e-01	3.450000e+02	3.205000e+02
746	4.900000e-01	3.455000e+02	3.210000e+02
747	4.900000e-01	3.460000e+02	3.215000e+02
748	4.900000e-01	3.465000e+02	3.220000e+02
749	4.900000e-01	3.470000e+02	3.225000e+02
750	4.900000e-01	3.475000e+02	3.230000e+02
751	4.900000e-01	3.480000e+02	3.235000e+02
752	4.900000e-01	3.485000e+02	3.240000e+02
753	4.900000e-01	3.490000e+02	3.245000e+02
754	4.900000e-01	3.495000e+02	3.250000e+02
755	4.900000e-01	3.500000e+02	3.255000e+02
756	4.900000e-01	3.505000e+02	3.260000e+02
757	4.900000e-01	3.510000e+02	3.265000e+02
758	4.900000e-01	3.515000e+02	3.270000e+02
759	4.900000e-01	3.520000e+02	3.275000e+02
760	4.900000e-01	3.525000e+02	3.280000e+02
761	4.900000e-01	3.530000e+02	3.285000e+02
762	4.900000e-01	3.535000e+02	3.290000e+02
763	4.900000e-01	3.540000e+02	3.295000e+02
764	4.900000e-01	3.545000e+02	3.300000e+02
765	4.900000e-01	3.550000e+02	3.305000e+02
766	4.900000e-01	3.555000e+02	3.310000e+02
767	4.900000e-01	3.560000e+02	3.315000e+02
768	4.900000e-01	3.565000e+02	3.320000e+02
769	4.900000e-01	3.570000e+02	3.325000e+02
770	4.900000e-01	3.575000e+02	3.330000e+02
771	4.900000e-01	3.580000e+02	3.335000e+02
772	4.900000e-01	3.585000e+02	3.340000e+02
773	4.900000e-01	3.590000e+02	3.345000e+02
774	4.900000e-01	3.595000e+02	3.350000e+02
775	4.900000e-01	3.600000e+02	3.355000e+02
776	4.900000e-01	3.605000e+02	3.360000e+02
777	4.900000e-01	3.610000e+02	3.365000e+02
778	4.900000e-01	3.615000e+02	3.370000e+02
779	4.900000e-01	3.620000e+02	3.375000e+02
780	4.900000e-01	3.625000e+02	3.380000e+02
781	4.900000e-01	3.630000e+02	3.385000e+02
782	4.900000e-01	3.635000e+02	3.390000e+02
783	4.900000e-01	3.640000e+02	3.395000e+02
784	4.900000e-01	3.645000e+02	3.400000e+02
785	4.900000e-01	3.650000e+02	3.405000e+02
786	4.900000e-01	3.655000e+02	3.410000e+02
787	4.900000e-01	3.660000e+02	3.415000e+02
788	4.900000e-01	3.665000e+02	3.420000e+02
789	4.900000e-01	3.670000e+02	3.425000e+02
790	4.900000e-01	3.675000e+02	3.430000e+02
791	4.900000e-01	3.680000e+02	3.435000e+02
792	4.900000e-01	3.685000e+02	3.440000e+02
793	4.900000e-01	3.690000e+02	3.445000e+02
794	4.900000e-01	3.695000e+02	3.450000e+02
795	4.900000e-01	3.700000e+02	3.455000e+02
796	4.900000e-01	3.705000e+02	3.460000e+02
797	4.900000e-01	3.710000e+02	3.465000e+02
798	4.900000e-01	3.715000e+02	3.470000e+02
799	4.900000e-01	3.720000e+02	3.475000e+02
800	4.900000e-01	3.725000e+02	3.480000e+02
801	4.900000e-01	3.730000e+02	3.485000e+02
802	4.900000e-01	3.735000e+02	3.490000e+02
803	4.900000e-01	3.740000e+02	3.495000e+02
804	4.900000e-01	3.745000e+02	3.500000e+02
805	4.900000e-01	3.750000e+02	3.505000e+02
806	4.900000e-01	3.755000e+02	3.510000e+02
807	4.900000e-01	3.760000e+02	3.515000e+02
808	4.900000e-01	3.765000e+02	3.520000e+02
809	4.900000e-01	3.770000e+02	3.525000e+02
810	4.900000e-01	3.775000e+02	3.530000e+02
811	4.900000e-01	3.780000e+02	3.535000e+02
812	4.900000e-01	3.785000e+02	3.540000e+02
813	4.900000e-01	3.790000e+02	3.545000e+02
814	4.900000e-01	3.795000e+02	3.550000e+02
815	4.900000e-01	3.800000e+02	3.555000e+02
816	4.900000e-01	3.805000e+02	3.560000e+02
817	4.900000e-01	3.810000e+02	3.565000e+02
818	4.900000e-01	3.815000e+02	3.570000e+02
819	4.900000e-01	3.820000e+02	3.575000e+02
820	4.900000e-01	3.825000e+02	3.580000e+02
821	4.900000e-01	3.830000e+02	3.585000e+02
822	4.900000e-01	3.835000e+02	3.590000e+02
823	4.900000e-01	3.840000e+02	3.595000e+02
824	4.900000e-01	3.845000e+02	3.600000e+02
825	4.900000e-01	3.850000e+02	3.605000e+02
826	4.900000e-01	3.855000e+02	3.610000e+02
827	4.900000e-01	3.860000e+02	3.615000e+02
828	4.900000e-01	3.865000e+02	3.620000e+02
829	4.900000e-01	3.870000e+02	3.625000e+02
830	4.900000e-01	3.875000e+02	3.630000e+02
831	4.900000e-01	3.880000e+02	3.635000e+02
832	4.900000e-01	3.885000e+02	3.640000e+02
833	4.900000e-01	3.890000e+02	3.645000e+02
834	4.900000e-01	3.895000e+02	3.650000e+02
835	4.900000e-01	3.900000e+02	3.655000e+02
836	4.900000e-01	3.905000e+02	3.660000e+02
837	4.900000e-01	3.910000e+02	3.665000e+02
838	4.900000e-01	3.915000e+02	3.670000e+02
839	4.900000e-01	3.920000e+02	3.675000e+02
840	4.900000e-01	3.925000e+02	3.680000e+02
841	4.900000e-01	3.930000e+02	3.685000e+02
842	4.900000e-01	3.935000e+02	3.690000e+02
843	4.900000e-01	3.940000e+02	3.695000e+02
844	4.900000e-01	3.945000e+02	3.700000e+02
845	4.900000e-01	3.950000e+02	3.705000e+02
846	4.900000e-01	3.955000e+02	3.710000e+02
847	4.900000e-01	3.960000e+02	3.715000e+02
848	4.900000e-01	3.965000e+02	3.720000e+02
849	4.900000e-01	3.970000e+02	3.725000e+02
850	4.900000e-01	3.975000e+02	3.730000e+02
851	4.900000e-01	3.980000e+02	3.735000e+02
852	4.900000e-01	3.985000e+02	3.740000e+02
853	4.900000e-01	3.990000e+02	3.745000e+02
854	4.900000e-01	3.995000e+02	3.750000e+02
855	4.900000e-01	4.000000e+02	3.755000e+02
856	4.900000e-01	4.005000e+02	3.760000e+02
857	4.900000e-01	4.010000e+02	3.765000e+02
858	4.900000e-01	4.015000e+02	3.770000e+02
859	4.900000e-01	4.020000e+02	3.775000e+02
860	4.900000e-01	4.025000e+02	3.780000e+02
861	4.900000e-01	4.030000e+02	3.785000e+02
862	4.900000e-01	4.035000e+02	3.790000e+02
863	4.900000e-01	4.040000e+02	3.795000e+02
864	4.900000e-01	4.045000e+02	3.800000e+02
865	4.900000e-01	4.050000e+02	3.805000e+02
866	4.900000e-01	4.055000e+02	3.810000e+02
867	4.900000e-01	4.060000e+02	3.815000e+02
868	4.900000e-01	4.065000e+02	3.820000e+02
869	4.900000e-01	4.070000e+02	3.825000e+02
870	4.900000e-01	4.075000e+02	3.830000e+02
871	4.900000e-01	4.080000e+02	3.835000e+02
872	4.900000e-01	4.085000e+02	3.840000e+02
873	4.900000e-01	4.090000e+02	3.845000e+02
874	4.900000e-01	4.095000e+02	3.850000e+02
875	4.900000e-01	4.100000e+02	3.855000e+02
876	4.900000e-01	4.105000e+02	3.860000e+02
877	4.900000e-01	4.110000e+02	3.865000e+02
878	4.900000e-01	4.115000e+02	3.870000e+02
879	4.900000e-01	4.120000e+02	3.875000e+02
880	4.900000e-01	4.125000e+02	3.880000e+02
881	4.900000e-01	4.130000e+02	3.885000e+02
882	4.900000e-01	4.135000e+02	3.890000e+02
883	4.900000e-01	4.140000e+02	3.895000e+02
884	4.900000e-01	4.145000e+02	3.900000e+02
885	4.900000e-01	4.150000e+02	3.905000e+02
886	4.900000e-01	4.155000e+02	3.910000e+02
887	4.900000e-01	4.160000e+02	3.915000e+02
888	4.900000e-01	4.165000e+02	3.920000e+02
889	4.900000e-01	4.170000e+02	3.925000e+02
890	4.900000e-01	4.175000e+02	3.930000e+02
891	4.900000e-01	4.180000e+02	3.935000e+02
892	4.900000e-01	4.185000e+02	3.940000e+02
893	4.900000e-01	4.190000e+02	3.945000e+02
894	4.900000e-01	4.195000e+02	3.950000e+02
895	4.900000e-01	4.200000e+02	3.955000e+02
896	4.900000e-01	4.205000e+02	3.960000e+02
897	4.900000e-01	4.210000e+02	3.965000e+02
898	4.900000e-01	4.215000e+02	3.970000e+02
899	4.900000e-01	4.220000e+02	3.975000e+02
900	4.900000e-01	4.225000e+02	3.980000e+02
901	4.900000e-01	4.230000e+02	3.985000e+02
902	4.900000e-01	4.235000e+02	3.990000e+02
903	4.900000e-01	4.240000e+02	3.995000e+02
904	4.900000e-01	4.245000e+02	4.000000e+02
905	4.900000e-01	4.250000e+02	4.005000e+02
906	4.900000e-01	4.255000e+02	4.010000e+02
907	4.900000e-01	4.260000e+02	4.015000e+02
908	4.900000e-01	4.265000e+02	4.020000e+02
909	4.900000e-01	4.270000e+02	4.025000e+02
910	4.900000e-01	4.275000e+02	4.030000e+02
911	4.900000e-01	4.280000e+02	4.035000e+02
912	4.900000e-01	4.285000e+02	4.040000e+02
913	4.900000e-01	4.290000e+02	4.045000e+02
914	4.900000e-01	4.295000e+02	4.050000e+02
915	4.900000e-01	4.300000e+02	4.055000e+02
916	4.900000e-01	4.305000e+02	4.060000e+02
917	4.900000e-01	4.310000e+02	4.065000e+02
918	4.900000e-01	4.315000e+02	4.070000e+02
919	4.900000e-01	4.320000e+02	4.075000e+02
920	4.900000e-01	4.325000e+02	4.080000e+02
921	4.900000e-01	4.330000e+02	4.085000e+02
922	4.900000e-01	4.335000e+02	4.090000e+02
923	4.900000e-01	4.340000e+02	4.095000e+02
924	4.900000e-01	4.345000e+02	4.100000e+02
925	4.900000e-01	4.350000e+02	4.105000e+02
926	4.900000e-01	4.355000e+02	4.110000e+02
927	4.900000e-01	4.360000e+02	4.115000e+02
928	4.900000e-01	4.365000e+02	4.120000e+02
929	4.900000e-01	4.370000e+02	4.125000e+02
930	4.900000e-01	4.375000e+02	4.130000e+02
931	4.900000e-01	4.380000e+02	4.135000e+02
932	4.900000e-01	4.385000e+02	4.140000e+02
933	4.900000e-01	4.390000e+02	4.145000e+02
934	4.900000e-01	4.395000e+02	4.150000e+02
935	4.900000e-01	4.400000e+02	4.155000e+02
936	4.900000e-01	4.405000e+02	4.160000e+02
937	4.900000e-01	4.410000e+02	4.165000e+02
938	4.900000e-01	4.415000e+02	4.170000e+02
939	4.900000e-01	4.420000e+02	4.175000e+02
940	4.900000e-01	4.425000e+02	4.180000e+02
941	4.900000e-01	4.430000e+02	4.185000e+02
942	4.900000e-01	4.435000e+02	4.190000e+02
943	4.900000e-01	4.440000e+02	4.195000e+02
944	4.900000e-01	4.445000e+02	4.200000e+02
945	4.900000e-01	4.450000e+02	4.205000e+02
946	4.900000e-01	4.455000e+02	4.210000e+02
947	4.900000e-01	4.460000e+02	4.215000e+02
948	4.900000e-01	4.465000e+02	4.220000e+02
949	4.900000e-01	4.470000e+02	4.225000e+02
950	4.900000e-01	4.475000e+02	4.230000e+02
951	4.900000e-01	4.480000e+02	4.235000e+02
952	4.900000e-01	4.485000e+02	4.240000e+02
953	4.900000e-01	4.490000e+02	4.245000e+02
954	4.900000e-01	4.495000e+02	4.250000e+02
955	4.900000e-01	4.500000e+02	4.255000e+02
956	4.900000e-01	4.505000e+02	4.260000e+02
957	4.900000e-01	4.510000e+02	4.265000e+02
958	4.900000e-01	4.515000e+02	4.270000e+02
959	4.900000e-01	4.520000e+02	4.275000e+02
960	4.900000e-01	4.525000e+02	4.280000e+02
961	4.900000e-01	4.530000e+02	4.285000e+02
962	4.900000e-01	4.535000e+02	4.290000e+02
963	4.900000e-01	4.540000e+02	4.295000e+02
964	4.900000e-01	4.545000e+02	4.300000e+02
965	4.900000e-01	4.550000e+02	4.305000e+02
966	4.900000e-01	4.555000e+02	4.310000e+02
967	4.900000e-01	4.560000e+02	4.315000e+02
968	4.900000e-01	4.565000e+02	4.320000e+02
969	4.900000e-01	4.570000e+02	4.325000e+02
970	4.900000e-01	4.575000e+02	4.330000e+02
971	4.900000e-01	4.580000e+02	4.335000e+02
972	4.900000e-01	4.585000e+02	4.340000e+02
973	4.900000e-01	4.590000e+02	4.345000e+02
974	4.900000e-01	4.595000e+02	4.350000e+02
975	4.900000e-01	4.600000e+02	4.355000e+02
976	4.900000e-01	4.605000e+02	4.360000e+02
977	4.900000e-01	4.610000e+02	4.365000e+02
978	4.900000e-01	4.615000e+02	4.370000e+02
979	4.900000e-01	4.620000e+02	4.375000e+02
980	4.900000e-01	4.625000e+02	4.380000e+02
981	4.900000e-01	4.630000e+02	4.385000e+02
982	4.900000e-01	4.635000e+02	4.390000e+02
983	4.900000e-01	4.640000e+02	4.395000e+02
984	4.900000e-01	4.645000e+02	4.400000e+02
985	4.900000e-01	4.650000e+02	4.405000e+02
986	4.900000e-01	4.655000e+02	4.410000e+02
987	4.900000e-01	4.660000e+02	4.415000e+02
988	4.900000e-01	4.665000e+02	4.420000e+02
989	4.900000e-01	4.670000e+02	4.425000e+02
990	4.900000e-01	4.675000e+02	4.430000e+02
991	4.900000e-01	4.680000e+02	4.435000e+02
992	4.900000e-01	4.685000e+02	4.440000e+02
993	4.900000e-01	4.690000e+02	4.445000e+02
994	4.900000e-01	4.695000e+02	4.450000e+02
995	4.900000e-01	4.700000e+02	4.455000e+02
996	4.900000e-01	4.705000e+02	4.460000e+02
997	4.900000e-01	4.710000e+02	4.465000e+02
998	4.900000e-01	4.715000e+02	4.470000e+02
999	4.900000e-01	4.720000e+02	4.475000e+02
1000	4.900000e-01	4.725000e+02	4.480000e+02
1001	4.900000e-01	4.730000e+02	4.485000e+02
1002	4.900000e-01	4.735000e+02	4.490000e+02
1003	4.900000e-01	4.740000e+02	4.495000e+02
1004	4.900000e-01	4.745000e+02	4.500000e+02
1005	4.900000e-01	4.750000e+02	4.505000e+02
1006	4.900000e-01	4.755000e+02	4.510000e+02
1007	4.900000e-01	4.760000e+02	4.515000e+02
1008	4.900000e-01	4.765000e+02	4.520000e+02
1009	4.900000e-01	4.770000e+02	4.525000e+02
1010	4.900000e-01	4.775000e+02	4.530000e+02
1011	4.900000e-01	4.780000e+02	4.535000e+02
1012	4.900000e-01	4.785000e+02	4.540000e+02
1013	4.900000e-01	4.790000e+02	4.545000e+02
1014	4.900000e-01	4.795000e+02	4.550000e+02
1015	4.900000e-01	4.800000e+02	4.555000e+02
1016	4.900000e-01	4.805000e+02	4.560000e+02
1017	4.900000e-01	4.810000e+02	4.565000e+02
1018	4.900000e-01	4.815000e+02	4.570000e+02
1019	4.900000e-01	4.820000e+02	4.575000e+02
1020	4.900000e-01	4.825000e+02	4.580000e+02
1021	4.900000e-01	4.830000e+02	4.585000e+02
1022	4.900000e-01	4.835000e+02	4.590000e+02
1023	4.900000e-01	4.840000e+02	4.595000e+02
1024	4.900000e-01	4.845000e+02	4.600000e+02
1025	4.900000e-01	4.850000e+02	4.605000e+02
1026	4.900000e-01	4.855000e+02	4.610000e+02
1027	4.900000e-01	4.860000e+02	4.615000e+02
1028	4.900000e-01	4.865000e+02	4.620000e+02
1029	4.900000e-01	4.870000e+02	4.625000e+02
1030	4.900000e-01	4.875000e+02	4.630000e+02
1031	4.900000e-01	4.880000e+02	4.635000e+02
1032	4.900000e-01	4.885000e+02	4.640000e+02
1033	4.900000e-01	4.890000e+02	4.645000e+02
1034	4.900000e-01	4.895000e+02	4.650000e+02
1035	4.900000e-01	4.900000e+02	4.655000e+02
1036	4.900000e-01	4.905000e+02	4.660000e+02
1037	4.900000e-01	4.910000e+02	4.665000e+02
1038	4.900000e-01	4.915000e+02	4.670000e+02
1039	4.900000e-01	4.920000e+02	4.675000e+02
1040	4.900000e-01	4.925000e+02	4.680000e+02
1041	4.900000e-01	4.930000e+02	4.685000e+02
1042	4.900000e-01	4.935000e+02	4.690000e+02
1043	4.900000e-01	4.940000e+02	4.695000e+02
1044	4.900000e-01	4.945000e+02	4.700000e+02
1045	4.900000e-01	4.950000e+02	4.705000e+02
1046	4.900000e-01	4.955000e+02	4.710000e+02
1047	4.900000e-01	4.960000e+02	4.715000e+02
1048	4.900000e-01	4.965000e+02	4.720000e+02
1049	4.900000e-01	4.970000e+02	4.725000e+02
1050	4.900000e-01	4.975000e+02	4.730000e+02
1051	4.900000e-01	4.980000e+02	4.735000e+02
1052	4.900000e-01	4.985000e+02	4.740000e+02
1053	4.900000e-01	4.990000e+02	4.745000e+02
1054	4.900000e-01	4.995000e+02	4.750000e+02
1055	4.900000e-01	5.000000e+02	4.755000e+02
1056	4.900000e-01	5.005000e+02	4.760000e+02
1057	4.900000e-01	5.010000e+02	4.765000e+02
1058	4.900000e-01	5.015000e+02	4.770000e+02
1059	4.900000e-01	5.020000e+02	4.775000e+02
1060	4.900000e-01	5.025000e+02	4.780000e+02
1061	4.900000e-01	5.030000e+02	4.785000e+02
1062	4.900000e-01	5.035000e+02	4.790000e+02
1063	4.900000e-01	5.040000e+02	4.795000e+02
1064	4.900000e-01	5.045000e+02	4.800000e+02
1065	4.900000e-01	5.050000e+02	4.805000e+02
1066	4.900000e-01	5.055000e+02	4.810000e+02
1067	4.900000e-01	5.060000e+02	4.815000e+02
1068	4.900000e-01	5.065000e+02	4.820000e+02
1069	4.900000e-01	5.070000e+02	4.825000e+02
1070	4.900000e-01	5.075000e+02	4.830000e+02
1071	4.900000e-01	5.080000e+02	4.835000e+02
1072	4.900000e-01	5.085000e+02	4.840000e+02
1073	4.900000e-01	5.090000e+02	4.845000e+02
1074	4.900000e-01	5.095000e+02	4.850000e+02
1075	4.900000e-01	5.100000e+02	4.855000e+02
1076	4.900000e-01	5.105000e+02	4.860000e+02
1077	4.900000e-01	5.110000e+02	4.865000e+02
1078	4.900000e-01	5.115000e+02	4.870000e+02
1079	4.900000e-01	5.120000e+02	4.875000e+02
1080	4.900000e-01	5.125000e+02	4.880000e+02
1081	4.900000e-01	5.130000e+02	4.885000e+02
1082	4.900000e-01	5.135000e+02	4.890000e+02
1083	4.900000e-01	5.140000e+02	4.895000e+02
1084	4.900000e-01	5.145000e+02	4.900000e+02
1085	4.900000e-01	5.150000e+02	4.905000e+02
1086	4.900000e-01	5.155000e+02	4.910000e+02
1087	4.900000e-01	5.160000e+02	4.915000e+02
1088	4.900000e-01	5.165000e+02	4.920000e+02
1089	4.900000e-01	5.170000e+02	4.925000e+02
1090	4.900000e-01	5.175000e+02	4.930000e+02
1091	4.900000e-01	5.180000e+02	4.935000e+02
1092	4.900000e-01	5.185000e+02	4.940000e+02
1093	4.900000e-01	5.190000e+02	4.945000e+02
1094	4.900000e-01	5.195000e+02	4.950000e+02
1095	4.900000e-01	5.200000e+02	4.955000e+02
1096	4.900000e-01	5.205000e+02	4.960000e+02
1097	4.900000e-01	5.210000e+02	4.965000e+02
1098	4.900000e-01	5.215000e+02	4.970000e+02
1099	4.900000e-01	5.220000e+02	4.975000e+02
1100	4.900000e-01	5.225000e+02	4.980000e+02
1101	4.900000e-01	5.230000e+02	4.985000e+02
1102	4.900000e-01	5.235000e+02	4.990000e+02
1103	4.900000e-01	5.240000e+02	4.995000e+02
1104	4.900000e-01	5.245000e+02	5.000000e+02
1105	4.900000e-01	5.250000e+02	5.005000e+02
1106	4.900000e-01	5.255000e+02	5.010000e+02
1107	4.900000e-01	5.260000e+02	5.015000e+02
1108	4.900000e-01	5.265000e+02	5.020000e+02
1109	4.900000e-01	5.270000e+02	5.025000e+02
1110	4.900000e-01	5.275000e+02	5.030000e+02
1111	4.900000e-01	5.280000e+02	5.035000e+02
1112	4.900000e-01	5.285000e+02	5.040000e+02
1113	4.900000e-01	5.290000e+02	5.045000e+02
1114	4.900000e-01	5.295000e+02	5.050000e+02
1115	4.900000e-01	5.300000e+02	5.055000e+02
1116	4.900000e-01	5.305000e+02	5.060000e+02
1117	4.900000e-01	5.310000e+02	5.065000e+02
1118	4.900000e-01	5.315000e+02	5.070000e+02
1119	4.900000e-01	5.320000e+02	5.075000e+02
1120	4.900000e-01	5.325000e+02	5.080000e+02
1121	4.900000e-01	5.330000e+02	5.085000e+02
1122	4.900000e-01	5.335000e+02	5.090000e+02
1123	4.900000e-01	5.340000e+02	5.095000e+02
1124	4.900000e-01	5.345000e+02	5.100000e+02
1125	4.900000e-01	5.350000e+02	5.105000e+02
1126	4.900000e-01	5.355000e+02	5.110000e+02
1127	4.900000e-01	5.360000e+02	5.115000e+02
1128	4.900000e-01	5.365000e+02	5.120000e+02
1129	4.900000e-01	5.370000e+02	5.125000e+02
1130	4.800000e-01	5.370000e+02	5.130000e+02
1131	4.800000e-01	5.375000e+02	5.135000e+02
1132	4.800000e-01	5.380000e+02	5.140000e+02
1133	4.800000e-01	5.385000e+02	5.145000e+02
1134	4.800000e-01	5.390000e+02	5.150000e+02
1135	4.800000e-01	5.395000e+02	5.155000e+02
1136	4.800000e-01	5.400000e+02	5.160000e+02
1137	4.800000e-01	5.405000e+02	5.165000e+02
1138	4.800000e-01	5.410000e+02	5.170000e+02
1139	4.800000e-01	5.415000e+02	5.175000e+02
1140	4.800000e-01	5.420000e+02	5.180000e+02
1141	4.800000e-01	5.425000e+02	5.185000e+02
1142	4.800000e-01	5.430000e+02	5.190000e+02
1143	4.800000e-01	5.435000e+02	5.195000e+02
1144	4.800000e-01	5.440000e+02	5.200000e+02
1145	4.800000e-01	5.445000e+02	5.205000e+02
1146	4.800000e-01	5.450000e+02	5.210000e+02
1147	4.800000e-01	5.455000e+02	5.215000e+02
1148	4.800000e-01	5.460000e+02	5.220000e+02
1149	4.800000e-01	5.465000e+02	5.225000e+02
1150	4.700000e-01	5.465000e+02	5.230000e+02
1151	4.700000e-01	5.470000e+02	5.235000e+02
1152	4.700000e-01	5.475000e+02	5.240000e+02
1153	4.700000e-01	5.480000e+02	5.245000e+02
1154	4.700000e-01	5.485000e+02	5.250000e+02
1155	4.700000e-01	5.490000e+02	5.255000e+02
1156	4.700000e-01	5.495000e+02	5.260000e+02
1157	4.700000e-01	5.500000e+02	5.265000e+02
1158	4.700000e-01	5.505000e+02	5.270000e+02
1159	4.700000e-01	5.510000e+02	5.275000e+02
1160	4.700000e-01	5.515000e+02	5.280000e+02
1161	4.700000e-01	5.520000e+02	5.285000e+02
1162	4.700000e-01	5.525000e+02	5.290000e+02
1163	4.700000e-01	5.530000e+02	5.295000e+02
1164	4.700000e-01	5.535000e+02	5.300000e+02
1165	4.700000e-01	5.540000e+02	5.305000e+02
1166	4.700000e-01	5.545000e+02	5.310000e+02
1167	4.700000e-01	5.550000e+02	5.315000e+02
1168	4.700000e-01	5.555000e+02	5.320000e+02
1169	4.700000e-01	5.560000e+02	5.325000e+02
1170	4.700000e-01	5.565000e+02	5.330000e+02
1171	4.700000e-01	5.570000e+02	5.335000e+02
1172	4.700000e-01	5.575000e+02	5.340000e+02
1173	4.700000e-01	5.580000e+02	5.345000e+02
1174	4.700000e-01	5.585000e+02	5.350000e+02
1175	4.700000e-01	5.590000e+02	5.355000e+02
1176	4.700000e-01	5.595000e+02	5.360000e+02
1177	4.700000e-01	5.600000e+02	5.365000e+02
1178	4.700000e-01	5.605000e+02	5.370000e+02
1179	4.800000e-01	5.610000e+02	5.370000e+02
1180	4.800000e-01	5.615000e+02	5.375000e+02
1181	4.800000e-01	5.620000e+02	5.380000e+02
1182	4.800000e-01	5.625000e+02	5.385000e+02
1183	4.800000e-01	5.630000e+02	5.390000e+02
1184	4.800000e-01	5.635000e+02	5.395000e+02
1185	4.800000e-01	5.640000e+02	5.400000e+02
1186	4.800000e-01	5.645000e+02	5.405000e+02
1187	4.800000e-01	5.650000e+02	5.410000e+02
1188	4.800000e-01	5.655000e+02	5.415000e+02
1189	4.800000e-01	5.660000e+02	5.420000e+02
1190	4.800000e-01	5.665000e+02	5.425000e+02
1191	4.800000e-01	5.670000e+02	5.430000e+02
1192	4.800000e-01	5.675000e+02	5.435000e+02
1193	4.800000e-01	5.680000e+02	5.440000e+02
1194	4.800000e-01	5.685000e+02	5.445000e+02
1195	4.800000e-01	5.690000e+02	5.450000e+02
1196	4.800000e-01	5.695000e+02	5.455000e+02
1197	4.800000e-01	5.700000e+02	5.460000e+02
1198	4.800000e-01	5.705000e+02	5.465000e+02
1199	4.900000e-01	5.710000e+02	5.465000e+02
1200	4.900000e-01	5.715000e+02	5.470000e+02
1201	4.900000e-01	5.720000e+02	5.475000e+02
1202	4.900000e-01	5.725000e+02	5.480000e+02
1203	4.900000e-01	5.730000e+02	5.485000e+02
1204	4.900000e-01	5.735000e+02	5.490000e+02
1205	4.900000e-01	5.740000e+02	5.495000e+02
1206	4.900000e-01	5.745000e+02	5.500000e+02
1207	4.900000e-01	5.750000e+02	5.505000e+02
1208	4.900000e-01	5.755000e+02	5.510000e+02
1209	4.900000e-01	5.760000e+02	5.515000e+02
1210	4.900000e-01	5.765000e+02	5.520000e+02
1211	4.900000e-01	5.770000e+02	5.525000e+02
1212	4.900000e-01	5.775000e+02	5.530000e+02
1213	4.900000e-01	5.780000e+02	5.535000e+02
1214	4.900000e-01	5.785000e+02	5.540000e+02
1215	4.900000e-01	5.790000e+02	5.545000e+02
1216	4.900000e-01	5.795000e+02	5.550000e+02
1217	4.900000e-01	5.800000e+02	5.555000e+02
1218	4.900000e-01	5.805000e+02	5.560000e+02
1219	4.900000e-01	5.810000e+02	5.565000e+02
1220	4.900000e-01	5.815000e+02	5.570000e+02
1221	4.900000e-01	5.820000e+02	5.575000e+02
1222	4.900000e-01	5.825000e+02	5.580000e+02
1223	4.900000e-01	5.830000e+02	5.585000e+02
1224	4.900000e-01	5.835000e+02	5.590000e+02
1225	4.900000e-01	5.840000e+02	5.595000e+02
1226	4.900000e-01	5.845000e+02	5.600000e+02
1227	4.900000e-01	5.850000e+02	5.605000e+02
1228	4.900000e-01	5.855000e+02	5.610000e+02
1229	4.900000e-01	5.860000e+02	5.615000e+02
1230	4.900000e-01	5.865000e+02	5.620000e+02
1231	4.900000e-01	5.870000e+02	5.625000e+02
1232	4.900000e-01	5.875000e+02	5.630000e+02
1233	4.900000e-01	5.880000e+02	5.635000e+02
1234	4.900000e-01	5.885000e+02	5.640000e+02
1235	4.900000e-01	5.890000e+02	5.645000e+02
1236	4.900000e-01	5.895000e+02	5.650000e+02
1237	4.900000e-01	5.900000e+02	5.655000e+02
1238	4.900000e-01	5.905000e+02	5.660000e+02
1239	4.900000e-01	5.910000e+02	5.665000e+02
1240	4.900000e-01	5.915000e+02	5.670000e+02
1241	4.900000e-01	5.920000e+02	5.675000e+02
1242	4.900000e-01	5.925000e+02	5.680000e+02
1243	4.900000e-01	5.930000e+02	5.685000e+02
1244	4.900000e-01	5.935000e+02	5.690000e+02
1245	4.900000e-01	5.940000e+02	5.695000e+02
1246	4.900000e-01	5.945000e+02	5.700000e+02
1247	4.900000e-01	5.950000e+02	5.705000e+02
1248	4.900000e-01	5.955000e+02	5.710000e+02
1249	4.900000e-01	5.960000e+02	5.715000e+02
1250	4.900000e-01	5.965000e+02	5.720000e+02
1251	4.900000e-01	5.970000e+02	5.725000e+02
1252	4.900000e-01	5.975000e+02	5.730000e+02
1253	4.900000e-01	5.980000e+02	5.735000e+02
1254	4.900000e-01	5.985000e+02	5.740000e+02
1255	4.900000e-01	5.990000e+02	5.745000e+02
1256	4.900000e-01	5.995000e+02	5.750000e+02
1257	4.900000e-01	6.000000e+02	5.755000e+02
1258	4.900000e-01	6.005000e+02	5.760000e+02
1259	4.900000e-01	6.010000e+02	5.765000e+02
1260	4.900000e-01	6.015000e+02	5.770000e+02
1261	4.900000e-01	6.020000e+02	5.775000e+02
1262	4.900000e-01	6.025000e+02	5.780000e+02
1263	4.900000e-01	6.030000e+02	5.785000e+02
1264	4.900000e-01	6.035000e+02	5.790000e+02
1265	4.900000e-01	6.040000e+02	5.795000e+02
1266	4.900000e-01	6.045000e+02	5.800000e+02
1267	4.900000e-01	6.050000e+02	5.805000e+02
1268	4.900000e-01	6.055000e+02	5.810000e+02
1269	4.900000e-01	6.060000e+02	5.815000e+02
1270	4.900000e-01	6.065000e+02	5.820000e+02
1271	4.900000e-01	6.070000e+02	5.825000e+02
1272	4.900000e-01	6.075000e+02	5.830000e+02
1273	4.900000e-01	6.080000e+02	5.835000e+02
1274	4.900000e-01	6.085000e+02	5.840000e+02
1275	4.900000e-01	6.090000e+02	5.845000e+02
1276	4.900000e-01	6.095000e+02	5.850000e+02
1277	4.900000e-01	6.100000e+02	5.855000e+02
1278	4.900000e-01	6.105000e+02	5.860000e+02
1279	4.900000e-01	6.110000e+02	5.865000e+02
1280	4.900000e-01	6.115000e+02	5.870000e+02
1281	4.900000e-01	6.120000e+02	5.875000e+02
1282	4.900000e-01	6.125000e+02	5.880000e+02
1283	4.900000e-01	6.130000e+02	5.885000e+02
1284	4.900000e-01	6.135000e+02	5.890000e+02
1285	4.900000e-01	6.140000e+02	5.895000e+02
1286	4.900000e-01	6.145000e+02	5.900000e+02
1287	4.900000e-01	6.150000e+02	5.905000e+02
1288	4.900000e-01	6.155000e+02	5.910000e+02
1289	4.900000e-01	6.160000e+02	5.915000e+02
1290	4.900000e-01	6.165000e+02	5.920000e+02
1291	4.900000e-01	6.170000e+02	5.925000e+02
1292	4.900000e-01	6.175000e+02	5.930000e+02
1293	4.900000e-01	6.180000e+02	5.935000e+02
1294	4.900000e-01	6.185000e+02	5.940000e+02
1295	4.900000e-01	6.190000e+02	5.945000e+02
1296	4.900000e-01	6.195000e+02	5.950000e+02
1297	4.900000e-01	6.200000e+02	5.955000e+02
1298	4.900000e-01	6.205000e+02	5.960000e+02
1299	4.900000e-01	6.210000e+02	5.965000e+02
1300	4.900000e-01	6.215000e+02	5.970000e+02
1301	4.900000e-01	6.220000e+02	5.975000e+02
1302	4.900000e-01	6.225000e+02	5.980000e+02
1303	4.900000e-01	6.230000e+02	5.985000e+02
1304	4.900000e-01	6.235000e+02	5.990000e+02
1305	4.900000e-01	6.240000e+02	5.995000e+02
1306	4.900000e-01	6.245000e+02	6.000000e+02
1307	4.900000e-01	6.250000e+02	6.005000e+02
1308	4.900000e-01	6.255000e+02	6.010000e+02
1309	4.900000e-01	6.260000e+02	6.015000e+02
1310	4.900000e-01	6.265000e+02	6.020000e+02
1311	4.900000e-01	6.270000e+02	6.025000e+02
1312	4.900000e-01	6.275000e+02	6.030000e+02
1313	4.900000e-01	6.280000e+02	6.035000e+02
1314	4.900000e-01	6.285000e+02	6.040000e+02
1315	4.900000e-01	6.290000e+02	6.045000e+02
1316	4.900000e-01	6.295000e+02	6.050000e+02
1317	4.900000e-01	6.300000e+02	6.055000e+02
1318	4.900000e-01	6.305000e+02	6.060000e+02
1319	4.900000e-01	6.310000e+02	6.065000e+02
1320	4.900000e-01	6.315000e+02	6.070000e+02
1321	4.900000e-01	6.320000e+02	6.075000e+02
1322	4.900000e-01	6.325000e+02	6.080000e+02
1323	4.900000e-01	6.330000e+02	6.085000e+02
1324	4.900000e-01	6.335000e+02	6.090000e+02
1325	4.900000e-01	6.340000e+02	6.095000e+02
1326	4.900000e-01	6.345000e+02	6.100000e+02
1327	4.900000e-01	6.350000e+02	6.105000e+02
1328	4.900000e-01	6.355000e+02	6.110000e+02
1329	4.900000e-01	6.360000e+02	6.115000e+02
1330	4.900000e-01	6.365000e+02	6.120000e+02
1331	4.900000e-01	6.370000e+02	6.125000e+02
1332	4.900000e-01	6.375000e+02	6.130000e+02
1333	4.900000e-01	6.380000e+02	6.135000e+02
1334	4.900000e-01	6.385000e+02	6.140000e+02
1335	4.900000e-01	6.390000e+02	6.145000e+02
1336	4.900000e-01	6.395000e+02	6.150000e+02
1337	4.900000e-01	6.400000e+02	6.155000e+02
1338	4.900000e-01	6.405000e+02	6.160000e+02
1339	4.900000e-01	6.410000e+02	6.165000e+02
1340	4.900000e-01	6.415000e+02	6.170000e+02
1341	4.900000e-01	6.420000e+02	6.175000e+02
1342	4.900000e-01	6.425000e+02	6.180000e+02
1343	4.900000e-01	6.430000e+02	6.185000e+02
1344	4.900000e-01	6.435000e+02	6.190000e+02
1345	4.900000e-01	6.440000e+02	6.195000e+02
1346	4.900000e-01	6.445000e+02	6.200000e+02
1347	4.900000e-01	6.450000e+02	6.205000e+02
1348	4.900000e-01	6.455000e+02	6.210000e+02
1349	4.900000e-01	6.460000e+02	6.215000e+02
1350	4.900000e-01	6.465000e+02	6.220000e+02
1351	4.900000e-01	6.470000e+02	6.225000e+02
1352	4.900000e-01	6.475000e+02	6.230000e+02
1353	4.900000e-01	6.480000e+02	6.235000e+02
1354	4.900000e-01	6.485000e+02	6.240000e+02
1355	4.900000e-01	6.490000e+02	6.245000e+02
1356	4.900000e-01	6.495000e+02	6.250000e+02
1357	4.900000e-01	6.500000e+02	6.255000e+02
1358	4.900000e-01	6.505000e+02	6.260000e+02
1359	4.900000e-01	6.510000e+02	6.265000e+02
1360	4.900000e-01	6.515000e+02	6.270000e+02
1361	4.900000e-01	6.520000e+02	6.275000e+02
1362	4.900000e-01	6.525000e+02	6.280000e+02
1363	4.900000e-01	6.530000e+02	6.285000e+02
1364	4.900000e-01	6.535000e+02	6.290000e+02
1365	4.900000e-01	6.540000e+02	6.295000e+02
1366	4.900000e-01	6.545000e+02	6.300000e+02
1367	4.900000e-01	6.550000e+02	6.305000e+02
1368	4.900000e-01	6.555000e+02	6.310000e+02
1369	4.900000e-01	6.560000e+02	6.315000e+02
1370	4.900000e-01	6.565000e+02	6.320000e+02
1371	4.900000e-01	6.570000e+02	6.325000e+02
1372	4.900000e-01	6.575000e+02	6.330000e+02
1373	4.900000e-01	6.580000e+02	6.335000e+02
1374	4.900000e-01	6.585000e+02	6.340000e+02
1375	4.900000e-01	6.590000e+02	6.345000e+02
1376	4.900000e-01	6.595000e+02	6.350000e+02
1377	4.900000e-01	6.600000e+02	6.355000e+02
1378	4.900000e-01	6.605000e+02	6.360000e+02
1379	4.900000e-01	6.610000e+02	6.365000e+02
1380	4.900000e-01	6.615000e+02	6.370000e+02
1381	4.900000e-01	6.620000e+02	6.375000e+02
1382	4.900000e-01	6.625000e+02	6.380000e+02
1383	4.900000e-01	6.630000e+02	6.385000e+02
1384	4.900000e-01	6.635000e+02	6.390000e+02
1385	4.900000e-01	6.640000e+02	6.395000e+02
1386	4.900000e-01	6.645000e+02	6.400000e+02
1387	4.900000e-01	6.650000e+02	6.405000e+02
1388	4.900000e-01	6.655000e+02	6.410000e+02
1389	4.900000e-01	6.660000e+02	6.415000e+02
1390	4.900000e-01	6.665000e+02	6.420000e+02
1391	4.900000e-01	6.670000e+02	6.425000e+02
1392	4.900000e-01	6.675000e+02	6.430000e+02
1393	4.900000e-01	6.680000e+02	6.435000e+02
1394	4.900000e-01	6.685000e+02	6.440000e+02
1395	4.900000e-01	6.690000e+02	6.445000e+02
1396	4.900000e-01	6.695000e+02	6.450000e+02
1397	4.900000e-01	6.700000e+02	6.455000e+02
1398	4.900000e-01	6.705000e+02	6.460000e+02
1399	4.900000e-01	6.710000e+02	6.465000e+02
1400	4.900000e-01	6.715000e+02	6.470000e+02
1401	4.900000e-01	6.720000e+02	6.475000e+02
1402	4.900000e-01	6.725000e+02	6.480000e+02
1403	4.900000e-01	6.730000e+02	6.485000e+02
1404	4.900000e-01	6.735000e+02	6.490000e+02
1405	4.900000e-01	6.740000e+02	6.495000e+02
1406	4.900000e-01	6.745000e+02	6.500000e+02
1407	4.900000e-01	6.750000e+02	6.505000e+02
1408	4.900000e-01	6.755000e+02	6.510000e+02
1409	4.900000e-01	6.760000e+02	6.515000e+02
1410	4.800000e-01	6.760000e+02	6.520000e+02
1411	4.800000e-01	6.765000e+02	6.525000e+02
1412	4.800000e-01	6.770000e+02	6.530000e+02
1413	4.800000e-01	6.775000e+02	6.535000e+02
1414	4.800000e-01	6.780000e+02	6.540000e+02
1415	4.800000e-01	6.785000e+02	6.545000e+02
1416	4.800000e-01	6.790000e+02	6.550000e+02
1417	4.800000e-01	6.795000e+02	6.555000e+02
1418	4.800000e-01	6.800000e+02	6.560000e+02
1419	4.800000e-01	6.805000e+02	6.565000e+02
1420	4.800000e-01	6.810000e+02	6.570000e+02
1421	4.800000e-01	6.815000e+02	6.575000e+02
1422	4.800000e-01	6.820000e+02	6.580000e+02
1423	4.800000e-01	6.825000e+02	6.585000e+02
1424	4.800000e-01	6.830000e+02	6.590000e+02
1425	4.800000e-01	6.835000e+02	6.595000e+02
1426	4.800000e-01	6.840000e+02	6.600000e+02
1427	4.800000e-01	6.845000e+02	6.605000e+02
1428	4.800000e-01	6.850000e+02	6.610000e+02
1429	4.800000e-01	6.855000e+02	6.615000e+02
1430	4.800000e-01	6.860000e+02	6.620000e+02
1431	4.800000e-01	6.865000e+02	6.625000e+02
1432	4.800000e-01	6.870000e+02	6.630000e+02
1433	4.800000e-01	6.875000e+02	6.635000e+02
1434	4.800000e-01	6.880000e+02	6.640000e+02
1435	4.800000e-01	6.885000e+02	6.645000e+02
1436	4.800000e-01	6.890000e+02	6.650000e+02
1437	4.800000e-01	6.895000e+02	6.655000e+02
1438	4.800000e-01	6.900000e+02	6.660000e+02
1439	4.800000e-01	6.905000e+02	6.665000e+02
1440	4.800000e-01	6.910000e+02	6.670000e+02
1441	4.800000e-01	6.915000e+02	6.675000e+02
1442	4.800000e-01	6.920000e+02	6.680000e+02
1443	4.800000e-01	6.925000e+02	6.685000e+02
1444	4.800000e-01	6.930000e+02	6.690000e+02
1445	4.800000e-01	6.935000e+02	6.695000e+02
1446	4.800000e-01	6.940000e+02	6.700000e+02
1447	4.800000e-01	6.945000e+02	6.705000e+02
1448	4.800000e-01	6.950000e+02	6.710000e+02
1449	4.800000e-01	6.955000e+02	6.715000e+02
1450	4.800000e-01	6.960000e+02	6.720000e+02
1451	4.800000e-01	6.965000e+02	6.725000e+02
1452	4.800000e-01	6.970000e+02	6.730000e+02
1453	4.800000e-01	6.975000e+02	6.735000e+02
1454	4.800000e-01	6.980000e+02	6.740000e+02
1455	4.800000e-01	6.985000e+02	6.745000e+02
1456	4.800000e-01	6.990000e+02	6.750000e+02
1457	4.800000e-01	6.995000e+02	6.755000e+02
1458	4.800000e-01	7.000000e+02	6.760000e+02
1459	4.900000e-01	7.005000e+02	6.760000e+02
1460	4.900000e-01	7.010000e+02	6.765000e+02
1461	4.900000e-01	7.015000e+02	6.770000e+02
1462	4.900000e-01	7.020000e+02	6.775000e+02
1463	4.900000e-01	7.025000e+02	6.780000e+02
1464	4.900000e-01	7.030000e+02	6.785000e+02
1465	4.900000e-01	7.035000e+02	6.790000e+02
1466	4.900000e-01	7.040000e+02	6.795000e+02
1467	4.900000e-01	7.045000e+02	6.800000e+02
1468	4.900000e-01	7.050000e+02	6.805000e+02
1469	4.900000e-01	7.055000e+02	6.810000e+02
1470	4.900000e-01	7.060000e+02	6.815000e+02
1471	4.900000e-01	7.065000e+02	6.820000e+02
1472	4.900000e-01	7.070000e+02	6.825000e+02
1473	4.900000e-01	7.075000e+02	6.830000e+02
1474	4.900000e-01	7.080000e+02	6.835000e+02
1475	4.900000e-01	7.085000e+02	6.840000e+02
1476	4.900000e-01	7.090000e+02	6.845000e+02
1477	4.900000e-01	7.095000e+02	6.850000e+02
1478	4.900000e-01	7.100000e+02	6.855000e+02
1479	4.900000e-01	7.105000e+02	6.860000e+02
1480	4.900000e-01	7.110000e+02	6.865000e+02
1481	4.900000e-01	7.115000e+02	6.870000e+02
1482	4.900000e-01	7.120000e+02	6.875000e+02
1483	4.900000e-01	7.125000e+02	6.880000e+02
1484	4.900000e-01	7.130000e+02	6.885000e+02
1485	4.900000e-01	7.135000e+02	6.890000e+02
1486	4.900000e-01	7.140000e+02	6.895000e+02
1487	4.900000e-01	7.145000e+02	6.900000e+02
1488	4.900000e-01	7.150000e+02	6.905000e+02
1489	4.900000e-01	7.155000e+02	6.910000e+02
1490	4.900000e-01	7.160000e+02	6.915000e+02
1491	4.900000e-01	7.165000e+02	6.920000e+02
1492	4.900000e-01	7.170000e+02	6.925000e+02
1493	4.900000e-01	7.175000e+02	6.930000e+02
1494	4.900000e-01	7.180000e+02	6.935000e+02
1495	4.900000e-01	7.185000e+02	6.940000e+02
1496	4.900000e-01	7.190000e+02	6.945000e+02
1497	4.900000e-01	7.195000e+02	6.950000e+02
1498	4.900000e-01	7.200000e+02	6.955000e+02
1499	4.900000e-01	7.205000e+02	6.960000e+02
1500	4.900000e-01	7.210000e+02	6.965000e+02
1501	4.900000e-01	7.215000e+02	6.970000e+02
1502	4.900000e-01	7.220000e+02	6.975000e+02
1503	4.900000e-01	7.225000e+02	6.980000e+02
1504	4.900000e-01	7.230000e+02	6.985000e+02
1505	4.900000e-01	7.235000e+02	6.990000e+02
1506	4.900000e-01	7.240000e+02	6.995000e+02
1507	4.900000e-01	7.245000e+02	7.000000e+02
1508	4.900000e-01	7.250000e+02	7.005000e+02
1509	4.900000e-01	7.255000e+02	7.010000e+02
1510	4.900000e-01	7.260000e+02	7.015000e+02
1511	4.900000e-01	7.265000e+02	7.020000e+02
1512	4.900000e-01	7.270000e+02	7.025000e+02
1513	4.900000e-01	7.275000e+02	7.030000e+02
1514	4.900000e-01	7.280000e+02	7.035000e+02
1515	4.900000e-01	7.285000e+02	7.040000e+02
1516	4.900000e-01	7.290000e+02	7.045000e+02
1517	4.900000e-01	7.295000e+02	7.050000e+02
1518	4.900000e-01	7.300000e+02	7.055000e+02
1519	4.900000e-01	7.305000e+02	7.060000e+02
1520	4.900000e-01	7.310000e+02	7.065000e+02
1521	4.900000e-01	7.315000e+02	7.070000e+02
1522	4.900000e-01	7.320000e+02	7.075000e+02
1523	4.900000e-01	7.325000e+02	7.080000e+02
1524	4.900000e-01	7.330000e+02	7.085000e+02
1525	4.900000e-01	7.335000e+02	7.090000e+02
1526	4.900000e-01	7.340000e+02	7.095000e+02
1527	4.900000e-01	7.345000e+02	7.100000e+02
1528	4.900000e-01	7.350000e+02	7.105000e+02
1529	4.900000e-01	7.355000e+02	7.110000e+02
1530	4.900000e-01	7.360000e+02	7.115000e+02
1531	4.900000e-01	7.365000e+02	7.120000e+02
1532	4.900000e-01	7.370000e+02	7.125000e+02
1533	4.900000e-01	7.375000e+02	7.130000e+02
1534	4.900000e-01	7.380000e+02	7.135000e+02
1535	4.900000e-01	7.385000e+02	7.140000e+02
1536	4.900000e-01	7.390000e+02	7.145000e+02
1537	4.900000e-01	7.395000e+02	7.150000e+02
1538	4.900000e-01	7.400000e+02	7.155000e+02
1539	4.900000e-01	7.405000e+02	7.160000e+02
1540	4.900000e-01	7.410000e+02	7.165000e+02
1541	4.900000e-01	7.415000e+02	7.170000e+02
1542	4.900000e-01	7.420000e+02	7.175000e+02
1543	4.900000e-01	7.425000e+02	7.180000e+02
1544	4.900000e-01	7.430000e+02	7.185000e+02
1545	4.900000e-01	7.435000e+02	7.190000e+02
1546	4.900000e-01	7.440000e+02	7.195000e+02
1547	4.900000e-01	7.445000e+02	7.200000e+02
1548	4.900000e-01	7.450000e+02	7.205000e+02
1549	4.900000e-01	7.455000e+02	7.210000e+02
1550	4.900000e-01	7.460000e+02	7.215000e+02
1551	4.900000e-01	7.465000e+02	7.220000e+02
1552	4.900000e-01	7.470000e+02	7.225000e+02
1553	4.900000e-01	7.475000e+02	7.230000e+02
1554	4.900000e-01	7.480000e+02	7.235000e+02
1555	4.900000e-01	7.485000e+02	7.240000e+02
1556	4.900000e-01	7.490000e+02	7.245000e+02
1557	4.900000e-01	7.495000e+02	7.250000e+02
1558	4.900000e-01	7.500000e+02	7.255000e+02
1559	4.900000e-01	7.505000e+02	7.260000e+02
1560	4.900000e-01	7.510000e+02	7.265000e+02
1561	4.900000e-01	7.515000e+02	7.270000e+02
1562	4.900000e-01	7.520000e+02	7.275000e+02
1563	4.900000e-01	7.525000e+02	7.280000e+02
1564	4.900000e-01	7.530000e+02	7.285000e+02
1565	4.900000e-01	7.535000e+02	7.290000e+02
1566	4.900000e-01	7.540000e+02	7.295000e+02
1567	4.900000e-01	7.545000e+02	7.300000e+02
1568	4.900000e-01	7.550000e+02	7.305000e+02
1569	4.900000e-01	7.555000e+02	7.310000e+02
1570	4.900000e-01	7.560000e+02	7.315000e+02
1571	4.900000e-01	7.565000e+02	7.320000e+02
1572	4.900000e-01	7.570000e+02	7.325000e+02
1573	4.900000e-01	7.575000e+02	7.330000e+02
1574	4.900000e-01	7.580000e+02	7.335000e+02
1575	4.900000e-01	7.585000e+02	7.340000e+02
1576	4.900000e-01	7.590000e+02	7.345000e+02
1577	4.900000e-01	7.595000e+02	7.350000e+02
1578	4.900000e-01	7.600000e+02	7.355000e+02
1579	4.900000e-01	7.605000e+02	7.360000e+02
1580	4.900000e-01	7.610000e+02	7.365000e+02
1581	4.900000e-01	7.615000e+02	7.370000e+02
1582	4.900000e-01	7.620000e+02	7.375000e+02
1583	4.900000e-01	7.625000e+02	7.380000e+02
1584	4.900000e-01	7.630000e+02	7.385000e+02
1585	4.900000e-01	7.635000e+02	7.390000e+02
1586	4.900000e-01	7.640000e+02	7.395000e+02
1587	4.900000e-01	7.645000e+02	7.400000e+02
1588	4.900000e-01	7.650000e+02	7.405000e+02
1589	4.900000e-01	7.655000e+02	7.410000e+02
1590	4.900000e-01	7.660000e+02	7.415000e+02
1591	4.900000e-01	7.665000e+02	7.420000e+02
1592	4.900000e-01	7.670000e+02	7.425000e+02
1593	4.900000e-01	7.675000e+02	7.430000e+02
1594	4.900000e-01	7.680000e+02	7.435000e+02
1595	4.900000e-01	7.685000e+02	7.440000e+02
1596	4.900000e-01	7.690000e+02	7.445000e+02
1597	4.900000e-01	7.695000e+02	7.450000e+02
1598	4.900000e-01	7.700000e+02	7.455000e+02
1599	4.900000e-01	7.705000e+02	7.460000e+02
1600	4.900000e-01	7.710000e+02	7.465000e+02
1601	4.900000e-01	7.715000e+02	7.470000e+02
1602	4.900000e-01	7.720000e+02	7.475000e+02
1603	4.900000e-01	7.725000e+02	7.480000e+02
1604	4.900000e-01	7.730000e+02	7.485000e+02
1605	4.900000e-01	7.735000e+02	7.490000e+02
1606	4.900000e-01	7.740000e+02	7.495000e+02
1607	4.900000e-01	7.745000e+02	7.500000e+02
1608	4.900000e-01	7.750000e+02	7.505000e+02
1609	4.900000e-01	7.755000e+02	7.510000e+02
1610	4.900000e-01	7.760000e+02	7.515000e+02
1611	4.900000e-01	7.765000e+02	7.520000e+02
1612	4.900000e-01	7.770000e+02	7.525000e+02
1613	4.900000e-01	7.775000e+02	7.530000e+02
1614	4.900000e-01	7.780000e+02	7.535000e+02
1615	4.900000e-01	7.785000e+02	7.540000e+02
1616	4.900000e-01	7.790000e+02	7.545000e+02
1617	4.900000e-01	7.795000e+02	7.550000e+02
1618	4.900000e-01	7.800000e+02	7.555000e+02
1619	4.900000e-01	7.805000e+02	7.560000e+02
1620	4.900000e-01	7.810000e+02	7.565000e+02
1621	4.900000e-01	7.815000e+02	7.570000e+02
1622	4.900000e-01	7.820000e+02	7.575000e+02
1623	4.900000e-01	7.825000e+02	7.580000e+02
1624	4.900000e-01	7.830000e+02	7.585000e+02
1625	4.900000e-01	7.835000e+02	7.590000e+02
1626	4.900000e-01	7.840000e+02	7.595000e+02
1627	4.900000e-01	7.845000e+02	7.600000e+02
1628	4.900000e-01	7.850000e+02	7.605000e+02
1629	4.900000e-01	7.855000e+02	7.610000e+02
1630	4.900000e-01	7.860000e+02	7.615000e+02
1631	4.900000e-01	7.865000e+02	7.620000e+02
1632	4.900000e-01	7.870000e+02	7.625000e+02
1633	4.900000e-01	7.875000e+02	7.630000e+02
1634	4.900000e-01	7.880000e+02	7.635000e+02
1635	4.900000e-01	7.885000e+02	7.640000e+02
1636	4.900000e-01	7.890000e+02	7.645000e+02
1637	4.900000e-01	7.895000e+02	7.650000e+02
1638	4.900000e-01	7.900000e+02	7.655000e+02
1639	4.900000e-01	7.905000e+02	7.660000e+02
1640	4.900000e-01	7.910000e+02	7.665000e+02
1641	4.900000e-01	7.915000e+02	7.670000e+02
1642	4.900000e-01	7.920000e+02	7.675000e+02
1643	4.900000e-01	7.925000e+02	7.680000e+02
1644	4.900000e-01	7.930000e+02	7.685000e+02
1645	4.900000e-01	7.935000e+02	7.690000e+02
1646	4.900000e-01	7.940000e+02	7.695000e+02
1647	4.900000e-01	7.945000e+02	7.700000e+02
1648	4.900000e-01	7.950000e+02	7.705000e+02
1649	4.900000e-01	7.955000e+02	7.710000e+02
1650	4.900000e-01	7.960000e+02	7.715000e+02
1651	4.900000e-01	7.965000e+02	7.720000e+02
1652	4.900000e-01	7.970000e+02	7.725000e+02
1653	4.900000e-01	7.975000e+02	7.730000e+02
1654	4.900000e-01	7.980000e+02	7.735000e+02
1655	4.900000e-01	7.985000e+02	7.740000e+02
1656	4.900000e-01	7.990000e+02	7.745000e+02
1657	4.900000e-01	7.995000e+02	7.750000e+02
1658	4.900000e-01	8.000000e+02	7.755000e+02
1659	4.900000e-01	8.005000e+02	7.760000e+02
1660	4.900000e-01	8.010000e+02	7.765000e+02
1661	4.900000e-01	8.015000e+02	7.770000e+02
1662	4.900000e-01	8.020000e+02	7.775000e+02
1663	4.900000e-01	8.025000e+02	7.780000e+02
1664	4.900000e-01	8.030000e+02	7.785000e+02
1665	4.900000e-01	8.035000e+02	7.790000e+02
1666	4.900000e-01	8.040000e+02	7.795000e+02
1667	4.900000e-01	8.045000e+02	7.800000e+02
1668	4.900000e-01	8.050000e+02	7.805000e+02
1669	4.900000e-01	8.055000e+02	7.810000e+02
1670	4.900000e-01	8.060000e+02	7.815000e+02
1671	4.900000e-01	8.065000e+02	7.820000e+02
1672	4.900000e-01	8.070000e+02	7.825000e+02
1673	4.900000e-01	8.075000e+02	7.830000e+02
1674	4.900000e-01	8.080000e+02	7.835000e+02
1675	4.900000e-01	8.085000e+02	7.840000e+02
1676	4.900000e-01	8.090000e+02	7.845000e+02
1677	4.900000e-01	8.095000e+02	7.850000e+02
1678	4.900000e-01	8.100000e+02	7.855000e+02
1679	4.900000e-01	8.105000e+02	7.860000e+02
1680	4.900000e-01	8.110000e+02	7.865000e+02
1681	4.900000e-01	8.115000e+02	7.870000e+02
1682	4.900000e-01	8.120000e+02	7.875000e+02
1683	4.900000e-01	8.125000e+02	7.880000e+02
1684	4.900000e-01	8.130000e+02	7.885000e+02
1685	4.900000e-01	8.135000e+02	7.890000e+02
1686	4.900000e-01	8.140000e+02	7.895000e+02
1687	4.900000e-01	8.145000e+02	7.900000e+02
1688	4.900000e-01	8.150000e+02	7.905000e+02
1689	4.900000e-01	8.155000e+02	7.910000e+02
1690	4.900000e-01	8.160000e+02	7.915000e+02
1691	4.900000e-01	8.165000e+02	7.920000e+02
1692	4.900000e-01	8.170000e+02	7.925000e+02
1693	4.900000e-01	8.175000e+02	7.930000e+02
1694	4.900000e-01	8.180000e+02	7.935000e+02
1695	4.900000e-01	8.185000e+02	7.940000e+02
1696	4.900000e-01	8.190000e+02	7.945000e+02
1697	4.900000e-01	8.195000e+02	7.950000e+02
1698	4.900000e-01	8.200000e+02	7.955000e+02
1699	4.900000e-01	8.205000e+02	7.960000e+02
1700	4.900000e-01	8.210000e+02	7.965000e+02
1701	4.900000e-01	8.215000e+02	7.970000e+02
1702	4.900000e-01	8.220000e+02	7.975000e+02
1703	4.900000e-01	8.225000e+02	7.980000e+02
1704	4.900000e-01	8.230000e+02	7.985000e+02
1705	4.900000e-01	8.235000e+02	7.990000e+02
1706	4.900000e-01	8.240000e+02	7.995000e+02
1707	4.900000e-01	8.245000e+02	8.000000e+02
1708	4.900000e-01	8.250000e+02	8.005000e+02
1709	4.900000e-01	8.255000e+02	8.010000e+02
1710	4.900000e-01	8.260000e+02	8.015000e+02
1711	4.900000e-01	8.265000e+02	8.020000e+02
1712	4.900000e-01	8.270000e+02	8.025000e+02
1713	4.900000e-01	8.275000e+02	8.030000e+02
1714	4.900000e-01	8.280000e+02	8.035000e+02
1715	4.900000e-01	8.285000e+02	8.040000e+02
1716	4.900000e-01	8.290000e+02	8.045000e+02
1717	4.900000e-01	8.295000e+02	8.050000e+02
1718	4.900000e-01	8.300000e+02	8.055000e+02
1719	4.900000e-01	8.305000e+02	8.060000e+02
1720	4.900000e-01	8.310000e+02	8.065000e+02
1721	4.900000e-01	8.315000e+02	8.070000e+02
1722	4.900000e-01	8.320000e+02	8.075000e+02
1723	4.900000e-01	8.325000e+02	8.080000e+02
1724	4.900000e-01	8.330000e+02	8.085000e+02
1725	4.900000e-01	8.335000e+02	8.090000e+02
1726	4.900000e-01	8.340000e+02	8.095000e+02
1727	4.900000e-01	8.345000e+02	8.100000e+02
1728	4.900000e-01	8.350000e+02	8.105000e+02
1729	4.900000e-01	8.355000e+02	8.110000e+02
1730	4.900000e-01	8.360000e+02	8.115000e+02
1731	4.900000e-01	8.365000e+02	8.120000e+02
1732	4.900000e-01	8.370000e+02	8.125000e+02
1733	4.900000e-01	8.375000e+02	8.130000e+02
1734	4.900000e-01	8.380000e+02	8.135000e+02
1735	4.900000e-01	8.385000e+02	8.140000e+02
1736	4.900000e-01	8.390000e+02	8.145000e+02
1737	4.900000e-01	8.395000e+02	8.150000e+02
1738	4.900000e-01	8.400000e+02	8.155000e+02
1739	4.900000e-01	8.405000e+02	8.160000e+02
1740	4.900000e-01	8.410000e+02	8.165000e+02
1741	4.900000e-01	8.415000e+02	8.170000e+02
1742	4.900000e-01	8.420000e+02	8.175000e+02
1743	4.900000e-01	8.425000e+02	8.180000e+02
1744	4.900000e-01	8.430000e+02	8.185000e+02
1745	4.900000e-01	8.435000e+02	8.190000e+02
1746	4.900000e-01	8.440000e+02	8.195000e+02
1747	4.900000e-01	8.445000e+02	8.200000e+02
1748	4.900000e-01	8.450000e+02	8.205000e+02
1749	4.900000e-01	8.455000e+02	8.210000e+02
1750	4.900000e-01	8.460000e+02	8.215000e+02
1751	4.900000e-01	8.465000e+02	8.220000e+02
1752	4.900000e-01	8.470000e+02	8.225000e+02
1753	4.900000e-01	8.475000e+02	8.230000e+02
1754	4.900000e-01	8.480000e+02	8.235000e+02
1755	4.900000e-01	8.485000e+02	8.240000e+02
1756	4.900000e-01	8.490000e+02	8.245000e+02
1757	4.900000e-01	8.495000e+02	8.250000e+02
1758	4.900000e-01	8.500000e+02	8.255000e+02
1759	4.900000e-01	8.505000e+02	8.260000e+02
1760	4.900000e-01	8.510000e+02	8.265000e+02
1761	4.900000e-01	8.515000e+02	8.270000e+02
1762	4.900000e-01	8.520000e+02	8.275000e+02
1763	4.900000e-01	8.525000e+02	8.280000e+02
1764	4.900000e-01	8.530000e+02	8.285000e+02
1765	4.900000e-01	8.535000e+02	8.290000e+02
1766	4.900000e-01	8.540000e+02	8.295000e+02
1767	4.900000e-01	8.545000e+02	8.300000e+02
1768	4.900000e-01	8.550000e+02	8.305000e+02
1769	4.900000e-01	8.555000e+02	8.310000e+02
1770	4.900000e-01	8.560000e+02	8.315000e+02
1771	4.900000e-01	8.565000e+02	8.320000e+02
1772	4.900000e-01	8.570000e+02	8.325000e+02
1773	4.900000e-01	8.575000e+02	8.330000e+02
1774	4.900000e-01	8.580000e+02	8.335000e+02
1775	4.900000e-01	8.585000e+02	8.340000e+02
1776	4.900000e-01	8.590000e+02	8.345000e+02
1777	4.900000e-01	8.595000e+02	8.350000e+02
1778	4.900000e-01	8.600000e+02	8.355000e+02
1779	4.900000e-01	8.605000e+02	8.360000e+02
1780	4.900000e-01	8.610000e+02	8.365000e+02
1781	4.900000e-01	8.615000e+02	8.370000e+02
1782	4.900000e-01	8.620000e+02	8.375000e+02
1783	4.900000e-01	8.625000e+02	8.380000e+02
1784	4.900000e-01	8.630000e+02	8.385000e+02
1785	4.900000e-01	8.635000e+02	8.390000e+02
1786	4.900000e-01	8.640000e+02	8.395000e+02
1787	4.900000e-01	8.645000e+02	8.400000e+02
1788	4.900000e-01	8.650000e+02	8.405000e+02
1789	4.900000e-01	8.655000e+02	8.410000e+02
1790	4.900000e-01	8.660000e+02	8.415000e+02
1791	4.900000e-01	8.665000e+02	8.420000e+02
1792	4.900000e-01	8.670000e+02	8.425000e+02
1793	4.900000e-01	8.675000e+02	8.430000e+02
1794	4.900000e-01	8.680000e+02	8.435000e+02
1795	4.900000e-01	8.685000e+02	8.440000e+02
1796	4.900000e-01	8.690000e+02	8.445000e+02
1797	4.900000e-01	8.695000e+02	8.450000e+02
1798	4.900000e-01	8.700000e+02	8.455000e+02
1799	4.900000e-01	8.705000e+02	8.460000e+02
1800	4.900000e-01	8.710000e+02	8.465000e+02
1801	4.900000e-01	8.715000e+02	8.470000e+02
1802	4.900000e-01	8.720000e+02	8.475000e+02
1803	4.900000e-01	8.725000e+02	8.480000e+02
1804	4.900000e-01	8.730000e+02	8.485000e+02
1805	4.900000e-01	8.735000e+02	8.490000e+02
1806	4.900000e-01	8.740000e+02	8.495000e+02
1807	4.900000e-01	8.745000e+02	8.500000e+02
1808	4.900000e-01	8.750000e+02	8.505000e+02
1809	4.900000e-01	8.755000e+02	8.510000e+02
1810	4.900000e-01	8.760000e+02	8.515000e+02
1811	4.900000e-01	8.765000e+02	8.520000e+02
1812	4.900000e-01	8.770000e+02	8.525000e+02
1813	4.900000e-01	8.775000e+02	8.530000e+02
1814	4.900000e-01	8.780000e+02	8.535000e+02
1815	4.900000e-01	8.785000e+02	8.540000e+02
1816	4.900000e-01	8.790000e+02	8.545000e+02
1817	4.900000e-01	8.795000e+02	8.550000e+02
1818	4.900000e-01	8.800000e+02	8.555000e+02
1819	4.900000e-01	8.805000e+02	8.560000e+02
1820	4.900000e-01	8.810000e+02	8.565000e+02
1821	4.900000e-01	8.815000e+02	8.570000e+02
1822	4.900000e-01	8.820000e+02	8.575000e+02
1823	4.900000e-01	8.825000e+02	8.580000e+02
1824	4.900000e-01	8.830000e+02	8.585000e+02
1825	4.900000e-01	8.835000e+02	8.590000e+02
1826	4.900000e-01	8.840000e+02	8.595000e+02
1827	4.900000e-01	8.845000e+02	8.600000e+02
1828	4.900000e-01	8.850000e+02	8.605000e+02
1829	4.900000e-01	8.855000e+02	8.610000e+02
1830	4.900000e-01	8.860000e+02	8.615000e+02
1831	4.900000e-01	8.865000e+02	8.620000e+02
1832	4.900000e-01	8.870000e+02	8.625000e+02
1833	4.900000e-01	8.875000e+02	8.630000e+02
1834	4.900000e-01	8.880000e+02	8.635000e+02
1835	4.900000e-01	8.885000e+02	8.640000e+02
1836	4.900000e-01	8.890000e+02	8.645000e+02
1837	4.900000e-01	8.895000e+02	8.650000e+02
1838	4.900000e-01	8.900000e+02	8.655000e+02
1839	4.900000e-01	8.905000e+02	8.660000e+02
1840	4.900000e-01	8.910000e+02	8.665000e+02
1841	4.900000e-01	8.915000e+02	8.670000e+02
1842	4.900000e-01	8.920000e+02	8.675000e+02
1843	4.900000e-01	8.925000e+02	8.680000e+02
1844	4.900000e-01	8.930000e+02	8.685000e+02
1845	4.900000e-01	8.935000e+02	8.690000e+02
1846	4.900000e-01	8.940000e+02	8.695000e+02
1847	4.900000e-01	8.945000e+02	8.700000e+02
1848	4.900000e-01	8.950000e+02	8.705000e+02
1849	4.900000e-01	8.955000e+02	8.710000e+02
1850	4.900000e-01	8.960000e+02	8.715000e+02
1851	4.900000e-01	8.965000e+02	8.720000e+02
1852	4.900000e-01	8.970000e+02	8.725000e+02
1853	4.900000e-01	8.975000e+02	8.730000e+02
1854	4.900000e-01	8.980000e+02	8.735000e+02
1855	4.900000e-01	8.985000e+02	8.740000e+02
1856	4.900000e-01	8.990000e+02	8.745000e+02
1857	4.900000e-01	8.995000e+02	8.750000e+02
1858	4.900000e-01	9.000000e+02	8.755000e+02
1859	4.900000e-01	9.005000e+02	8.760000e+02
1860	4.900000e-01	9.010000e+02	8.765000e+02
1861	4.900000e-01	9.015000e+02	8.770000e+02
1862	4.900000e-01	9.020000e+02	8.775000e+02
1863	4.900000e-01	9.025000e+02	8.780000e+02
1864	4.900000e-01	9.030000e+02	8.785000e+02
1865	4.900000e-01	9.035000e+02	8.790000e+02
1866	4.900000e-01	9.040000e+02	8.795000e+02
1867	4.900000e-01	9.045000e+02	8.800000e+02
1868	4.900000e-01	9.050000e+02	8.805000e+02
1869	4.900000e-01	9.055000e+02	8.810000e+02
1870	4.900000e-01	9.060000e+02	8.815000e+02
1871	4.900000e-01	9.065000e+02	8.820000e+02
1872	4.900000e-01	9.070000e+02	8.825000e+02
1873	4.900000e-01	9.075000e+02	8.830000e+02
1874	4.900000e-01	9.080000e+02	8.835000e+02
1875	4.900000e-01	9.085000e+02	8.840000e+02
1876	4.900000e-01	9.090000e+02	8.845000e+02
1877	4.900000e-01	9.095000e+02	8.850000e+02
1878	4.900000e-01	9.100000e+02	8.855000e+02
1879	4.900000e-01	9.105000e+02	8.860000e+02
1880	4.900000e-01	9.110000e+02	8.865000e+02
1881	4.900000e-01	9.115000e+02	8.870000e+02
1882	4.900000e-01	9.120000e+02	8.875000e+02
1883	4.900000e-01	9.125000e+02	8.880000e+02
1884	4.900000e-01	9.130000e+02	8.885000e+02
1885	4.900000e-01	9.135000e+02	8.890000e+02
1886	4.900000e-01	9.140000e+02	8.895000e+02
1887	4.900000e-01	9.145000e+02	8.900000e+02
1888	4.900000e-01	9.150000e+02	8.905000e+02
1889	4.900000e-01	9.155000e+02	8.910000e+02
1890	4.900000e-01	9.160000e+02	8.915000e+02
1891	4.900000e-01	9.165000e+02	8.920000e+02
1892	4.900000e-01	9.170000e+02	8.925000e+02
1893	4.900000e-01	9.175000e+02	8.930000e+02
1894	4.900000e-01	9.180000e+02	8.935000e+02
1895	4.900000e-01	9.185000e+02	8.940000e+02
1896	4.900000e-01	9.190000e+02	8.945000e+02
1897	4.900000e-01	9.195000e+02	8.950000e+02
1898	4.900000e-01	9.200000e+02	8.955000e+02
1899	4.900000e-01	9.205000e+02	8.960000e+02
1900	4.900000e-01	9.210000e+02	8.965000e+02
1901	4.900000e-01	9.215000e+02	8.970000e+02
1902	4.900000e-01	9.220000e+02	8.975000e+02
1903	4.900000e-01	9.225000e+02	8.980000e+02
1904	4.900000e-01	9.230000e+02	8.985000e+02
1905	4.900000e-01	9.235000e+02	8.990000e+02
1906	4.900000e-01	9.240000e+02	8.995000e+02
1907	4.900000e-01	9.245000e+02	9.000000e+02
1908	4.900000e-01	9.250000e+02	9.005000e+02
1909	4.900000e-01	9.255000e+02	9.010000e+02
1910	4.900000e-01	9.260000e+02	9.015000e+02
1911	4.900000e-01	9.265000e+02	9.020000e+02
1912	4.900000e-01	9.270000e+02	9.025000e+02
1913	4.900000e-01	9.275000e+02	9.030000e+02
1914	4.900000e-01	9.280000e+02	9.035000e+02
1915	4.900000e-01	9.285000e+02	9.040000e+02
1916	4.900000e-01	9.290000e+02	9.045000e+02
1917	4.900000e-01	9.295000e+02	9.050000e+02
1918	4.900000e-01	9.300000e+02	9.055000e+02
1919	4.900000e-01	9.305000e+02	9.060000e+02
1920	4.900000e-01	9.310000e+02	9.065000e+02
1921	4.900000e-01	9.315000e+02	9.070000e+02
1922	4.900000e-01	9.320000e+02	9.075000e+02
1923	4.900000e-01	9.325000e+02	9.080000e+02
1924	4.900000e-01	9.330000e+02	9.085000e+02
1925	4.900000e-01	9.335000e+02	9.090000e+02
1926	4.900000e-01	9.340000e+02	9.095000e+02
1927	4.900000e-01	9.345000e+02	9.100000e+02
1928	4.900000e-01	9.350000e+02	9.105000e+02
1929	4.900000e-01	9.355000e+02	9.110000e+02
1930	4.900000e-01	9.360000e+02	9.115000e+02
1931	4.900000e-01	9.365000e+02	9.120000e+02
1932	4.900000e-01	9.370000e+02	9.125000e+02
1933	4.900000e-01	9.375000e+02	9.130000e+02
1934	4.900000e-01	9.380000e+02	9.135000e+02
1935	4.900000e-01	9.385000e+02	9.140000e+02
1936	4.900000e-01	9.390000e+02	9.145000e+02
1937	4.900000e-01	9.395000e+02	9.150000e+02
1938	4.900000e-01	9.400000e+02	9.155000e+02
1939	4.900000e-01	9.405000e+02	9.160000e+02
1940	4.900000e-01	9.410000e+02	9.165000e+02
1941	4.900000e-01	9.415000e+02	9.170000e+02
1942	4.900000e-01	9.420000e+02	9.175000e+02
1943	4.900000e-01	9.425000e+02	9.180000e+02
1944	4.900000e-01	9.430000e+02	9.185000e+02
1945	4.900000e-01	9.435000e+02	9.190000e+02
1946	4.900000e-01	9.440000e+02	9.195000e+02
1947	4.900000e-01	9.445000e+02	9.200000e+02
1948	4.900000e-01	9.450000e+02	9.205000e+02
1949	4.900000e-01	9.455000e+02	9.210000e+02
1950	4.900000e-01	9.460000e+02	9.215000e+02
1951	4.900000e-01	9.465000e+02	9.220000e+02
1952	4.900000e-01	9.470000e+02	9.225000e+02
1953	4.900000e-01	9.475000e+02	9.230000e+02
1954	4.900000e-01	9.480000e+02	9.235000e+02
1955	4.900000e-01	9.485000e+02	9.240000e+02
1956	4.900000e-01	9.490000e+02	9.245000e+02
1957	4.900000e-01	9.495000e+02	9.250000e+02
1958	4.900000e-01	9.500000e+02	9.255000e+02
1959	4.900000e-01	9.505000e+02	9.260000e+02
1960	4.900000e-01	9.510000e+02	9.265000e+02
1961	4.900000e-01	9.515000e+02	9.270000e+02
1962	4.900000e-01	9.520000e+02	9.275000e+02
1963	4.900000e-01	9.525000e+02	9.280000e+02
1964	4.900000e-01	9.530000e+02	9.285000e+02
1965	4.900000e-01	9.535000e+02	9.290000e+02
1966	4.900000e-01	9.540000e+02	9.295000e+02
1967	4.900000e-01	9.545000e+02	9.300000e+02
1968	4.900000e-01	9.550000e+02	9.305000e+02
1969	4.900000e-01	9.555000e+02	9.310000e+02
1970	4.900000e-01	9.560000e+02	9.315000e+02
1971	4.900000e-01	9.565000e+02	9.320000e+02
1972	4.900000e-01	9.570000e+02	9.325000e+02
1973	4.900000e-01	9.575000e+02	9.330000e+02
1974	4.900000e-01	9.580000e+02	9.335000e+02
1975	4.900000e-01	9.585000e+02	9.340000e+02
1976	4.900000e-01	9.590000e+02	9.345000e+02
1977	4.900000e-01	9.595000e+02	9.350000e+02
1978	4.900000e-01	9.600000e+02	9.355000e+02
1979	4.900000e-01	9.605000e+02	9.360000e+02
1980	4.900000e-01	9.610000e+02	9.365000e+02
1981	4.900000e-01	9.615000e+02	9.370000e+02
1982	4.900000e-01	9.620000e+02	9.375000e+02
1983	4.900000e-01	9.625000e+02	9.380000e+02
1984	4.900000e-01	9.630000e+02	9.385000e+02
1985	4.900000e-01	9.635000e+02	9.390000e+02
1986	4.900000e-01	9.640000e+02	9.395000e+02
1987	4.900000e-01	9.645000e+02	9.400000e+02
1988	4.900000e-01	9.650000e+02	9.405000e+02
1989	4.900000e-01	9.655000e+02	9.410000e+02
1990	4.900000e-01	9.660000e+02	9.415000e+02
1991	4.900000e-01	9.665000e+02	9.420000e+02
1992	4.900000e-01	9.670000e+02	9.425000e+02
1993	4.900000e-01	9.675000e+02	9.430000e+02
1994	4.900000e-01	9.680000e+02	9.435000e+02
1995	4.900000e-01	9.685000e+02	9.440000e+02
1996	4.900000e-01	9.690000e+02	9.445000e+02
1997	4.900000e-01	9.695000e+02	9.450000e+02
1998	4.900000e-01	9.700000e+02	9.455000e+02
1999	4.900000e-01	9.705000e+02	9.460000e+02
2000	4.900000e-01	9.710000e+02	9.465000e+02
2001	4.900000e-01	9.715000e+02	9.470000e+02
2002	4.900000e-01	9.720000e+02	9.475000e+02
2003	4.900000e-01	9.725000e+02	9.480000e+02
2004	4.900000e-01	9.730000e+02	9.485000e+02
2005	4.900000e-01	9.735000e+02	9.490000e+02
2006	4.900000e-01	9.740000e+02	9.495000e+02
2007	4.900000e-01	9.745000e+02	9.500000e+02
2008	4.900000e-01	9.750000e+02	9.505000e+02
2009	4.900000e-01	9.755000e+02	9.510000e+02
2010	4.900000e-01	9.760000e+02	9.515000e+02
2011	4.900000e-01	9.765000e+02	9.520000e+02
2012	4.900000e-01	9.770000e+02	9.525000e+02
2013	4.900000e-01	9.775000e+02	9.530000e+02
2014	4.900000e-01	9.780000e+02	9.535000e+02
2015	4.900000e-01	9.785000e+02	9.540000e+02
2016	4.900000e-01	9.790000e+02	9.545000e+02
2017	4.900000e-01	9.795000e+02	9.550000e+02
2018	4.900000e-01	9.800000e+02	9.555000e+02
2019	4.900000e-01	9.805000e+02	9.560000e+02
2020	4.900000e-01	9.810000e+02	9.565000e+02
2021	4.900000e-01	9.815000e+02	9.570000e+02
2022	4.900000e-01	9.820000e+02	9.575000e+02
2023	4.900000e-01	9.825000e+02	9.580000e+02
2024	4.900000e-01	9.830000e+02	9.585000e+02
2025	4.900000e-01	9.835000e+02	9.590000e+02
2026	4.900000e-01	9.840000e+02	9.595000e+02
2027	4.900000e-01	9.845000e+02	9.600000e+02
2028	4.900000e-01	9.850000e+02	9.605000e+02
2029	4.900000e-01	9.855000e+02	9.610000e+02
2030	4.900000e-01	9.860000e+02	9.615000e+02
2031	4.900000e-01	9.865000e+02	9.620000e+02
2032	4.900000e-01	9.870000e+02	9.625000e+02
2033	4.900000e-01	9.875000e+02	9.630000e+02
2034	4.900000e-01	9.880000e+02	9.635000e+02
2035	4.900000e-01	9.885000e+02	9.640000e+02
2036	4.900000e-01	9.890000e+02	9.645000e+02
2037	4.900000e-01	9.895000e+02	9.650000e+02
2038	4.900000e-01	9.900000e+02	9.655000e+02
2039	4.900000e-01	9.905000e+02	9.660000e+02
2040	4.900000e-01	9.910000e+02	9.665000e+02
2041	4.900000e-01	9.915000e+02	9.670000e+02
2042	4.900000e-01	9.920000e+02	9.675000e+02
2043	4.900000e-01	9.925000e+02	9.680000e+02
2044	4.900000e-01	9.930000e+02	9.685000e+02
2045	4.900000e-01	9.935000e+02	9.690000e+02
2046	4.900000e-01	9.940000e+02	9.695000e+02
2047	4.900000e-01	9.945000e+02	9.700000e+02
2048	4.900000e-01	9.950000e+02	9.705000e+02
2049	4.900000e-01	9.955000e+02	9.710000e+02
2050	4.900000e-01	9.960000e+02	9.715000e+02
2051	4.900000e-01	9.965000e+02	9.720000e+02
2052	4.900000e-01	9.970000e+02	9.725000e+02
2053	4.900000e-01	9.975000e+02	9.730000e+02
2054	4.900000e-01	9.980000e+02	9.735000e+02
2055	4.900000e-01	9.985000e+02	9.740000e+02
2056	4.900000e-01	9.990000e+02	9.745000e+02
2057	4.900000e-01	9.995000e+02	9.750000e+02
2058	4.900000e-01	1.000000e+03	9.755000e+02
2059	4.900000e-01	1.000500e+03	9.760000e+02
2060	4.900000e-01	1.001000e+03	9.765000e+02
2061	4.900000e-01	1.001500e+03	9.770000e+02
2062	4.900000e-01	1.002000e+03	9.775000e+02
2063	4.900000e-01	1.002500e+03	9.780000e+02
2064	4.900000e-01	1.003000e+03	9.785000e+02
2065	4.900000e-01	1.003500e+03	9.790000e+02
2066	4.900000e-01	1.004000e+03	9.795000e+02
2067	4.900000e-01	1.004500e+03	9.800000e+02
2068	4.900000e-01	1.005000e+03	9.805000e+02
2069	4.900000e-01	1.005500e+03	9.810000e+02
2070	4.900000e-01	1.006000e+03	9.815000e+02
2071	4.900000e-01	1.006500e+03	9.820000e+02
2072	4.900000e-01	1.007000e+03	9.825000e+02
2073	4.900000e-01	1.007500e+03	9.830000e+02
2074	4.900000e-01	1.008000e+03	9.835000e+02
2075	4.900000e-01	1.008500e+03	9.840000e+02
2076	4.900000e-01	1.009000e+03	9.845000e+02
2077	4.900000e-01	1.009500e+03	9.850000e+02
2078	4.900000e-01	1.010000e+03	9.855000e+02
2079	4.900000e-01	1.010500e+03	9.860000e+02
2080	4.900000e-01	1.011000e+03	9.865000e+02
2081	4.900000e-01	1.011500e+03	9.870000e+02
2082	4.900000e-01	1.012000e+03	9.875000e+02
2083	4.900000e-01	1.012500e+03	9.880000e+02
2084	4.900000e-01	1.013000e+03	9.885000e+02
2085	4.900000e-01	1.013500e+03	9.890000e+02
2086	4.900000e-01	1.014000e+03	9.895000e+02
2087	4.900000e-01	1.014500e+03	9.900000e+02
2088	4.900000e-01	1.015000e+03	9.905000e+02
2089	4.900000e-01	1.015500e+03	9.910000e+02
2090	4.900000e-01	1.016000e+03	9.915000e+02
2091	4.900000e-01	1.016500e+03	9.920000e+02
2092	4.900000e-01	1.017000e+03	9.925000e+02
2093	4.900000e-01	1.017500e+03	9.930000e+02
2094	4.900000e-01	1.018000e+03	9.935000e+02
2095	4.900000e-01	1.018500e+03	9.940000e+02
2096	4.900000e-01	1.019000e+03	9.945000e+02
2097	4.900000e-01	1.019500e+03	9.950000e+02
2098	4.900000e-01	1.020000e+03	9.955000e+02
2099	4.900000e-01	1.020500e+03	9.960000e+02
2100	4.900000e-01	1.021000e+03	9.965000e+02
2101	4.900000e-01	1.021500e+03	9.970000e+02
2102	4.900000e-01	1.022000e+03	9.975000e+02
2103	4.900000e-01	1.022500e+03	9.980000e+02
2104	4.900000e-01	1.023000e+03	9.985000e+02
2105	4.900000e-01	1.023500e+03	9.990000e+02
2106	4.900000e-01	1.024000e+03	9.995000e+02
2107	4.900000e-01	1.024500e+03	1.000000e+03
2108	4.900000e-01	1.025000e+03	1.000500e+03
2109	4.900000e-01	1.025500e+03	1.001000e+03
2110	4.900000e-01	1.026000e+03	1.001500e+03
2111	4.900000e-01	1.026500e+03	1.002000e+03
2112	4.900000e-01	1.027000e+03	1.002500e+03
2113	4.900000e-01	1.027500e+03	1.003000e+03
2114	4.900000e-01	1.028000e+03	1.003500e+03
2115	4.900000e-01	1.028500e+03	1.004000e+03
2116	4.900000e-01	1.029000e+03	1.004500e+03
2117	4.900000e-01	1.029500e+03	1.005000e+03
2118	4.900000e-01	1.030000e+03	1.005500e+03
2119	4.900000e-01	1.030500e+03	1.006000e+03
2120	4.900000e-01	1.031000e+03	1.006500e+03
2121	4.900000e-01	1.031500e+03	1.007000e+03
2122	4.900000e-01	1.032000e+03	1.007500e+03
2123	4.900000e-01	1.032500e+03	1.008000e+03
2124	4.900000e-01	1.033000e+03	1.008500e+03
2125	4.900000e-01	1.033500e+03	1.009000e+03
2126	4.900000e-01	1.034000e+03	1.009500e+03
2127	4.900000e-01	1.034500e+03	1.010000e+03
2128	4.900000e-01	1.035000e+03	1.010500e+03
2129	4.900000e-01	1.035500e+03	1.011000e+03
2130	4.900000e-01	1.036000e+03	1.011500e+03
2131	4.900000e-01	1.036500e+03	1.012000e+03
2132	4.900000e-01	1.037000e+03	1.012500e+03
2133	4.900000e-01	1.037500e+03	1.013000e+03
2134	4.900000e-01	1.038000e+03	1.013500e+03
2135	4.900000e-01	1.038500e+03	1.014000e+03
2136	4.900000e-01	1.039000e+03	1.014500e+03
2137	4.900000e-01	1.039500e+03	1.015000e+03
2138	4.900000e-01	1.040000e+03	1.015500e+03
2139	4.900000e-01	1.040500e+03	1.016000e+03
2140	4.900000e-01	1.041000e+03	1.016500e+03
2141	4.900000e-01	1.041500e+03	1.017000e+03
2142	4.900000e-01	1.042000e+03	1.017500e+03
2143	4.900000e-01	1.042500e+03	1.018000e+03
2144	4.900000e-01	1.043000e+03	1.018500e+03
2145	4.900000e-01	1.043500e+03	1.019000e+03
2146	4.900000e-01	1.044000e+03	1.019500e+03
2147	4.900000e-01	1.044500e+03	1.020000e+03
2148	4.900000e-01	1.045000e+03	1.020500e+03
2149	4.900000e-01	1.045500e+03	1.021000e+03
2150	4.900000e-01	1.046000e+03	1.021500e+03
2151	4.900000e-01	1.046500e+03	1.022000e+03
2152	4.900000e-01	1.047000e+03	1.022500e+03
2153	4.900000e-01	1.047500e+03	1.023000e+03
2154	4.900000e-01	1.048000e+03	1.023500e+03
2155	4.900000e-01	1.048500e+03	1.024000e+03
2156	4.900000e-01	1.049000e+03	1.024500e+03
2157	4.900000e-01	1.049500e+03	1.025000e+03
2158	4.900000e-01	1.050000e+03	1.025500e+03
2159	4.900000e-01	1.050500e+03	1.026000e+03
2160	4.900000e-01	1.051000e+03	1.026500e+03
2161	4.900000e-01	1.051500e+03	1.027000e+03
2162	4.900000e-01	1.052000e+03	1.027500e+03
2163	4.900000e-01	1.052500e+03	1.028000e+03
2164	4.900000e-01	1.053000e+03	1.028500e+03
2165	4.900000e-01	1.053500e+03	1.029000e+03
2166	4.900000e-01	1.054000e+03	1.029500e+03
2167	4.900000e-01	1.054500e+03	1.030000e+03
2168	4.900000e-01	1.055000e+03	1.030500e+03
2169	4.900000e-01	1.055500e+03	1.031000e+03
2170	4.900000e-01	1.056000e+03	1.031500e+03
2171	4.900000e-01	1.056500e+03	1.032000e+03
2172	4.900000e-01	1.057000e+03	1.032500e+03
2173	4.900000e-01	1.057500e+03	1.033000e+03
2174	4.900000e-01	1.058000e+03	1.033500e+03
2175	4.900000e-01	1.058500e+03	1.034000e+03
2176	4.900000e-01	1.059000e+03	1.034500e+03
2177	4.900000e-01	1.059500e+03	1.035000e+03
2178	4.900000e-01	1.060000e+03	1.035500e+03
2179	4.900000e-01	1.060500e+03	1.036000e+03
2180	4.900000e-01	1.061000e+03	1.036500e+03
2181	4.900000e-01	1.061500e+03	1.037000e+03
2182	4.900000e-01	1.062000e+03	1.037500e+03
2183	4.900000e-01	1.062500e+03	1.038000e+03
2184	4.900000e-01	1.063000e+03	1.038500e+03
2185	4.900000e-01	1.063500e+03	1.039000e+03
2186	4.900000e-01	1.064000e+03	1.039500e+03
2187	4.900000e-01	1.064500e+03	1.040000e+03
2188	4.900000e-01	1.065000e+03	1.040500e+03
2189	4.900000e-01	1.065500e+03	1.041000e+03
2190	4.900000e-01	1.066000e+03	1.041500e+03
2191	4.900000e-01	1.066500e+03	1.042000e+03
2192	4.900000e-01	1.067000e+03	1.042500e+03
