0	9.677420e-04	4.838710e-02	0.000000e+00
1	1.935484e-03	9.677419e-02	0.000000e+00
2	2.903226e-03	1.451613e-01	0.000000e+00
3	5.161290e-03	2.580645e-01	0.000000e+00
4	8.064516e-03	4.032258e-01	0.000000e+00
5	9.032258e-03	4.516129e-01	0.000000e+00
6	1.129032e-02	5.645161e-01	0.000000e+00
7	1.322581e-02	6.612903e-01	0.000000e+00
8	1.580645e-02	7.903226e-01	0.000000e+00
9	1.709677e-02	8.548387e-01	0.000000e+00
10	2.064516e-02	1.032258e+00	0.000000e+00
11	2.354838e-02	1.177419e+00	0.000000e+00
12	2.709678e-02	1.354839e+00	0.000000e+00
13	3.129032e-02	1.564516e+00	0.000000e+00
14	3.516130e-02	1.758065e+00	0.000000e+00
15	3.838710e-02	1.919355e+00	0.000000e+00
16	4.161290e-02	2.080645e+00	0.000000e+00
17	4.483870e-02	2.241935e+00	0.000000e+00
18	4.645162e-02	2.322581e+00	0.000000e+00
19	5.064516e-02	2.532258e+00	0.000000e+00
20	5.483870e-02	2.741935e+00	0.000000e+00
21	5.838710e-02	2.919355e+00	0.000000e+00
22	6.258064e-02	3.129032e+00	0.000000e+00
23	6.741936e-02	3.370968e+00	0.000000e+00
24	7.096774e-02	3.548387e+00	0.000000e+00
25	7.451612e-02	3.725806e+00	0.000000e+00
26	7.741936e-02	3.870968e+00	0.000000e+00
27	8.129032e-02	4.064516e+00	0.000000e+00
28	8.483870e-02	4.241935e+00	0.000000e+00
29	8.935484e-02	4.467742e+00	0.000000e+00
30	9.322580e-02	4.661290e+00	0.000000e+00
31	9.741936e-02	4.870968e+00	0.000000e+00
32	1.009677e-01	5.048387e+00	0.000000e+00
33	1.038710e-01	5.193548e+00	0.000000e+00
34	1.087097e-01	5.435484e+00	0.000000e+00
35	1.122581e-01	5.612903e+00	0.000000e+00
36	1.161290e-01	5.806452e+00	0.000000e+00
37	1.209677e-01	6.048387e+00	0.000000e+00
38	1.245161e-01	6.225806e+00	0.000000e+00
39	1.283871e-01	6.419355e+00	0.000000e+00
40	1.332258e-01	6.661290e+00	0.000000e+00
41	1.374194e-01	6.870968e+00	0.000000e+00
42	1.419355e-01	7.096774e+00	0.000000e+00
43	1.474194e-01	7.370968e+00	0.000000e+00
44	1.516129e-01	7.580645e+00	0.000000e+00
45	1.558065e-01	7.790323e+00	0.000000e+00
46	1.593548e-01	7.967742e+00	0.000000e+00
47	1.638710e-01	8.193548e+00	0.000000e+00
48	1.683871e-01	8.419355e+00	0.000000e+00
49	1.719355e-01	8.645161e+00	4.838710e-02
50	1.754839e-01	8.870968e+00	9.677419e-02
51	1.790323e-01	9.096774e+00	1.451613e-01
52	1.806452e-01	9.290323e+00	2.580645e-01
53	1.819355e-01	9.500000e+00	4.032258e-01
54	1.854839e-01	9.725806e+00	4.516129e-01
55	1.867742e-01	9.903226e+00	5.645161e-01
56	1.896774e-01	1.014516e+01	6.612903e-01
57	1.916129e-01	1.037097e+01	7.903226e-01
58	1.958064e-01	1.064516e+01	8.548387e-01
59	1.974194e-01	1.090323e+01	1.032258e+00
60	1.990322e-01	1.112903e+01	1.177419e+00
61	2.006452e-01	1.138710e+01	1.354839e+00
62	2.006451e-01	1.159677e+01	1.564516e+00
63	2.009677e-01	1.180645e+01	1.758065e+00
64	2.016129e-01	1.200000e+01	1.919355e+00
65	2.025807e-01	1.220968e+01	2.080645e+00
66	2.032259e-01	1.240323e+01	2.241935e+00
67	2.067742e-01	1.266129e+01	2.322581e+00
68	2.074194e-01	1.290323e+01	2.532258e+00
69	2.080645e-01	1.314516e+01	2.741935e+00
70	2.106451e-01	1.345161e+01	2.919355e+00
71	2.109678e-01	1.367742e+01	3.129032e+00
72	2.112902e-01	1.393548e+01	3.370968e+00
73	2.122581e-01	1.416129e+01	3.548387e+00
74	2.132259e-01	1.438710e+01	3.725806e+00
75	2.151612e-01	1.462903e+01	3.870968e+00
76	2.167743e-01	1.490323e+01	4.064516e+00
77	2.174193e-01	1.511290e+01	4.241935e+00
78	2.187098e-01	1.540323e+01	4.467742e+00
79	2.200000e-01	1.566129e+01	4.661290e+00
80	2.206452e-01	1.590323e+01	4.870968e+00
81	2.225807e-01	1.617742e+01	5.048387e+00
82	2.251612e-01	1.645161e+01	5.193548e+00
83	2.254839e-01	1.670968e+01	5.435484e+00
84	2.270967e-01	1.696774e+01	5.612903e+00
85	2.274194e-01	1.717742e+01	5.806452e+00
86	2.277419e-01	1.743548e+01	6.048387e+00
87	2.290323e-01	1.767742e+01	6.225806e+00
88	2.309677e-01	1.796774e+01	6.419355e+00
89	2.319354e-01	1.825806e+01	6.661290e+00
90	2.338710e-01	1.856452e+01	6.870968e+00
91	2.351613e-01	1.885484e+01	7.096774e+00
92	2.351612e-01	1.912903e+01	7.370968e+00
93	2.364517e-01	1.940323e+01	7.580645e+00
94	2.374193e-01	1.966129e+01	7.790323e+00
95	2.400000e-01	1.996774e+01	7.967742e+00
96	2.412902e-01	2.025806e+01	8.193548e+00
97	2.419355e-01	2.051613e+01	8.419355e+00
98	2.441936e-01	2.085484e+01	8.645161e+00
99	2.451612e-01	2.112903e+01	8.870968e+00
100	2.454839e-01	2.137097e+01	9.096774e+00
101	2.474193e-01	2.166129e+01	9.290323e+00
102	2.490322e-01	2.195161e+01	9.500000e+00
103	2.500001e-01	2.222581e+01	9.725806e+00
104	2.535485e-01	2.258065e+01	9.903226e+00
105	2.535484e-01	2.282258e+01	1.014516e+01
106	2.545160e-01	2.309677e+01	1.037097e+01
107	2.567742e-01	2.348387e+01	1.064516e+01
108	2.570966e-01	2.375806e+01	1.090323e+01
109	2.574194e-01	2.400000e+01	1.112903e+01
110	2.583870e-01	2.430645e+01	1.138710e+01
111	2.609678e-01	2.464516e+01	1.159677e+01
112	2.638710e-01	2.500000e+01	1.180645e+01
113	2.658064e-01	2.529032e+01	1.200000e+01
114	2.677418e-01	2.559677e+01	1.220968e+01
115	2.703224e-01	2.591935e+01	1.240323e+01
116	2.709678e-01	2.620968e+01	1.266129e+01
117	2.722580e-01	2.651613e+01	1.290323e+01
118	2.732258e-01	2.680645e+01	1.314516e+01
119	2.735484e-01	2.712903e+01	1.345161e+01
120	2.758064e-01	2.746774e+01	1.367742e+01
121	2.767742e-01	2.777419e+01	1.393548e+01
122	2.787096e-01	2.809677e+01	1.416129e+01
123	2.809676e-01	2.843548e+01	1.438710e+01
124	2.829032e-01	2.877419e+01	1.462903e+01
125	2.838708e-01	2.909677e+01	1.490323e+01
126	2.851614e-01	2.937097e+01	1.511290e+01
127	2.867742e-01	2.974194e+01	1.540323e+01
128	2.880646e-01	3.006452e+01	1.566129e+01
129	2.906450e-01	3.043548e+01	1.590323e+01
130	2.919354e-01	3.077419e+01	1.617742e+01
131	2.932258e-01	3.111290e+01	1.645161e+01
132	2.958064e-01	3.150000e+01	1.670968e+01
133	2.980646e-01	3.187097e+01	1.696774e+01
134	3.006452e-01	3.220968e+01	1.717742e+01
135	3.032258e-01	3.259677e+01	1.743548e+01
136	3.067742e-01	3.301613e+01	1.767742e+01
137	3.077420e-01	3.335484e+01	1.796774e+01
138	3.080646e-01	3.366129e+01	1.825806e+01
139	3.080644e-01	3.396774e+01	1.856452e+01
140	3.093548e-01	3.432258e+01	1.885484e+01
141	3.116130e-01	3.470968e+01	1.912903e+01
142	3.125806e-01	3.503226e+01	1.940323e+01
143	3.145162e-01	3.538710e+01	1.966129e+01
144	3.161290e-01	3.577419e+01	1.996774e+01
145	3.183872e-01	3.617742e+01	2.025806e+01
146	3.209678e-01	3.656452e+01	2.051613e+01
147	3.209678e-01	3.690323e+01	2.085484e+01
148	3.225806e-01	3.725806e+01	2.112903e+01
149	3.254838e-01	3.764516e+01	2.137097e+01
150	3.270968e-01	3.801613e+01	2.166129e+01
151	3.300000e-01	3.845161e+01	2.195161e+01
152	3.322580e-01	3.883871e+01	2.222581e+01
153	3.332258e-01	3.924194e+01	2.258065e+01
154	3.361290e-01	3.962903e+01	2.282258e+01
155	3.367742e-01	3.993548e+01	2.309677e+01
156	3.354838e-01	4.025806e+01	2.348387e+01
157	3.387098e-01	4.069355e+01	2.375806e+01
158	3.416130e-01	4.108065e+01	2.400000e+01
159	3.429032e-01	4.145161e+01	2.430645e+01
160	3.451614e-01	4.190323e+01	2.464516e+01
161	3.464516e-01	4.232258e+01	2.500000e+01
162	3.477420e-01	4.267742e+01	2.529032e+01
163	3.493550e-01	4.306452e+01	2.559677e+01
164	3.512904e-01	4.348387e+01	2.591935e+01
165	3.538710e-01	4.390323e+01	2.620968e+01
166	3.558064e-01	4.430645e+01	2.651613e+01
167	3.570968e-01	4.466129e+01	2.680645e+01
168	3.580646e-01	4.503226e+01	2.712903e+01
169	3.600000e-01	4.546774e+01	2.746774e+01
170	3.616130e-01	4.585484e+01	2.777419e+01
171	3.619356e-01	4.619355e+01	2.809677e+01
172	3.635484e-01	4.661290e+01	2.843548e+01
173	3.648388e-01	4.701613e+01	2.877419e+01
174	3.661292e-01	4.740323e+01	2.909677e+01
175	3.680644e-01	4.777419e+01	2.937097e+01
176	3.683870e-01	4.816129e+01	2.974194e+01
177	3.696774e-01	4.854839e+01	3.006452e+01
178	3.687098e-01	4.887097e+01	3.043548e+01
179	3.680646e-01	4.917742e+01	3.077419e+01
180	3.680646e-01	4.951613e+01	3.111290e+01
181	3.674194e-01	4.987097e+01	3.150000e+01
182	3.670968e-01	5.022581e+01	3.187097e+01
183	3.683870e-01	5.062903e+01	3.220968e+01
184	3.687098e-01	5.103226e+01	3.259677e+01
185	3.677420e-01	5.140323e+01	3.301613e+01
186	3.690322e-01	5.180645e+01	3.335484e+01
187	3.706452e-01	5.219355e+01	3.366129e+01
188	3.716130e-01	5.254839e+01	3.396774e+01
189	3.732258e-01	5.298387e+01	3.432258e+01
190	3.722580e-01	5.332258e+01	3.470968e+01
191	3.745160e-01	5.375806e+01	3.503226e+01
192	3.751612e-01	5.414516e+01	3.538710e+01
193	3.751614e-01	5.453226e+01	3.577419e+01
194	3.751612e-01	5.493548e+01	3.617742e+01
195	3.748386e-01	5.530645e+01	3.656452e+01
196	3.761290e-01	5.570968e+01	3.690323e+01
197	3.767742e-01	5.609677e+01	3.725806e+01
198	3.764516e-01	5.646774e+01	3.764516e+01
199	3.770968e-01	5.687097e+01	3.801613e+01
200	3.767742e-01	5.729032e+01	3.845161e+01
201	3.770968e-01	5.769355e+01	3.883871e+01
202	3.770966e-01	5.809677e+01	3.924194e+01
203	3.764516e-01	5.845161e+01	3.962903e+01
204	3.783872e-01	5.885484e+01	3.993548e+01
205	3.803226e-01	5.927419e+01	4.025806e+01
206	3.790322e-01	5.964516e+01	4.069355e+01
207	3.796774e-01	6.006452e+01	4.108065e+01
208	3.803226e-01	6.046774e+01	4.145161e+01
209	3.793548e-01	6.087097e+01	4.190323e+01
210	3.783872e-01	6.124194e+01	4.232258e+01
211	3.790322e-01	6.162903e+01	4.267742e+01
212	3.783870e-01	6.198387e+01	4.306452e+01
213	3.777420e-01	6.237097e+01	4.348387e+01
214	3.761290e-01	6.270968e+01	4.390323e+01
215	3.745162e-01	6.303226e+01	4.430645e+01
216	3.758064e-01	6.345161e+01	4.466129e+01
217	3.770968e-01	6.388710e+01	4.503226e+01
218	3.745162e-01	6.419355e+01	4.546774e+01
219	3.738710e-01	6.454839e+01	4.585484e+01
220	3.754838e-01	6.496774e+01	4.619355e+01
221	3.751614e-01	6.537097e+01	4.661290e+01
222	3.748386e-01	6.575806e+01	4.701613e+01
223	3.745160e-01	6.612903e+01	4.740323e+01
224	3.748388e-01	6.651613e+01	4.777419e+01
225	3.748388e-01	6.690323e+01	4.816129e+01
226	3.748386e-01	6.729032e+01	4.854839e+01
227	3.761290e-01	6.767742e+01	4.887097e+01
228	3.777420e-01	6.806452e+01	4.917742e+01
229	3.780644e-01	6.841935e+01	4.951613e+01
230	3.783870e-01	6.879032e+01	4.987097e+01
231	3.796774e-01	6.920968e+01	5.022581e+01
232	3.793548e-01	6.959677e+01	5.062903e+01
233	3.787096e-01	6.996774e+01	5.103226e+01
234	3.783870e-01	7.032258e+01	5.140323e+01
235	3.777420e-01	7.069355e+01	5.180645e+01
236	3.780644e-01	7.109677e+01	5.219355e+01
237	3.787096e-01	7.148387e+01	5.254839e+01
238	3.774194e-01	7.185484e+01	5.298387e+01
239	3.783872e-01	7.224194e+01	5.332258e+01
240	3.767742e-01	7.259677e+01	5.375806e+01
241	3.767742e-01	7.298387e+01	5.414516e+01
242	3.770968e-01	7.338710e+01	5.453226e+01
243	3.758066e-01	7.372581e+01	5.493548e+01
244	3.767742e-01	7.414516e+01	5.530645e+01
245	3.764516e-01	7.453226e+01	5.570968e+01
246	3.770968e-01	7.495161e+01	5.609677e+01
247	3.777420e-01	7.535484e+01	5.646774e+01
248	3.770968e-01	7.572581e+01	5.687097e+01
249	3.761290e-01	7.609677e+01	5.729032e+01
250	3.751612e-01	7.645161e+01	5.769355e+01
251	3.745162e-01	7.682258e+01	5.809677e+01
252	3.764516e-01	7.727419e+01	5.845161e+01
253	3.751612e-01	7.761290e+01	5.885484e+01
254	3.732258e-01	7.793548e+01	5.927419e+01
255	3.738710e-01	7.833871e+01	5.964516e+01
256	3.738708e-01	7.875806e+01	6.006452e+01
257	3.725806e-01	7.909677e+01	6.046774e+01
258	3.725806e-01	7.950000e+01	6.087097e+01
259	3.719354e-01	7.983871e+01	6.124194e+01
260	3.706452e-01	8.016129e+01	6.162903e+01
261	3.706452e-01	8.051613e+01	6.198387e+01
262	3.706452e-01	8.090323e+01	6.237097e+01
263	3.716128e-01	8.129032e+01	6.270968e+01
264	3.725806e-01	8.166129e+01	6.303226e+01
265	3.722582e-01	8.206452e+01	6.345161e+01
266	3.700000e-01	8.238710e+01	6.388710e+01
267	3.703226e-01	8.270968e+01	6.419355e+01
268	3.709676e-01	8.309677e+01	6.454839e+01
269	3.703226e-01	8.348387e+01	6.496774e+01
270	3.693548e-01	8.383871e+01	6.537097e+01
271	3.696776e-01	8.424194e+01	6.575806e+01
272	3.696774e-01	8.461290e+01	6.612903e+01
273	3.690322e-01	8.496774e+01	6.651613e+01
274	3.677418e-01	8.529032e+01	6.690323e+01
275	3.674194e-01	8.566129e+01	6.729032e+01
276	3.670968e-01	8.603226e+01	6.767742e+01
277	3.667742e-01	8.640323e+01	6.806452e+01
278	3.670968e-01	8.677419e+01	6.841935e+01
279	3.670968e-01	8.714516e+01	6.879032e+01
280	3.654838e-01	8.748387e+01	6.920968e+01
281	3.658066e-01	8.788710e+01	6.959677e+01
282	3.664516e-01	8.829032e+01	6.996774e+01
283	3.667742e-01	8.866129e+01	7.032258e+01
284	3.680644e-01	8.909677e+01	7.069355e+01
285	3.687098e-01	8.953226e+01	7.109677e+01
286	3.680646e-01	8.988710e+01	7.148387e+01
287	3.693548e-01	9.032258e+01	7.185484e+01
288	3.700000e-01	9.074194e+01	7.224194e+01
289	3.709678e-01	9.114516e+01	7.259677e+01
290	3.709678e-01	9.153226e+01	7.298387e+01
291	3.712902e-01	9.195161e+01	7.338710e+01
292	3.725806e-01	9.235484e+01	7.372581e+01
293	3.719356e-01	9.274194e+01	7.414516e+01
294	3.725806e-01	9.316129e+01	7.453226e+01
295	3.725808e-01	9.358065e+01	7.495161e+01
296	3.732258e-01	9.401613e+01	7.535484e+01
297	3.745160e-01	9.445161e+01	7.572581e+01
298	3.735484e-01	9.477419e+01	7.609677e+01
299	3.745162e-01	9.517742e+01	7.645161e+01
300	3.758064e-01	9.561290e+01	7.682258e+01
301	3.761292e-01	9.608065e+01	7.727419e+01
302	3.774194e-01	9.648387e+01	7.761290e+01
303	3.796774e-01	9.691935e+01	7.793548e+01
304	3.796774e-01	9.732258e+01	7.833871e+01
305	3.790324e-01	9.770968e+01	7.875806e+01
306	3.803226e-01	9.811290e+01	7.909677e+01
307	3.803226e-01	9.851613e+01	7.950000e+01
308	3.822580e-01	9.895161e+01	7.983871e+01
309	3.829032e-01	9.930645e+01	8.016129e+01
310	3.841936e-01	9.972581e+01	8.051613e+01
311	3.858054e-01	1.001935e+02	8.090323e+01
312	3.867736e-01	1.006290e+02	8.129032e+01
313	3.880642e-01	1.010645e+02	8.166129e+01
314	3.880636e-01	1.014677e+02	8.206452e+01
315	3.893540e-01	1.018548e+02	8.238710e+01
316	3.916124e-01	1.022903e+02	8.270968e+01
317	3.925806e-01	1.027258e+02	8.309677e+01
318	3.922586e-01	1.030968e+02	8.348387e+01
319	3.929038e-01	1.034839e+02	8.383871e+01
320	3.925812e-01	1.038710e+02	8.424194e+01
321	3.932260e-01	1.042742e+02	8.461290e+01
322	3.941932e-01	1.046774e+02	8.496774e+01
323	3.961296e-01	1.050968e+02	8.529032e+01
324	3.958062e-01	1.054516e+02	8.566129e+01
325	3.964508e-01	1.058548e+02	8.603226e+01
326	3.970974e-01	1.062581e+02	8.640323e+01
327	3.980642e-01	1.066774e+02	8.677419e+01
328	3.990328e-01	1.070968e+02	8.714516e+01
329	4.000006e-01	1.074839e+02	8.748387e+01
330	4.012900e-01	1.079516e+02	8.788710e+01
331	4.016136e-01	1.083710e+02	8.829032e+01
332	4.019362e-01	1.087581e+02	8.866129e+01
333	4.009686e-01	1.091452e+02	8.909677e+01
334	4.009668e-01	1.095806e+02	8.953226e+01
335	4.022580e-01	1.100000e+02	8.988710e+01
336	4.019364e-01	1.104194e+02	9.032258e+01
337	4.022572e-01	1.108548e+02	9.074194e+01
338	4.025808e-01	1.112742e+02	9.114516e+01
339	4.025808e-01	1.116613e+02	9.153226e+01
340	4.029038e-01	1.120968e+02	9.195161e+01
341	4.029032e-01	1.125000e+02	9.235484e+01
342	4.038712e-01	1.129355e+02	9.274194e+01
343	4.038702e-01	1.133548e+02	9.316129e+01
344	4.035490e-01	1.137581e+02	9.358065e+01
345	4.029034e-01	1.141613e+02	9.401613e+01
346	4.029038e-01	1.145968e+02	9.445161e+01
347	4.045162e-01	1.150000e+02	9.477419e+01
348	4.061296e-01	1.154839e+02	9.517742e+01
349	4.064520e-01	1.159355e+02	9.561290e+01
350	4.061290e-01	1.163871e+02	9.608065e+01
351	4.067746e-01	1.168226e+02	9.648387e+01
352	4.064510e-01	1.172419e+02	9.691935e+01
353	4.070964e-01	1.176774e+02	9.732258e+01
354	4.083864e-01	1.181290e+02	9.770968e+01
355	4.080640e-01	1.185161e+02	9.811290e+01
356	4.093554e-01	1.189839e+02	9.851613e+01
357	4.090318e-01	1.194032e+02	9.895161e+01
358	4.109670e-01	1.198548e+02	9.930645e+01
359	4.119358e-01	1.203226e+02	9.972581e+01
360	4.116140e-01	1.207742e+02	1.001935e+02
361	4.116140e-01	1.212097e+02	1.006290e+02
362	4.122580e-01	1.216774e+02	1.010645e+02
363	4.132260e-01	1.221290e+02	1.014677e+02
364	4.145160e-01	1.225806e+02	1.018548e+02
365	4.151620e-01	1.230484e+02	1.022903e+02
366	4.148380e-01	1.234677e+02	1.027258e+02
367	4.161280e-01	1.239032e+02	1.030968e+02
368	4.177420e-01	1.243710e+02	1.034839e+02
369	4.180640e-01	1.247742e+02	1.038710e+02
370	4.193540e-01	1.252419e+02	1.042742e+02
371	4.206460e-01	1.257097e+02	1.046774e+02
372	4.212900e-01	1.261613e+02	1.050968e+02
373	4.232260e-01	1.266129e+02	1.054516e+02
374	4.238720e-01	1.270484e+02	1.058548e+02
375	4.241920e-01	1.274677e+02	1.062581e+02
376	4.238720e-01	1.278710e+02	1.066774e+02
377	4.235480e-01	1.282742e+02	1.070968e+02
378	4.251600e-01	1.287419e+02	1.074839e+02
379	4.245160e-01	1.291774e+02	1.079516e+02
380	4.254840e-01	1.296452e+02	1.083710e+02
381	4.261280e-01	1.300645e+02	1.087581e+02
382	4.270960e-01	1.305000e+02	1.091452e+02
383	4.267760e-01	1.309194e+02	1.095806e+02
384	4.264520e-01	1.313226e+02	1.100000e+02
385	4.261280e-01	1.317258e+02	1.104194e+02
386	4.261300e-01	1.321613e+02	1.108548e+02
387	4.258060e-01	1.325645e+02	1.112742e+02
388	4.274200e-01	1.330323e+02	1.116613e+02
389	4.274180e-01	1.334677e+02	1.120968e+02
390	4.274200e-01	1.338710e+02	1.125000e+02
391	4.270960e-01	1.342903e+02	1.129355e+02
392	4.277420e-01	1.347419e+02	1.133548e+02
393	4.277420e-01	1.351452e+02	1.137581e+02
394	4.280640e-01	1.355645e+02	1.141613e+02
395	4.274180e-01	1.359677e+02	1.145968e+02
396	4.280640e-01	1.364032e+02	1.150000e+02
397	4.270960e-01	1.368387e+02	1.154839e+02
398	4.261280e-01	1.372419e+02	1.159355e+02
399	4.267740e-01	1.377258e+02	1.163871e+02
400	4.267740e-01	1.381613e+02	1.168226e+02
401	4.267740e-01	1.385806e+02	1.172419e+02
402	4.274200e-01	1.390484e+02	1.176774e+02
403	4.274200e-01	1.395000e+02	1.181290e+02
404	4.287100e-01	1.399516e+02	1.185161e+02
405	4.283860e-01	1.404032e+02	1.189839e+02
406	4.296780e-01	1.408871e+02	1.194032e+02
407	4.293560e-01	1.413226e+02	1.198548e+02
408	4.280640e-01	1.417258e+02	1.203226e+02
409	4.277420e-01	1.421613e+02	1.207742e+02
410	4.277420e-01	1.425968e+02	1.212097e+02
411	4.274200e-01	1.430484e+02	1.216774e+02
412	4.274200e-01	1.435000e+02	1.221290e+02
413	4.267760e-01	1.439194e+02	1.225806e+02
414	4.267740e-01	1.443871e+02	1.230484e+02
415	4.277420e-01	1.448548e+02	1.234677e+02
416	4.277420e-01	1.452903e+02	1.239032e+02
417	4.277420e-01	1.457581e+02	1.243710e+02
418	4.270960e-01	1.461290e+02	1.247742e+02
419	4.274200e-01	1.466129e+02	1.252419e+02
420	4.264520e-01	1.470323e+02	1.257097e+02
421	4.264520e-01	1.474839e+02	1.261613e+02
422	4.270960e-01	1.479677e+02	1.266129e+02
423	4.277420e-01	1.484355e+02	1.270484e+02
424	4.280660e-01	1.488710e+02	1.274677e+02
425	4.277420e-01	1.492581e+02	1.278710e+02
426	4.287100e-01	1.497097e+02	1.282742e+02
427	4.280660e-01	1.501452e+02	1.287419e+02
428	4.287100e-01	1.506129e+02	1.291774e+02
429	4.280640e-01	1.510484e+02	1.296452e+02
430	4.287100e-01	1.515000e+02	1.300645e+02
431	4.293540e-01	1.519677e+02	1.305000e+02
432	4.293540e-01	1.523871e+02	1.309194e+02
433	4.300000e-01	1.528226e+02	1.313226e+02
434	4.306460e-01	1.532581e+02	1.317258e+02
435	4.309680e-01	1.537097e+02	1.321613e+02
436	4.322580e-01	1.541774e+02	1.325645e+02
437	4.322580e-01	1.546452e+02	1.330323e+02
438	4.319360e-01	1.550645e+02	1.334677e+02
439	4.319340e-01	1.554677e+02	1.338710e+02
440	4.329040e-01	1.559355e+02	1.342903e+02
441	4.329040e-01	1.563871e+02	1.347419e+02
442	4.329020e-01	1.567903e+02	1.351452e+02
443	4.338720e-01	1.572581e+02	1.355645e+02
444	4.341940e-01	1.576774e+02	1.359677e+02
445	4.345160e-01	1.581290e+02	1.364032e+02
446	4.345160e-01	1.585645e+02	1.368387e+02
447	4.354840e-01	1.590161e+02	1.372419e+02
448	4.348380e-01	1.594677e+02	1.377258e+02
449	4.354840e-01	1.599355e+02	1.381613e+02
450	4.361300e-01	1.603871e+02	1.385806e+02
451	4.358060e-01	1.608387e+02	1.390484e+02
452	4.361300e-01	1.613065e+02	1.395000e+02
453	4.358060e-01	1.617419e+02	1.399516e+02
454	4.358060e-01	1.621935e+02	1.404032e+02
455	4.351620e-01	1.626452e+02	1.408871e+02
456	4.358060e-01	1.631129e+02	1.413226e+02
457	4.370960e-01	1.635806e+02	1.417258e+02
458	4.370960e-01	1.640161e+02	1.421613e+02
459	4.380640e-01	1.645000e+02	1.425968e+02
460	4.387100e-01	1.649839e+02	1.430484e+02
461	4.396780e-01	1.654839e+02	1.435000e+02
462	4.406440e-01	1.659516e+02	1.439194e+02
463	4.406460e-01	1.664194e+02	1.443871e+02
464	4.406460e-01	1.668871e+02	1.448548e+02
465	4.403240e-01	1.673065e+02	1.452903e+02
466	4.406440e-01	1.677903e+02	1.457581e+02
467	4.419360e-01	1.682258e+02	1.461290e+02
468	4.412900e-01	1.686774e+02	1.466129e+02
469	4.422580e-01	1.691452e+02	1.470323e+02
470	4.422580e-01	1.695968e+02	1.474839e+02
471	4.419360e-01	1.700645e+02	1.479677e+02
472	4.422580e-01	1.705484e+02	1.484355e+02
473	4.425800e-01	1.710000e+02	1.488710e+02
474	4.438700e-01	1.714516e+02	1.492581e+02
475	4.448380e-01	1.719516e+02	1.497097e+02
476	4.458060e-01	1.724355e+02	1.501452e+02
477	4.461300e-01	1.729194e+02	1.506129e+02
478	4.458060e-01	1.733387e+02	1.510484e+02
479	4.464520e-01	1.738226e+02	1.515000e+02
480	4.464520e-01	1.742903e+02	1.519677e+02
481	4.467740e-01	1.747258e+02	1.523871e+02
482	4.477420e-01	1.752097e+02	1.528226e+02
483	4.483860e-01	1.756774e+02	1.532581e+02
484	4.487100e-01	1.761452e+02	1.537097e+02
485	4.487100e-01	1.766129e+02	1.541774e+02
486	4.477420e-01	1.770323e+02	1.546452e+02
487	4.487100e-01	1.775000e+02	1.550645e+02
488	4.500000e-01	1.779677e+02	1.554677e+02
489	4.496780e-01	1.784194e+02	1.559355e+02
490	4.496780e-01	1.788710e+02	1.563871e+02
491	4.509680e-01	1.793387e+02	1.567903e+02
492	4.512900e-01	1.798226e+02	1.572581e+02
493	4.522580e-01	1.802903e+02	1.576774e+02
494	4.516140e-01	1.807097e+02	1.581290e+02
495	4.519360e-01	1.811613e+02	1.585645e+02
496	4.519360e-01	1.816129e+02	1.590161e+02
497	4.525820e-01	1.820968e+02	1.594677e+02
498	4.525800e-01	1.825645e+02	1.599355e+02
499	4.529040e-01	1.830323e+02	1.603871e+02
500	4.529040e-01	1.834839e+02	1.608387e+02
501	4.522580e-01	1.839194e+02	1.613065e+02
502	4.529040e-01	1.843871e+02	1.617419e+02
503	4.535500e-01	1.848710e+02	1.621935e+02
504	4.532260e-01	1.853065e+02	1.626452e+02
505	4.532260e-01	1.857742e+02	1.631129e+02
506	4.535500e-01	1.862581e+02	1.635806e+02
507	4.541940e-01	1.867258e+02	1.640161e+02
508	4.541940e-01	1.872097e+02	1.645000e+02
509	4.529020e-01	1.876290e+02	1.649839e+02
510	4.525800e-01	1.881129e+02	1.654839e+02
511	4.525800e-01	1.885806e+02	1.659516e+02
512	4.529020e-01	1.890645e+02	1.664194e+02
513	4.525800e-01	1.895161e+02	1.668871e+02
514	4.532240e-01	1.899677e+02	1.673065e+02
515	4.532260e-01	1.904516e+02	1.677903e+02
516	4.538720e-01	1.909194e+02	1.682258e+02
517	4.545160e-01	1.914032e+02	1.686774e+02
518	4.545160e-01	1.918710e+02	1.691452e+02
519	4.548380e-01	1.923387e+02	1.695968e+02
520	4.538720e-01	1.927581e+02	1.700645e+02
521	4.535480e-01	1.932258e+02	1.705484e+02
522	4.532260e-01	1.936613e+02	1.710000e+02
523	4.541940e-01	1.941613e+02	1.714516e+02
524	4.541940e-01	1.946613e+02	1.719516e+02
525	4.532260e-01	1.950968e+02	1.724355e+02
526	4.532240e-01	1.955806e+02	1.729194e+02
527	4.541940e-01	1.960484e+02	1.733387e+02
528	4.538700e-01	1.965161e+02	1.738226e+02
529	4.529040e-01	1.969355e+02	1.742903e+02
530	4.535480e-01	1.974032e+02	1.747258e+02
531	4.532260e-01	1.978710e+02	1.752097e+02
532	4.532260e-01	1.983387e+02	1.756774e+02
533	4.535480e-01	1.988226e+02	1.761452e+02
534	4.535480e-01	1.992903e+02	1.766129e+02
535	4.548380e-01	1.997742e+02	1.770323e+02
536	4.548380e-01	2.002419e+02	1.775000e+02
537	4.554840e-01	2.007419e+02	1.779677e+02
538	4.561280e-01	2.012258e+02	1.784194e+02
539	4.564500e-01	2.016935e+02	1.788710e+02
540	4.564520e-01	2.021613e+02	1.793387e+02
541	4.567740e-01	2.026613e+02	1.798226e+02
542	4.567740e-01	2.031290e+02	1.802903e+02
543	4.577420e-01	2.035968e+02	1.807097e+02
544	4.577420e-01	2.040484e+02	1.811613e+02
545	4.577420e-01	2.045000e+02	1.816129e+02
546	4.577420e-01	2.049839e+02	1.820968e+02
547	4.577420e-01	2.054516e+02	1.825645e+02
548	4.580640e-01	2.059355e+02	1.830323e+02
549	4.587100e-01	2.064194e+02	1.834839e+02
550	4.593540e-01	2.068871e+02	1.839194e+02
551	4.590320e-01	2.073387e+02	1.843871e+02
552	4.583860e-01	2.077903e+02	1.848710e+02
553	4.593540e-01	2.082742e+02	1.853065e+02
554	4.593540e-01	2.087419e+02	1.857742e+02
555	4.593540e-01	2.092258e+02	1.862581e+02
556	4.600000e-01	2.097258e+02	1.867258e+02
557	4.600000e-01	2.102097e+02	1.872097e+02
558	4.609680e-01	2.106774e+02	1.876290e+02
559	4.606460e-01	2.111452e+02	1.881129e+02
560	4.612920e-01	2.116452e+02	1.885806e+02
561	4.612900e-01	2.121290e+02	1.890645e+02
562	4.616140e-01	2.125968e+02	1.895161e+02
563	4.619360e-01	2.130645e+02	1.899677e+02
564	4.619360e-01	2.135484e+02	1.904516e+02
565	4.625800e-01	2.140484e+02	1.909194e+02
566	4.619360e-01	2.145000e+02	1.914032e+02
567	4.625800e-01	2.150000e+02	1.918710e+02
568	4.629040e-01	2.154839e+02	1.923387e+02
569	4.632260e-01	2.159194e+02	1.927581e+02
570	4.629040e-01	2.163710e+02	1.932258e+02
571	4.638700e-01	2.168548e+02	1.936613e+02
572	4.635480e-01	2.173387e+02	1.941613e+02
573	4.632260e-01	2.178226e+02	1.946613e+02
574	4.641940e-01	2.183065e+02	1.950968e+02
575	4.641940e-01	2.187903e+02	1.955806e+02
576	4.648380e-01	2.192903e+02	1.960484e+02
577	4.648400e-01	2.197581e+02	1.965161e+02
578	4.664520e-01	2.202581e+02	1.969355e+02
579	4.667740e-01	2.207419e+02	1.974032e+02
580	4.674180e-01	2.212419e+02	1.978710e+02
581	4.674200e-01	2.217097e+02	1.983387e+02
582	4.667740e-01	2.221613e+02	1.988226e+02
583	4.664520e-01	2.226129e+02	1.992903e+02
584	4.658060e-01	2.230645e+02	1.997742e+02
585	4.664520e-01	2.235645e+02	2.002419e+02
586	4.664520e-01	2.240645e+02	2.007419e+02
587	4.664520e-01	2.245484e+02	2.012258e+02
588	4.664520e-01	2.250161e+02	2.016935e+02
589	4.664520e-01	2.254839e+02	2.021613e+02
590	4.664520e-01	2.259839e+02	2.026613e+02
591	4.661300e-01	2.264355e+02	2.031290e+02
592	4.664520e-01	2.269194e+02	2.035968e+02
593	4.670960e-01	2.274032e+02	2.040484e+02
594	4.674200e-01	2.278710e+02	2.045000e+02
595	4.677420e-01	2.283710e+02	2.049839e+02
596	4.683880e-01	2.288710e+02	2.054516e+02
597	4.680640e-01	2.293387e+02	2.059355e+02
598	4.670960e-01	2.297742e+02	2.064194e+02
599	4.674200e-01	2.302581e+02	2.068871e+02
600	4.677420e-01	2.307258e+02	2.073387e+02
601	4.683880e-01	2.312097e+02	2.077903e+02
602	4.677420e-01	2.316613e+02	2.082742e+02
603	4.677420e-01	2.321290e+02	2.087419e+02
604	4.670960e-01	2.325806e+02	2.092258e+02
605	4.667740e-01	2.330645e+02	2.097258e+02
606	4.670960e-01	2.335645e+02	2.102097e+02
607	4.674200e-01	2.340484e+02	2.106774e+02
608	4.677420e-01	2.345323e+02	2.111452e+02
609	4.674180e-01	2.350161e+02	2.116452e+02
610	4.674200e-01	2.355000e+02	2.121290e+02
611	4.677420e-01	2.359839e+02	2.125968e+02
612	4.680640e-01	2.364677e+02	2.130645e+02
613	4.677420e-01	2.369355e+02	2.135484e+02
614	4.674200e-01	2.374194e+02	2.140484e+02
615	4.683880e-01	2.379194e+02	2.145000e+02
616	4.677420e-01	2.383871e+02	2.150000e+02
617	4.677420e-01	2.388710e+02	2.154839e+02
618	4.690320e-01	2.393710e+02	2.159194e+02
619	4.690320e-01	2.398226e+02	2.163710e+02
620	4.693560e-01	2.403226e+02	2.168548e+02
621	4.683880e-01	2.407581e+02	2.173387e+02
622	4.680640e-01	2.412258e+02	2.178226e+02
623	4.677400e-01	2.416935e+02	2.183065e+02
624	4.677420e-01	2.421774e+02	2.187903e+02
625	4.677420e-01	2.426774e+02	2.192903e+02
626	4.677420e-01	2.431452e+02	2.197581e+02
627	4.667740e-01	2.435968e+02	2.202581e+02
628	4.664520e-01	2.440645e+02	2.207419e+02
629	4.658080e-01	2.445323e+02	2.212419e+02
630	4.661280e-01	2.450161e+02	2.217097e+02
631	4.664520e-01	2.454839e+02	2.221613e+02
632	4.667740e-01	2.459516e+02	2.226129e+02
633	4.667740e-01	2.464032e+02	2.230645e+02
634	4.661300e-01	2.468710e+02	2.235645e+02
635	4.654840e-01	2.473387e+02	2.240645e+02
636	4.645160e-01	2.477742e+02	2.245484e+02
637	4.645160e-01	2.482419e+02	2.250161e+02
638	4.645160e-01	2.487097e+02	2.254839e+02
639	4.645160e-01	2.492097e+02	2.259839e+02
640	4.651600e-01	2.496935e+02	2.264355e+02
641	4.648380e-01	2.501613e+02	2.269194e+02
642	4.651620e-01	2.506613e+02	2.274032e+02
643	4.654840e-01	2.511452e+02	2.278710e+02
644	4.645160e-01	2.515968e+02	2.283710e+02
645	4.635480e-01	2.520484e+02	2.288710e+02
646	4.632260e-01	2.525000e+02	2.293387e+02
647	4.629040e-01	2.529194e+02	2.297742e+02
648	4.632260e-01	2.534194e+02	2.302581e+02
649	4.638720e-01	2.539194e+02	2.307258e+02
650	4.635480e-01	2.543871e+02	2.312097e+02
651	4.635480e-01	2.548387e+02	2.316613e+02
652	4.629040e-01	2.552742e+02	2.321290e+02
653	4.635500e-01	2.557581e+02	2.325806e+02
654	4.635480e-01	2.562419e+02	2.330645e+02
655	4.632260e-01	2.567258e+02	2.335645e+02
656	4.625800e-01	2.571774e+02	2.340484e+02
657	4.629020e-01	2.576774e+02	2.345323e+02
658	4.625820e-01	2.581452e+02	2.350161e+02
659	4.622580e-01	2.586129e+02	2.355000e+02
660	4.625800e-01	2.591129e+02	2.359839e+02
661	4.619360e-01	2.595645e+02	2.364677e+02
662	4.619360e-01	2.600323e+02	2.369355e+02
663	4.619340e-01	2.605161e+02	2.374194e+02
664	4.609660e-01	2.609677e+02	2.379194e+02
665	4.612900e-01	2.614516e+02	2.383871e+02
666	4.606440e-01	2.619032e+02	2.388710e+02
667	4.596760e-01	2.623548e+02	2.393710e+02
668	4.600000e-01	2.628226e+02	2.398226e+02
669	4.600000e-01	2.633226e+02	2.403226e+02
670	4.609680e-01	2.638065e+02	2.407581e+02
671	4.612900e-01	2.642903e+02	2.412258e+02
672	4.616140e-01	2.647742e+02	2.416935e+02
673	4.616140e-01	2.652581e+02	2.421774e+02
674	4.616140e-01	2.657581e+02	2.426774e+02
675	4.619340e-01	2.662419e+02	2.431452e+02
676	4.622580e-01	2.667097e+02	2.435968e+02
677	4.622580e-01	2.671774e+02	2.440645e+02
678	4.629020e-01	2.676774e+02	2.445323e+02
679	4.629040e-01	2.681613e+02	2.450161e+02
680	4.632260e-01	2.686452e+02	2.454839e+02
681	4.632260e-01	2.691129e+02	2.459516e+02
682	4.641940e-01	2.696129e+02	2.464032e+02
683	4.648380e-01	2.701129e+02	2.468710e+02
684	4.645160e-01	2.705645e+02	2.473387e+02
685	4.658060e-01	2.710645e+02	2.477742e+02
686	4.664520e-01	2.715645e+02	2.482419e+02
687	4.667740e-01	2.720484e+02	2.487097e+02
688	4.664520e-01	2.725323e+02	2.492097e+02
689	4.664520e-01	2.730161e+02	2.496935e+02
690	4.667740e-01	2.735000e+02	2.501613e+02
691	4.667740e-01	2.740000e+02	2.506613e+02
692	4.667740e-01	2.744839e+02	2.511452e+02
693	4.674180e-01	2.749677e+02	2.515968e+02
694	4.677420e-01	2.754355e+02	2.520484e+02
695	4.677420e-01	2.758871e+02	2.525000e+02
696	4.680640e-01	2.763226e+02	2.529194e+02
697	4.674180e-01	2.767903e+02	2.534194e+02
698	4.670960e-01	2.772742e+02	2.539194e+02
699	4.674200e-01	2.777581e+02	2.543871e+02
700	4.680640e-01	2.782419e+02	2.548387e+02
701	4.687100e-01	2.787097e+02	2.552742e+02
702	4.690320e-01	2.792097e+02	2.557581e+02
703	4.690320e-01	2.796935e+02	2.562419e+02
704	4.690320e-01	2.801774e+02	2.567258e+02
705	4.693560e-01	2.806452e+02	2.571774e+02
706	4.690320e-01	2.811290e+02	2.576774e+02
707	4.693540e-01	2.816129e+02	2.581452e+02
708	4.700000e-01	2.821129e+02	2.586129e+02
709	4.700000e-01	2.826129e+02	2.591129e+02
710	4.703220e-01	2.830806e+02	2.595645e+02
711	4.706440e-01	2.835645e+02	2.600323e+02
712	4.706460e-01	2.840484e+02	2.605161e+02
713	4.712920e-01	2.845323e+02	2.609677e+02
714	4.716140e-01	2.850323e+02	2.614516e+02
715	4.722580e-01	2.855161e+02	2.619032e+02
716	4.725820e-01	2.859839e+02	2.623548e+02
717	4.729020e-01	2.864677e+02	2.628226e+02
718	4.725800e-01	2.869516e+02	2.633226e+02
719	4.725800e-01	2.874355e+02	2.638065e+02
720	4.719360e-01	2.878871e+02	2.642903e+02
721	4.722580e-01	2.883871e+02	2.647742e+02
722	4.725800e-01	2.888871e+02	2.652581e+02
723	4.722580e-01	2.893710e+02	2.657581e+02
724	4.716140e-01	2.898226e+02	2.662419e+02
725	4.716120e-01	2.902903e+02	2.667097e+02
726	4.722580e-01	2.907903e+02	2.671774e+02
727	4.722580e-01	2.912903e+02	2.676774e+02
728	4.719360e-01	2.917581e+02	2.681613e+02
729	4.719340e-01	2.922419e+02	2.686452e+02
730	4.722580e-01	2.927258e+02	2.691129e+02
731	4.722580e-01	2.932258e+02	2.696129e+02
732	4.722580e-01	2.937258e+02	2.701129e+02
733	4.725800e-01	2.941935e+02	2.705645e+02
734	4.725800e-01	2.946935e+02	2.710645e+02
735	4.722580e-01	2.951774e+02	2.715645e+02
736	4.722580e-01	2.956613e+02	2.720484e+02
737	4.722580e-01	2.961452e+02	2.725323e+02
738	4.722580e-01	2.966290e+02	2.730161e+02
739	4.722580e-01	2.971129e+02	2.735000e+02
740	4.719360e-01	2.975968e+02	2.740000e+02
741	4.722580e-01	2.980968e+02	2.744839e+02
742	4.716140e-01	2.985484e+02	2.749677e+02
743	4.722580e-01	2.990484e+02	2.754355e+02
744	4.725800e-01	2.995161e+02	2.758871e+02
745	4.729020e-01	2.999677e+02	2.763226e+02
746	4.735480e-01	3.004677e+02	2.767903e+02
747	4.738700e-01	3.009677e+02	2.772742e+02
748	4.738700e-01	3.014516e+02	2.777581e+02
749	4.741940e-01	3.019516e+02	2.782419e+02
750	4.745160e-01	3.024355e+02	2.787097e+02
751	4.745160e-01	3.029355e+02	2.792097e+02
752	4.741940e-01	3.034032e+02	2.796935e+02
753	4.745160e-01	3.039032e+02	2.801774e+02
754	4.741920e-01	3.043548e+02	2.806452e+02
755	4.741940e-01	3.048387e+02	2.811290e+02
756	4.745160e-01	3.053387e+02	2.816129e+02
757	4.745160e-01	3.058387e+02	2.821129e+02
758	4.741940e-01	3.063226e+02	2.826129e+02
759	4.748400e-01	3.068226e+02	2.830806e+02
760	4.748400e-01	3.073065e+02	2.835645e+02
761	4.748380e-01	3.077903e+02	2.840484e+02
762	4.741920e-01	3.082419e+02	2.845323e+02
763	4.741920e-01	3.087419e+02	2.850323e+02
764	4.745160e-01	3.092419e+02	2.855161e+02
765	4.748380e-01	3.097258e+02	2.859839e+02
766	4.748400e-01	3.102097e+02	2.864677e+02
767	4.751620e-01	3.107097e+02	2.869516e+02
768	4.751600e-01	3.111935e+02	2.874355e+02
769	4.761280e-01	3.116935e+02	2.878871e+02
770	4.761280e-01	3.121935e+02	2.883871e+02
771	4.761280e-01	3.126935e+02	2.888871e+02
772	4.764500e-01	3.131935e+02	2.893710e+02
773	4.770960e-01	3.136774e+02	2.898226e+02
774	4.770980e-01	3.141452e+02	2.902903e+02
775	4.770980e-01	3.146452e+02	2.907903e+02
776	4.770980e-01	3.151452e+02	2.912903e+02
777	4.774180e-01	3.156290e+02	2.917581e+02
778	4.777420e-01	3.161290e+02	2.922419e+02
779	4.777420e-01	3.166129e+02	2.927258e+02
780	4.774200e-01	3.170968e+02	2.932258e+02
781	4.770960e-01	3.175806e+02	2.937258e+02
782	4.774200e-01	3.180645e+02	2.941935e+02
783	4.770980e-01	3.185484e+02	2.946935e+02
784	4.767740e-01	3.190161e+02	2.951774e+02
785	4.770960e-01	3.195161e+02	2.956613e+02
786	4.770960e-01	3.200000e+02	2.961452e+02
787	4.774200e-01	3.205000e+02	2.966290e+02
788	4.770960e-01	3.209677e+02	2.971129e+02
789	4.770960e-01	3.214516e+02	2.975968e+02
790	4.767740e-01	3.219355e+02	2.980968e+02
791	4.774200e-01	3.224194e+02	2.985484e+02
792	4.770960e-01	3.229032e+02	2.990484e+02
793	4.774200e-01	3.233871e+02	2.995161e+02
794	4.780660e-01	3.238710e+02	2.999677e+02
795	4.777420e-01	3.243548e+02	3.004677e+02
796	4.777420e-01	3.248548e+02	3.009677e+02
797	4.780640e-01	3.253548e+02	3.014516e+02
798	4.780640e-01	3.258548e+02	3.019516e+02
799	4.783860e-01	3.263548e+02	3.024355e+02
800	4.780640e-01	3.268387e+02	3.029355e+02
801	4.783880e-01	3.273226e+02	3.034032e+02
802	4.780660e-01	3.278065e+02	3.039032e+02
803	4.790340e-01	3.283065e+02	3.043548e+02
804	4.790320e-01	3.287903e+02	3.048387e+02
805	4.787100e-01	3.292742e+02	3.053387e+02
806	4.787100e-01	3.297742e+02	3.058387e+02
807	4.787100e-01	3.302581e+02	3.063226e+02
808	4.783860e-01	3.307419e+02	3.068226e+02
809	4.787080e-01	3.312419e+02	3.073065e+02
810	4.787100e-01	3.317258e+02	3.077903e+02
811	4.796780e-01	3.322258e+02	3.082419e+02
812	4.793560e-01	3.327097e+02	3.087419e+02
813	4.790320e-01	3.331935e+02	3.092419e+02
814	4.793540e-01	3.336935e+02	3.097258e+02
815	4.796760e-01	3.341935e+02	3.102097e+02
816	4.790320e-01	3.346613e+02	3.107097e+02
817	4.793560e-01	3.351613e+02	3.111935e+02
818	4.793560e-01	3.356613e+02	3.116935e+02
819	4.793560e-01	3.361613e+02	3.121935e+02
820	4.787100e-01	3.366290e+02	3.126935e+02
821	4.787100e-01	3.371290e+02	3.131935e+02
822	4.787100e-01	3.376129e+02	3.136774e+02
823	4.793540e-01	3.381129e+02	3.141452e+02
824	4.793540e-01	3.386129e+02	3.146452e+02
825	4.793540e-01	3.391129e+02	3.151452e+02
826	4.793560e-01	3.395968e+02	3.156290e+02
827	4.783880e-01	3.400484e+02	3.161290e+02
828	4.783880e-01	3.405323e+02	3.166129e+02
829	4.783860e-01	3.410161e+02	3.170968e+02
830	4.783880e-01	3.415000e+02	3.175806e+02
831	4.783880e-01	3.419839e+02	3.180645e+02
832	4.783860e-01	3.424677e+02	3.185484e+02
833	4.787100e-01	3.429516e+02	3.190161e+02
834	4.787100e-01	3.434516e+02	3.195161e+02
835	4.787100e-01	3.439355e+02	3.200000e+02
836	4.787100e-01	3.444355e+02	3.205000e+02
837	4.793560e-01	3.449355e+02	3.209677e+02
838	4.796780e-01	3.454355e+02	3.214516e+02
839	4.796780e-01	3.459194e+02	3.219355e+02
840	4.800000e-01	3.464194e+02	3.224194e+02
841	4.793560e-01	3.468710e+02	3.229032e+02
842	4.796780e-01	3.473710e+02	3.233871e+02
843	4.796760e-01	3.478548e+02	3.238710e+02
844	4.793560e-01	3.483226e+02	3.243548e+02
845	4.790340e-01	3.488065e+02	3.248548e+02
846	4.790340e-01	3.493065e+02	3.253548e+02
847	4.787100e-01	3.497903e+02	3.258548e+02
848	4.787100e-01	3.502903e+02	3.263548e+02
849	4.780640e-01	3.507419e+02	3.268387e+02
850	4.780640e-01	3.512258e+02	3.273226e+02
851	4.783860e-01	3.517258e+02	3.278065e+02
852	4.783860e-01	3.522258e+02	3.283065e+02
853	4.787100e-01	3.527258e+02	3.287903e+02
854	4.787100e-01	3.532097e+02	3.292742e+02
855	4.780640e-01	3.536774e+02	3.297742e+02
856	4.783860e-01	3.541774e+02	3.302581e+02
857	4.787100e-01	3.546774e+02	3.307419e+02
858	4.787100e-01	3.551774e+02	3.312419e+02
859	4.790320e-01	3.556774e+02	3.317258e+02
860	4.790320e-01	3.561774e+02	3.322258e+02
861	4.790320e-01	3.566613e+02	3.327097e+02
862	4.793560e-01	3.571613e+02	3.331935e+02
863	4.790340e-01	3.576452e+02	3.336935e+02
864	4.783880e-01	3.581129e+02	3.341935e+02
865	4.787100e-01	3.585968e+02	3.346613e+02
866	4.787100e-01	3.590968e+02	3.351613e+02
867	4.787100e-01	3.595968e+02	3.356613e+02
868	4.783860e-01	3.600806e+02	3.361613e+02
869	4.790320e-01	3.605806e+02	3.366290e+02
870	4.787100e-01	3.610645e+02	3.371290e+02
871	4.783880e-01	3.615323e+02	3.376129e+02
872	4.783880e-01	3.620323e+02	3.381129e+02
873	4.777420e-01	3.625000e+02	3.386129e+02
874	4.777420e-01	3.630000e+02	3.391129e+02
875	4.780640e-01	3.635000e+02	3.395968e+02
876	4.790320e-01	3.640000e+02	3.400484e+02
877	4.793540e-01	3.645000e+02	3.405323e+02
878	4.796780e-01	3.650000e+02	3.410161e+02
879	4.796780e-01	3.654839e+02	3.415000e+02
880	4.800000e-01	3.659839e+02	3.419839e+02
881	4.800000e-01	3.664677e+02	3.424677e+02
882	4.800000e-01	3.669516e+02	3.429516e+02
883	4.800000e-01	3.674516e+02	3.434516e+02
884	4.800000e-01	3.679355e+02	3.439355e+02
885	4.800000e-01	3.684355e+02	3.444355e+02
886	4.796780e-01	3.689194e+02	3.449355e+02
887	4.796780e-01	3.694194e+02	3.454355e+02
888	4.796760e-01	3.699032e+02	3.459194e+02
889	4.793540e-01	3.703871e+02	3.464194e+02
890	4.803220e-01	3.708871e+02	3.468710e+02
891	4.803220e-01	3.713871e+02	3.473710e+02
892	4.806460e-01	3.718871e+02	3.478548e+02
893	4.806440e-01	3.723548e+02	3.483226e+02
894	4.809660e-01	3.728548e+02	3.488065e+02
895	4.803220e-01	3.733226e+02	3.493065e+02
896	4.800000e-01	3.737903e+02	3.497903e+02
897	4.796780e-01	3.742742e+02	3.502903e+02
898	4.800000e-01	3.747419e+02	3.507419e+02
899	4.800000e-01	3.752258e+02	3.512258e+02
900	4.796780e-01	3.757097e+02	3.517258e+02
901	4.787100e-01	3.761613e+02	3.522258e+02
902	4.780640e-01	3.766290e+02	3.527258e+02
903	4.780640e-01	3.771129e+02	3.532097e+02
904	4.780640e-01	3.775806e+02	3.536774e+02
905	4.780640e-01	3.780806e+02	3.541774e+02
906	4.780640e-01	3.785806e+02	3.546774e+02
907	4.774200e-01	3.790484e+02	3.551774e+02
908	4.770980e-01	3.795323e+02	3.556774e+02
909	4.770980e-01	3.800323e+02	3.561774e+02
910	4.774200e-01	3.805323e+02	3.566613e+02
911	4.770960e-01	3.810161e+02	3.571613e+02
912	4.764500e-01	3.814677e+02	3.576452e+02
913	4.770960e-01	3.819677e+02	3.581129e+02
914	4.774180e-01	3.824677e+02	3.585968e+02
915	4.774180e-01	3.829677e+02	3.590968e+02
916	4.770960e-01	3.834516e+02	3.595968e+02
917	4.774200e-01	3.839516e+02	3.600806e+02
918	4.767760e-01	3.844194e+02	3.605806e+02
919	4.761300e-01	3.848710e+02	3.610645e+02
920	4.767740e-01	3.853710e+02	3.615323e+02
921	4.767740e-01	3.858710e+02	3.620323e+02
922	4.774200e-01	3.863710e+02	3.625000e+02
923	4.770960e-01	3.868548e+02	3.630000e+02
924	4.764520e-01	3.873226e+02	3.635000e+02
925	4.758060e-01	3.877903e+02	3.640000e+02
926	4.758060e-01	3.882903e+02	3.645000e+02
927	4.758060e-01	3.887903e+02	3.650000e+02
928	4.761280e-01	3.892903e+02	3.654839e+02
929	4.754840e-01	3.897581e+02	3.659839e+02
930	4.758080e-01	3.902581e+02	3.664677e+02
931	4.758060e-01	3.907419e+02	3.669516e+02
932	4.751620e-01	3.912097e+02	3.674516e+02
933	4.748380e-01	3.916774e+02	3.679355e+02
934	4.745160e-01	3.921613e+02	3.684355e+02
935	4.745160e-01	3.926452e+02	3.689194e+02
936	4.745160e-01	3.931452e+02	3.694194e+02
937	4.745160e-01	3.936290e+02	3.699032e+02
938	4.748380e-01	3.941290e+02	3.703871e+02
939	4.748380e-01	3.946290e+02	3.708871e+02
940	4.741940e-01	3.950968e+02	3.713871e+02
941	4.738700e-01	3.955806e+02	3.718871e+02
942	4.741940e-01	3.960645e+02	3.723548e+02
943	4.741940e-01	3.965645e+02	3.728548e+02
944	4.745160e-01	3.970484e+02	3.733226e+02
945	4.748400e-01	3.975323e+02	3.737903e+02
946	4.748380e-01	3.980161e+02	3.742742e+02
947	4.754840e-01	3.985161e+02	3.747419e+02
948	4.754840e-01	3.990000e+02	3.752258e+02
949	4.751600e-01	3.994677e+02	3.757097e+02
950	4.758060e-01	3.999516e+02	3.761613e+02
951	4.764520e-01	4.004516e+02	3.766290e+02
952	4.767740e-01	4.009516e+02	3.771129e+02
953	4.767760e-01	4.014194e+02	3.775806e+02
954	4.767760e-01	4.019194e+02	3.780806e+02
955	4.761300e-01	4.023871e+02	3.785806e+02
956	4.764520e-01	4.028710e+02	3.790484e+02
957	4.764500e-01	4.033548e+02	3.795323e+02
958	4.764500e-01	4.038548e+02	3.800323e+02
959	4.764500e-01	4.043548e+02	3.805323e+02
960	4.764520e-01	4.048387e+02	3.810161e+02
961	4.770980e-01	4.053226e+02	3.814677e+02
962	4.767760e-01	4.058065e+02	3.819677e+02
963	4.767760e-01	4.063065e+02	3.824677e+02
964	4.767760e-01	4.068065e+02	3.829677e+02
965	4.767740e-01	4.072903e+02	3.834516e+02
966	4.761300e-01	4.077581e+02	3.839516e+02
967	4.767740e-01	4.082581e+02	3.844194e+02
968	4.774180e-01	4.087419e+02	3.848710e+02
969	4.770960e-01	4.092258e+02	3.853710e+02
970	4.770960e-01	4.097258e+02	3.858710e+02
971	4.767740e-01	4.102097e+02	3.863710e+02
972	4.767740e-01	4.106935e+02	3.868548e+02
973	4.770960e-01	4.111774e+02	3.873226e+02
974	4.777420e-01	4.116774e+02	3.877903e+02
975	4.777420e-01	4.121774e+02	3.882903e+02
976	4.777420e-01	4.126774e+02	3.887903e+02
977	4.777420e-01	4.131774e+02	3.892903e+02
978	4.780640e-01	4.136613e+02	3.897581e+02
979	4.780640e-01	4.141613e+02	3.902581e+02
980	4.783880e-01	4.146613e+02	3.907419e+02
981	4.790320e-01	4.151613e+02	3.912097e+02
982	4.796780e-01	4.156613e+02	3.916774e+02
983	4.793540e-01	4.161290e+02	3.921613e+02
984	4.796760e-01	4.166290e+02	3.926452e+02
985	4.796760e-01	4.171290e+02	3.931452e+02
986	4.800000e-01	4.176290e+02	3.936290e+02
987	4.800000e-01	4.181290e+02	3.941290e+02
988	4.796780e-01	4.186129e+02	3.946290e+02
989	4.800000e-01	4.190968e+02	3.950968e+02
990	4.800000e-01	4.195806e+02	3.955806e+02
991	4.803220e-01	4.200806e+02	3.960645e+02
992	4.800000e-01	4.205645e+02	3.965645e+02
993	4.800000e-01	4.210484e+02	3.970484e+02
994	4.803220e-01	4.215484e+02	3.975323e+02
995	4.800000e-01	4.220161e+02	3.980161e+02
996	4.800000e-01	4.225161e+02	3.985161e+02
997	4.800000e-01	4.230000e+02	3.990000e+02
998	4.806460e-01	4.235000e+02	3.994677e+02
999	4.809680e-01	4.240000e+02	3.999516e+02
1000	4.806460e-01	4.244839e+02	4.004516e+02
1001	4.803220e-01	4.249677e+02	4.009516e+02
1002	4.809660e-01	4.254677e+02	4.014194e+02
1003	4.806440e-01	4.259516e+02	4.019194e+02
1004	4.809680e-01	4.264355e+02	4.023871e+02
1005	4.812900e-01	4.269355e+02	4.028710e+02
1006	4.812920e-01	4.274194e+02	4.033548e+02
1007	4.809680e-01	4.279032e+02	4.038548e+02
1008	4.803240e-01	4.283710e+02	4.043548e+02
1009	4.806460e-01	4.288710e+02	4.048387e+02
1010	4.809680e-01	4.293710e+02	4.053226e+02
1011	4.809660e-01	4.298548e+02	4.058065e+02
1012	4.806440e-01	4.303387e+02	4.063065e+02
1013	4.806440e-01	4.308387e+02	4.068065e+02
1014	4.809680e-01	4.313387e+02	4.072903e+02
1015	4.816120e-01	4.318387e+02	4.077581e+02
1016	4.812900e-01	4.323226e+02	4.082581e+02
1017	4.812920e-01	4.328065e+02	4.087419e+02
1018	4.812900e-01	4.332903e+02	4.092258e+02
1019	4.812900e-01	4.337903e+02	4.097258e+02
1020	4.816120e-01	4.342903e+02	4.102097e+02
1021	4.816140e-01	4.347742e+02	4.106935e+02
1022	4.819360e-01	4.352742e+02	4.111774e+02
1023	4.816140e-01	4.357581e+02	4.116774e+02
1024	4.816140e-01	4.362581e+02	4.121774e+02
1025	4.816140e-01	4.367581e+02	4.126774e+02
1026	4.816140e-01	4.372581e+02	4.131774e+02
1027	4.816120e-01	4.377419e+02	4.136613e+02
1028	4.812900e-01	4.382258e+02	4.141613e+02
1029	4.812900e-01	4.387258e+02	4.146613e+02
1030	4.806440e-01	4.391935e+02	4.151613e+02
1031	4.806440e-01	4.396935e+02	4.156613e+02
1032	4.812900e-01	4.401935e+02	4.161290e+02
1033	4.809680e-01	4.406774e+02	4.166290e+02
1034	4.806460e-01	4.411613e+02	4.171290e+02
1035	4.806460e-01	4.416613e+02	4.176290e+02
1036	4.806460e-01	4.421613e+02	4.181290e+02
1037	4.809680e-01	4.426613e+02	4.186129e+02
1038	4.812900e-01	4.431613e+02	4.190968e+02
1039	4.816140e-01	4.436613e+02	4.195806e+02
1040	4.812920e-01	4.441452e+02	4.200806e+02
1041	4.816140e-01	4.446452e+02	4.205645e+02
1042	4.819360e-01	4.451452e+02	4.210484e+02
1043	4.819360e-01	4.456452e+02	4.215484e+02
1044	4.825820e-01	4.461452e+02	4.220161e+02
1045	4.825820e-01	4.466452e+02	4.225161e+02
1046	4.822580e-01	4.471129e+02	4.230000e+02
1047	4.819360e-01	4.475968e+02	4.235000e+02
1048	4.819360e-01	4.480968e+02	4.240000e+02
1049	4.822580e-01	4.485968e+02	4.244839e+02
1050	4.825820e-01	4.490968e+02	4.249677e+02
1051	4.825820e-01	4.495968e+02	4.254677e+02
1052	4.829040e-01	4.500968e+02	4.259516e+02
1053	4.832260e-01	4.505968e+02	4.264355e+02
1054	4.829020e-01	4.510806e+02	4.269355e+02
1055	4.832240e-01	4.515806e+02	4.274194e+02
1056	4.835480e-01	4.520806e+02	4.279032e+02
1057	4.841920e-01	4.525806e+02	4.283710e+02
1058	4.841920e-01	4.530806e+02	4.288710e+02
1059	4.841920e-01	4.535806e+02	4.293710e+02
1060	4.845160e-01	4.540806e+02	4.298548e+02
1061	4.848380e-01	4.545806e+02	4.303387e+02
1062	4.848380e-01	4.550806e+02	4.308387e+02
1063	4.848380e-01	4.555806e+02	4.313387e+02
1064	4.848380e-01	4.560806e+02	4.318387e+02
1065	4.851600e-01	4.565806e+02	4.323226e+02
1066	4.854820e-01	4.570806e+02	4.328065e+02
1067	4.858060e-01	4.575806e+02	4.332903e+02
1068	4.858060e-01	4.580806e+02	4.337903e+02
1069	4.858060e-01	4.585806e+02	4.342903e+02
1070	4.858060e-01	4.590645e+02	4.347742e+02
1071	4.851620e-01	4.595323e+02	4.352742e+02
1072	4.854840e-01	4.600323e+02	4.357581e+02
1073	4.851600e-01	4.605161e+02	4.362581e+02
1074	4.845160e-01	4.609839e+02	4.367581e+02
1075	4.845160e-01	4.614839e+02	4.372581e+02
1076	4.848400e-01	4.619839e+02	4.377419e+02
1077	4.848380e-01	4.624677e+02	4.382258e+02
1078	4.848380e-01	4.629677e+02	4.387258e+02
1079	4.851620e-01	4.634516e+02	4.391935e+02
1080	4.851620e-01	4.639516e+02	4.396935e+02
1081	4.848400e-01	4.644355e+02	4.401935e+02
1082	4.845160e-01	4.649032e+02	4.406774e+02
1083	4.845160e-01	4.653871e+02	4.411613e+02
1084	4.845160e-01	4.658871e+02	4.416613e+02
1085	4.838700e-01	4.663548e+02	4.421613e+02
1086	4.838700e-01	4.668548e+02	4.426613e+02
1087	4.835480e-01	4.673387e+02	4.431613e+02
1088	4.835480e-01	4.678387e+02	4.436613e+02
1089	4.835480e-01	4.683226e+02	4.441452e+02
1090	4.835480e-01	4.688226e+02	4.446452e+02
1091	4.832260e-01	4.693065e+02	4.451452e+02
1092	4.832260e-01	4.698065e+02	4.456452e+02
1093	4.832260e-01	4.703065e+02	4.461452e+02
1094	4.832260e-01	4.708065e+02	4.466452e+02
1095	4.835480e-01	4.712903e+02	4.471129e+02
1096	4.838700e-01	4.717903e+02	4.475968e+02
1097	4.838700e-01	4.722903e+02	4.480968e+02
1098	4.835480e-01	4.727742e+02	4.485968e+02
1099	4.829020e-01	4.732419e+02	4.490968e+02
1100	4.829020e-01	4.737419e+02	4.495968e+02
1101	4.822580e-01	4.742097e+02	4.500968e+02
1102	4.819340e-01	4.746935e+02	4.505968e+02
1103	4.822580e-01	4.751935e+02	4.510806e+02
1104	4.819360e-01	4.756774e+02	4.515806e+02
1105	4.819360e-01	4.761774e+02	4.520806e+02
1106	4.819360e-01	4.766774e+02	4.525806e+02
1107	4.819360e-01	4.771774e+02	4.530806e+02
1108	4.816140e-01	4.776613e+02	4.535806e+02
1109	4.816140e-01	4.781613e+02	4.540806e+02
1110	4.809680e-01	4.786290e+02	4.545806e+02
1111	4.809680e-01	4.791290e+02	4.550806e+02
1112	4.806460e-01	4.796129e+02	4.555806e+02
1113	4.803240e-01	4.800968e+02	4.560806e+02
1114	4.803240e-01	4.805968e+02	4.565806e+02
1115	4.803240e-01	4.810968e+02	4.570806e+02
1116	4.800000e-01	4.815806e+02	4.575806e+02
1117	4.800000e-01	4.820806e+02	4.580806e+02
1118	4.796780e-01	4.825645e+02	4.585806e+02
1119	4.800000e-01	4.830645e+02	4.590645e+02
1120	4.806440e-01	4.835645e+02	4.595323e+02
1121	4.806440e-01	4.840645e+02	4.600323e+02
1122	4.809680e-01	4.845645e+02	4.605161e+02
1123	4.812900e-01	4.850484e+02	4.609839e+02
1124	4.806440e-01	4.855161e+02	4.614839e+02
1125	4.806440e-01	4.860161e+02	4.619839e+02
1126	4.809680e-01	4.865161e+02	4.624677e+02
1127	4.806460e-01	4.870000e+02	4.629677e+02
1128	4.806460e-01	4.874839e+02	4.634516e+02
1129	4.806460e-01	4.879839e+02	4.639516e+02
1130	4.809680e-01	4.884839e+02	4.644355e+02
1131	4.816140e-01	4.889839e+02	4.649032e+02
1132	4.816120e-01	4.894677e+02	4.653871e+02
1133	4.816120e-01	4.899677e+02	4.658871e+02
1134	4.822580e-01	4.904677e+02	4.663548e+02
1135	4.822580e-01	4.909677e+02	4.668548e+02
1136	4.825800e-01	4.914677e+02	4.673387e+02
1137	4.822580e-01	4.919516e+02	4.678387e+02
1138	4.825800e-01	4.924516e+02	4.683226e+02
1139	4.822580e-01	4.929355e+02	4.688226e+02
1140	4.822580e-01	4.934194e+02	4.693065e+02
1141	4.822580e-01	4.939194e+02	4.698065e+02
1142	4.822580e-01	4.944194e+02	4.703065e+02
1143	4.822580e-01	4.949194e+02	4.708065e+02
1144	4.822580e-01	4.954032e+02	4.712903e+02
1145	4.822580e-01	4.959032e+02	4.717903e+02
1146	4.822580e-01	4.964032e+02	4.722903e+02
1147	4.825800e-01	4.969032e+02	4.727742e+02
1148	4.832260e-01	4.974032e+02	4.732419e+02
1149	4.832260e-01	4.979032e+02	4.737419e+02
1150	4.838700e-01	4.984032e+02	4.742097e+02
1151	4.841940e-01	4.989032e+02	4.746935e+02
1152	4.841940e-01	4.994032e+02	4.751935e+02
1153	4.838720e-01	4.998710e+02	4.756774e+02
1154	4.838720e-01	5.003710e+02	4.761774e+02
1155	4.838720e-01	5.008710e+02	4.766774e+02
1156	4.838720e-01	5.013710e+02	4.771774e+02
1157	4.841940e-01	5.018710e+02	4.776613e+02
1158	4.841940e-01	5.023710e+02	4.781613e+02
1159	4.838720e-01	5.028226e+02	4.786290e+02
1160	4.838720e-01	5.033226e+02	4.791290e+02
1161	4.841940e-01	5.038226e+02	4.796129e+02
1162	4.841940e-01	5.043065e+02	4.800968e+02
1163	4.841940e-01	5.048065e+02	4.805968e+02
1164	4.841940e-01	5.053065e+02	4.810968e+02
1165	4.845180e-01	5.058065e+02	4.815806e+02
1166	4.841940e-01	5.062903e+02	4.820806e+02
1167	4.845160e-01	5.067903e+02	4.825645e+02
1168	4.845160e-01	5.072903e+02	4.830645e+02
1169	4.841940e-01	5.077742e+02	4.835645e+02
1170	4.841940e-01	5.082742e+02	4.840645e+02
1171	4.838720e-01	5.087581e+02	4.845645e+02
1172	4.841940e-01	5.092581e+02	4.850484e+02
1173	4.848400e-01	5.097581e+02	4.855161e+02
1174	4.845160e-01	5.102419e+02	4.860161e+02
1175	4.845160e-01	5.107419e+02	4.865161e+02
1176	4.845160e-01	5.112258e+02	4.870000e+02
1177	4.848380e-01	5.117258e+02	4.874839e+02
1178	4.848380e-01	5.122258e+02	4.879839e+02
1179	4.848380e-01	5.127258e+02	4.884839e+02
1180	4.848380e-01	5.132258e+02	4.889839e+02
1181	4.851620e-01	5.137258e+02	4.894677e+02
1182	4.851620e-01	5.142258e+02	4.899677e+02
1183	4.851620e-01	5.147258e+02	4.904677e+02
1184	4.851620e-01	5.152258e+02	4.909677e+02
1185	4.848400e-01	5.157097e+02	4.914677e+02
1186	4.848380e-01	5.161935e+02	4.919516e+02
1187	4.848380e-01	5.166935e+02	4.924516e+02
1188	4.848380e-01	5.171774e+02	4.929355e+02
1189	4.851600e-01	5.176774e+02	4.934194e+02
1190	4.848380e-01	5.181613e+02	4.939194e+02
1191	4.848380e-01	5.186613e+02	4.944194e+02
1192	4.848380e-01	5.191613e+02	4.949194e+02
1193	4.851620e-01	5.196613e+02	4.954032e+02
1194	4.851620e-01	5.201613e+02	4.959032e+02
1195	4.851620e-01	5.206613e+02	4.964032e+02
1196	4.851620e-01	5.211613e+02	4.969032e+02
1197	4.848400e-01	5.216452e+02	4.974032e+02
1198	4.848400e-01	5.221452e+02	4.979032e+02
1199	4.848400e-01	5.226452e+02	4.984032e+02
1200	4.848400e-01	5.231452e+02	4.989032e+02
1201	4.848400e-01	5.236452e+02	4.994032e+02
1202	4.854840e-01	5.241452e+02	4.998710e+02
1203	4.851600e-01	5.246290e+02	5.003710e+02
1204	4.851600e-01	5.251290e+02	5.008710e+02
1205	4.848380e-01	5.256129e+02	5.013710e+02
1206	4.848380e-01	5.261129e+02	5.018710e+02
1207	4.848380e-01	5.266129e+02	5.023710e+02
1208	4.854840e-01	5.270968e+02	5.028226e+02
1209	4.854840e-01	5.275968e+02	5.033226e+02
1210	4.854840e-01	5.280968e+02	5.038226e+02
1211	4.858060e-01	5.285968e+02	5.043065e+02
1212	4.858060e-01	5.290968e+02	5.048065e+02
1213	4.858060e-01	5.295968e+02	5.053065e+02
1214	4.858060e-01	5.300968e+02	5.058065e+02
1215	4.861300e-01	5.305968e+02	5.062903e+02
1216	4.861300e-01	5.310968e+02	5.067903e+02
1217	4.861300e-01	5.315968e+02	5.072903e+02
1218	4.864520e-01	5.320968e+02	5.077742e+02
1219	4.864520e-01	5.325968e+02	5.082742e+02
1220	4.867740e-01	5.330968e+02	5.087581e+02
1221	4.867740e-01	5.335968e+02	5.092581e+02
1222	4.867740e-01	5.340968e+02	5.097581e+02
1223	4.867740e-01	5.345806e+02	5.102419e+02
1224	4.864520e-01	5.350645e+02	5.107419e+02
1225	4.867740e-01	5.355645e+02	5.112258e+02
1226	4.864520e-01	5.360484e+02	5.117258e+02
1227	4.864520e-01	5.365484e+02	5.122258e+02
1228	4.864520e-01	5.370484e+02	5.127258e+02
1229	4.864520e-01	5.375484e+02	5.132258e+02
1230	4.864520e-01	5.380484e+02	5.137258e+02
1231	4.864520e-01	5.385484e+02	5.142258e+02
1232	4.864520e-01	5.390484e+02	5.147258e+02
1233	4.861300e-01	5.395323e+02	5.152258e+02
1234	4.864520e-01	5.400323e+02	5.157097e+02
1235	4.864520e-01	5.405161e+02	5.161935e+02
1236	4.864520e-01	5.410161e+02	5.166935e+02
1237	4.864520e-01	5.415000e+02	5.171774e+02
1238	4.864520e-01	5.420000e+02	5.176774e+02
1239	4.864520e-01	5.424839e+02	5.181613e+02
1240	4.864520e-01	5.429839e+02	5.186613e+02
1241	4.864520e-01	5.434839e+02	5.191613e+02
1242	4.864520e-01	5.439839e+02	5.196613e+02
1243	4.864520e-01	5.444839e+02	5.201613e+02
1244	4.864520e-01	5.449839e+02	5.206613e+02
1245	4.864520e-01	5.454839e+02	5.211613e+02
1246	4.864500e-01	5.459677e+02	5.216452e+02
1247	4.864500e-01	5.464677e+02	5.221452e+02
1248	4.864500e-01	5.469677e+02	5.226452e+02
1249	4.864500e-01	5.474677e+02	5.231452e+02
1250	4.861280e-01	5.479516e+02	5.236452e+02
1251	4.861280e-01	5.484516e+02	5.241452e+02
1252	4.864520e-01	5.489516e+02	5.246290e+02
1253	4.864520e-01	5.494516e+02	5.251290e+02
1254	4.867740e-01	5.499516e+02	5.256129e+02
1255	4.867740e-01	5.504516e+02	5.261129e+02
1256	4.867740e-01	5.509516e+02	5.266129e+02
1257	4.870960e-01	5.514516e+02	5.270968e+02
1258	4.870960e-01	5.519516e+02	5.275968e+02
1259	4.870960e-01	5.524516e+02	5.280968e+02
1260	4.870960e-01	5.529516e+02	5.285968e+02
1261	4.870960e-01	5.534516e+02	5.290968e+02
1262	4.861280e-01	5.539032e+02	5.295968e+02
1263	4.858060e-01	5.543871e+02	5.300968e+02
1264	4.858060e-01	5.548871e+02	5.305968e+02
1265	4.858060e-01	5.553871e+02	5.310968e+02
1266	4.858060e-01	5.558871e+02	5.315968e+02
1267	4.858060e-01	5.563871e+02	5.320968e+02
1268	4.858060e-01	5.568871e+02	5.325968e+02
1269	4.858060e-01	5.573871e+02	5.330968e+02
1270	4.854840e-01	5.578710e+02	5.335968e+02
1271	4.851600e-01	5.583548e+02	5.340968e+02
1272	4.851620e-01	5.588387e+02	5.345806e+02
1273	4.854840e-01	5.593387e+02	5.350645e+02
1274	4.854840e-01	5.598387e+02	5.355645e+02
1275	4.854840e-01	5.603226e+02	5.360484e+02
1276	4.854840e-01	5.608226e+02	5.365484e+02
1277	4.854840e-01	5.613226e+02	5.370484e+02
1278	4.854840e-01	5.618226e+02	5.375484e+02
1279	4.854840e-01	5.623226e+02	5.380484e+02
1280	4.854840e-01	5.628226e+02	5.385484e+02
1281	4.854840e-01	5.633226e+02	5.390484e+02
1282	4.858060e-01	5.638226e+02	5.395323e+02
1283	4.858060e-01	5.643226e+02	5.400323e+02
1284	4.861300e-01	5.648226e+02	5.405161e+02
1285	4.861300e-01	5.653226e+02	5.410161e+02
1286	4.861300e-01	5.658065e+02	5.415000e+02
1287	4.861300e-01	5.663065e+02	5.420000e+02
1288	4.864520e-01	5.668065e+02	5.424839e+02
1289	4.864520e-01	5.673065e+02	5.429839e+02
1290	4.864520e-01	5.678065e+02	5.434839e+02
1291	4.864520e-01	5.683065e+02	5.439839e+02
1292	4.864520e-01	5.688065e+02	5.444839e+02
1293	4.861280e-01	5.692903e+02	5.449839e+02
1294	4.861280e-01	5.697903e+02	5.454839e+02
1295	4.861300e-01	5.702742e+02	5.459677e+02
1296	4.861300e-01	5.707742e+02	5.464677e+02
1297	4.861300e-01	5.712742e+02	5.469677e+02
1298	4.858080e-01	5.717581e+02	5.474677e+02
1299	4.858060e-01	5.722419e+02	5.479516e+02
1300	4.858060e-01	5.727419e+02	5.484516e+02
1301	4.854840e-01	5.732258e+02	5.489516e+02
1302	4.854840e-01	5.737258e+02	5.494516e+02
1303	4.854840e-01	5.742258e+02	5.499516e+02
1304	4.854840e-01	5.747258e+02	5.504516e+02
1305	4.854840e-01	5.752258e+02	5.509516e+02
1306	4.854840e-01	5.757258e+02	5.514516e+02
1307	4.854840e-01	5.762258e+02	5.519516e+02
1308	4.854840e-01	5.767258e+02	5.524516e+02
1309	4.851620e-01	5.772097e+02	5.529516e+02
1310	4.851620e-01	5.777097e+02	5.534516e+02
1311	4.861300e-01	5.782097e+02	5.539032e+02
1312	4.864520e-01	5.787097e+02	5.543871e+02
1313	4.864520e-01	5.792097e+02	5.548871e+02
1314	4.864520e-01	5.797097e+02	5.553871e+02
1315	4.864520e-01	5.802097e+02	5.558871e+02
1316	4.864520e-01	5.807097e+02	5.563871e+02
1317	4.858060e-01	5.811774e+02	5.568871e+02
1318	4.858060e-01	5.816774e+02	5.573871e+02
1319	4.861280e-01	5.821774e+02	5.578710e+02
1320	4.861300e-01	5.826613e+02	5.583548e+02
1321	4.861300e-01	5.831452e+02	5.588387e+02
1322	4.854840e-01	5.836129e+02	5.593387e+02
1323	4.854840e-01	5.841129e+02	5.598387e+02
1324	4.858060e-01	5.846129e+02	5.603226e+02
1325	4.858060e-01	5.851129e+02	5.608226e+02
1326	4.858060e-01	5.856129e+02	5.613226e+02
1327	4.858060e-01	5.861129e+02	5.618226e+02
1328	4.858060e-01	5.866129e+02	5.623226e+02
1329	4.858060e-01	5.871129e+02	5.628226e+02
1330	4.858060e-01	5.876129e+02	5.633226e+02
1331	4.854840e-01	5.880968e+02	5.638226e+02
1332	4.854840e-01	5.885968e+02	5.643226e+02
1333	4.854840e-01	5.890968e+02	5.648226e+02
1334	4.854840e-01	5.895968e+02	5.653226e+02
1335	4.858060e-01	5.900968e+02	5.658065e+02
1336	4.858060e-01	5.905968e+02	5.663065e+02
1337	4.854820e-01	5.910806e+02	5.668065e+02
1338	4.854820e-01	5.915806e+02	5.673065e+02
1339	4.854820e-01	5.920806e+02	5.678065e+02
1340	4.851600e-01	5.925645e+02	5.683065e+02
1341	4.851600e-01	5.930645e+02	5.688065e+02
1342	4.854840e-01	5.935645e+02	5.692903e+02
1343	4.851620e-01	5.940484e+02	5.697903e+02
1344	4.854840e-01	5.945484e+02	5.702742e+02
1345	4.854840e-01	5.950484e+02	5.707742e+02
1346	4.854840e-01	5.955484e+02	5.712742e+02
1347	4.858060e-01	5.960484e+02	5.717581e+02
1348	4.861300e-01	5.965484e+02	5.722419e+02
1349	4.861300e-01	5.970484e+02	5.727419e+02
1350	4.864520e-01	5.975484e+02	5.732258e+02
1351	4.864520e-01	5.980484e+02	5.737258e+02
1352	4.864520e-01	5.985484e+02	5.742258e+02
1353	4.864520e-01	5.990484e+02	5.747258e+02
1354	4.864520e-01	5.995484e+02	5.752258e+02
1355	4.864520e-01	6.000484e+02	5.757258e+02
1356	4.861300e-01	6.005323e+02	5.762258e+02
1357	4.861300e-01	6.010323e+02	5.767258e+02
1358	4.864520e-01	6.015323e+02	5.772097e+02
1359	4.864520e-01	6.020323e+02	5.777097e+02
1360	4.864520e-01	6.025323e+02	5.782097e+02
1361	4.864520e-01	6.030323e+02	5.787097e+02
1362	4.864520e-01	6.035323e+02	5.792097e+02
1363	4.864520e-01	6.040323e+02	5.797097e+02
1364	4.864520e-01	6.045323e+02	5.802097e+02
1365	4.861280e-01	6.050161e+02	5.807097e+02
1366	4.861300e-01	6.054839e+02	5.811774e+02
1367	4.861300e-01	6.059839e+02	5.816774e+02
1368	4.858060e-01	6.064677e+02	5.821774e+02
1369	4.858060e-01	6.069516e+02	5.826613e+02
1370	4.861280e-01	6.074516e+02	5.831452e+02
1371	4.867740e-01	6.079516e+02	5.836129e+02
1372	4.867740e-01	6.084516e+02	5.841129e+02
1373	4.867740e-01	6.089516e+02	5.846129e+02
1374	4.867740e-01	6.094516e+02	5.851129e+02
1375	4.867740e-01	6.099516e+02	5.856129e+02
1376	4.867740e-01	6.104516e+02	5.861129e+02
1377	4.864520e-01	6.109355e+02	5.866129e+02
1378	4.864520e-01	6.114355e+02	5.871129e+02
1379	4.864520e-01	6.119355e+02	5.876129e+02
1380	4.867740e-01	6.124355e+02	5.880968e+02
1381	4.867740e-01	6.129355e+02	5.885968e+02
1382	4.864520e-01	6.134194e+02	5.890968e+02
1383	4.861280e-01	6.139032e+02	5.895968e+02
1384	4.861280e-01	6.144032e+02	5.900968e+02
1385	4.861280e-01	6.149032e+02	5.905968e+02
1386	4.864520e-01	6.154032e+02	5.910806e+02
1387	4.864520e-01	6.159032e+02	5.915806e+02
1388	4.858080e-01	6.163710e+02	5.920806e+02
1389	4.861300e-01	6.168710e+02	5.925645e+02
1390	4.861300e-01	6.173710e+02	5.930645e+02
1391	4.861300e-01	6.178710e+02	5.935645e+02
1392	4.864520e-01	6.183710e+02	5.940484e+02
1393	4.861280e-01	6.188548e+02	5.945484e+02
1394	4.858060e-01	6.193387e+02	5.950484e+02
1395	4.858060e-01	6.198387e+02	5.955484e+02
1396	4.858060e-01	6.203387e+02	5.960484e+02
1397	4.858060e-01	6.208387e+02	5.965484e+02
1398	4.858060e-01	6.213387e+02	5.970484e+02
1399	4.858060e-01	6.218387e+02	5.975484e+02
1400	4.858060e-01	6.223387e+02	5.980484e+02
1401	4.854840e-01	6.228226e+02	5.985484e+02
1402	4.854840e-01	6.233226e+02	5.990484e+02
1403	4.854840e-01	6.238226e+02	5.995484e+02
1404	4.854840e-01	6.243226e+02	6.000484e+02
1405	4.858060e-01	6.248226e+02	6.005323e+02
1406	4.854840e-01	6.253065e+02	6.010323e+02
1407	4.854840e-01	6.258065e+02	6.015323e+02
1408	4.854840e-01	6.263065e+02	6.020323e+02
1409	4.854840e-01	6.268065e+02	6.025323e+02
1410	4.854840e-01	6.273065e+02	6.030323e+02
1411	4.851600e-01	6.277903e+02	6.035323e+02
1412	4.851600e-01	6.282903e+02	6.040323e+02
1413	4.851600e-01	6.287903e+02	6.045323e+02
1414	4.854840e-01	6.292903e+02	6.050161e+02
1415	4.858060e-01	6.297742e+02	6.054839e+02
1416	4.858060e-01	6.302742e+02	6.059839e+02
1417	4.861300e-01	6.307742e+02	6.064677e+02
1418	4.858060e-01	6.312419e+02	6.069516e+02
1419	4.858060e-01	6.317419e+02	6.074516e+02
1420	4.858060e-01	6.322419e+02	6.079516e+02
1421	4.858060e-01	6.327419e+02	6.084516e+02
1422	4.858060e-01	6.332419e+02	6.089516e+02
1423	4.858060e-01	6.337419e+02	6.094516e+02
1424	4.858060e-01	6.342419e+02	6.099516e+02
1425	4.851620e-01	6.347097e+02	6.104516e+02
1426	4.854840e-01	6.352097e+02	6.109355e+02
1427	4.854840e-01	6.357097e+02	6.114355e+02
1428	4.854840e-01	6.362097e+02	6.119355e+02
1429	4.854840e-01	6.367097e+02	6.124355e+02
1430	4.854840e-01	6.372097e+02	6.129355e+02
1431	4.858060e-01	6.377097e+02	6.134194e+02
1432	4.854840e-01	6.381774e+02	6.139032e+02
1433	4.854840e-01	6.386774e+02	6.144032e+02
1434	4.854840e-01	6.391774e+02	6.149032e+02
1435	4.854840e-01	6.396774e+02	6.154032e+02
1436	4.854840e-01	6.401774e+02	6.159032e+02
1437	4.854840e-01	6.406452e+02	6.163710e+02
1438	4.854840e-01	6.411452e+02	6.168710e+02
1439	4.851600e-01	6.416290e+02	6.173710e+02
1440	4.848380e-01	6.421129e+02	6.178710e+02
1441	4.848380e-01	6.426129e+02	6.183710e+02
1442	4.851620e-01	6.431129e+02	6.188548e+02
1443	4.854840e-01	6.436129e+02	6.193387e+02
1444	4.854840e-01	6.441129e+02	6.198387e+02
1445	4.854840e-01	6.446129e+02	6.203387e+02
1446	4.851620e-01	6.450968e+02	6.208387e+02
1447	4.848380e-01	6.455806e+02	6.213387e+02
1448	4.848380e-01	6.460806e+02	6.218387e+02
1449	4.848380e-01	6.465806e+02	6.223387e+02
1450	4.851600e-01	6.470806e+02	6.228226e+02
1451	4.848380e-01	6.475645e+02	6.233226e+02
1452	4.848380e-01	6.480645e+02	6.238226e+02
1453	4.845160e-01	6.485484e+02	6.243226e+02
1454	4.841940e-01	6.490323e+02	6.248226e+02
1455	4.845160e-01	6.495323e+02	6.253065e+02
1456	4.845160e-01	6.500323e+02	6.258065e+02
1457	4.845160e-01	6.505323e+02	6.263065e+02
1458	4.841920e-01	6.510161e+02	6.268065e+02
1459	4.841920e-01	6.515161e+02	6.273065e+02
1460	4.841940e-01	6.520000e+02	6.277903e+02
1461	4.841940e-01	6.525000e+02	6.282903e+02
1462	4.841940e-01	6.530000e+02	6.287903e+02
1463	4.838720e-01	6.534839e+02	6.292903e+02
1464	4.838700e-01	6.539677e+02	6.297742e+02
1465	4.838700e-01	6.544677e+02	6.302742e+02
1466	4.838700e-01	6.549677e+02	6.307742e+02
1467	4.845160e-01	6.554677e+02	6.312419e+02
1468	4.845160e-01	6.559677e+02	6.317419e+02
1469	4.845160e-01	6.564677e+02	6.322419e+02
1470	4.841940e-01	6.569516e+02	6.327419e+02
1471	4.841940e-01	6.574516e+02	6.332419e+02
1472	4.841940e-01	6.579516e+02	6.337419e+02
1473	4.841940e-01	6.584516e+02	6.342419e+02
1474	4.848380e-01	6.589516e+02	6.347097e+02
1475	4.848380e-01	6.594516e+02	6.352097e+02
1476	4.848380e-01	6.599516e+02	6.357097e+02
1477	4.848380e-01	6.604516e+02	6.362097e+02
1478	4.848380e-01	6.609516e+02	6.367097e+02
1479	4.848380e-01	6.614516e+02	6.372097e+02
1480	4.848380e-01	6.619516e+02	6.377097e+02
1481	4.854840e-01	6.624516e+02	6.381774e+02
1482	4.854840e-01	6.629516e+02	6.386774e+02
1483	4.854840e-01	6.634516e+02	6.391774e+02
1484	4.851620e-01	6.639355e+02	6.396774e+02
1485	4.848400e-01	6.644194e+02	6.401774e+02
1486	4.854840e-01	6.649194e+02	6.406452e+02
1487	4.851600e-01	6.654032e+02	6.411452e+02
1488	4.851620e-01	6.658871e+02	6.416290e+02
1489	4.851620e-01	6.663710e+02	6.421129e+02
1490	4.851620e-01	6.668710e+02	6.426129e+02
1491	4.848380e-01	6.673548e+02	6.431129e+02
1492	4.845160e-01	6.678387e+02	6.436129e+02
1493	4.841940e-01	6.683226e+02	6.441129e+02
1494	4.838720e-01	6.688065e+02	6.446129e+02
1495	4.835480e-01	6.692742e+02	6.450968e+02
1496	4.832260e-01	6.697419e+02	6.455806e+02
1497	4.832260e-01	6.702419e+02	6.460806e+02
1498	4.832260e-01	6.707419e+02	6.465806e+02
1499	4.832260e-01	6.712419e+02	6.470806e+02
1500	4.832260e-01	6.717258e+02	6.475645e+02
1501	4.829040e-01	6.722097e+02	6.480645e+02
1502	4.825800e-01	6.726774e+02	6.485484e+02
1503	4.825800e-01	6.731613e+02	6.490323e+02
1504	4.822580e-01	6.736452e+02	6.495323e+02
1505	4.819340e-01	6.741290e+02	6.500323e+02
1506	4.816120e-01	6.746129e+02	6.505323e+02
1507	4.819360e-01	6.751129e+02	6.510161e+02
1508	4.819360e-01	6.756129e+02	6.515161e+02
1509	4.819360e-01	6.760968e+02	6.520000e+02
1510	4.816120e-01	6.765806e+02	6.525000e+02
1511	4.816120e-01	6.770806e+02	6.530000e+02
1512	4.819340e-01	6.775806e+02	6.534839e+02
1513	4.822580e-01	6.780806e+02	6.539677e+02
1514	4.819360e-01	6.785645e+02	6.544677e+02
1515	4.819360e-01	6.790645e+02	6.549677e+02
1516	4.812920e-01	6.795323e+02	6.554677e+02
1517	4.809680e-01	6.800161e+02	6.559677e+02
1518	4.809680e-01	6.805161e+02	6.564677e+02
1519	4.809680e-01	6.810000e+02	6.569516e+02
1520	4.803220e-01	6.814677e+02	6.574516e+02
1521	4.803220e-01	6.819677e+02	6.579516e+02
1522	4.796780e-01	6.824355e+02	6.584516e+02
1523	4.790320e-01	6.829032e+02	6.589516e+02
1524	4.790320e-01	6.834032e+02	6.594516e+02
1525	4.787100e-01	6.838871e+02	6.599516e+02
1526	4.787100e-01	6.843871e+02	6.604516e+02
1527	4.787100e-01	6.848871e+02	6.609516e+02
1528	4.787100e-01	6.853871e+02	6.614516e+02
1529	4.787100e-01	6.858871e+02	6.619516e+02
1530	4.787100e-01	6.863871e+02	6.624516e+02
1531	4.787100e-01	6.868871e+02	6.629516e+02
1532	4.780640e-01	6.873548e+02	6.634516e+02
1533	4.777420e-01	6.878226e+02	6.639355e+02
1534	4.780640e-01	6.883226e+02	6.644194e+02
1535	4.777420e-01	6.888065e+02	6.649194e+02
1536	4.777420e-01	6.892903e+02	6.654032e+02
1537	4.780640e-01	6.897903e+02	6.658871e+02
1538	4.783860e-01	6.902903e+02	6.663710e+02
1539	4.783860e-01	6.907903e+02	6.668710e+02
1540	4.787100e-01	6.912903e+02	6.673548e+02
1541	4.790320e-01	6.917903e+02	6.678387e+02
1542	4.793540e-01	6.922903e+02	6.683226e+02
1543	4.796760e-01	6.927903e+02	6.688065e+02
1544	4.803220e-01	6.932903e+02	6.692742e+02
1545	4.806460e-01	6.937742e+02	6.697419e+02
1546	4.803240e-01	6.942581e+02	6.702419e+02
1547	4.796780e-01	6.947258e+02	6.707419e+02
1548	4.793560e-01	6.952097e+02	6.712419e+02
1549	4.793540e-01	6.956935e+02	6.717258e+02
1550	4.796760e-01	6.961935e+02	6.722097e+02
1551	4.803220e-01	6.966935e+02	6.726774e+02
1552	4.806440e-01	6.971935e+02	6.731613e+02
1553	4.803220e-01	6.976613e+02	6.736452e+02
1554	4.806460e-01	6.981613e+02	6.741290e+02
1555	4.806460e-01	6.986452e+02	6.746129e+02
1556	4.806460e-01	6.991452e+02	6.751129e+02
1557	4.806460e-01	6.996452e+02	6.756129e+02
1558	4.809680e-01	7.001452e+02	6.760968e+02
1559	4.812920e-01	7.006452e+02	6.765806e+02
1560	4.812920e-01	7.011452e+02	6.770806e+02
1561	4.809680e-01	7.016290e+02	6.775806e+02
1562	4.806460e-01	7.021129e+02	6.780806e+02
1563	4.803220e-01	7.025806e+02	6.785645e+02
1564	4.803220e-01	7.030806e+02	6.790645e+02
1565	4.809660e-01	7.035806e+02	6.795323e+02
1566	4.809680e-01	7.040645e+02	6.800161e+02
1567	4.809680e-01	7.045645e+02	6.805161e+02
1568	4.809680e-01	7.050484e+02	6.810000e+02
1569	4.816140e-01	7.055484e+02	6.814677e+02
1570	4.816140e-01	7.060484e+02	6.819677e+02
1571	4.822580e-01	7.065484e+02	6.824355e+02
1572	4.825820e-01	7.070323e+02	6.829032e+02
1573	4.822580e-01	7.075161e+02	6.834032e+02
1574	4.825800e-01	7.080161e+02	6.838871e+02
1575	4.825800e-01	7.085161e+02	6.843871e+02
1576	4.825800e-01	7.090161e+02	6.848871e+02
1577	4.822580e-01	7.095000e+02	6.853871e+02
1578	4.822580e-01	7.100000e+02	6.858871e+02
1579	4.819360e-01	7.104839e+02	6.863871e+02
1580	4.819360e-01	7.109839e+02	6.868871e+02
1581	4.822580e-01	7.114677e+02	6.873548e+02
1582	4.829020e-01	7.119677e+02	6.878226e+02
1583	4.829020e-01	7.124677e+02	6.883226e+02
1584	4.829020e-01	7.129516e+02	6.888065e+02
1585	4.832260e-01	7.134516e+02	6.892903e+02
1586	4.829040e-01	7.139355e+02	6.897903e+02
1587	4.829040e-01	7.144355e+02	6.902903e+02
1588	4.829040e-01	7.149355e+02	6.907903e+02
1589	4.825820e-01	7.154194e+02	6.912903e+02
1590	4.822580e-01	7.159032e+02	6.917903e+02
1591	4.822580e-01	7.164032e+02	6.922903e+02
1592	4.822580e-01	7.169032e+02	6.927903e+02
1593	4.822580e-01	7.174032e+02	6.932903e+02
1594	4.822580e-01	7.178871e+02	6.937742e+02
1595	4.819340e-01	7.183548e+02	6.942581e+02
1596	4.825800e-01	7.188548e+02	6.947258e+02
1597	4.829020e-01	7.193548e+02	6.952097e+02
1598	4.832260e-01	7.198548e+02	6.956935e+02
1599	4.829040e-01	7.203387e+02	6.961935e+02
1600	4.829040e-01	7.208387e+02	6.966935e+02
1601	4.829040e-01	7.213387e+02	6.971935e+02
1602	4.835480e-01	7.218387e+02	6.976613e+02
1603	4.832260e-01	7.223226e+02	6.981613e+02
1604	4.835480e-01	7.228226e+02	6.986452e+02
1605	4.835480e-01	7.233226e+02	6.991452e+02
1606	4.835480e-01	7.238226e+02	6.996452e+02
1607	4.835480e-01	7.243226e+02	7.001452e+02
1608	4.835480e-01	7.248226e+02	7.006452e+02
1609	4.835480e-01	7.253226e+02	7.011452e+02
1610	4.838720e-01	7.258226e+02	7.016290e+02
1611	4.841940e-01	7.263226e+02	7.021129e+02
1612	4.845180e-01	7.268065e+02	7.025806e+02
1613	4.841940e-01	7.272903e+02	7.030806e+02
1614	4.838720e-01	7.277742e+02	7.035806e+02
1615	4.838720e-01	7.282581e+02	7.040645e+02
1616	4.838720e-01	7.287581e+02	7.045645e+02
1617	4.838700e-01	7.292419e+02	7.050484e+02
1618	4.832260e-01	7.297097e+02	7.055484e+02
1619	4.832260e-01	7.302097e+02	7.060484e+02
1620	4.829020e-01	7.306935e+02	7.065484e+02
1621	4.832240e-01	7.311935e+02	7.070323e+02
1622	4.835480e-01	7.316935e+02	7.075161e+02
1623	4.832260e-01	7.321774e+02	7.080161e+02
1624	4.832260e-01	7.326774e+02	7.085161e+02
1625	4.832260e-01	7.331774e+02	7.090161e+02
1626	4.829040e-01	7.336452e+02	7.095000e+02
1627	4.829040e-01	7.341452e+02	7.100000e+02
1628	4.832260e-01	7.346452e+02	7.104839e+02
1629	4.832260e-01	7.351452e+02	7.109839e+02
1630	4.832260e-01	7.356290e+02	7.114677e+02
1631	4.832260e-01	7.361290e+02	7.119677e+02
1632	4.832260e-01	7.366290e+02	7.124677e+02
1633	4.835480e-01	7.371290e+02	7.129516e+02
1634	4.832260e-01	7.376129e+02	7.134516e+02
1635	4.835480e-01	7.381129e+02	7.139355e+02
1636	4.835480e-01	7.386129e+02	7.144355e+02
1637	4.835480e-01	7.391129e+02	7.149355e+02
1638	4.838700e-01	7.396129e+02	7.154194e+02
1639	4.841940e-01	7.401129e+02	7.159032e+02
1640	4.841940e-01	7.406129e+02	7.164032e+02
1641	4.841940e-01	7.411129e+02	7.169032e+02
1642	4.841940e-01	7.416129e+02	7.174032e+02
1643	4.845160e-01	7.421129e+02	7.178871e+02
1644	4.848400e-01	7.425968e+02	7.183548e+02
1645	4.848400e-01	7.430968e+02	7.188548e+02
1646	4.848400e-01	7.435968e+02	7.193548e+02
1647	4.848400e-01	7.440968e+02	7.198548e+02
1648	4.851620e-01	7.445968e+02	7.203387e+02
1649	4.851620e-01	7.450968e+02	7.208387e+02
1650	4.851620e-01	7.455968e+02	7.213387e+02
1651	4.851620e-01	7.460968e+02	7.218387e+02
1652	4.854840e-01	7.465968e+02	7.223226e+02
1653	4.854840e-01	7.470968e+02	7.228226e+02
1654	4.854840e-01	7.475968e+02	7.233226e+02
1655	4.851600e-01	7.480806e+02	7.238226e+02
1656	4.848380e-01	7.485645e+02	7.243226e+02
1657	4.845160e-01	7.490484e+02	7.248226e+02
1658	4.841940e-01	7.495323e+02	7.253226e+02
1659	4.841940e-01	7.500323e+02	7.258226e+02
1660	4.841940e-01	7.505323e+02	7.263226e+02
1661	4.845160e-01	7.510323e+02	7.268065e+02
1662	4.845160e-01	7.515161e+02	7.272903e+02
1663	4.848380e-01	7.520161e+02	7.277742e+02
1664	4.851600e-01	7.525161e+02	7.282581e+02
1665	4.848380e-01	7.530000e+02	7.287581e+02
1666	4.848400e-01	7.534839e+02	7.292419e+02
1667	4.854840e-01	7.539839e+02	7.297097e+02
1668	4.854840e-01	7.544839e+02	7.302097e+02
1669	4.858080e-01	7.549839e+02	7.306935e+02
1670	4.858080e-01	7.554839e+02	7.311935e+02
1671	4.854840e-01	7.559677e+02	7.316935e+02
1672	4.854840e-01	7.564516e+02	7.321774e+02
1673	4.854840e-01	7.569516e+02	7.326774e+02
1674	4.851620e-01	7.574355e+02	7.331774e+02
1675	4.858060e-01	7.579355e+02	7.336452e+02
1676	4.854840e-01	7.584194e+02	7.341452e+02
1677	4.854840e-01	7.589194e+02	7.346452e+02
1678	4.851600e-01	7.594032e+02	7.351452e+02
1679	4.851620e-01	7.598871e+02	7.356290e+02
1680	4.848400e-01	7.603710e+02	7.361290e+02
1681	4.848400e-01	7.608710e+02	7.366290e+02
1682	4.848400e-01	7.613710e+02	7.371290e+02
1683	4.848380e-01	7.618548e+02	7.376129e+02
1684	4.848380e-01	7.623548e+02	7.381129e+02
1685	4.848380e-01	7.628548e+02	7.386129e+02
1686	4.848380e-01	7.633548e+02	7.391129e+02
1687	4.848380e-01	7.638548e+02	7.396129e+02
1688	4.848380e-01	7.643548e+02	7.401129e+02
1689	4.848380e-01	7.648548e+02	7.406129e+02
1690	4.845160e-01	7.653387e+02	7.411129e+02
1691	4.845160e-01	7.658387e+02	7.416129e+02
1692	4.845160e-01	7.663387e+02	7.421129e+02
1693	4.848380e-01	7.668387e+02	7.425968e+02
1694	4.848380e-01	7.673387e+02	7.430968e+02
1695	4.848380e-01	7.678387e+02	7.435968e+02
1696	4.848380e-01	7.683387e+02	7.440968e+02
1697	4.845160e-01	7.688226e+02	7.445968e+02
1698	4.845160e-01	7.693226e+02	7.450968e+02
1699	4.845160e-01	7.698226e+02	7.455968e+02
1700	4.841940e-01	7.703065e+02	7.460968e+02
1701	4.841940e-01	7.708065e+02	7.465968e+02
1702	4.841940e-01	7.713065e+02	7.470968e+02
1703	4.841940e-01	7.718065e+02	7.475968e+02
1704	4.845180e-01	7.723065e+02	7.480806e+02
1705	4.845160e-01	7.727903e+02	7.485645e+02
1706	4.845160e-01	7.732742e+02	7.490484e+02
1707	4.845160e-01	7.737581e+02	7.495323e+02
1708	4.845160e-01	7.742581e+02	7.500323e+02
1709	4.841920e-01	7.747419e+02	7.505323e+02
1710	4.841920e-01	7.752419e+02	7.510323e+02
1711	4.841940e-01	7.757258e+02	7.515161e+02
1712	4.841940e-01	7.762258e+02	7.520161e+02
1713	4.838720e-01	7.767097e+02	7.525161e+02
1714	4.841940e-01	7.772097e+02	7.530000e+02
1715	4.841920e-01	7.776935e+02	7.534839e+02
1716	4.841920e-01	7.781935e+02	7.539839e+02
1717	4.841920e-01	7.786935e+02	7.544839e+02
1718	4.841920e-01	7.791935e+02	7.549839e+02
1719	4.835480e-01	7.796613e+02	7.554839e+02
1720	4.838720e-01	7.801613e+02	7.559677e+02
1721	4.841940e-01	7.806613e+02	7.564516e+02
1722	4.835480e-01	7.811290e+02	7.569516e+02
1723	4.835480e-01	7.816129e+02	7.574355e+02
1724	4.835480e-01	7.821129e+02	7.579355e+02
1725	4.835480e-01	7.825968e+02	7.584194e+02
1726	4.835480e-01	7.830968e+02	7.589194e+02
1727	4.838720e-01	7.835968e+02	7.594032e+02
1728	4.841940e-01	7.840968e+02	7.598871e+02
1729	4.845160e-01	7.845968e+02	7.603710e+02
1730	4.845160e-01	7.850968e+02	7.608710e+02
1731	4.841920e-01	7.855806e+02	7.613710e+02
1732	4.845160e-01	7.860806e+02	7.618548e+02
1733	4.845160e-01	7.865806e+02	7.623548e+02
1734	4.845160e-01	7.870806e+02	7.628548e+02
1735	4.841940e-01	7.875645e+02	7.633548e+02
1736	4.841940e-01	7.880645e+02	7.638548e+02
1737	4.841940e-01	7.885645e+02	7.643548e+02
1738	4.841940e-01	7.890645e+02	7.648548e+02
1739	4.845160e-01	7.895645e+02	7.653387e+02
1740	4.845160e-01	7.900645e+02	7.658387e+02
1741	4.845160e-01	7.905645e+02	7.663387e+02
1742	4.845160e-01	7.910645e+02	7.668387e+02
1743	4.841940e-01	7.915484e+02	7.673387e+02
1744	4.841940e-01	7.920484e+02	7.678387e+02
1745	4.841940e-01	7.925484e+02	7.683387e+02
1746	4.841940e-01	7.930323e+02	7.688226e+02
1747	4.841940e-01	7.935323e+02	7.693226e+02
1748	4.841940e-01	7.940323e+02	7.698226e+02
1749	4.845160e-01	7.945323e+02	7.703065e+02
1750	4.845160e-01	7.950323e+02	7.708065e+02
1751	4.845160e-01	7.955323e+02	7.713065e+02
1752	4.841920e-01	7.960161e+02	7.718065e+02
1753	4.838700e-01	7.965000e+02	7.723065e+02
1754	4.841940e-01	7.970000e+02	7.727903e+02
1755	4.845160e-01	7.975000e+02	7.732742e+02
1756	4.848380e-01	7.980000e+02	7.737581e+02
1757	4.848380e-01	7.985000e+02	7.742581e+02
1758	4.848400e-01	7.989839e+02	7.747419e+02
1759	4.848400e-01	7.994839e+02	7.752419e+02
1760	4.851620e-01	7.999839e+02	7.757258e+02
1761	4.851620e-01	8.004839e+02	7.762258e+02
1762	4.854840e-01	8.009839e+02	7.767097e+02
1763	4.854840e-01	8.014839e+02	7.772097e+02
1764	4.851620e-01	8.019516e+02	7.776935e+02
1765	4.851620e-01	8.024516e+02	7.781935e+02
1766	4.851620e-01	8.029516e+02	7.786935e+02
1767	4.851620e-01	8.034516e+02	7.791935e+02
1768	4.854840e-01	8.039355e+02	7.796613e+02
1769	4.851620e-01	8.044194e+02	7.801613e+02
1770	4.845160e-01	8.048871e+02	7.806613e+02
1771	4.851620e-01	8.053871e+02	7.811290e+02
1772	4.854840e-01	8.058871e+02	7.816129e+02
1773	4.854840e-01	8.063871e+02	7.821129e+02
1774	4.851600e-01	8.068548e+02	7.825968e+02
1775	4.851600e-01	8.073548e+02	7.830968e+02
1776	4.851600e-01	8.078548e+02	7.835968e+02
1777	4.851600e-01	8.083548e+02	7.840968e+02
1778	4.851600e-01	8.088548e+02	7.845968e+02
1779	4.851600e-01	8.093548e+02	7.850968e+02
1780	4.848400e-01	8.098226e+02	7.855806e+02
1781	4.848400e-01	8.103226e+02	7.860806e+02
1782	4.848400e-01	8.108226e+02	7.865806e+02
1783	4.848400e-01	8.113226e+02	7.870806e+02
1784	4.851620e-01	8.118226e+02	7.875645e+02
1785	4.851620e-01	8.123226e+02	7.880645e+02
1786	4.848400e-01	8.128065e+02	7.885645e+02
1787	4.848400e-01	8.133065e+02	7.890645e+02
1788	4.848400e-01	8.138065e+02	7.895645e+02
1789	4.848400e-01	8.143065e+02	7.900645e+02
1790	4.848400e-01	8.148065e+02	7.905645e+02
1791	4.845160e-01	8.152903e+02	7.910645e+02
1792	4.848380e-01	8.157903e+02	7.915484e+02
1793	4.841940e-01	8.162581e+02	7.920484e+02
1794	4.838700e-01	8.167419e+02	7.925484e+02
1795	4.838700e-01	8.172258e+02	7.930323e+02
1796	4.838700e-01	8.177258e+02	7.935323e+02
1797	4.838700e-01	8.182258e+02	7.940323e+02
1798	4.838700e-01	8.187258e+02	7.945323e+02
1799	4.832240e-01	8.191935e+02	7.950323e+02
1800	4.832240e-01	8.196935e+02	7.955323e+02
1801	4.835480e-01	8.201935e+02	7.960161e+02
1802	4.838700e-01	8.206935e+02	7.965000e+02
1803	4.838700e-01	8.211935e+02	7.970000e+02
1804	4.838700e-01	8.216935e+02	7.975000e+02
1805	4.838700e-01	8.221935e+02	7.980000e+02
1806	4.838700e-01	8.226935e+02	7.985000e+02
1807	4.841920e-01	8.231935e+02	7.989839e+02
1808	4.841920e-01	8.236935e+02	7.994839e+02
1809	4.841920e-01	8.241935e+02	7.999839e+02
1810	4.838700e-01	8.246774e+02	8.004839e+02
1811	4.838700e-01	8.251774e+02	8.009839e+02
1812	4.838700e-01	8.256774e+02	8.014839e+02
1813	4.845160e-01	8.261774e+02	8.019516e+02
1814	4.845160e-01	8.266774e+02	8.024516e+02
1815	4.841940e-01	8.271613e+02	8.029516e+02
1816	4.841940e-01	8.276613e+02	8.034516e+02
1817	4.845160e-01	8.281613e+02	8.039355e+02
1818	4.848380e-01	8.286613e+02	8.044194e+02
1819	4.854840e-01	8.291613e+02	8.048871e+02
1820	4.854840e-01	8.296613e+02	8.053871e+02
1821	4.851620e-01	8.301452e+02	8.058871e+02
1822	4.851620e-01	8.306452e+02	8.063871e+02
1823	4.854840e-01	8.311290e+02	8.068548e+02
1824	4.854840e-01	8.316290e+02	8.073548e+02
1825	4.854840e-01	8.321290e+02	8.078548e+02
1826	4.854840e-01	8.326290e+02	8.083548e+02
1827	4.851620e-01	8.331129e+02	8.088548e+02
1828	4.851620e-01	8.336129e+02	8.093548e+02
1829	4.854840e-01	8.340968e+02	8.098226e+02
1830	4.854840e-01	8.345968e+02	8.103226e+02
1831	4.854840e-01	8.350968e+02	8.108226e+02
1832	4.854840e-01	8.355968e+02	8.113226e+02
1833	4.851600e-01	8.360806e+02	8.118226e+02
1834	4.851600e-01	8.365806e+02	8.123226e+02
1835	4.854820e-01	8.370806e+02	8.128065e+02
1836	4.854820e-01	8.375806e+02	8.133065e+02
1837	4.854820e-01	8.380806e+02	8.138065e+02
1838	4.851600e-01	8.385645e+02	8.143065e+02
1839	4.851600e-01	8.390645e+02	8.148065e+02
1840	4.854840e-01	8.395645e+02	8.152903e+02
1841	4.851620e-01	8.400484e+02	8.157903e+02
1842	4.858060e-01	8.405484e+02	8.162581e+02
1843	4.861300e-01	8.410484e+02	8.167419e+02
1844	4.864520e-01	8.415484e+02	8.172258e+02
1845	4.864520e-01	8.420484e+02	8.177258e+02
1846	4.864520e-01	8.425484e+02	8.182258e+02
1847	4.864520e-01	8.430484e+02	8.187258e+02
1848	4.870980e-01	8.435484e+02	8.191935e+02
1849	4.867760e-01	8.440323e+02	8.196935e+02
1850	4.867760e-01	8.445323e+02	8.201935e+02
1851	4.864520e-01	8.450161e+02	8.206935e+02
1852	4.864520e-01	8.455161e+02	8.211935e+02
1853	4.864520e-01	8.460161e+02	8.216935e+02
1854	4.864520e-01	8.465161e+02	8.221935e+02
1855	4.864520e-01	8.470161e+02	8.226935e+02
1856	4.861300e-01	8.475000e+02	8.231935e+02
1857	4.858080e-01	8.479839e+02	8.236935e+02
1858	4.858080e-01	8.484839e+02	8.241935e+02
1859	4.861300e-01	8.489839e+02	8.246774e+02
1860	4.858060e-01	8.494677e+02	8.251774e+02
1861	4.858060e-01	8.499677e+02	8.256774e+02
1862	4.858060e-01	8.504677e+02	8.261774e+02
1863	4.858060e-01	8.509677e+02	8.266774e+02
1864	4.861280e-01	8.514677e+02	8.271613e+02
1865	4.861280e-01	8.519677e+02	8.276613e+02
1866	4.861280e-01	8.524677e+02	8.281613e+02
1867	4.858060e-01	8.529516e+02	8.286613e+02
1868	4.858060e-01	8.534516e+02	8.291613e+02
1869	4.858060e-01	8.539516e+02	8.296613e+02
1870	4.858060e-01	8.544355e+02	8.301452e+02
1871	4.858060e-01	8.549355e+02	8.306452e+02
1872	4.858080e-01	8.554194e+02	8.311290e+02
1873	4.858080e-01	8.559194e+02	8.316290e+02
1874	4.854840e-01	8.564032e+02	8.321290e+02
1875	4.854840e-01	8.569032e+02	8.326290e+02
1876	4.858060e-01	8.574032e+02	8.331129e+02
1877	4.854840e-01	8.578871e+02	8.336129e+02
1878	4.858060e-01	8.583871e+02	8.340968e+02
1879	4.858060e-01	8.588871e+02	8.345968e+02
1880	4.858060e-01	8.593871e+02	8.350968e+02
1881	4.858060e-01	8.598871e+02	8.355968e+02
1882	4.861300e-01	8.603871e+02	8.360806e+02
1883	4.861300e-01	8.608871e+02	8.365806e+02
1884	4.861300e-01	8.613871e+02	8.370806e+02
1885	4.861300e-01	8.618871e+02	8.375806e+02
1886	4.861300e-01	8.623871e+02	8.380806e+02
1887	4.864520e-01	8.628871e+02	8.385645e+02
1888	4.864520e-01	8.633871e+02	8.390645e+02
1889	4.864520e-01	8.638871e+02	8.395645e+02
1890	4.864520e-01	8.643710e+02	8.400484e+02
1891	4.861280e-01	8.648548e+02	8.405484e+02
1892	4.861280e-01	8.653548e+02	8.410484e+02
1893	4.861280e-01	8.658548e+02	8.415484e+02
1894	4.861280e-01	8.663548e+02	8.420484e+02
1895	4.858060e-01	8.668387e+02	8.425484e+02
1896	4.858060e-01	8.673387e+02	8.430484e+02
1897	4.858060e-01	8.678387e+02	8.435484e+02
1898	4.858060e-01	8.683226e+02	8.440323e+02
1899	4.858060e-01	8.688226e+02	8.445323e+02
1900	4.861300e-01	8.693226e+02	8.450161e+02
1901	4.861300e-01	8.698226e+02	8.455161e+02
1902	4.861300e-01	8.703226e+02	8.460161e+02
1903	4.861300e-01	8.708226e+02	8.465161e+02
1904	4.861300e-01	8.713226e+02	8.470161e+02
1905	4.864520e-01	8.718226e+02	8.475000e+02
1906	4.867740e-01	8.723226e+02	8.479839e+02
1907	4.867740e-01	8.728226e+02	8.484839e+02
1908	4.867740e-01	8.733226e+02	8.489839e+02
1909	4.870980e-01	8.738226e+02	8.494677e+02
1910	4.870980e-01	8.743226e+02	8.499677e+02
1911	4.870980e-01	8.748226e+02	8.504677e+02
1912	4.870980e-01	8.753226e+02	8.509677e+02
1913	4.870980e-01	8.758226e+02	8.514677e+02
1914	4.870980e-01	8.763226e+02	8.519677e+02
1915	4.870980e-01	8.768226e+02	8.524677e+02
1916	4.874200e-01	8.773226e+02	8.529516e+02
1917	4.874200e-01	8.778226e+02	8.534516e+02
1918	4.874200e-01	8.783226e+02	8.539516e+02
1919	4.877420e-01	8.788226e+02	8.544355e+02
1920	4.877420e-01	8.793226e+02	8.549355e+02
1921	4.880640e-01	8.798226e+02	8.554194e+02
1922	4.877420e-01	8.803065e+02	8.559194e+02
1923	4.880660e-01	8.808065e+02	8.564032e+02
1924	4.880660e-01	8.813065e+02	8.569032e+02
1925	4.880660e-01	8.818065e+02	8.574032e+02
1926	4.883880e-01	8.823065e+02	8.578871e+02
1927	4.883880e-01	8.828065e+02	8.583871e+02
1928	4.883880e-01	8.833065e+02	8.588871e+02
1929	4.883880e-01	8.838065e+02	8.593871e+02
1930	4.883880e-01	8.843065e+02	8.598871e+02
1931	4.883880e-01	8.848065e+02	8.603871e+02
1932	4.880640e-01	8.852903e+02	8.608871e+02
1933	4.877420e-01	8.857742e+02	8.613871e+02
1934	4.877420e-01	8.862742e+02	8.618871e+02
1935	4.877420e-01	8.867742e+02	8.623871e+02
1936	4.877420e-01	8.872742e+02	8.628871e+02
1937	4.877420e-01	8.877742e+02	8.633871e+02
1938	4.870960e-01	8.882419e+02	8.638871e+02
1939	4.874180e-01	8.887419e+02	8.643710e+02
1940	4.877420e-01	8.892419e+02	8.648548e+02
1941	4.877420e-01	8.897419e+02	8.653548e+02
1942	4.877420e-01	8.902419e+02	8.658548e+02
1943	4.877420e-01	8.907419e+02	8.663548e+02
1944	4.877420e-01	8.912258e+02	8.668387e+02
1945	4.877420e-01	8.917258e+02	8.673387e+02
1946	4.877420e-01	8.922258e+02	8.678387e+02
1947	4.877420e-01	8.927097e+02	8.683226e+02
1948	4.877420e-01	8.932097e+02	8.688226e+02
1949	4.874180e-01	8.936935e+02	8.693226e+02
1950	4.874180e-01	8.941935e+02	8.698226e+02
1951	4.874180e-01	8.946935e+02	8.703226e+02
1952	4.874180e-01	8.951935e+02	8.708226e+02
1953	4.874180e-01	8.956935e+02	8.713226e+02
1954	4.874180e-01	8.961935e+02	8.718226e+02
1955	4.874180e-01	8.966935e+02	8.723226e+02
1956	4.874180e-01	8.971935e+02	8.728226e+02
1957	4.874180e-01	8.976935e+02	8.733226e+02
1958	4.874180e-01	8.981935e+02	8.738226e+02
1959	4.874180e-01	8.986935e+02	8.743226e+02
1960	4.874180e-01	8.991935e+02	8.748226e+02
1961	4.870960e-01	8.996774e+02	8.753226e+02
1962	4.867740e-01	9.001613e+02	8.758226e+02
1963	4.867740e-01	9.006613e+02	8.763226e+02
1964	4.867740e-01	9.011613e+02	8.768226e+02
1965	4.867740e-01	9.016613e+02	8.773226e+02
1966	4.867740e-01	9.021613e+02	8.778226e+02
1967	4.867740e-01	9.026613e+02	8.783226e+02
1968	4.867740e-01	9.031613e+02	8.788226e+02
1969	4.867740e-01	9.036613e+02	8.793226e+02
1970	4.867740e-01	9.041613e+02	8.798226e+02
1971	4.870960e-01	9.046613e+02	8.803065e+02
1972	4.867740e-01	9.051452e+02	8.808065e+02
1973	4.864500e-01	9.056290e+02	8.813065e+02
1974	4.864500e-01	9.061290e+02	8.818065e+02
1975	4.864500e-01	9.066290e+02	8.823065e+02
1976	4.864500e-01	9.071290e+02	8.828065e+02
1977	4.861280e-01	9.076129e+02	8.833065e+02
1978	4.861280e-01	9.081129e+02	8.838065e+02
1979	4.858060e-01	9.085968e+02	8.843065e+02
1980	4.854820e-01	9.090806e+02	8.848065e+02
1981	4.858060e-01	9.095806e+02	8.852903e+02
1982	4.858060e-01	9.100645e+02	8.857742e+02
1983	4.858060e-01	9.105645e+02	8.862742e+02
1984	4.858060e-01	9.110645e+02	8.867742e+02
1985	4.858060e-01	9.115645e+02	8.872742e+02
1986	4.858060e-01	9.120645e+02	8.877742e+02
1987	4.861300e-01	9.125484e+02	8.882419e+02
1988	4.858080e-01	9.130323e+02	8.887419e+02
1989	4.858080e-01	9.135323e+02	8.892419e+02
1990	4.858080e-01	9.140323e+02	8.897419e+02
1991	4.858080e-01	9.145323e+02	8.902419e+02
1992	4.858080e-01	9.150323e+02	8.907419e+02
1993	4.861300e-01	9.155323e+02	8.912258e+02
1994	4.858060e-01	9.160161e+02	8.917258e+02
1995	4.858060e-01	9.165161e+02	8.922258e+02
1996	4.861280e-01	9.170161e+02	8.927097e+02
1997	4.861280e-01	9.175161e+02	8.932097e+02
1998	4.864520e-01	9.180161e+02	8.936935e+02
1999	4.864520e-01	9.185161e+02	8.941935e+02
2000	4.864520e-01	9.190161e+02	8.946935e+02
2001	4.864520e-01	9.195161e+02	8.951935e+02
2002	4.864520e-01	9.200161e+02	8.956935e+02
2003	4.864520e-01	9.205161e+02	8.961935e+02
2004	4.864520e-01	9.210161e+02	8.966935e+02
2005	4.861300e-01	9.215000e+02	8.971935e+02
2006	4.858080e-01	9.219839e+02	8.976935e+02
2007	4.858080e-01	9.224839e+02	8.981935e+02
2008	4.858080e-01	9.229839e+02	8.986935e+02
2009	4.854840e-01	9.234677e+02	8.991935e+02
2010	4.854840e-01	9.239516e+02	8.996774e+02
2011	4.858060e-01	9.244516e+02	9.001613e+02
2012	4.858060e-01	9.249516e+02	9.006613e+02
2013	4.858060e-01	9.254516e+02	9.011613e+02
2014	4.858060e-01	9.259516e+02	9.016613e+02
2015	4.854840e-01	9.264355e+02	9.021613e+02
2016	4.854840e-01	9.269355e+02	9.026613e+02
2017	4.854840e-01	9.274355e+02	9.031613e+02
2018	4.851620e-01	9.279194e+02	9.036613e+02
2019	4.851620e-01	9.284194e+02	9.041613e+02
2020	4.851620e-01	9.289194e+02	9.046613e+02
2021	4.854840e-01	9.294194e+02	9.051452e+02
2022	4.858080e-01	9.299194e+02	9.056290e+02
2023	4.858080e-01	9.304194e+02	9.061290e+02
2024	4.854840e-01	9.309032e+02	9.066290e+02
2025	4.854840e-01	9.314032e+02	9.071290e+02
2026	4.858060e-01	9.319032e+02	9.076129e+02
2027	4.858060e-01	9.324032e+02	9.081129e+02
2028	4.861280e-01	9.329032e+02	9.085968e+02
2029	4.864520e-01	9.334032e+02	9.090806e+02
2030	4.858080e-01	9.338710e+02	9.095806e+02
2031	4.861300e-01	9.343710e+02	9.100645e+02
2032	4.858060e-01	9.348548e+02	9.105645e+02
2033	4.858060e-01	9.353548e+02	9.110645e+02
2034	4.858060e-01	9.358548e+02	9.115645e+02
2035	4.854840e-01	9.363387e+02	9.120645e+02
2036	4.854840e-01	9.368226e+02	9.125484e+02
2037	4.858060e-01	9.373226e+02	9.130323e+02
2038	4.858060e-01	9.378226e+02	9.135323e+02
2039	4.858060e-01	9.383226e+02	9.140323e+02
2040	4.858060e-01	9.388226e+02	9.145323e+02
2041	4.854840e-01	9.393065e+02	9.150323e+02
2042	4.851600e-01	9.397903e+02	9.155323e+02
2043	4.854840e-01	9.402903e+02	9.160161e+02
2044	4.854840e-01	9.407903e+02	9.165161e+02
2045	4.851620e-01	9.412742e+02	9.170161e+02
2046	4.851620e-01	9.417742e+02	9.175161e+02
2047	4.848400e-01	9.422581e+02	9.180161e+02
2048	4.848400e-01	9.427581e+02	9.185161e+02
2049	4.848400e-01	9.432581e+02	9.190161e+02
2050	4.848400e-01	9.437581e+02	9.195161e+02
2051	4.848400e-01	9.442581e+02	9.200161e+02
2052	4.845160e-01	9.447419e+02	9.205161e+02
2053	4.845160e-01	9.452419e+02	9.210161e+02
2054	4.848380e-01	9.457419e+02	9.215000e+02
2055	4.851600e-01	9.462419e+02	9.219839e+02
2056	4.851600e-01	9.467419e+02	9.224839e+02
2057	4.851600e-01	9.472419e+02	9.229839e+02
2058	4.854840e-01	9.477419e+02	9.234677e+02
2059	4.858060e-01	9.482419e+02	9.239516e+02
2060	4.858060e-01	9.487419e+02	9.244516e+02
2061	4.854840e-01	9.492258e+02	9.249516e+02
2062	4.854840e-01	9.497258e+02	9.254516e+02
2063	4.854840e-01	9.502258e+02	9.259516e+02
2064	4.854840e-01	9.507097e+02	9.264355e+02
2065	4.851600e-01	9.511935e+02	9.269355e+02
2066	4.848380e-01	9.516774e+02	9.274355e+02
2067	4.848380e-01	9.521613e+02	9.279194e+02
2068	4.848380e-01	9.526613e+02	9.284194e+02
2069	4.848380e-01	9.531613e+02	9.289194e+02
2070	4.845160e-01	9.536452e+02	9.294194e+02
2071	4.841920e-01	9.541290e+02	9.299194e+02
2072	4.841920e-01	9.546290e+02	9.304194e+02
2073	4.841940e-01	9.551129e+02	9.309032e+02
2074	4.841940e-01	9.556129e+02	9.314032e+02
2075	4.841940e-01	9.561129e+02	9.319032e+02
2076	4.838720e-01	9.565968e+02	9.324032e+02
2077	4.835480e-01	9.570806e+02	9.329032e+02
2078	4.835480e-01	9.575806e+02	9.334032e+02
2079	4.838700e-01	9.580645e+02	9.338710e+02
2080	4.838700e-01	9.585645e+02	9.343710e+02
2081	4.838720e-01	9.590484e+02	9.348548e+02
2082	4.835500e-01	9.595323e+02	9.353548e+02
2083	4.832260e-01	9.600161e+02	9.358548e+02
2084	4.835480e-01	9.605161e+02	9.363387e+02
2085	4.835480e-01	9.610000e+02	9.368226e+02
2086	4.835480e-01	9.615000e+02	9.373226e+02
2087	4.835480e-01	9.620000e+02	9.378226e+02
2088	4.835480e-01	9.625000e+02	9.383226e+02
2089	4.835480e-01	9.630000e+02	9.388226e+02
2090	4.838700e-01	9.635000e+02	9.393065e+02
2091	4.841940e-01	9.640000e+02	9.397903e+02
2092	4.841940e-01	9.645000e+02	9.402903e+02
2093	4.841940e-01	9.650000e+02	9.407903e+02
2094	4.845160e-01	9.655000e+02	9.412742e+02
2095	4.841940e-01	9.659839e+02	9.417742e+02
2096	4.845160e-01	9.664839e+02	9.422581e+02
2097	4.841920e-01	9.669677e+02	9.427581e+02
2098	4.841920e-01	9.674677e+02	9.432581e+02
2099	4.838700e-01	9.679516e+02	9.437581e+02
2100	4.838700e-01	9.684516e+02	9.442581e+02
2101	4.838720e-01	9.689355e+02	9.447419e+02
2102	4.838720e-01	9.694355e+02	9.452419e+02
2103	4.835500e-01	9.699194e+02	9.457419e+02
2104	4.835500e-01	9.704194e+02	9.462419e+02
2105	4.832260e-01	9.709032e+02	9.467419e+02
2106	4.829040e-01	9.713871e+02	9.472419e+02
2107	4.829040e-01	9.718871e+02	9.477419e+02
2108	4.829040e-01	9.723871e+02	9.482419e+02
2109	4.829040e-01	9.728871e+02	9.487419e+02
2110	4.832260e-01	9.733871e+02	9.492258e+02
2111	4.832260e-01	9.738871e+02	9.497258e+02
2112	4.829040e-01	9.743710e+02	9.502258e+02
2113	4.829020e-01	9.748548e+02	9.507097e+02
2114	4.832260e-01	9.753548e+02	9.511935e+02
2115	4.832260e-01	9.758387e+02	9.516774e+02
2116	4.835480e-01	9.763387e+02	9.521613e+02
2117	4.835480e-01	9.768387e+02	9.526613e+02
2118	4.832260e-01	9.773226e+02	9.531613e+02
2119	4.832260e-01	9.778065e+02	9.536452e+02
2120	4.835500e-01	9.783065e+02	9.541290e+02
2121	4.835500e-01	9.788065e+02	9.546290e+02
2122	4.838720e-01	9.793065e+02	9.551129e+02
2123	4.838720e-01	9.798065e+02	9.556129e+02
2124	4.835480e-01	9.802903e+02	9.561129e+02
2125	4.835480e-01	9.807742e+02	9.565968e+02
2126	4.835500e-01	9.812581e+02	9.570806e+02
2127	4.832260e-01	9.817419e+02	9.575806e+02
2128	4.835480e-01	9.822419e+02	9.580645e+02
2129	4.835480e-01	9.827419e+02	9.585645e+02
2130	4.838700e-01	9.832419e+02	9.590484e+02
2131	4.838700e-01	9.837258e+02	9.595323e+02
2132	4.841940e-01	9.842258e+02	9.600161e+02
2133	4.838720e-01	9.847097e+02	9.605161e+02
2134	4.838700e-01	9.851935e+02	9.610000e+02
2135	4.838700e-01	9.856935e+02	9.615000e+02
2136	4.838700e-01	9.861935e+02	9.620000e+02
2137	4.835480e-01	9.866774e+02	9.625000e+02
2138	4.835480e-01	9.871774e+02	9.630000e+02
2139	4.835480e-01	9.876774e+02	9.635000e+02
2140	4.832260e-01	9.881613e+02	9.640000e+02
2141	4.825800e-01	9.886290e+02	9.645000e+02
2142	4.822580e-01	9.891129e+02	9.650000e+02
2143	4.816120e-01	9.895806e+02	9.655000e+02
2144	4.819340e-01	9.900806e+02	9.659839e+02
2145	4.816120e-01	9.905645e+02	9.664839e+02
